[0.043s] Invoking command in '/home/jetson/ros2_ws/build/dxl3': CMAKE_PREFIX_PATH=${CMAKE_PREFIX_PATH}:/opt/ros/foxy /usr/bin/cmake --build /home/jetson/ros2_ws/build/dxl3 -- -j4 -l4
[0.195s] [35m[1mScanning dependencies of target dxl3[0m
[0.302s] [ 33%] [32mBuilding CXX object CMakeFiles/dxl3.dir/src/main.cpp.o[0m
[6.009s] [ 66%] [32m[1mLinking CXX executable dxl3[0m
[6.438s] [100%] Built target dxl3
[6.474s] Invoked command in '/home/jetson/ros2_ws/build/dxl3' returned '0': CMAKE_PREFIX_PATH=${CMAKE_PREFIX_PATH}:/opt/ros/foxy /usr/bin/cmake --build /home/jetson/ros2_ws/build/dxl3 -- -j4 -l4
[6.594s] Invoking command in '/home/jetson/ros2_ws/build/dxl3': CMAKE_PREFIX_PATH=${CMAKE_PREFIX_PATH}:/opt/ros/foxy /usr/bin/cmake --install /home/jetson/ros2_ws/build/dxl3
[6.622s] -- Install configuration: ""
[6.624s] -- Execute custom install script
[6.625s] -- Up-to-date symlink: /home/jetson/ros2_ws/install/dxl3/lib/dxl3/dxl3
[6.627s] -- Up-to-date symlink: /home/jetson/ros2_ws/install/dxl3/share/ament_index/resource_index/package_run_dependencies/dxl3
[6.628s] -- Up-to-date symlink: /home/jetson/ros2_ws/install/dxl3/share/ament_index/resource_index/parent_prefix_path/dxl3
[6.629s] -- Up-to-date symlink: /home/jetson/ros2_ws/install/dxl3/share/dxl3/environment/ament_prefix_path.sh
[6.629s] -- Up-to-date symlink: /home/jetson/ros2_ws/install/dxl3/share/dxl3/environment/ament_prefix_path.dsv
[6.630s] -- Up-to-date symlink: /home/jetson/ros2_ws/install/dxl3/share/dxl3/environment/path.sh
[6.630s] -- Up-to-date symlink: /home/jetson/ros2_ws/install/dxl3/share/dxl3/environment/path.dsv
[6.631s] -- Up-to-date symlink: /home/jetson/ros2_ws/install/dxl3/share/dxl3/local_setup.bash
[6.632s] -- Up-to-date symlink: /home/jetson/ros2_ws/install/dxl3/share/dxl3/local_setup.sh
[6.633s] -- Up-to-date symlink: /home/jetson/ros2_ws/install/dxl3/share/dxl3/local_setup.zsh
[6.634s] -- Up-to-date symlink: /home/jetson/ros2_ws/install/dxl3/share/dxl3/local_setup.dsv
[6.635s] -- Symlinking: /home/jetson/ros2_ws/install/dxl3/share/dxl3/package.dsv
[6.666s] -- Up-to-date symlink: /home/jetson/ros2_ws/install/dxl3/share/ament_index/resource_index/packages/dxl3
[6.667s] -- Up-to-date symlink: /home/jetson/ros2_ws/install/dxl3/share/dxl3/cmake/dxl3Config.cmake
[6.667s] -- Up-to-date symlink: /home/jetson/ros2_ws/install/dxl3/share/dxl3/cmake/dxl3Config-version.cmake
[6.668s] -- Up-to-date symlink: /home/jetson/ros2_ws/install/dxl3/share/dxl3/package.xml
[6.675s] Invoked command in '/home/jetson/ros2_ws/build/dxl3' returned '0': CMAKE_PREFIX_PATH=${CMAKE_PREFIX_PATH}:/opt/ros/foxy /usr/bin/cmake --install /home/jetson/ros2_ws/build/dxl3
