[0.041s] Invoking command in '/home/jetson/ros2_ws/build/dxl3': CMAKE_PREFIX_PATH=${CMAKE_PREFIX_PATH}:/opt/ros/foxy /usr/bin/cmake /home/jetson/ros2_ws/src/dxl3 -DAMENT_CMAKE_SYMLINK_INSTALL=1 -DCMAKE_INSTALL_PREFIX=/home/jetson/ros2_ws/install/dxl3
[0.237s] -- The C compiler identification is GNU 8.4.0
[0.426s] -- The CXX compiler identification is GNU 8.4.0
[0.444s] -- Check for working C compiler: /usr/bin/cc
[0.676s] -- Check for working C compiler: /usr/bin/cc -- works
[0.679s] -- Detecting C compiler ABI info
[0.915s] -- Detecting C compiler ABI info - done
[0.963s] -- Detecting C compile features
[0.964s] -- Detecting C compile features - done
[0.974s] -- Check for working CXX compiler: /usr/bin/c++
[1.233s] -- Check for working CXX compiler: /usr/bin/c++ -- works
[1.237s] -- Detecting CXX compiler ABI info
[1.500s] -- Detecting CXX compiler ABI info - done
[1.551s] -- Detecting CXX compile features
[1.553s] -- Detecting CXX compile features - done
[1.570s] -- Found ament_cmake: 0.9.12 (/opt/ros/foxy/share/ament_cmake/cmake)
[1.674s] -- Found PythonInterp: /usr/bin/python3 (found suitable version "3.8.10", minimum required is "3") 
[1.675s] -- Using PYTHON_EXECUTABLE: /usr/bin/python3
[2.578s] -- Override CMake install command with custom implementation using symlinks instead of copying resources
[2.725s] -- Found rclcpp: 2.4.3 (/opt/ros/foxy/share/rclcpp/cmake)
[2.966s] -- Using all available rosidl_typesupport_c: rosidl_typesupport_fastrtps_c;rosidl_typesupport_introspection_c
[3.007s] -- Found rosidl_adapter: 1.3.1 (/opt/ros/foxy/share/rosidl_adapter/cmake)
[3.376s] -- Found OpenSSL: /usr/lib/aarch64-linux-gnu/libcrypto.so (found version "1.1.1f")  
[3.492s] -- Found FastRTPS: /opt/ros/foxy/include  
[3.860s] -- Using all available rosidl_typesupport_cpp: rosidl_typesupport_fastrtps_cpp;rosidl_typesupport_introspection_cpp
[4.123s] -- Found rmw_implementation_cmake: 1.0.4 (/opt/ros/foxy/share/rmw_implementation_cmake/cmake)
[4.130s] -- Using RMW implementation 'rmw_fastrtps_cpp' as default
[4.133s] -- Looking for pthread.h
[4.397s] -- Looking for pthread.h - found
[4.397s] -- Performing Test CMAKE_HAVE_LIBC_PTHREAD
[4.658s] -- Performing Test CMAKE_HAVE_LIBC_PTHREAD - Failed
[4.658s] -- Looking for pthread_create in pthreads
[4.897s] -- Looking for pthread_create in pthreads - not found
[4.897s] -- Looking for pthread_create in pthread
[5.155s] -- Looking for pthread_create in pthread - found
[5.158s] -- Found Threads: TRUE  
[6.179s] -- Configuring done
[6.205s] -- Generating done
[6.210s] -- Build files have been written to: /home/jetson/ros2_ws/build/dxl3
[6.230s] Invoked command in '/home/jetson/ros2_ws/build/dxl3' returned '0': CMAKE_PREFIX_PATH=${CMAKE_PREFIX_PATH}:/opt/ros/foxy /usr/bin/cmake /home/jetson/ros2_ws/src/dxl3 -DAMENT_CMAKE_SYMLINK_INSTALL=1 -DCMAKE_INSTALL_PREFIX=/home/jetson/ros2_ws/install/dxl3
[6.241s] Invoking command in '/home/jetson/ros2_ws/build/dxl3': CMAKE_PREFIX_PATH=${CMAKE_PREFIX_PATH}:/opt/ros/foxy /usr/bin/cmake --build /home/jetson/ros2_ws/build/dxl3 -- -j4 -l4
[6.385s] [35m[1mScanning dependencies of target dxl3[0m
[6.540s] [ 33%] [32mBuilding CXX object CMakeFiles/dxl3.dir/src/main.cpp.o[0m
[6.567s] [ 66%] [32mBuilding CXX object CMakeFiles/dxl3.dir/src/dxl.cpp.o[0m
[6.934s] [01m[K/home/jetson/ros2_ws/src/dxl3/src/main.cpp:2:10:[m[K [01;31m[Kfatal error: [m[Kdxl/dxl.hpp: No such file or directory
[6.935s]  #include [01;31m[K"dxl/dxl.hpp"[m[K
[6.935s]           [01;31m[K^~~~~~~~~~~~~[m[K
[6.936s] compilation terminated.
[6.942s] make[2]: *** [CMakeFiles/dxl3.dir/build.make:63: CMakeFiles/dxl3.dir/src/main.cpp.o] Error 1
[6.943s] make[2]: *** Waiting for unfinished jobs....
[7.698s] make[1]: *** [CMakeFiles/Makefile2:78: CMakeFiles/dxl3.dir/all] Error 2
[7.699s] make: *** [Makefile:141: all] Error 2
[7.705s] Invoked command in '/home/jetson/ros2_ws/build/dxl3' returned '2': CMAKE_PREFIX_PATH=${CMAKE_PREFIX_PATH}:/opt/ros/foxy /usr/bin/cmake --build /home/jetson/ros2_ws/build/dxl3 -- -j4 -l4
