[1.196s] DEBUG:colcon:Command line arguments: ['/usr/bin/colcon', 'build', '--symlink-install', '--packages-select', 'camera_ros2']
[1.197s] DEBUG:colcon:Parsed command line arguments: Namespace(allow_overriding=[], ament_cmake_args=None, base_paths=['.'], build_base='build', catkin_cmake_args=None, catkin_skip_building_tests=False, cmake_args=None, cmake_clean_cache=False, cmake_clean_first=False, cmake_force_configure=False, cmake_target=None, cmake_target_skip_unavailable=False, continue_on_error=False, event_handlers=None, executor='parallel', ignore_user_meta=False, install_base='install', log_base=None, log_level=None, main=<bound method BuildVerb.main of <colcon_core.verb.build.BuildVerb object at 0x7f9b32a970>>, merge_install=False, metas=['./colcon.meta'], packages_above=None, packages_above_and_dependencies=None, packages_above_depth=None, packages_end=None, packages_ignore=None, packages_ignore_regex=None, packages_select=['camera_ros2'], packages_select_build_failed=False, packages_select_by_dep=None, packages_select_regex=None, packages_select_test_failures=False, packages_skip=None, packages_skip_build_finished=False, packages_skip_by_dep=None, packages_skip_regex=None, packages_skip_test_passed=False, packages_skip_up_to=None, packages_start=None, packages_up_to=None, packages_up_to_regex=None, parallel_workers=4, paths=None, symlink_install=True, test_result_base=None, verb_extension=<colcon_core.verb.build.BuildVerb object at 0x7f9b32a970>, verb_name='build', verb_parser=<colcon_defaults.argument_parser.defaults.DefaultArgumentsDecorator object at 0x7f9b215940>)
[2.211s] Level 1:colcon.colcon_core.package_discovery:discover_packages(colcon_meta) check parameters
[2.212s] Level 1:colcon.colcon_core.package_discovery:discover_packages(recursive) check parameters
[2.212s] Level 1:colcon.colcon_core.package_discovery:discover_packages(ignore) check parameters
[2.212s] Level 1:colcon.colcon_core.package_discovery:discover_packages(path) check parameters
[2.212s] Level 1:colcon.colcon_core.package_discovery:discover_packages(colcon_meta) discover
[2.212s] Level 1:colcon.colcon_core.package_discovery:discover_packages(recursive) discover
[2.213s] INFO:colcon.colcon_core.package_discovery:Crawling recursively for packages in '/home/jetson/ros2_ws'
[2.213s] Level 1:colcon.colcon_core.package_identification:_identify(.) by extensions ['ignore', 'ignore_ament_install']
[2.213s] Level 1:colcon.colcon_core.package_identification:_identify(.) by extension 'ignore'
[2.214s] Level 1:colcon.colcon_core.package_identification:_identify(.) by extension 'ignore_ament_install'
[2.214s] Level 1:colcon.colcon_core.package_identification:_identify(.) by extensions ['colcon_pkg']
[2.214s] Level 1:colcon.colcon_core.package_identification:_identify(.) by extension 'colcon_pkg'
[2.214s] Level 1:colcon.colcon_core.package_identification:_identify(.) by extensions ['colcon_meta']
[2.214s] Level 1:colcon.colcon_core.package_identification:_identify(.) by extension 'colcon_meta'
[2.215s] Level 1:colcon.colcon_core.package_identification:_identify(.) by extensions ['ros']
[2.215s] Level 1:colcon.colcon_core.package_identification:_identify(.) by extension 'ros'
[2.309s] Level 1:colcon.colcon_core.package_identification:_identify(.) by extensions ['cmake', 'python']
[2.309s] Level 1:colcon.colcon_core.package_identification:_identify(.) by extension 'cmake'
[2.310s] Level 1:colcon.colcon_core.package_identification:_identify(.) by extension 'python'
[2.310s] Level 1:colcon.colcon_core.package_identification:_identify(.) by extensions ['python_setup_py']
[2.310s] Level 1:colcon.colcon_core.package_identification:_identify(.) by extension 'python_setup_py'
[2.310s] Level 1:colcon.colcon_core.package_identification:_identify(build) by extensions ['ignore', 'ignore_ament_install']
[2.311s] Level 1:colcon.colcon_core.package_identification:_identify(build) by extension 'ignore'
[2.311s] Level 1:colcon.colcon_core.package_identification:_identify(build) ignored
[2.312s] Level 1:colcon.colcon_core.package_identification:_identify(install) by extensions ['ignore', 'ignore_ament_install']
[2.312s] Level 1:colcon.colcon_core.package_identification:_identify(install) by extension 'ignore'
[2.312s] Level 1:colcon.colcon_core.package_identification:_identify(install) ignored
[2.312s] Level 1:colcon.colcon_core.package_identification:_identify(log) by extensions ['ignore', 'ignore_ament_install']
[2.313s] Level 1:colcon.colcon_core.package_identification:_identify(log) by extension 'ignore'
[2.313s] Level 1:colcon.colcon_core.package_identification:_identify(log) ignored
[2.313s] Level 1:colcon.colcon_core.package_identification:_identify(src) by extensions ['ignore', 'ignore_ament_install']
[2.314s] Level 1:colcon.colcon_core.package_identification:_identify(src) by extension 'ignore'
[2.314s] Level 1:colcon.colcon_core.package_identification:_identify(src) by extension 'ignore_ament_install'
[2.314s] Level 1:colcon.colcon_core.package_identification:_identify(src) by extensions ['colcon_pkg']
[2.314s] Level 1:colcon.colcon_core.package_identification:_identify(src) by extension 'colcon_pkg'
[2.314s] Level 1:colcon.colcon_core.package_identification:_identify(src) by extensions ['colcon_meta']
[2.315s] Level 1:colcon.colcon_core.package_identification:_identify(src) by extension 'colcon_meta'
[2.315s] Level 1:colcon.colcon_core.package_identification:_identify(src) by extensions ['ros']
[2.315s] Level 1:colcon.colcon_core.package_identification:_identify(src) by extension 'ros'
[2.315s] Level 1:colcon.colcon_core.package_identification:_identify(src) by extensions ['cmake', 'python']
[2.315s] Level 1:colcon.colcon_core.package_identification:_identify(src) by extension 'cmake'
[2.316s] Level 1:colcon.colcon_core.package_identification:_identify(src) by extension 'python'
[2.316s] Level 1:colcon.colcon_core.package_identification:_identify(src) by extensions ['python_setup_py']
[2.316s] Level 1:colcon.colcon_core.package_identification:_identify(src) by extension 'python_setup_py'
[2.316s] Level 1:colcon.colcon_core.package_identification:_identify(src/camera_ros2) by extensions ['ignore', 'ignore_ament_install']
[2.317s] Level 1:colcon.colcon_core.package_identification:_identify(src/camera_ros2) by extension 'ignore'
[2.317s] Level 1:colcon.colcon_core.package_identification:_identify(src/camera_ros2) by extension 'ignore_ament_install'
[2.317s] Level 1:colcon.colcon_core.package_identification:_identify(src/camera_ros2) by extensions ['colcon_pkg']
[2.317s] Level 1:colcon.colcon_core.package_identification:_identify(src/camera_ros2) by extension 'colcon_pkg'
[2.317s] Level 1:colcon.colcon_core.package_identification:_identify(src/camera_ros2) by extensions ['colcon_meta']
[2.318s] Level 1:colcon.colcon_core.package_identification:_identify(src/camera_ros2) by extension 'colcon_meta'
[2.318s] Level 1:colcon.colcon_core.package_identification:_identify(src/camera_ros2) by extensions ['ros']
[2.318s] Level 1:colcon.colcon_core.package_identification:_identify(src/camera_ros2) by extension 'ros'
[2.329s] DEBUG:colcon.colcon_core.package_identification:Package 'src/camera_ros2' with type 'ros.ament_cmake' and name 'camera_ros2'
[2.329s] Level 1:colcon.colcon_core.package_discovery:discover_packages(recursive) using defaults
[2.330s] Level 1:colcon.colcon_core.package_discovery:discover_packages(ignore) discover
[2.330s] Level 1:colcon.colcon_core.package_discovery:discover_packages(ignore) using defaults
[2.330s] Level 1:colcon.colcon_core.package_discovery:discover_packages(path) discover
[2.330s] Level 1:colcon.colcon_core.package_discovery:discover_packages(path) using defaults
[2.431s] Level 1:colcon.colcon_core.package_discovery:discover_packages(prefix_path) check parameters
[2.432s] Level 1:colcon.colcon_core.package_discovery:discover_packages(prefix_path) discover
[2.440s] DEBUG:colcon.colcon_installed_package_information.package_discovery:Found 1 installed packages in /home/jetson/ros2_ws/install
[2.448s] DEBUG:colcon.colcon_installed_package_information.package_discovery:Found 258 installed packages in /opt/ros/foxy
[2.457s] Level 1:colcon.colcon_core.package_discovery:discover_packages(prefix_path) using defaults
[2.860s] Level 5:colcon.colcon_core.verb:set package 'camera_ros2' build argument 'cmake_args' from command line to 'None'
[2.861s] Level 5:colcon.colcon_core.verb:set package 'camera_ros2' build argument 'cmake_target' from command line to 'None'
[2.861s] Level 5:colcon.colcon_core.verb:set package 'camera_ros2' build argument 'cmake_target_skip_unavailable' from command line to 'False'
[2.861s] Level 5:colcon.colcon_core.verb:set package 'camera_ros2' build argument 'cmake_clean_cache' from command line to 'False'
[2.861s] Level 5:colcon.colcon_core.verb:set package 'camera_ros2' build argument 'cmake_clean_first' from command line to 'False'
[2.861s] Level 5:colcon.colcon_core.verb:set package 'camera_ros2' build argument 'cmake_force_configure' from command line to 'False'
[2.861s] Level 5:colcon.colcon_core.verb:set package 'camera_ros2' build argument 'ament_cmake_args' from command line to 'None'
[2.862s] Level 5:colcon.colcon_core.verb:set package 'camera_ros2' build argument 'catkin_cmake_args' from command line to 'None'
[2.862s] Level 5:colcon.colcon_core.verb:set package 'camera_ros2' build argument 'catkin_skip_building_tests' from command line to 'False'
[2.862s] DEBUG:colcon.colcon_core.verb:Building package 'camera_ros2' with the following arguments: {'ament_cmake_args': None, 'build_base': '/home/jetson/ros2_ws/build/camera_ros2', 'catkin_cmake_args': None, 'catkin_skip_building_tests': False, 'cmake_args': None, 'cmake_clean_cache': False, 'cmake_clean_first': False, 'cmake_force_configure': False, 'cmake_target': None, 'cmake_target_skip_unavailable': False, 'install_base': '/home/jetson/ros2_ws/install/camera_ros2', 'merge_install': False, 'path': '/home/jetson/ros2_ws/src/camera_ros2', 'symlink_install': True, 'test_result_base': None}
[2.862s] INFO:colcon.colcon_core.executor:Executing jobs using 'parallel' executor
[2.866s] DEBUG:colcon.colcon_parallel_executor.executor.parallel:run_until_complete
[2.867s] INFO:colcon.colcon_ros.task.ament_cmake.build:Building ROS package in '/home/jetson/ros2_ws/src/camera_ros2' with build type 'ament_cmake'
[2.867s] INFO:colcon.colcon_cmake.task.cmake.build:Building CMake package in '/home/jetson/ros2_ws/src/camera_ros2'
[2.880s] INFO:colcon.colcon_core.plugin_system:Skipping extension 'colcon_core.shell.bat': Not used on non-Windows systems
[2.880s] INFO:colcon.colcon_core.shell:Skip shell extension 'powershell' for command environment: Not usable outside of PowerShell
[2.881s] DEBUG:colcon.colcon_core.shell:Skip shell extension 'dsv' for command environment
[2.918s] DEBUG:colcon.colcon_core.event_handler.log_command:Invoking command in '/home/jetson/ros2_ws/build/camera_ros2': CMAKE_PREFIX_PATH=${CMAKE_PREFIX_PATH}:/opt/ros/foxy /usr/bin/cmake --build /home/jetson/ros2_ws/build/camera_ros2 -- -j4 -l4
[32.530s] DEBUG:colcon.colcon_core.event_handler.log_command:Invoked command in '/home/jetson/ros2_ws/build/camera_ros2' returned '0': CMAKE_PREFIX_PATH=${CMAKE_PREFIX_PATH}:/opt/ros/foxy /usr/bin/cmake --build /home/jetson/ros2_ws/build/camera_ros2 -- -j4 -l4
[32.664s] DEBUG:colcon.colcon_core.event_handler.log_command:Invoking command in '/home/jetson/ros2_ws/build/camera_ros2': CMAKE_PREFIX_PATH=${CMAKE_PREFIX_PATH}:/opt/ros/foxy /usr/bin/cmake --install /home/jetson/ros2_ws/build/camera_ros2
[32.763s] Level 1:colcon.colcon_core.environment:create_environment_scripts_only(camera_ros2)
[32.765s] DEBUG:colcon.colcon_core.event_handler.log_command:Invoked command in '/home/jetson/ros2_ws/build/camera_ros2' returned '0': CMAKE_PREFIX_PATH=${CMAKE_PREFIX_PATH}:/opt/ros/foxy /usr/bin/cmake --install /home/jetson/ros2_ws/build/camera_ros2
[32.785s] Level 1:colcon.colcon_core.environment:checking '/home/jetson/ros2_ws/install/camera_ros2' for CMake module files
[32.789s] Level 1:colcon.colcon_core.environment:checking '/home/jetson/ros2_ws/install/camera_ros2' for CMake config files
[32.790s] Level 1:colcon.colcon_core.shell:create_environment_hook('camera_ros2', 'cmake_prefix_path')
[32.791s] INFO:colcon.colcon_core.shell:Creating environment hook '/home/jetson/ros2_ws/install/camera_ros2/share/camera_ros2/hook/cmake_prefix_path.ps1'
[32.794s] INFO:colcon.colcon_core.shell:Creating environment descriptor '/home/jetson/ros2_ws/install/camera_ros2/share/camera_ros2/hook/cmake_prefix_path.dsv'
[32.798s] INFO:colcon.colcon_core.shell:Creating environment hook '/home/jetson/ros2_ws/install/camera_ros2/share/camera_ros2/hook/cmake_prefix_path.sh'
[32.804s] Level 1:colcon.colcon_core.environment:checking '/home/jetson/ros2_ws/install/camera_ros2/lib'
[32.805s] Level 1:colcon.colcon_core.environment:checking '/home/jetson/ros2_ws/install/camera_ros2/bin'
[32.805s] Level 1:colcon.colcon_core.environment:checking '/home/jetson/ros2_ws/install/camera_ros2/lib/pkgconfig/camera_ros2.pc'
[32.806s] Level 1:colcon.colcon_core.environment:checking '/home/jetson/ros2_ws/install/camera_ros2/lib/python3.8/site-packages'
[32.807s] Level 1:colcon.colcon_core.environment:checking '/home/jetson/ros2_ws/install/camera_ros2/bin'
[32.809s] INFO:colcon.colcon_core.shell:Creating package script '/home/jetson/ros2_ws/install/camera_ros2/share/camera_ros2/package.ps1'
[32.813s] INFO:colcon.colcon_core.shell:Creating package descriptor '/home/jetson/ros2_ws/install/camera_ros2/share/camera_ros2/package.dsv'
[32.817s] INFO:colcon.colcon_core.shell:Creating package script '/home/jetson/ros2_ws/install/camera_ros2/share/camera_ros2/package.sh'
[32.821s] INFO:colcon.colcon_core.shell:Creating package script '/home/jetson/ros2_ws/install/camera_ros2/share/camera_ros2/package.bash'
[32.826s] INFO:colcon.colcon_core.shell:Creating package script '/home/jetson/ros2_ws/install/camera_ros2/share/camera_ros2/package.zsh'
[32.831s] Level 1:colcon.colcon_core.environment:create_file_with_runtime_dependencies(/home/jetson/ros2_ws/install/camera_ros2/share/colcon-core/packages/camera_ros2)
[32.922s] Level 1:colcon.colcon_core.environment:create_environment_scripts_only(camera_ros2)
[32.923s] Level 1:colcon.colcon_core.environment:checking '/home/jetson/ros2_ws/install/camera_ros2' for CMake module files
[32.927s] Level 1:colcon.colcon_core.environment:checking '/home/jetson/ros2_ws/install/camera_ros2' for CMake config files
[32.928s] Level 1:colcon.colcon_core.shell:create_environment_hook('camera_ros2', 'cmake_prefix_path')
[32.929s] INFO:colcon.colcon_core.shell:Creating environment hook '/home/jetson/ros2_ws/install/camera_ros2/share/camera_ros2/hook/cmake_prefix_path.ps1'
[32.932s] INFO:colcon.colcon_core.shell:Creating environment descriptor '/home/jetson/ros2_ws/install/camera_ros2/share/camera_ros2/hook/cmake_prefix_path.dsv'
[32.934s] INFO:colcon.colcon_core.shell:Creating environment hook '/home/jetson/ros2_ws/install/camera_ros2/share/camera_ros2/hook/cmake_prefix_path.sh'
[32.936s] Level 1:colcon.colcon_core.environment:checking '/home/jetson/ros2_ws/install/camera_ros2/lib'
[32.937s] Level 1:colcon.colcon_core.environment:checking '/home/jetson/ros2_ws/install/camera_ros2/bin'
[32.937s] Level 1:colcon.colcon_core.environment:checking '/home/jetson/ros2_ws/install/camera_ros2/lib/pkgconfig/camera_ros2.pc'
[32.938s] Level 1:colcon.colcon_core.environment:checking '/home/jetson/ros2_ws/install/camera_ros2/lib/python3.8/site-packages'
[32.939s] Level 1:colcon.colcon_core.environment:checking '/home/jetson/ros2_ws/install/camera_ros2/bin'
[32.940s] INFO:colcon.colcon_core.shell:Creating package script '/home/jetson/ros2_ws/install/camera_ros2/share/camera_ros2/package.ps1'
[32.943s] INFO:colcon.colcon_core.shell:Creating package descriptor '/home/jetson/ros2_ws/install/camera_ros2/share/camera_ros2/package.dsv'
[32.945s] INFO:colcon.colcon_core.shell:Creating package script '/home/jetson/ros2_ws/install/camera_ros2/share/camera_ros2/package.sh'
[32.947s] INFO:colcon.colcon_core.shell:Creating package script '/home/jetson/ros2_ws/install/camera_ros2/share/camera_ros2/package.bash'
[32.948s] INFO:colcon.colcon_core.shell:Creating package script '/home/jetson/ros2_ws/install/camera_ros2/share/camera_ros2/package.zsh'
[32.950s] Level 1:colcon.colcon_core.environment:create_file_with_runtime_dependencies(/home/jetson/ros2_ws/install/camera_ros2/share/colcon-core/packages/camera_ros2)
[32.951s] DEBUG:colcon.colcon_parallel_executor.executor.parallel:closing loop
[32.952s] DEBUG:colcon.colcon_parallel_executor.executor.parallel:loop closed
[32.953s] DEBUG:colcon.colcon_parallel_executor.executor.parallel:run_until_complete finished with '0'
[32.953s] DEBUG:colcon.colcon_core.event_reactor:joining thread
[32.990s] INFO:colcon.colcon_core.plugin_system:Skipping extension 'colcon_notification.desktop_notification.terminal_notifier': Not used on non-Darwin systems
[32.991s] INFO:colcon.colcon_core.plugin_system:Skipping extension 'colcon_notification.desktop_notification.win32': Not used on non-Windows systems
[32.991s] INFO:colcon.colcon_notification.desktop_notification:Sending desktop notification using 'notify2'
[33.036s] DEBUG:colcon.colcon_core.event_reactor:joined thread
[33.037s] INFO:colcon.colcon_core.shell:Creating prefix script '/home/jetson/ros2_ws/install/local_setup.ps1'
[33.044s] INFO:colcon.colcon_core.shell:Creating prefix util module '/home/jetson/ros2_ws/install/_local_setup_util_ps1.py'
[33.051s] INFO:colcon.colcon_core.shell:Creating prefix chain script '/home/jetson/ros2_ws/install/setup.ps1'
[33.057s] INFO:colcon.colcon_core.shell:Creating prefix script '/home/jetson/ros2_ws/install/local_setup.sh'
[33.061s] INFO:colcon.colcon_core.shell:Creating prefix util module '/home/jetson/ros2_ws/install/_local_setup_util_sh.py'
[33.063s] INFO:colcon.colcon_core.shell:Creating prefix chain script '/home/jetson/ros2_ws/install/setup.sh'
[33.068s] INFO:colcon.colcon_core.shell:Creating prefix script '/home/jetson/ros2_ws/install/local_setup.bash'
[33.072s] INFO:colcon.colcon_core.shell:Creating prefix chain script '/home/jetson/ros2_ws/install/setup.bash'
[33.077s] INFO:colcon.colcon_core.shell:Creating prefix script '/home/jetson/ros2_ws/install/local_setup.zsh'
[33.081s] INFO:colcon.colcon_core.shell:Creating prefix chain script '/home/jetson/ros2_ws/install/setup.zsh'
