[0.012s] Invoking command in '/home/linux/ros2_ws/build/psub1-1': CMAKE_PREFIX_PATH=${CMAKE_PREFIX_PATH}:/opt/ros/foxy /usr/bin/cmake /home/linux/ros2_ws/src/psub1-1 -DAMENT_CMAKE_SYMLINK_INSTALL=1 -DCMAKE_INSTALL_PREFIX=/home/linux/ros2_ws/install/psub1-1
[0.080s] -- The C compiler identification is GNU 9.4.0
[0.237s] -- The CXX compiler identification is GNU 9.4.0
[0.273s] -- Check for working C compiler: /usr/bin/cc
[0.339s] -- Check for working C compiler: /usr/bin/cc -- works
[0.340s] -- Detecting C compiler ABI info
[0.400s] -- Detecting C compiler ABI info - done
[0.407s] -- Detecting C compile features
[0.407s] -- Detecting C compile features - done
[0.408s] -- Check for working CXX compiler: /usr/bin/c++
[0.473s] -- Check for working CXX compiler: /usr/bin/c++ -- works
[0.474s] -- Detecting CXX compiler ABI info
[0.544s] -- Detecting CXX compiler ABI info - done
[0.551s] -- Detecting CXX compile features
[0.551s] -- Detecting CXX compile features - done
[0.552s] -- Found ament_cmake: 0.9.12 (/opt/ros/foxy/share/ament_cmake/cmake)
[0.568s] -- Found PythonInterp: /usr/bin/python3 (found suitable version "3.8.10", minimum required is "3") 
[0.568s] -- Using PYTHON_EXECUTABLE: /usr/bin/python3
[0.676s] -- Override CMake install command with custom implementation using symlinks instead of copying resources
[0.691s] -- Found rclcpp: 2.4.3 (/opt/ros/foxy/share/rclcpp/cmake)
[0.800s] -- Using all available rosidl_typesupport_c: rosidl_typesupport_fastrtps_c;rosidl_typesupport_introspection_c
[0.804s] -- Found rosidl_adapter: 1.3.1 (/opt/ros/foxy/share/rosidl_adapter/cmake)
[1.198s] -- Found OpenSSL: /usr/lib/x86_64-linux-gnu/libcrypto.so (found version "1.1.1f")  
[1.592s] -- Found FastRTPS: /opt/ros/foxy/include  
[2.562s] -- Using all available rosidl_typesupport_cpp: rosidl_typesupport_fastrtps_cpp;rosidl_typesupport_introspection_cpp
[2.596s] -- Found rmw_implementation_cmake: 1.0.4 (/opt/ros/foxy/share/rmw_implementation_cmake/cmake)
[2.597s] -- Using RMW implementation 'rmw_fastrtps_cpp' as default
[2.598s] -- Looking for pthread.h
[2.668s] -- Looking for pthread.h - found
[2.668s] -- Performing Test CMAKE_HAVE_LIBC_PTHREAD
[2.732s] -- Performing Test CMAKE_HAVE_LIBC_PTHREAD - Failed
[2.733s] -- Looking for pthread_create in pthreads
[2.792s] -- Looking for pthread_create in pthreads - not found
[2.792s] -- Looking for pthread_create in pthread
[2.853s] -- Looking for pthread_create in pthread - found
[2.854s] -- Found Threads: TRUE  
[2.990s] -- Configuring done
[2.997s] -- Generating done
[3.001s] -- Build files have been written to: /home/linux/ros2_ws/build/psub1-1
[3.007s] Invoked command in '/home/linux/ros2_ws/build/psub1-1' returned '0': CMAKE_PREFIX_PATH=${CMAKE_PREFIX_PATH}:/opt/ros/foxy /usr/bin/cmake /home/linux/ros2_ws/src/psub1-1 -DAMENT_CMAKE_SYMLINK_INSTALL=1 -DCMAKE_INSTALL_PREFIX=/home/linux/ros2_ws/install/psub1-1
[3.008s] Invoking command in '/home/linux/ros2_ws/build/psub1-1': CMAKE_PREFIX_PATH=${CMAKE_PREFIX_PATH}:/opt/ros/foxy /usr/bin/cmake --build /home/linux/ros2_ws/build/psub1-1 -- -j10 -l10
[3.030s] [35m[1mScanning dependencies of target sub1-1[0m
[3.030s] [35m[1mScanning dependencies of target pub1-1[0m
[3.050s] [ 25%] [32mBuilding CXX object CMakeFiles/sub1-1.dir/src/sub1-1.cpp.o[0m
[3.050s] [ 50%] [32mBuilding CXX object CMakeFiles/pub1-1.dir/src/pub1-1.cpp.o[0m
[5.029s] [ 75%] [32m[1mLinking CXX executable pub1-1[0m
[5.230s] [ 75%] Built target pub1-1
[6.046s] [100%] [32m[1mLinking CXX executable sub1-1[0m
[6.295s] [100%] Built target sub1-1
[6.302s] Invoked command in '/home/linux/ros2_ws/build/psub1-1' returned '0': CMAKE_PREFIX_PATH=${CMAKE_PREFIX_PATH}:/opt/ros/foxy /usr/bin/cmake --build /home/linux/ros2_ws/build/psub1-1 -- -j10 -l10
[6.310s] Invoking command in '/home/linux/ros2_ws/build/psub1-1': CMAKE_PREFIX_PATH=${CMAKE_PREFIX_PATH}:/opt/ros/foxy /usr/bin/cmake --install /home/linux/ros2_ws/build/psub1-1
[6.314s] -- Install configuration: ""
[6.315s] -- Execute custom install script
[6.315s] -- Symlinking: /home/linux/ros2_ws/install/psub1-1/lib/psub1-1/pub1-1
[6.321s] -- Symlinking: /home/linux/ros2_ws/install/psub1-1/lib/psub1-1/sub1-1
[6.326s] -- Symlinking: /home/linux/ros2_ws/install/psub1-1/share/ament_index/resource_index/package_run_dependencies/psub1-1
[6.331s] -- Symlinking: /home/linux/ros2_ws/install/psub1-1/share/ament_index/resource_index/parent_prefix_path/psub1-1
[6.337s] -- Symlinking: /home/linux/ros2_ws/install/psub1-1/share/psub1-1/environment/ament_prefix_path.sh
[6.343s] -- Symlinking: /home/linux/ros2_ws/install/psub1-1/share/psub1-1/environment/ament_prefix_path.dsv
[6.349s] -- Symlinking: /home/linux/ros2_ws/install/psub1-1/share/psub1-1/environment/path.sh
[6.355s] -- Symlinking: /home/linux/ros2_ws/install/psub1-1/share/psub1-1/environment/path.dsv
[6.360s] -- Symlinking: /home/linux/ros2_ws/install/psub1-1/share/psub1-1/local_setup.bash
[6.365s] -- Symlinking: /home/linux/ros2_ws/install/psub1-1/share/psub1-1/local_setup.sh
[6.370s] -- Symlinking: /home/linux/ros2_ws/install/psub1-1/share/psub1-1/local_setup.zsh
[6.375s] -- Symlinking: /home/linux/ros2_ws/install/psub1-1/share/psub1-1/local_setup.dsv
[6.380s] -- Symlinking: /home/linux/ros2_ws/install/psub1-1/share/psub1-1/package.dsv
[6.386s] -- Symlinking: /home/linux/ros2_ws/install/psub1-1/share/ament_index/resource_index/packages/psub1-1
[6.391s] -- Symlinking: /home/linux/ros2_ws/install/psub1-1/share/psub1-1/cmake/psub1-1Config.cmake
[6.396s] -- Symlinking: /home/linux/ros2_ws/install/psub1-1/share/psub1-1/cmake/psub1-1Config-version.cmake
[6.401s] -- Symlinking: /home/linux/ros2_ws/install/psub1-1/share/psub1-1/package.xml
[6.408s] Invoked command in '/home/linux/ros2_ws/build/psub1-1' returned '0': CMAKE_PREFIX_PATH=${CMAKE_PREFIX_PATH}:/opt/ros/foxy /usr/bin/cmake --install /home/linux/ros2_ws/build/psub1-1
