[0.973s] DEBUG:colcon:Command line arguments: ['/usr/bin/colcon', 'build', '--symlink-install', '--packages-select', 'dxl3']
[0.974s] DEBUG:colcon:Parsed command line arguments: Namespace(allow_overriding=[], ament_cmake_args=None, base_paths=['.'], build_base='build', catkin_cmake_args=None, catkin_skip_building_tests=False, cmake_args=None, cmake_clean_cache=False, cmake_clean_first=False, cmake_force_configure=False, cmake_target=None, cmake_target_skip_unavailable=False, continue_on_error=False, event_handlers=None, executor='parallel', ignore_user_meta=False, install_base='install', log_base=None, log_level=None, main=<bound method BuildVerb.main of <colcon_core.verb.build.BuildVerb object at 0x7f8a508940>>, merge_install=False, metas=['./colcon.meta'], packages_above=None, packages_above_and_dependencies=None, packages_above_depth=None, packages_end=None, packages_ignore=None, packages_ignore_regex=None, packages_select=['dxl3'], packages_select_build_failed=False, packages_select_by_dep=None, packages_select_regex=None, packages_select_test_failures=False, packages_skip=None, packages_skip_build_finished=False, packages_skip_by_dep=None, packages_skip_regex=None, packages_skip_test_passed=False, packages_skip_up_to=None, packages_start=None, packages_up_to=None, packages_up_to_regex=None, parallel_workers=4, paths=None, symlink_install=True, test_result_base=None, verb_extension=<colcon_core.verb.build.BuildVerb object at 0x7f8a508940>, verb_name='build', verb_parser=<colcon_defaults.argument_parser.defaults.DefaultArgumentsDecorator object at 0x7f8a3f3910>)
[1.926s] Level 1:colcon.colcon_core.package_discovery:discover_packages(colcon_meta) check parameters
[1.927s] Level 1:colcon.colcon_core.package_discovery:discover_packages(recursive) check parameters
[1.927s] Level 1:colcon.colcon_core.package_discovery:discover_packages(ignore) check parameters
[1.927s] Level 1:colcon.colcon_core.package_discovery:discover_packages(path) check parameters
[1.927s] Level 1:colcon.colcon_core.package_discovery:discover_packages(colcon_meta) discover
[1.928s] Level 1:colcon.colcon_core.package_discovery:discover_packages(recursive) discover
[1.928s] INFO:colcon.colcon_core.package_discovery:Crawling recursively for packages in '/home/jetson/ros2_ws'
[1.928s] Level 1:colcon.colcon_core.package_identification:_identify(.) by extensions ['ignore', 'ignore_ament_install']
[1.929s] Level 1:colcon.colcon_core.package_identification:_identify(.) by extension 'ignore'
[1.929s] Level 1:colcon.colcon_core.package_identification:_identify(.) by extension 'ignore_ament_install'
[1.929s] Level 1:colcon.colcon_core.package_identification:_identify(.) by extensions ['colcon_pkg']
[1.929s] Level 1:colcon.colcon_core.package_identification:_identify(.) by extension 'colcon_pkg'
[1.929s] Level 1:colcon.colcon_core.package_identification:_identify(.) by extensions ['colcon_meta']
[1.930s] Level 1:colcon.colcon_core.package_identification:_identify(.) by extension 'colcon_meta'
[1.930s] Level 1:colcon.colcon_core.package_identification:_identify(.) by extensions ['ros']
[1.930s] Level 1:colcon.colcon_core.package_identification:_identify(.) by extension 'ros'
[2.013s] Level 1:colcon.colcon_core.package_identification:_identify(.) by extensions ['cmake', 'python']
[2.013s] Level 1:colcon.colcon_core.package_identification:_identify(.) by extension 'cmake'
[2.013s] Level 1:colcon.colcon_core.package_identification:_identify(.) by extension 'python'
[2.013s] Level 1:colcon.colcon_core.package_identification:_identify(.) by extensions ['python_setup_py']
[2.014s] Level 1:colcon.colcon_core.package_identification:_identify(.) by extension 'python_setup_py'
[2.014s] Level 1:colcon.colcon_core.package_identification:_identify(build) by extensions ['ignore', 'ignore_ament_install']
[2.014s] Level 1:colcon.colcon_core.package_identification:_identify(build) by extension 'ignore'
[2.015s] Level 1:colcon.colcon_core.package_identification:_identify(build) ignored
[2.015s] Level 1:colcon.colcon_core.package_identification:_identify(install) by extensions ['ignore', 'ignore_ament_install']
[2.016s] Level 1:colcon.colcon_core.package_identification:_identify(install) by extension 'ignore'
[2.016s] Level 1:colcon.colcon_core.package_identification:_identify(install) ignored
[2.016s] Level 1:colcon.colcon_core.package_identification:_identify(log) by extensions ['ignore', 'ignore_ament_install']
[2.017s] Level 1:colcon.colcon_core.package_identification:_identify(log) by extension 'ignore'
[2.017s] Level 1:colcon.colcon_core.package_identification:_identify(log) ignored
[2.017s] Level 1:colcon.colcon_core.package_identification:_identify(src) by extensions ['ignore', 'ignore_ament_install']
[2.017s] Level 1:colcon.colcon_core.package_identification:_identify(src) by extension 'ignore'
[2.018s] Level 1:colcon.colcon_core.package_identification:_identify(src) by extension 'ignore_ament_install'
[2.018s] Level 1:colcon.colcon_core.package_identification:_identify(src) by extensions ['colcon_pkg']
[2.018s] Level 1:colcon.colcon_core.package_identification:_identify(src) by extension 'colcon_pkg'
[2.018s] Level 1:colcon.colcon_core.package_identification:_identify(src) by extensions ['colcon_meta']
[2.018s] Level 1:colcon.colcon_core.package_identification:_identify(src) by extension 'colcon_meta'
[2.019s] Level 1:colcon.colcon_core.package_identification:_identify(src) by extensions ['ros']
[2.019s] Level 1:colcon.colcon_core.package_identification:_identify(src) by extension 'ros'
[2.019s] Level 1:colcon.colcon_core.package_identification:_identify(src) by extensions ['cmake', 'python']
[2.019s] Level 1:colcon.colcon_core.package_identification:_identify(src) by extension 'cmake'
[2.019s] Level 1:colcon.colcon_core.package_identification:_identify(src) by extension 'python'
[2.020s] Level 1:colcon.colcon_core.package_identification:_identify(src) by extensions ['python_setup_py']
[2.020s] Level 1:colcon.colcon_core.package_identification:_identify(src) by extension 'python_setup_py'
[2.020s] Level 1:colcon.colcon_core.package_identification:_identify(src/camera_ros2) by extensions ['ignore', 'ignore_ament_install']
[2.020s] Level 1:colcon.colcon_core.package_identification:_identify(src/camera_ros2) by extension 'ignore'
[2.021s] Level 1:colcon.colcon_core.package_identification:_identify(src/camera_ros2) by extension 'ignore_ament_install'
[2.021s] Level 1:colcon.colcon_core.package_identification:_identify(src/camera_ros2) by extensions ['colcon_pkg']
[2.021s] Level 1:colcon.colcon_core.package_identification:_identify(src/camera_ros2) by extension 'colcon_pkg'
[2.021s] Level 1:colcon.colcon_core.package_identification:_identify(src/camera_ros2) by extensions ['colcon_meta']
[2.021s] Level 1:colcon.colcon_core.package_identification:_identify(src/camera_ros2) by extension 'colcon_meta'
[2.022s] Level 1:colcon.colcon_core.package_identification:_identify(src/camera_ros2) by extensions ['ros']
[2.022s] Level 1:colcon.colcon_core.package_identification:_identify(src/camera_ros2) by extension 'ros'
[2.031s] DEBUG:colcon.colcon_core.package_identification:Package 'src/camera_ros2' with type 'ros.ament_cmake' and name 'camera_ros2'
[2.032s] Level 1:colcon.colcon_core.package_identification:_identify(src/camera_ros2-1) by extensions ['ignore', 'ignore_ament_install']
[2.032s] Level 1:colcon.colcon_core.package_identification:_identify(src/camera_ros2-1) by extension 'ignore'
[2.032s] Level 1:colcon.colcon_core.package_identification:_identify(src/camera_ros2-1) by extension 'ignore_ament_install'
[2.032s] Level 1:colcon.colcon_core.package_identification:_identify(src/camera_ros2-1) by extensions ['colcon_pkg']
[2.033s] Level 1:colcon.colcon_core.package_identification:_identify(src/camera_ros2-1) by extension 'colcon_pkg'
[2.033s] Level 1:colcon.colcon_core.package_identification:_identify(src/camera_ros2-1) by extensions ['colcon_meta']
[2.033s] Level 1:colcon.colcon_core.package_identification:_identify(src/camera_ros2-1) by extension 'colcon_meta'
[2.033s] Level 1:colcon.colcon_core.package_identification:_identify(src/camera_ros2-1) by extensions ['ros']
[2.033s] Level 1:colcon.colcon_core.package_identification:_identify(src/camera_ros2-1) by extension 'ros'
[2.037s] DEBUG:colcon.colcon_core.package_identification:Package 'src/camera_ros2-1' with type 'ros.ament_cmake' and name 'camera_ros2-1'
[2.037s] Level 1:colcon.colcon_core.package_identification:_identify(src/camera_ros2-2) by extensions ['ignore', 'ignore_ament_install']
[2.038s] Level 1:colcon.colcon_core.package_identification:_identify(src/camera_ros2-2) by extension 'ignore'
[2.038s] Level 1:colcon.colcon_core.package_identification:_identify(src/camera_ros2-2) by extension 'ignore_ament_install'
[2.038s] Level 1:colcon.colcon_core.package_identification:_identify(src/camera_ros2-2) by extensions ['colcon_pkg']
[2.038s] Level 1:colcon.colcon_core.package_identification:_identify(src/camera_ros2-2) by extension 'colcon_pkg'
[2.038s] Level 1:colcon.colcon_core.package_identification:_identify(src/camera_ros2-2) by extensions ['colcon_meta']
[2.039s] Level 1:colcon.colcon_core.package_identification:_identify(src/camera_ros2-2) by extension 'colcon_meta'
[2.039s] Level 1:colcon.colcon_core.package_identification:_identify(src/camera_ros2-2) by extensions ['ros']
[2.039s] Level 1:colcon.colcon_core.package_identification:_identify(src/camera_ros2-2) by extension 'ros'
[2.042s] DEBUG:colcon.colcon_core.package_identification:Package 'src/camera_ros2-2' with type 'ros.ament_cmake' and name 'camera_ros2-2'
[2.042s] Level 1:colcon.colcon_core.package_identification:_identify(src/dxl) by extensions ['ignore', 'ignore_ament_install']
[2.043s] Level 1:colcon.colcon_core.package_identification:_identify(src/dxl) by extension 'ignore'
[2.043s] Level 1:colcon.colcon_core.package_identification:_identify(src/dxl) by extension 'ignore_ament_install'
[2.043s] Level 1:colcon.colcon_core.package_identification:_identify(src/dxl) by extensions ['colcon_pkg']
[2.043s] Level 1:colcon.colcon_core.package_identification:_identify(src/dxl) by extension 'colcon_pkg'
[2.044s] Level 1:colcon.colcon_core.package_identification:_identify(src/dxl) by extensions ['colcon_meta']
[2.044s] Level 1:colcon.colcon_core.package_identification:_identify(src/dxl) by extension 'colcon_meta'
[2.044s] Level 1:colcon.colcon_core.package_identification:_identify(src/dxl) by extensions ['ros']
[2.044s] Level 1:colcon.colcon_core.package_identification:_identify(src/dxl) by extension 'ros'
[2.046s] DEBUG:colcon.colcon_core.package_identification:Package 'src/dxl' with type 'ros.ament_cmake' and name 'dxl'
[2.047s] Level 1:colcon.colcon_core.package_identification:_identify(src/dxl2) by extensions ['ignore', 'ignore_ament_install']
[2.047s] Level 1:colcon.colcon_core.package_identification:_identify(src/dxl2) by extension 'ignore'
[2.047s] Level 1:colcon.colcon_core.package_identification:_identify(src/dxl2) by extension 'ignore_ament_install'
[2.047s] Level 1:colcon.colcon_core.package_identification:_identify(src/dxl2) by extensions ['colcon_pkg']
[2.048s] Level 1:colcon.colcon_core.package_identification:_identify(src/dxl2) by extension 'colcon_pkg'
[2.048s] Level 1:colcon.colcon_core.package_identification:_identify(src/dxl2) by extensions ['colcon_meta']
[2.048s] Level 1:colcon.colcon_core.package_identification:_identify(src/dxl2) by extension 'colcon_meta'
[2.048s] Level 1:colcon.colcon_core.package_identification:_identify(src/dxl2) by extensions ['ros']
[2.048s] Level 1:colcon.colcon_core.package_identification:_identify(src/dxl2) by extension 'ros'
[2.050s] DEBUG:colcon.colcon_core.package_identification:Package 'src/dxl2' with type 'ros.ament_cmake' and name 'dxl2'
[2.051s] Level 1:colcon.colcon_core.package_identification:_identify(src/dxl3) by extensions ['ignore', 'ignore_ament_install']
[2.051s] Level 1:colcon.colcon_core.package_identification:_identify(src/dxl3) by extension 'ignore'
[2.051s] Level 1:colcon.colcon_core.package_identification:_identify(src/dxl3) by extension 'ignore_ament_install'
[2.051s] Level 1:colcon.colcon_core.package_identification:_identify(src/dxl3) by extensions ['colcon_pkg']
[2.052s] Level 1:colcon.colcon_core.package_identification:_identify(src/dxl3) by extension 'colcon_pkg'
[2.052s] Level 1:colcon.colcon_core.package_identification:_identify(src/dxl3) by extensions ['colcon_meta']
[2.052s] Level 1:colcon.colcon_core.package_identification:_identify(src/dxl3) by extension 'colcon_meta'
[2.052s] Level 1:colcon.colcon_core.package_identification:_identify(src/dxl3) by extensions ['ros']
[2.052s] Level 1:colcon.colcon_core.package_identification:_identify(src/dxl3) by extension 'ros'
[2.054s] DEBUG:colcon.colcon_core.package_identification:Package 'src/dxl3' with type 'ros.ament_cmake' and name 'dxl3'
[2.055s] Level 1:colcon.colcon_core.package_identification:_identify(src/dxl_nano) by extensions ['ignore', 'ignore_ament_install']
[2.055s] Level 1:colcon.colcon_core.package_identification:_identify(src/dxl_nano) by extension 'ignore'
[2.055s] Level 1:colcon.colcon_core.package_identification:_identify(src/dxl_nano) by extension 'ignore_ament_install'
[2.056s] Level 1:colcon.colcon_core.package_identification:_identify(src/dxl_nano) by extensions ['colcon_pkg']
[2.056s] Level 1:colcon.colcon_core.package_identification:_identify(src/dxl_nano) by extension 'colcon_pkg'
[2.056s] Level 1:colcon.colcon_core.package_identification:_identify(src/dxl_nano) by extensions ['colcon_meta']
[2.056s] Level 1:colcon.colcon_core.package_identification:_identify(src/dxl_nano) by extension 'colcon_meta'
[2.056s] Level 1:colcon.colcon_core.package_identification:_identify(src/dxl_nano) by extensions ['ros']
[2.056s] Level 1:colcon.colcon_core.package_identification:_identify(src/dxl_nano) by extension 'ros'
[2.059s] DEBUG:colcon.colcon_core.package_identification:Package 'src/dxl_nano' with type 'ros.ament_cmake' and name 'dxl_nano'
[2.059s] Level 1:colcon.colcon_core.package_discovery:discover_packages(recursive) using defaults
[2.059s] Level 1:colcon.colcon_core.package_discovery:discover_packages(ignore) discover
[2.059s] Level 1:colcon.colcon_core.package_discovery:discover_packages(ignore) using defaults
[2.059s] Level 1:colcon.colcon_core.package_discovery:discover_packages(path) discover
[2.059s] Level 1:colcon.colcon_core.package_discovery:discover_packages(path) using defaults
[2.138s] INFO:colcon.colcon_core.package_selection:Skipping not selected package 'camera_ros2' in 'src/camera_ros2'
[2.138s] INFO:colcon.colcon_core.package_selection:Skipping not selected package 'camera_ros2-1' in 'src/camera_ros2-1'
[2.138s] INFO:colcon.colcon_core.package_selection:Skipping not selected package 'camera_ros2-2' in 'src/camera_ros2-2'
[2.138s] INFO:colcon.colcon_core.package_selection:Skipping not selected package 'dxl' in 'src/dxl'
[2.139s] INFO:colcon.colcon_core.package_selection:Skipping not selected package 'dxl2' in 'src/dxl2'
[2.139s] INFO:colcon.colcon_core.package_selection:Skipping not selected package 'dxl_nano' in 'src/dxl_nano'
[2.140s] Level 1:colcon.colcon_core.package_discovery:discover_packages(prefix_path) check parameters
[2.140s] Level 1:colcon.colcon_core.package_discovery:discover_packages(prefix_path) discover
[2.149s] DEBUG:colcon.colcon_installed_package_information.package_discovery:Found 7 installed packages in /home/jetson/ros2_ws/install
[2.156s] DEBUG:colcon.colcon_installed_package_information.package_discovery:Found 258 installed packages in /opt/ros/foxy
[2.164s] Level 1:colcon.colcon_core.package_discovery:discover_packages(prefix_path) using defaults
[2.451s] Level 5:colcon.colcon_core.verb:set package 'dxl3' build argument 'cmake_args' from command line to 'None'
[2.451s] Level 5:colcon.colcon_core.verb:set package 'dxl3' build argument 'cmake_target' from command line to 'None'
[2.451s] Level 5:colcon.colcon_core.verb:set package 'dxl3' build argument 'cmake_target_skip_unavailable' from command line to 'False'
[2.451s] Level 5:colcon.colcon_core.verb:set package 'dxl3' build argument 'cmake_clean_cache' from command line to 'False'
[2.451s] Level 5:colcon.colcon_core.verb:set package 'dxl3' build argument 'cmake_clean_first' from command line to 'False'
[2.452s] Level 5:colcon.colcon_core.verb:set package 'dxl3' build argument 'cmake_force_configure' from command line to 'False'
[2.452s] Level 5:colcon.colcon_core.verb:set package 'dxl3' build argument 'ament_cmake_args' from command line to 'None'
[2.452s] Level 5:colcon.colcon_core.verb:set package 'dxl3' build argument 'catkin_cmake_args' from command line to 'None'
[2.452s] Level 5:colcon.colcon_core.verb:set package 'dxl3' build argument 'catkin_skip_building_tests' from command line to 'False'
[2.452s] DEBUG:colcon.colcon_core.verb:Building package 'dxl3' with the following arguments: {'ament_cmake_args': None, 'build_base': '/home/jetson/ros2_ws/build/dxl3', 'catkin_cmake_args': None, 'catkin_skip_building_tests': False, 'cmake_args': None, 'cmake_clean_cache': False, 'cmake_clean_first': False, 'cmake_force_configure': False, 'cmake_target': None, 'cmake_target_skip_unavailable': False, 'install_base': '/home/jetson/ros2_ws/install/dxl3', 'merge_install': False, 'path': '/home/jetson/ros2_ws/src/dxl3', 'symlink_install': True, 'test_result_base': None}
[2.453s] INFO:colcon.colcon_core.executor:Executing jobs using 'parallel' executor
[2.456s] DEBUG:colcon.colcon_parallel_executor.executor.parallel:run_until_complete
[2.457s] INFO:colcon.colcon_ros.task.ament_cmake.build:Building ROS package in '/home/jetson/ros2_ws/src/dxl3' with build type 'ament_cmake'
[2.457s] INFO:colcon.colcon_cmake.task.cmake.build:Building CMake package in '/home/jetson/ros2_ws/src/dxl3'
[2.466s] INFO:colcon.colcon_core.plugin_system:Skipping extension 'colcon_core.shell.bat': Not used on non-Windows systems
[2.467s] INFO:colcon.colcon_core.shell:Skip shell extension 'powershell' for command environment: Not usable outside of PowerShell
[2.467s] DEBUG:colcon.colcon_core.shell:Skip shell extension 'dsv' for command environment
[2.502s] DEBUG:colcon.colcon_core.event_handler.log_command:Invoking command in '/home/jetson/ros2_ws/build/dxl3': CMAKE_PREFIX_PATH=${CMAKE_PREFIX_PATH}:/opt/ros/foxy /usr/bin/cmake --build /home/jetson/ros2_ws/build/dxl3 -- -j4 -l4
[8.960s] DEBUG:colcon.colcon_core.event_handler.log_command:Invoked command in '/home/jetson/ros2_ws/build/dxl3' returned '0': CMAKE_PREFIX_PATH=${CMAKE_PREFIX_PATH}:/opt/ros/foxy /usr/bin/cmake --build /home/jetson/ros2_ws/build/dxl3 -- -j4 -l4
[9.078s] DEBUG:colcon.colcon_core.event_handler.log_command:Invoking command in '/home/jetson/ros2_ws/build/dxl3': CMAKE_PREFIX_PATH=${CMAKE_PREFIX_PATH}:/opt/ros/foxy /usr/bin/cmake --install /home/jetson/ros2_ws/build/dxl3
[9.160s] Level 1:colcon.colcon_core.environment:create_environment_scripts_only(dxl3)
[9.162s] DEBUG:colcon.colcon_core.event_handler.log_command:Invoked command in '/home/jetson/ros2_ws/build/dxl3' returned '0': CMAKE_PREFIX_PATH=${CMAKE_PREFIX_PATH}:/opt/ros/foxy /usr/bin/cmake --install /home/jetson/ros2_ws/build/dxl3
[9.171s] Level 1:colcon.colcon_core.environment:checking '/home/jetson/ros2_ws/install/dxl3' for CMake module files
[9.173s] Level 1:colcon.colcon_core.environment:checking '/home/jetson/ros2_ws/install/dxl3' for CMake config files
[9.174s] Level 1:colcon.colcon_core.shell:create_environment_hook('dxl3', 'cmake_prefix_path')
[9.175s] INFO:colcon.colcon_core.shell:Creating environment hook '/home/jetson/ros2_ws/install/dxl3/share/dxl3/hook/cmake_prefix_path.ps1'
[9.178s] INFO:colcon.colcon_core.shell:Creating environment descriptor '/home/jetson/ros2_ws/install/dxl3/share/dxl3/hook/cmake_prefix_path.dsv'
[9.179s] INFO:colcon.colcon_core.shell:Creating environment hook '/home/jetson/ros2_ws/install/dxl3/share/dxl3/hook/cmake_prefix_path.sh'
[9.183s] Level 1:colcon.colcon_core.environment:checking '/home/jetson/ros2_ws/install/dxl3/lib'
[9.184s] Level 1:colcon.colcon_core.environment:checking '/home/jetson/ros2_ws/install/dxl3/bin'
[9.184s] Level 1:colcon.colcon_core.environment:checking '/home/jetson/ros2_ws/install/dxl3/lib/pkgconfig/dxl3.pc'
[9.185s] Level 1:colcon.colcon_core.environment:checking '/home/jetson/ros2_ws/install/dxl3/lib/python3.8/site-packages'
[9.186s] Level 1:colcon.colcon_core.environment:checking '/home/jetson/ros2_ws/install/dxl3/bin'
[9.189s] INFO:colcon.colcon_core.shell:Creating package script '/home/jetson/ros2_ws/install/dxl3/share/dxl3/package.ps1'
[9.192s] INFO:colcon.colcon_core.shell:Creating package descriptor '/home/jetson/ros2_ws/install/dxl3/share/dxl3/package.dsv'
[9.194s] INFO:colcon.colcon_core.shell:Creating package script '/home/jetson/ros2_ws/install/dxl3/share/dxl3/package.sh'
[9.197s] INFO:colcon.colcon_core.shell:Creating package script '/home/jetson/ros2_ws/install/dxl3/share/dxl3/package.bash'
[9.200s] INFO:colcon.colcon_core.shell:Creating package script '/home/jetson/ros2_ws/install/dxl3/share/dxl3/package.zsh'
[9.203s] Level 1:colcon.colcon_core.environment:create_file_with_runtime_dependencies(/home/jetson/ros2_ws/install/dxl3/share/colcon-core/packages/dxl3)
[9.283s] Level 1:colcon.colcon_core.environment:create_environment_scripts_only(dxl3)
[9.285s] Level 1:colcon.colcon_core.environment:checking '/home/jetson/ros2_ws/install/dxl3' for CMake module files
[9.288s] Level 1:colcon.colcon_core.environment:checking '/home/jetson/ros2_ws/install/dxl3' for CMake config files
[9.288s] Level 1:colcon.colcon_core.shell:create_environment_hook('dxl3', 'cmake_prefix_path')
[9.289s] INFO:colcon.colcon_core.shell:Creating environment hook '/home/jetson/ros2_ws/install/dxl3/share/dxl3/hook/cmake_prefix_path.ps1'
[9.291s] INFO:colcon.colcon_core.shell:Creating environment descriptor '/home/jetson/ros2_ws/install/dxl3/share/dxl3/hook/cmake_prefix_path.dsv'
[9.292s] INFO:colcon.colcon_core.shell:Creating environment hook '/home/jetson/ros2_ws/install/dxl3/share/dxl3/hook/cmake_prefix_path.sh'
[9.294s] Level 1:colcon.colcon_core.environment:checking '/home/jetson/ros2_ws/install/dxl3/lib'
[9.295s] Level 1:colcon.colcon_core.environment:checking '/home/jetson/ros2_ws/install/dxl3/bin'
[9.295s] Level 1:colcon.colcon_core.environment:checking '/home/jetson/ros2_ws/install/dxl3/lib/pkgconfig/dxl3.pc'
[9.296s] Level 1:colcon.colcon_core.environment:checking '/home/jetson/ros2_ws/install/dxl3/lib/python3.8/site-packages'
[9.297s] Level 1:colcon.colcon_core.environment:checking '/home/jetson/ros2_ws/install/dxl3/bin'
[9.298s] INFO:colcon.colcon_core.shell:Creating package script '/home/jetson/ros2_ws/install/dxl3/share/dxl3/package.ps1'
[9.300s] INFO:colcon.colcon_core.shell:Creating package descriptor '/home/jetson/ros2_ws/install/dxl3/share/dxl3/package.dsv'
[9.302s] INFO:colcon.colcon_core.shell:Creating package script '/home/jetson/ros2_ws/install/dxl3/share/dxl3/package.sh'
[9.303s] INFO:colcon.colcon_core.shell:Creating package script '/home/jetson/ros2_ws/install/dxl3/share/dxl3/package.bash'
[9.305s] INFO:colcon.colcon_core.shell:Creating package script '/home/jetson/ros2_ws/install/dxl3/share/dxl3/package.zsh'
[9.306s] Level 1:colcon.colcon_core.environment:create_file_with_runtime_dependencies(/home/jetson/ros2_ws/install/dxl3/share/colcon-core/packages/dxl3)
[9.307s] DEBUG:colcon.colcon_parallel_executor.executor.parallel:closing loop
[9.308s] DEBUG:colcon.colcon_parallel_executor.executor.parallel:loop closed
[9.309s] DEBUG:colcon.colcon_parallel_executor.executor.parallel:run_until_complete finished with '0'
[9.309s] DEBUG:colcon.colcon_core.event_reactor:joining thread
[9.330s] INFO:colcon.colcon_core.plugin_system:Skipping extension 'colcon_notification.desktop_notification.terminal_notifier': Not used on non-Darwin systems
[9.331s] INFO:colcon.colcon_core.plugin_system:Skipping extension 'colcon_notification.desktop_notification.win32': Not used on non-Windows systems
[9.331s] INFO:colcon.colcon_notification.desktop_notification:Sending desktop notification using 'notify2'
[9.368s] DEBUG:colcon.colcon_core.event_reactor:joined thread
[9.369s] INFO:colcon.colcon_core.shell:Creating prefix script '/home/jetson/ros2_ws/install/local_setup.ps1'
[9.373s] INFO:colcon.colcon_core.shell:Creating prefix util module '/home/jetson/ros2_ws/install/_local_setup_util_ps1.py'
[9.378s] INFO:colcon.colcon_core.shell:Creating prefix chain script '/home/jetson/ros2_ws/install/setup.ps1'
[9.383s] INFO:colcon.colcon_core.shell:Creating prefix script '/home/jetson/ros2_ws/install/local_setup.sh'
[9.385s] INFO:colcon.colcon_core.shell:Creating prefix util module '/home/jetson/ros2_ws/install/_local_setup_util_sh.py'
[9.387s] INFO:colcon.colcon_core.shell:Creating prefix chain script '/home/jetson/ros2_ws/install/setup.sh'
[9.392s] INFO:colcon.colcon_core.shell:Creating prefix script '/home/jetson/ros2_ws/install/local_setup.bash'
[9.394s] INFO:colcon.colcon_core.shell:Creating prefix chain script '/home/jetson/ros2_ws/install/setup.bash'
[9.399s] INFO:colcon.colcon_core.shell:Creating prefix script '/home/jetson/ros2_ws/install/local_setup.zsh'
[9.401s] INFO:colcon.colcon_core.shell:Creating prefix chain script '/home/jetson/ros2_ws/install/setup.zsh'
