[0.044s] Invoking command in '/home/jetson/ros2_ws/build/camera_ros2': CMAKE_PREFIX_PATH=${CMAKE_PREFIX_PATH}:/opt/ros/foxy /usr/bin/cmake --build /home/jetson/ros2_ws/build/camera_ros2 -- -j4 -l4
[0.206s] [35m[1mScanning dependencies of target pub[0m
[0.302s] [ 50%] Built target sub
[0.340s] [ 75%] [32mBuilding CXX object CMakeFiles/pub.dir/src/pub.cpp.o[0m
[15.507s] [100%] [32m[1mLinking CXX executable pub[0m
[17.543s] /usr/bin/ld: warning: libopencv_core.so.4.2, needed by /opt/ros/foxy/lib/libcv_bridge.so, may conflict with libopencv_core.so.408
[17.576s] [100%] Built target pub
[17.613s] Invoked command in '/home/jetson/ros2_ws/build/camera_ros2' returned '0': CMAKE_PREFIX_PATH=${CMAKE_PREFIX_PATH}:/opt/ros/foxy /usr/bin/cmake --build /home/jetson/ros2_ws/build/camera_ros2 -- -j4 -l4
[17.738s] Invoking command in '/home/jetson/ros2_ws/build/camera_ros2': CMAKE_PREFIX_PATH=${CMAKE_PREFIX_PATH}:/opt/ros/foxy /usr/bin/cmake --install /home/jetson/ros2_ws/build/camera_ros2
[17.764s] -- Install configuration: ""
[17.767s] -- Execute custom install script
[17.769s] -- Up-to-date symlink: /home/jetson/ros2_ws/install/camera_ros2/lib/camera_ros2/pub
[17.770s] -- Up-to-date symlink: /home/jetson/ros2_ws/install/camera_ros2/lib/camera_ros2/sub
[17.772s] -- Up-to-date symlink: /home/jetson/ros2_ws/install/camera_ros2/share/ament_index/resource_index/package_run_dependencies/camera_ros2
[17.774s] -- Up-to-date symlink: /home/jetson/ros2_ws/install/camera_ros2/share/ament_index/resource_index/parent_prefix_path/camera_ros2
[17.775s] -- Up-to-date symlink: /home/jetson/ros2_ws/install/camera_ros2/share/camera_ros2/environment/ament_prefix_path.sh
[17.776s] -- Up-to-date symlink: /home/jetson/ros2_ws/install/camera_ros2/share/camera_ros2/environment/ament_prefix_path.dsv
[17.777s] -- Up-to-date symlink: /home/jetson/ros2_ws/install/camera_ros2/share/camera_ros2/environment/path.sh
[17.779s] -- Up-to-date symlink: /home/jetson/ros2_ws/install/camera_ros2/share/camera_ros2/environment/path.dsv
[17.780s] -- Up-to-date symlink: /home/jetson/ros2_ws/install/camera_ros2/share/camera_ros2/local_setup.bash
[17.781s] -- Up-to-date symlink: /home/jetson/ros2_ws/install/camera_ros2/share/camera_ros2/local_setup.sh
[17.783s] -- Up-to-date symlink: /home/jetson/ros2_ws/install/camera_ros2/share/camera_ros2/local_setup.zsh
[17.783s] -- Up-to-date symlink: /home/jetson/ros2_ws/install/camera_ros2/share/camera_ros2/local_setup.dsv
[17.784s] -- Symlinking: /home/jetson/ros2_ws/install/camera_ros2/share/camera_ros2/package.dsv
[17.817s] -- Up-to-date symlink: /home/jetson/ros2_ws/install/camera_ros2/share/ament_index/resource_index/packages/camera_ros2
[17.818s] -- Up-to-date symlink: /home/jetson/ros2_ws/install/camera_ros2/share/camera_ros2/cmake/camera_ros2Config.cmake
[17.819s] -- Up-to-date symlink: /home/jetson/ros2_ws/install/camera_ros2/share/camera_ros2/cmake/camera_ros2Config-version.cmake
[17.820s] -- Up-to-date symlink: /home/jetson/ros2_ws/install/camera_ros2/share/camera_ros2/package.xml
[17.826s] Invoked command in '/home/jetson/ros2_ws/build/camera_ros2' returned '0': CMAKE_PREFIX_PATH=${CMAKE_PREFIX_PATH}:/opt/ros/foxy /usr/bin/cmake --install /home/jetson/ros2_ws/build/camera_ros2
