[0.976s] DEBUG:colcon:Command line arguments: ['/usr/bin/colcon', 'build', '--symlink-install', '--packages-select', 'dxl3']
[0.977s] DEBUG:colcon:Parsed command line arguments: Namespace(allow_overriding=[], ament_cmake_args=None, base_paths=['.'], build_base='build', catkin_cmake_args=None, catkin_skip_building_tests=False, cmake_args=None, cmake_clean_cache=False, cmake_clean_first=False, cmake_force_configure=False, cmake_target=None, cmake_target_skip_unavailable=False, continue_on_error=False, event_handlers=None, executor='parallel', ignore_user_meta=False, install_base='install', log_base=None, log_level=None, main=<bound method BuildVerb.main of <colcon_core.verb.build.BuildVerb object at 0x7f76963940>>, merge_install=False, metas=['./colcon.meta'], packages_above=None, packages_above_and_dependencies=None, packages_above_depth=None, packages_end=None, packages_ignore=None, packages_ignore_regex=None, packages_select=['dxl3'], packages_select_build_failed=False, packages_select_by_dep=None, packages_select_regex=None, packages_select_test_failures=False, packages_skip=None, packages_skip_build_finished=False, packages_skip_by_dep=None, packages_skip_regex=None, packages_skip_test_passed=False, packages_skip_up_to=None, packages_start=None, packages_up_to=None, packages_up_to_regex=None, parallel_workers=4, paths=None, symlink_install=True, test_result_base=None, verb_extension=<colcon_core.verb.build.BuildVerb object at 0x7f76963940>, verb_name='build', verb_parser=<colcon_defaults.argument_parser.defaults.DefaultArgumentsDecorator object at 0x7f7684e910>)
[2.007s] Level 1:colcon.colcon_core.package_discovery:discover_packages(colcon_meta) check parameters
[2.008s] Level 1:colcon.colcon_core.package_discovery:discover_packages(recursive) check parameters
[2.008s] Level 1:colcon.colcon_core.package_discovery:discover_packages(ignore) check parameters
[2.008s] Level 1:colcon.colcon_core.package_discovery:discover_packages(path) check parameters
[2.009s] Level 1:colcon.colcon_core.package_discovery:discover_packages(colcon_meta) discover
[2.009s] Level 1:colcon.colcon_core.package_discovery:discover_packages(recursive) discover
[2.009s] INFO:colcon.colcon_core.package_discovery:Crawling recursively for packages in '/home/jetson/ros2_ws'
[2.009s] Level 1:colcon.colcon_core.package_identification:_identify(.) by extensions ['ignore', 'ignore_ament_install']
[2.010s] Level 1:colcon.colcon_core.package_identification:_identify(.) by extension 'ignore'
[2.010s] Level 1:colcon.colcon_core.package_identification:_identify(.) by extension 'ignore_ament_install'
[2.011s] Level 1:colcon.colcon_core.package_identification:_identify(.) by extensions ['colcon_pkg']
[2.011s] Level 1:colcon.colcon_core.package_identification:_identify(.) by extension 'colcon_pkg'
[2.011s] Level 1:colcon.colcon_core.package_identification:_identify(.) by extensions ['colcon_meta']
[2.011s] Level 1:colcon.colcon_core.package_identification:_identify(.) by extension 'colcon_meta'
[2.011s] Level 1:colcon.colcon_core.package_identification:_identify(.) by extensions ['ros']
[2.011s] Level 1:colcon.colcon_core.package_identification:_identify(.) by extension 'ros'
[2.097s] Level 1:colcon.colcon_core.package_identification:_identify(.) by extensions ['cmake', 'python']
[2.098s] Level 1:colcon.colcon_core.package_identification:_identify(.) by extension 'cmake'
[2.098s] Level 1:colcon.colcon_core.package_identification:_identify(.) by extension 'python'
[2.098s] Level 1:colcon.colcon_core.package_identification:_identify(.) by extensions ['python_setup_py']
[2.098s] Level 1:colcon.colcon_core.package_identification:_identify(.) by extension 'python_setup_py'
[2.099s] Level 1:colcon.colcon_core.package_identification:_identify(build) by extensions ['ignore', 'ignore_ament_install']
[2.099s] Level 1:colcon.colcon_core.package_identification:_identify(build) by extension 'ignore'
[2.100s] Level 1:colcon.colcon_core.package_identification:_identify(build) ignored
[2.100s] Level 1:colcon.colcon_core.package_identification:_identify(install) by extensions ['ignore', 'ignore_ament_install']
[2.101s] Level 1:colcon.colcon_core.package_identification:_identify(install) by extension 'ignore'
[2.101s] Level 1:colcon.colcon_core.package_identification:_identify(install) ignored
[2.101s] Level 1:colcon.colcon_core.package_identification:_identify(log) by extensions ['ignore', 'ignore_ament_install']
[2.102s] Level 1:colcon.colcon_core.package_identification:_identify(log) by extension 'ignore'
[2.102s] Level 1:colcon.colcon_core.package_identification:_identify(log) ignored
[2.102s] Level 1:colcon.colcon_core.package_identification:_identify(src) by extensions ['ignore', 'ignore_ament_install']
[2.103s] Level 1:colcon.colcon_core.package_identification:_identify(src) by extension 'ignore'
[2.103s] Level 1:colcon.colcon_core.package_identification:_identify(src) by extension 'ignore_ament_install'
[2.103s] Level 1:colcon.colcon_core.package_identification:_identify(src) by extensions ['colcon_pkg']
[2.104s] Level 1:colcon.colcon_core.package_identification:_identify(src) by extension 'colcon_pkg'
[2.104s] Level 1:colcon.colcon_core.package_identification:_identify(src) by extensions ['colcon_meta']
[2.104s] Level 1:colcon.colcon_core.package_identification:_identify(src) by extension 'colcon_meta'
[2.104s] Level 1:colcon.colcon_core.package_identification:_identify(src) by extensions ['ros']
[2.104s] Level 1:colcon.colcon_core.package_identification:_identify(src) by extension 'ros'
[2.105s] Level 1:colcon.colcon_core.package_identification:_identify(src) by extensions ['cmake', 'python']
[2.105s] Level 1:colcon.colcon_core.package_identification:_identify(src) by extension 'cmake'
[2.105s] Level 1:colcon.colcon_core.package_identification:_identify(src) by extension 'python'
[2.105s] Level 1:colcon.colcon_core.package_identification:_identify(src) by extensions ['python_setup_py']
[2.105s] Level 1:colcon.colcon_core.package_identification:_identify(src) by extension 'python_setup_py'
[2.106s] Level 1:colcon.colcon_core.package_identification:_identify(src/camera_ros2) by extensions ['ignore', 'ignore_ament_install']
[2.106s] Level 1:colcon.colcon_core.package_identification:_identify(src/camera_ros2) by extension 'ignore'
[2.106s] Level 1:colcon.colcon_core.package_identification:_identify(src/camera_ros2) by extension 'ignore_ament_install'
[2.107s] Level 1:colcon.colcon_core.package_identification:_identify(src/camera_ros2) by extensions ['colcon_pkg']
[2.107s] Level 1:colcon.colcon_core.package_identification:_identify(src/camera_ros2) by extension 'colcon_pkg'
[2.107s] Level 1:colcon.colcon_core.package_identification:_identify(src/camera_ros2) by extensions ['colcon_meta']
[2.107s] Level 1:colcon.colcon_core.package_identification:_identify(src/camera_ros2) by extension 'colcon_meta'
[2.108s] Level 1:colcon.colcon_core.package_identification:_identify(src/camera_ros2) by extensions ['ros']
[2.108s] Level 1:colcon.colcon_core.package_identification:_identify(src/camera_ros2) by extension 'ros'
[2.118s] DEBUG:colcon.colcon_core.package_identification:Package 'src/camera_ros2' with type 'ros.ament_cmake' and name 'camera_ros2'
[2.118s] Level 1:colcon.colcon_core.package_identification:_identify(src/camera_ros2-1) by extensions ['ignore', 'ignore_ament_install']
[2.119s] Level 1:colcon.colcon_core.package_identification:_identify(src/camera_ros2-1) by extension 'ignore'
[2.119s] Level 1:colcon.colcon_core.package_identification:_identify(src/camera_ros2-1) by extension 'ignore_ament_install'
[2.119s] Level 1:colcon.colcon_core.package_identification:_identify(src/camera_ros2-1) by extensions ['colcon_pkg']
[2.120s] Level 1:colcon.colcon_core.package_identification:_identify(src/camera_ros2-1) by extension 'colcon_pkg'
[2.120s] Level 1:colcon.colcon_core.package_identification:_identify(src/camera_ros2-1) by extensions ['colcon_meta']
[2.120s] Level 1:colcon.colcon_core.package_identification:_identify(src/camera_ros2-1) by extension 'colcon_meta'
[2.120s] Level 1:colcon.colcon_core.package_identification:_identify(src/camera_ros2-1) by extensions ['ros']
[2.120s] Level 1:colcon.colcon_core.package_identification:_identify(src/camera_ros2-1) by extension 'ros'
[2.124s] DEBUG:colcon.colcon_core.package_identification:Package 'src/camera_ros2-1' with type 'ros.ament_cmake' and name 'camera_ros2-1'
[2.125s] Level 1:colcon.colcon_core.package_identification:_identify(src/camera_ros2-2) by extensions ['ignore', 'ignore_ament_install']
[2.125s] Level 1:colcon.colcon_core.package_identification:_identify(src/camera_ros2-2) by extension 'ignore'
[2.126s] Level 1:colcon.colcon_core.package_identification:_identify(src/camera_ros2-2) by extension 'ignore_ament_install'
[2.126s] Level 1:colcon.colcon_core.package_identification:_identify(src/camera_ros2-2) by extensions ['colcon_pkg']
[2.126s] Level 1:colcon.colcon_core.package_identification:_identify(src/camera_ros2-2) by extension 'colcon_pkg'
[2.126s] Level 1:colcon.colcon_core.package_identification:_identify(src/camera_ros2-2) by extensions ['colcon_meta']
[2.126s] Level 1:colcon.colcon_core.package_identification:_identify(src/camera_ros2-2) by extension 'colcon_meta'
[2.127s] Level 1:colcon.colcon_core.package_identification:_identify(src/camera_ros2-2) by extensions ['ros']
[2.127s] Level 1:colcon.colcon_core.package_identification:_identify(src/camera_ros2-2) by extension 'ros'
[2.130s] DEBUG:colcon.colcon_core.package_identification:Package 'src/camera_ros2-2' with type 'ros.ament_cmake' and name 'camera_ros2-2'
[2.131s] Level 1:colcon.colcon_core.package_identification:_identify(src/dxl) by extensions ['ignore', 'ignore_ament_install']
[2.131s] Level 1:colcon.colcon_core.package_identification:_identify(src/dxl) by extension 'ignore'
[2.132s] Level 1:colcon.colcon_core.package_identification:_identify(src/dxl) by extension 'ignore_ament_install'
[2.132s] Level 1:colcon.colcon_core.package_identification:_identify(src/dxl) by extensions ['colcon_pkg']
[2.132s] Level 1:colcon.colcon_core.package_identification:_identify(src/dxl) by extension 'colcon_pkg'
[2.132s] Level 1:colcon.colcon_core.package_identification:_identify(src/dxl) by extensions ['colcon_meta']
[2.132s] Level 1:colcon.colcon_core.package_identification:_identify(src/dxl) by extension 'colcon_meta'
[2.133s] Level 1:colcon.colcon_core.package_identification:_identify(src/dxl) by extensions ['ros']
[2.133s] Level 1:colcon.colcon_core.package_identification:_identify(src/dxl) by extension 'ros'
[2.135s] DEBUG:colcon.colcon_core.package_identification:Package 'src/dxl' with type 'ros.ament_cmake' and name 'dxl'
[2.136s] Level 1:colcon.colcon_core.package_identification:_identify(src/dxl2) by extensions ['ignore', 'ignore_ament_install']
[2.136s] Level 1:colcon.colcon_core.package_identification:_identify(src/dxl2) by extension 'ignore'
[2.137s] Level 1:colcon.colcon_core.package_identification:_identify(src/dxl2) by extension 'ignore_ament_install'
[2.137s] Level 1:colcon.colcon_core.package_identification:_identify(src/dxl2) by extensions ['colcon_pkg']
[2.137s] Level 1:colcon.colcon_core.package_identification:_identify(src/dxl2) by extension 'colcon_pkg'
[2.137s] Level 1:colcon.colcon_core.package_identification:_identify(src/dxl2) by extensions ['colcon_meta']
[2.137s] Level 1:colcon.colcon_core.package_identification:_identify(src/dxl2) by extension 'colcon_meta'
[2.138s] Level 1:colcon.colcon_core.package_identification:_identify(src/dxl2) by extensions ['ros']
[2.138s] Level 1:colcon.colcon_core.package_identification:_identify(src/dxl2) by extension 'ros'
[2.141s] DEBUG:colcon.colcon_core.package_identification:Package 'src/dxl2' with type 'ros.ament_cmake' and name 'dxl2'
[2.141s] Level 1:colcon.colcon_core.package_identification:_identify(src/dxl3) by extensions ['ignore', 'ignore_ament_install']
[2.142s] Level 1:colcon.colcon_core.package_identification:_identify(src/dxl3) by extension 'ignore'
[2.142s] Level 1:colcon.colcon_core.package_identification:_identify(src/dxl3) by extension 'ignore_ament_install'
[2.142s] Level 1:colcon.colcon_core.package_identification:_identify(src/dxl3) by extensions ['colcon_pkg']
[2.142s] Level 1:colcon.colcon_core.package_identification:_identify(src/dxl3) by extension 'colcon_pkg'
[2.143s] Level 1:colcon.colcon_core.package_identification:_identify(src/dxl3) by extensions ['colcon_meta']
[2.143s] Level 1:colcon.colcon_core.package_identification:_identify(src/dxl3) by extension 'colcon_meta'
[2.143s] Level 1:colcon.colcon_core.package_identification:_identify(src/dxl3) by extensions ['ros']
[2.143s] Level 1:colcon.colcon_core.package_identification:_identify(src/dxl3) by extension 'ros'
[2.146s] DEBUG:colcon.colcon_core.package_identification:Package 'src/dxl3' with type 'ros.ament_cmake' and name 'dxl3'
[2.146s] Level 1:colcon.colcon_core.package_identification:_identify(src/dxl_nano) by extensions ['ignore', 'ignore_ament_install']
[2.147s] Level 1:colcon.colcon_core.package_identification:_identify(src/dxl_nano) by extension 'ignore'
[2.147s] Level 1:colcon.colcon_core.package_identification:_identify(src/dxl_nano) by extension 'ignore_ament_install'
[2.147s] Level 1:colcon.colcon_core.package_identification:_identify(src/dxl_nano) by extensions ['colcon_pkg']
[2.148s] Level 1:colcon.colcon_core.package_identification:_identify(src/dxl_nano) by extension 'colcon_pkg'
[2.148s] Level 1:colcon.colcon_core.package_identification:_identify(src/dxl_nano) by extensions ['colcon_meta']
[2.148s] Level 1:colcon.colcon_core.package_identification:_identify(src/dxl_nano) by extension 'colcon_meta'
[2.148s] Level 1:colcon.colcon_core.package_identification:_identify(src/dxl_nano) by extensions ['ros']
[2.149s] Level 1:colcon.colcon_core.package_identification:_identify(src/dxl_nano) by extension 'ros'
[2.152s] DEBUG:colcon.colcon_core.package_identification:Package 'src/dxl_nano' with type 'ros.ament_cmake' and name 'dxl_nano'
[2.152s] Level 1:colcon.colcon_core.package_discovery:discover_packages(recursive) using defaults
[2.152s] Level 1:colcon.colcon_core.package_discovery:discover_packages(ignore) discover
[2.152s] Level 1:colcon.colcon_core.package_discovery:discover_packages(ignore) using defaults
[2.152s] Level 1:colcon.colcon_core.package_discovery:discover_packages(path) discover
[2.153s] Level 1:colcon.colcon_core.package_discovery:discover_packages(path) using defaults
[2.239s] INFO:colcon.colcon_core.package_selection:Skipping not selected package 'camera_ros2' in 'src/camera_ros2'
[2.240s] INFO:colcon.colcon_core.package_selection:Skipping not selected package 'camera_ros2-1' in 'src/camera_ros2-1'
[2.240s] INFO:colcon.colcon_core.package_selection:Skipping not selected package 'camera_ros2-2' in 'src/camera_ros2-2'
[2.240s] INFO:colcon.colcon_core.package_selection:Skipping not selected package 'dxl' in 'src/dxl'
[2.240s] INFO:colcon.colcon_core.package_selection:Skipping not selected package 'dxl2' in 'src/dxl2'
[2.240s] INFO:colcon.colcon_core.package_selection:Skipping not selected package 'dxl_nano' in 'src/dxl_nano'
[2.242s] Level 1:colcon.colcon_core.package_discovery:discover_packages(prefix_path) check parameters
[2.242s] Level 1:colcon.colcon_core.package_discovery:discover_packages(prefix_path) discover
[2.252s] DEBUG:colcon.colcon_installed_package_information.package_discovery:Found 7 installed packages in /home/jetson/ros2_ws/install
[2.259s] DEBUG:colcon.colcon_installed_package_information.package_discovery:Found 258 installed packages in /opt/ros/foxy
[2.268s] Level 1:colcon.colcon_core.package_discovery:discover_packages(prefix_path) using defaults
[2.592s] Level 5:colcon.colcon_core.verb:set package 'dxl3' build argument 'cmake_args' from command line to 'None'
[2.592s] Level 5:colcon.colcon_core.verb:set package 'dxl3' build argument 'cmake_target' from command line to 'None'
[2.592s] Level 5:colcon.colcon_core.verb:set package 'dxl3' build argument 'cmake_target_skip_unavailable' from command line to 'False'
[2.592s] Level 5:colcon.colcon_core.verb:set package 'dxl3' build argument 'cmake_clean_cache' from command line to 'False'
[2.593s] Level 5:colcon.colcon_core.verb:set package 'dxl3' build argument 'cmake_clean_first' from command line to 'False'
[2.593s] Level 5:colcon.colcon_core.verb:set package 'dxl3' build argument 'cmake_force_configure' from command line to 'False'
[2.593s] Level 5:colcon.colcon_core.verb:set package 'dxl3' build argument 'ament_cmake_args' from command line to 'None'
[2.593s] Level 5:colcon.colcon_core.verb:set package 'dxl3' build argument 'catkin_cmake_args' from command line to 'None'
[2.593s] Level 5:colcon.colcon_core.verb:set package 'dxl3' build argument 'catkin_skip_building_tests' from command line to 'False'
[2.593s] DEBUG:colcon.colcon_core.verb:Building package 'dxl3' with the following arguments: {'ament_cmake_args': None, 'build_base': '/home/jetson/ros2_ws/build/dxl3', 'catkin_cmake_args': None, 'catkin_skip_building_tests': False, 'cmake_args': None, 'cmake_clean_cache': False, 'cmake_clean_first': False, 'cmake_force_configure': False, 'cmake_target': None, 'cmake_target_skip_unavailable': False, 'install_base': '/home/jetson/ros2_ws/install/dxl3', 'merge_install': False, 'path': '/home/jetson/ros2_ws/src/dxl3', 'symlink_install': True, 'test_result_base': None}
[2.594s] INFO:colcon.colcon_core.executor:Executing jobs using 'parallel' executor
[2.598s] DEBUG:colcon.colcon_parallel_executor.executor.parallel:run_until_complete
[2.599s] INFO:colcon.colcon_ros.task.ament_cmake.build:Building ROS package in '/home/jetson/ros2_ws/src/dxl3' with build type 'ament_cmake'
[2.600s] INFO:colcon.colcon_cmake.task.cmake.build:Building CMake package in '/home/jetson/ros2_ws/src/dxl3'
[2.609s] INFO:colcon.colcon_core.plugin_system:Skipping extension 'colcon_core.shell.bat': Not used on non-Windows systems
[2.609s] INFO:colcon.colcon_core.shell:Skip shell extension 'powershell' for command environment: Not usable outside of PowerShell
[2.610s] DEBUG:colcon.colcon_core.shell:Skip shell extension 'dsv' for command environment
[2.649s] DEBUG:colcon.colcon_core.event_handler.log_command:Invoking command in '/home/jetson/ros2_ws/build/dxl3': CMAKE_PREFIX_PATH=${CMAKE_PREFIX_PATH}:/opt/ros/foxy /usr/bin/cmake --build /home/jetson/ros2_ws/build/dxl3 -- -j4 -l4
[9.276s] DEBUG:colcon.colcon_core.event_handler.log_command:Invoked command in '/home/jetson/ros2_ws/build/dxl3' returned '0': CMAKE_PREFIX_PATH=${CMAKE_PREFIX_PATH}:/opt/ros/foxy /usr/bin/cmake --build /home/jetson/ros2_ws/build/dxl3 -- -j4 -l4
[9.397s] DEBUG:colcon.colcon_core.event_handler.log_command:Invoking command in '/home/jetson/ros2_ws/build/dxl3': CMAKE_PREFIX_PATH=${CMAKE_PREFIX_PATH}:/opt/ros/foxy /usr/bin/cmake --install /home/jetson/ros2_ws/build/dxl3
[9.910s] Level 1:colcon.colcon_core.environment:create_environment_scripts_only(dxl3)
[9.912s] DEBUG:colcon.colcon_core.event_handler.log_command:Invoked command in '/home/jetson/ros2_ws/build/dxl3' returned '0': CMAKE_PREFIX_PATH=${CMAKE_PREFIX_PATH}:/opt/ros/foxy /usr/bin/cmake --install /home/jetson/ros2_ws/build/dxl3
[9.921s] Level 1:colcon.colcon_core.environment:checking '/home/jetson/ros2_ws/install/dxl3' for CMake module files
[9.924s] Level 1:colcon.colcon_core.environment:checking '/home/jetson/ros2_ws/install/dxl3' for CMake config files
[9.925s] Level 1:colcon.colcon_core.shell:create_environment_hook('dxl3', 'cmake_prefix_path')
[9.926s] INFO:colcon.colcon_core.shell:Creating environment hook '/home/jetson/ros2_ws/install/dxl3/share/dxl3/hook/cmake_prefix_path.ps1'
[9.929s] INFO:colcon.colcon_core.shell:Creating environment descriptor '/home/jetson/ros2_ws/install/dxl3/share/dxl3/hook/cmake_prefix_path.dsv'
[9.931s] INFO:colcon.colcon_core.shell:Creating environment hook '/home/jetson/ros2_ws/install/dxl3/share/dxl3/hook/cmake_prefix_path.sh'
[9.935s] Level 1:colcon.colcon_core.environment:checking '/home/jetson/ros2_ws/install/dxl3/lib'
[9.936s] Level 1:colcon.colcon_core.environment:checking '/home/jetson/ros2_ws/install/dxl3/bin'
[9.936s] Level 1:colcon.colcon_core.environment:checking '/home/jetson/ros2_ws/install/dxl3/lib/pkgconfig/dxl3.pc'
[9.937s] Level 1:colcon.colcon_core.environment:checking '/home/jetson/ros2_ws/install/dxl3/lib/python3.8/site-packages'
[9.938s] Level 1:colcon.colcon_core.environment:checking '/home/jetson/ros2_ws/install/dxl3/bin'
[9.941s] INFO:colcon.colcon_core.shell:Creating package script '/home/jetson/ros2_ws/install/dxl3/share/dxl3/package.ps1'
[9.944s] INFO:colcon.colcon_core.shell:Creating package descriptor '/home/jetson/ros2_ws/install/dxl3/share/dxl3/package.dsv'
[9.946s] INFO:colcon.colcon_core.shell:Creating package script '/home/jetson/ros2_ws/install/dxl3/share/dxl3/package.sh'
[9.950s] INFO:colcon.colcon_core.shell:Creating package script '/home/jetson/ros2_ws/install/dxl3/share/dxl3/package.bash'
[9.953s] INFO:colcon.colcon_core.shell:Creating package script '/home/jetson/ros2_ws/install/dxl3/share/dxl3/package.zsh'
[9.955s] Level 1:colcon.colcon_core.environment:create_file_with_runtime_dependencies(/home/jetson/ros2_ws/install/dxl3/share/colcon-core/packages/dxl3)
[10.035s] Level 1:colcon.colcon_core.environment:create_environment_scripts_only(dxl3)
[10.036s] Level 1:colcon.colcon_core.environment:checking '/home/jetson/ros2_ws/install/dxl3' for CMake module files
[10.039s] Level 1:colcon.colcon_core.environment:checking '/home/jetson/ros2_ws/install/dxl3' for CMake config files
[10.040s] Level 1:colcon.colcon_core.shell:create_environment_hook('dxl3', 'cmake_prefix_path')
[10.041s] INFO:colcon.colcon_core.shell:Creating environment hook '/home/jetson/ros2_ws/install/dxl3/share/dxl3/hook/cmake_prefix_path.ps1'
[10.043s] INFO:colcon.colcon_core.shell:Creating environment descriptor '/home/jetson/ros2_ws/install/dxl3/share/dxl3/hook/cmake_prefix_path.dsv'
[10.044s] INFO:colcon.colcon_core.shell:Creating environment hook '/home/jetson/ros2_ws/install/dxl3/share/dxl3/hook/cmake_prefix_path.sh'
[10.046s] Level 1:colcon.colcon_core.environment:checking '/home/jetson/ros2_ws/install/dxl3/lib'
[10.046s] Level 1:colcon.colcon_core.environment:checking '/home/jetson/ros2_ws/install/dxl3/bin'
[10.046s] Level 1:colcon.colcon_core.environment:checking '/home/jetson/ros2_ws/install/dxl3/lib/pkgconfig/dxl3.pc'
[10.047s] Level 1:colcon.colcon_core.environment:checking '/home/jetson/ros2_ws/install/dxl3/lib/python3.8/site-packages'
[10.048s] Level 1:colcon.colcon_core.environment:checking '/home/jetson/ros2_ws/install/dxl3/bin'
[10.049s] INFO:colcon.colcon_core.shell:Creating package script '/home/jetson/ros2_ws/install/dxl3/share/dxl3/package.ps1'
[10.053s] INFO:colcon.colcon_core.shell:Creating package descriptor '/home/jetson/ros2_ws/install/dxl3/share/dxl3/package.dsv'
[10.055s] INFO:colcon.colcon_core.shell:Creating package script '/home/jetson/ros2_ws/install/dxl3/share/dxl3/package.sh'
[10.057s] INFO:colcon.colcon_core.shell:Creating package script '/home/jetson/ros2_ws/install/dxl3/share/dxl3/package.bash'
[10.059s] INFO:colcon.colcon_core.shell:Creating package script '/home/jetson/ros2_ws/install/dxl3/share/dxl3/package.zsh'
[10.060s] Level 1:colcon.colcon_core.environment:create_file_with_runtime_dependencies(/home/jetson/ros2_ws/install/dxl3/share/colcon-core/packages/dxl3)
[10.061s] DEBUG:colcon.colcon_parallel_executor.executor.parallel:closing loop
[10.063s] DEBUG:colcon.colcon_parallel_executor.executor.parallel:loop closed
[10.063s] DEBUG:colcon.colcon_parallel_executor.executor.parallel:run_until_complete finished with '0'
[10.063s] DEBUG:colcon.colcon_core.event_reactor:joining thread
[10.084s] INFO:colcon.colcon_core.plugin_system:Skipping extension 'colcon_notification.desktop_notification.terminal_notifier': Not used on non-Darwin systems
[10.085s] INFO:colcon.colcon_core.plugin_system:Skipping extension 'colcon_notification.desktop_notification.win32': Not used on non-Windows systems
[10.085s] INFO:colcon.colcon_notification.desktop_notification:Sending desktop notification using 'notify2'
[10.123s] DEBUG:colcon.colcon_core.event_reactor:joined thread
[10.124s] INFO:colcon.colcon_core.shell:Creating prefix script '/home/jetson/ros2_ws/install/local_setup.ps1'
[10.128s] INFO:colcon.colcon_core.shell:Creating prefix util module '/home/jetson/ros2_ws/install/_local_setup_util_ps1.py'
[10.134s] INFO:colcon.colcon_core.shell:Creating prefix chain script '/home/jetson/ros2_ws/install/setup.ps1'
[10.138s] INFO:colcon.colcon_core.shell:Creating prefix script '/home/jetson/ros2_ws/install/local_setup.sh'
[10.141s] INFO:colcon.colcon_core.shell:Creating prefix util module '/home/jetson/ros2_ws/install/_local_setup_util_sh.py'
[10.142s] INFO:colcon.colcon_core.shell:Creating prefix chain script '/home/jetson/ros2_ws/install/setup.sh'
[10.148s] INFO:colcon.colcon_core.shell:Creating prefix script '/home/jetson/ros2_ws/install/local_setup.bash'
[10.150s] INFO:colcon.colcon_core.shell:Creating prefix chain script '/home/jetson/ros2_ws/install/setup.bash'
[10.154s] INFO:colcon.colcon_core.shell:Creating prefix script '/home/jetson/ros2_ws/install/local_setup.zsh'
[10.156s] INFO:colcon.colcon_core.shell:Creating prefix chain script '/home/jetson/ros2_ws/install/setup.zsh'
