-- Found ament_cmake: 0.9.12 (/opt/ros/foxy/share/ament_cmake/cmake)
-- Using PYTHON_EXECUTABLE: /usr/bin/python3
-- Override CMake install command with custom implementation using symlinks instead of copying resources
-- Found rclcpp: 2.4.3 (/opt/ros/foxy/share/rclcpp/cmake)
-- Using all available rosidl_typesupport_c: rosidl_typesupport_fastrtps_c;rosidl_typesupport_introspection_c
-- Found rosidl_adapter: 1.3.1 (/opt/ros/foxy/share/rosidl_adapter/cmake)
-- Using all available rosidl_typesupport_cpp: rosidl_typesupport_fastrtps_cpp;rosidl_typesupport_introspection_cpp
-- Found rmw_implementation_cmake: 1.0.4 (/opt/ros/foxy/share/rmw_implementation_cmake/cmake)
-- Using RMW implementation 'rmw_fastrtps_cpp' as default
-- Configuring done
-- Generating done
-- Build files have been written to: /home/linux/ros2_ws/build/pub2
[35m[1mScanning dependencies of target pub2[0m
[ 50%] [32mBuilding CXX object CMakeFiles/pub2.dir/src/pub2.cpp.o[0m
[100%] [32m[1mLinking CXX executable pub2[0m
[100%] Built target pub2
-- Install configuration: ""
-- Execute custom install script
-- Up-to-date symlink: /home/linux/ros2_ws/install/pub2/lib/pub2/pub2
-- Up-to-date symlink: /home/linux/ros2_ws/install/pub2/share/ament_index/resource_index/package_run_dependencies/pub2
-- Up-to-date symlink: /home/linux/ros2_ws/install/pub2/share/ament_index/resource_index/parent_prefix_path/pub2
-- Up-to-date symlink: /home/linux/ros2_ws/install/pub2/share/pub2/environment/ament_prefix_path.sh
-- Up-to-date symlink: /home/linux/ros2_ws/install/pub2/share/pub2/environment/ament_prefix_path.dsv
-- Up-to-date symlink: /home/linux/ros2_ws/install/pub2/share/pub2/environment/path.sh
-- Up-to-date symlink: /home/linux/ros2_ws/install/pub2/share/pub2/environment/path.dsv
-- Up-to-date symlink: /home/linux/ros2_ws/install/pub2/share/pub2/local_setup.bash
-- Up-to-date symlink: /home/linux/ros2_ws/install/pub2/share/pub2/local_setup.sh
-- Up-to-date symlink: /home/linux/ros2_ws/install/pub2/share/pub2/local_setup.zsh
-- Up-to-date symlink: /home/linux/ros2_ws/install/pub2/share/pub2/local_setup.dsv
-- Symlinking: /home/linux/ros2_ws/install/pub2/share/pub2/package.dsv
-- Up-to-date symlink: /home/linux/ros2_ws/install/pub2/share/ament_index/resource_index/packages/pub2
-- Up-to-date symlink: /home/linux/ros2_ws/install/pub2/share/pub2/cmake/pub2Config.cmake
-- Up-to-date symlink: /home/linux/ros2_ws/install/pub2/share/pub2/cmake/pub2Config-version.cmake
-- Up-to-date symlink: /home/linux/ros2_ws/install/pub2/share/pub2/package.xml
