[0.012s] Invoking command in '/home/linux/ros2_ws/build/pub2': CMAKE_PREFIX_PATH=${CMAKE_PREFIX_PATH}:/opt/ros/foxy /usr/bin/cmake --build /home/linux/ros2_ws/build/pub2 -- -j10 -l10
[0.026s] -- Found ament_cmake: 0.9.12 (/opt/ros/foxy/share/ament_cmake/cmake)
[0.043s] -- Using PYTHON_EXECUTABLE: /usr/bin/python3
[0.159s] -- Override CMake install command with custom implementation using symlinks instead of copying resources
[0.164s] -- Found rclcpp: 2.4.3 (/opt/ros/foxy/share/rclcpp/cmake)
[0.253s] -- Using all available rosidl_typesupport_c: rosidl_typesupport_fastrtps_c;rosidl_typesupport_introspection_c
[0.255s] -- Found rosidl_adapter: 1.3.1 (/opt/ros/foxy/share/rosidl_adapter/cmake)
[1.978s] -- Using all available rosidl_typesupport_cpp: rosidl_typesupport_fastrtps_cpp;rosidl_typesupport_introspection_cpp
[2.008s] -- Found rmw_implementation_cmake: 1.0.4 (/opt/ros/foxy/share/rmw_implementation_cmake/cmake)
[2.009s] -- Using RMW implementation 'rmw_fastrtps_cpp' as default
[2.142s] -- Configuring done
[2.147s] -- Generating done
[2.149s] -- Build files have been written to: /home/linux/ros2_ws/build/pub2
[2.168s] [35m[1mScanning dependencies of target pub2[0m
[2.182s] [ 50%] [32mBuilding CXX object CMakeFiles/pub2.dir/src/pub2.cpp.o[0m
[4.052s] [100%] [32m[1mLinking CXX executable pub2[0m
[4.182s] [100%] Built target pub2
[4.191s] Invoked command in '/home/linux/ros2_ws/build/pub2' returned '0': CMAKE_PREFIX_PATH=${CMAKE_PREFIX_PATH}:/opt/ros/foxy /usr/bin/cmake --build /home/linux/ros2_ws/build/pub2 -- -j10 -l10
[4.201s] Invoking command in '/home/linux/ros2_ws/build/pub2': CMAKE_PREFIX_PATH=${CMAKE_PREFIX_PATH}:/opt/ros/foxy /usr/bin/cmake --install /home/linux/ros2_ws/build/pub2
[4.205s] -- Install configuration: ""
[4.205s] -- Execute custom install script
[4.206s] -- Up-to-date symlink: /home/linux/ros2_ws/install/pub2/lib/pub2/pub2
[4.206s] -- Up-to-date symlink: /home/linux/ros2_ws/install/pub2/share/ament_index/resource_index/package_run_dependencies/pub2
[4.206s] -- Up-to-date symlink: /home/linux/ros2_ws/install/pub2/share/ament_index/resource_index/parent_prefix_path/pub2
[4.206s] -- Up-to-date symlink: /home/linux/ros2_ws/install/pub2/share/pub2/environment/ament_prefix_path.sh
[4.206s] -- Up-to-date symlink: /home/linux/ros2_ws/install/pub2/share/pub2/environment/ament_prefix_path.dsv
[4.206s] -- Up-to-date symlink: /home/linux/ros2_ws/install/pub2/share/pub2/environment/path.sh
[4.206s] -- Up-to-date symlink: /home/linux/ros2_ws/install/pub2/share/pub2/environment/path.dsv
[4.207s] -- Up-to-date symlink: /home/linux/ros2_ws/install/pub2/share/pub2/local_setup.bash
[4.207s] -- Up-to-date symlink: /home/linux/ros2_ws/install/pub2/share/pub2/local_setup.sh
[4.207s] -- Up-to-date symlink: /home/linux/ros2_ws/install/pub2/share/pub2/local_setup.zsh
[4.207s] -- Up-to-date symlink: /home/linux/ros2_ws/install/pub2/share/pub2/local_setup.dsv
[4.207s] -- Symlinking: /home/linux/ros2_ws/install/pub2/share/pub2/package.dsv
[4.213s] -- Up-to-date symlink: /home/linux/ros2_ws/install/pub2/share/ament_index/resource_index/packages/pub2
[4.213s] -- Up-to-date symlink: /home/linux/ros2_ws/install/pub2/share/pub2/cmake/pub2Config.cmake
[4.213s] -- Up-to-date symlink: /home/linux/ros2_ws/install/pub2/share/pub2/cmake/pub2Config-version.cmake
[4.213s] -- Up-to-date symlink: /home/linux/ros2_ws/install/pub2/share/pub2/package.xml
[4.215s] Invoked command in '/home/linux/ros2_ws/build/pub2' returned '0': CMAKE_PREFIX_PATH=${CMAKE_PREFIX_PATH}:/opt/ros/foxy /usr/bin/cmake --install /home/linux/ros2_ws/build/pub2
