[0.871s] DEBUG:colcon:Command line arguments: ['/usr/bin/colcon', 'build', '--symlink-install', '--packages-select', 'camera_ros2']
[0.871s] DEBUG:colcon:Parsed command line arguments: Namespace(allow_overriding=[], ament_cmake_args=None, base_paths=['.'], build_base='build', catkin_cmake_args=None, catkin_skip_building_tests=False, cmake_args=None, cmake_clean_cache=False, cmake_clean_first=False, cmake_force_configure=False, cmake_target=None, cmake_target_skip_unavailable=False, continue_on_error=False, event_handlers=None, executor='parallel', ignore_user_meta=False, install_base='install', log_base=None, log_level=None, main=<bound method BuildVerb.main of <colcon_core.verb.build.BuildVerb object at 0x7fa02d09a0>>, merge_install=False, metas=['./colcon.meta'], packages_above=None, packages_above_and_dependencies=None, packages_above_depth=None, packages_end=None, packages_ignore=None, packages_ignore_regex=None, packages_select=['camera_ros2'], packages_select_build_failed=False, packages_select_by_dep=None, packages_select_regex=None, packages_select_test_failures=False, packages_skip=None, packages_skip_build_finished=False, packages_skip_by_dep=None, packages_skip_regex=None, packages_skip_test_passed=False, packages_skip_up_to=None, packages_start=None, packages_up_to=None, packages_up_to_regex=None, parallel_workers=4, paths=None, symlink_install=True, test_result_base=None, verb_extension=<colcon_core.verb.build.BuildVerb object at 0x7fa02d09a0>, verb_name='build', verb_parser=<colcon_defaults.argument_parser.defaults.DefaultArgumentsDecorator object at 0x7fa01bb970>)
[1.814s] Level 1:colcon.colcon_core.package_discovery:discover_packages(colcon_meta) check parameters
[1.814s] Level 1:colcon.colcon_core.package_discovery:discover_packages(recursive) check parameters
[1.815s] Level 1:colcon.colcon_core.package_discovery:discover_packages(ignore) check parameters
[1.815s] Level 1:colcon.colcon_core.package_discovery:discover_packages(path) check parameters
[1.815s] Level 1:colcon.colcon_core.package_discovery:discover_packages(colcon_meta) discover
[1.815s] Level 1:colcon.colcon_core.package_discovery:discover_packages(recursive) discover
[1.815s] INFO:colcon.colcon_core.package_discovery:Crawling recursively for packages in '/home/jetson/ros2_ws'
[1.816s] Level 1:colcon.colcon_core.package_identification:_identify(.) by extensions ['ignore', 'ignore_ament_install']
[1.816s] Level 1:colcon.colcon_core.package_identification:_identify(.) by extension 'ignore'
[1.816s] Level 1:colcon.colcon_core.package_identification:_identify(.) by extension 'ignore_ament_install'
[1.817s] Level 1:colcon.colcon_core.package_identification:_identify(.) by extensions ['colcon_pkg']
[1.817s] Level 1:colcon.colcon_core.package_identification:_identify(.) by extension 'colcon_pkg'
[1.817s] Level 1:colcon.colcon_core.package_identification:_identify(.) by extensions ['colcon_meta']
[1.817s] Level 1:colcon.colcon_core.package_identification:_identify(.) by extension 'colcon_meta'
[1.817s] Level 1:colcon.colcon_core.package_identification:_identify(.) by extensions ['ros']
[1.818s] Level 1:colcon.colcon_core.package_identification:_identify(.) by extension 'ros'
[1.900s] Level 1:colcon.colcon_core.package_identification:_identify(.) by extensions ['cmake', 'python']
[1.900s] Level 1:colcon.colcon_core.package_identification:_identify(.) by extension 'cmake'
[1.900s] Level 1:colcon.colcon_core.package_identification:_identify(.) by extension 'python'
[1.901s] Level 1:colcon.colcon_core.package_identification:_identify(.) by extensions ['python_setup_py']
[1.901s] Level 1:colcon.colcon_core.package_identification:_identify(.) by extension 'python_setup_py'
[1.901s] Level 1:colcon.colcon_core.package_identification:_identify(build) by extensions ['ignore', 'ignore_ament_install']
[1.902s] Level 1:colcon.colcon_core.package_identification:_identify(build) by extension 'ignore'
[1.902s] Level 1:colcon.colcon_core.package_identification:_identify(build) ignored
[1.903s] Level 1:colcon.colcon_core.package_identification:_identify(install) by extensions ['ignore', 'ignore_ament_install']
[1.903s] Level 1:colcon.colcon_core.package_identification:_identify(install) by extension 'ignore'
[1.903s] Level 1:colcon.colcon_core.package_identification:_identify(install) ignored
[1.904s] Level 1:colcon.colcon_core.package_identification:_identify(log) by extensions ['ignore', 'ignore_ament_install']
[1.904s] Level 1:colcon.colcon_core.package_identification:_identify(log) by extension 'ignore'
[1.904s] Level 1:colcon.colcon_core.package_identification:_identify(log) ignored
[1.905s] Level 1:colcon.colcon_core.package_identification:_identify(src) by extensions ['ignore', 'ignore_ament_install']
[1.905s] Level 1:colcon.colcon_core.package_identification:_identify(src) by extension 'ignore'
[1.905s] Level 1:colcon.colcon_core.package_identification:_identify(src) by extension 'ignore_ament_install'
[1.905s] Level 1:colcon.colcon_core.package_identification:_identify(src) by extensions ['colcon_pkg']
[1.905s] Level 1:colcon.colcon_core.package_identification:_identify(src) by extension 'colcon_pkg'
[1.906s] Level 1:colcon.colcon_core.package_identification:_identify(src) by extensions ['colcon_meta']
[1.906s] Level 1:colcon.colcon_core.package_identification:_identify(src) by extension 'colcon_meta'
[1.906s] Level 1:colcon.colcon_core.package_identification:_identify(src) by extensions ['ros']
[1.906s] Level 1:colcon.colcon_core.package_identification:_identify(src) by extension 'ros'
[1.907s] Level 1:colcon.colcon_core.package_identification:_identify(src) by extensions ['cmake', 'python']
[1.907s] Level 1:colcon.colcon_core.package_identification:_identify(src) by extension 'cmake'
[1.907s] Level 1:colcon.colcon_core.package_identification:_identify(src) by extension 'python'
[1.907s] Level 1:colcon.colcon_core.package_identification:_identify(src) by extensions ['python_setup_py']
[1.907s] Level 1:colcon.colcon_core.package_identification:_identify(src) by extension 'python_setup_py'
[1.908s] Level 1:colcon.colcon_core.package_identification:_identify(src/camera_ros2) by extensions ['ignore', 'ignore_ament_install']
[1.908s] Level 1:colcon.colcon_core.package_identification:_identify(src/camera_ros2) by extension 'ignore'
[1.908s] Level 1:colcon.colcon_core.package_identification:_identify(src/camera_ros2) by extension 'ignore_ament_install'
[1.908s] Level 1:colcon.colcon_core.package_identification:_identify(src/camera_ros2) by extensions ['colcon_pkg']
[1.909s] Level 1:colcon.colcon_core.package_identification:_identify(src/camera_ros2) by extension 'colcon_pkg'
[1.909s] Level 1:colcon.colcon_core.package_identification:_identify(src/camera_ros2) by extensions ['colcon_meta']
[1.909s] Level 1:colcon.colcon_core.package_identification:_identify(src/camera_ros2) by extension 'colcon_meta'
[1.909s] Level 1:colcon.colcon_core.package_identification:_identify(src/camera_ros2) by extensions ['ros']
[1.909s] Level 1:colcon.colcon_core.package_identification:_identify(src/camera_ros2) by extension 'ros'
[1.919s] DEBUG:colcon.colcon_core.package_identification:Package 'src/camera_ros2' with type 'ros.ament_cmake' and name 'camera_ros2'
[1.919s] Level 1:colcon.colcon_core.package_discovery:discover_packages(recursive) using defaults
[1.919s] Level 1:colcon.colcon_core.package_discovery:discover_packages(ignore) discover
[1.919s] Level 1:colcon.colcon_core.package_discovery:discover_packages(ignore) using defaults
[1.919s] Level 1:colcon.colcon_core.package_discovery:discover_packages(path) discover
[1.920s] Level 1:colcon.colcon_core.package_discovery:discover_packages(path) using defaults
[1.997s] Level 1:colcon.colcon_core.package_discovery:discover_packages(prefix_path) check parameters
[1.997s] Level 1:colcon.colcon_core.package_discovery:discover_packages(prefix_path) discover
[2.004s] DEBUG:colcon.colcon_installed_package_information.package_discovery:Found 1 installed packages in /home/jetson/ros2_ws/install
[2.010s] DEBUG:colcon.colcon_installed_package_information.package_discovery:Found 258 installed packages in /opt/ros/foxy
[2.019s] Level 1:colcon.colcon_core.package_discovery:discover_packages(prefix_path) using defaults
[2.331s] Level 5:colcon.colcon_core.verb:set package 'camera_ros2' build argument 'cmake_args' from command line to 'None'
[2.331s] Level 5:colcon.colcon_core.verb:set package 'camera_ros2' build argument 'cmake_target' from command line to 'None'
[2.331s] Level 5:colcon.colcon_core.verb:set package 'camera_ros2' build argument 'cmake_target_skip_unavailable' from command line to 'False'
[2.331s] Level 5:colcon.colcon_core.verb:set package 'camera_ros2' build argument 'cmake_clean_cache' from command line to 'False'
[2.332s] Level 5:colcon.colcon_core.verb:set package 'camera_ros2' build argument 'cmake_clean_first' from command line to 'False'
[2.332s] Level 5:colcon.colcon_core.verb:set package 'camera_ros2' build argument 'cmake_force_configure' from command line to 'False'
[2.332s] Level 5:colcon.colcon_core.verb:set package 'camera_ros2' build argument 'ament_cmake_args' from command line to 'None'
[2.332s] Level 5:colcon.colcon_core.verb:set package 'camera_ros2' build argument 'catkin_cmake_args' from command line to 'None'
[2.332s] Level 5:colcon.colcon_core.verb:set package 'camera_ros2' build argument 'catkin_skip_building_tests' from command line to 'False'
[2.332s] DEBUG:colcon.colcon_core.verb:Building package 'camera_ros2' with the following arguments: {'ament_cmake_args': None, 'build_base': '/home/jetson/ros2_ws/build/camera_ros2', 'catkin_cmake_args': None, 'catkin_skip_building_tests': False, 'cmake_args': None, 'cmake_clean_cache': False, 'cmake_clean_first': False, 'cmake_force_configure': False, 'cmake_target': None, 'cmake_target_skip_unavailable': False, 'install_base': '/home/jetson/ros2_ws/install/camera_ros2', 'merge_install': False, 'path': '/home/jetson/ros2_ws/src/camera_ros2', 'symlink_install': True, 'test_result_base': None}
[2.333s] INFO:colcon.colcon_core.executor:Executing jobs using 'parallel' executor
[2.336s] DEBUG:colcon.colcon_parallel_executor.executor.parallel:run_until_complete
[2.337s] INFO:colcon.colcon_ros.task.ament_cmake.build:Building ROS package in '/home/jetson/ros2_ws/src/camera_ros2' with build type 'ament_cmake'
[2.337s] INFO:colcon.colcon_cmake.task.cmake.build:Building CMake package in '/home/jetson/ros2_ws/src/camera_ros2'
[2.351s] INFO:colcon.colcon_core.plugin_system:Skipping extension 'colcon_core.shell.bat': Not used on non-Windows systems
[2.352s] INFO:colcon.colcon_core.shell:Skip shell extension 'powershell' for command environment: Not usable outside of PowerShell
[2.352s] DEBUG:colcon.colcon_core.shell:Skip shell extension 'dsv' for command environment
[2.387s] DEBUG:colcon.colcon_core.event_handler.log_command:Invoking command in '/home/jetson/ros2_ws/build/camera_ros2': CMAKE_PREFIX_PATH=${CMAKE_PREFIX_PATH}:/opt/ros/foxy /usr/bin/cmake --build /home/jetson/ros2_ws/build/camera_ros2 -- -j4 -l4
[19.372s] DEBUG:colcon.colcon_core.event_handler.log_command:Invoked command in '/home/jetson/ros2_ws/build/camera_ros2' returned '0': CMAKE_PREFIX_PATH=${CMAKE_PREFIX_PATH}:/opt/ros/foxy /usr/bin/cmake --build /home/jetson/ros2_ws/build/camera_ros2 -- -j4 -l4
[19.494s] DEBUG:colcon.colcon_core.event_handler.log_command:Invoking command in '/home/jetson/ros2_ws/build/camera_ros2': CMAKE_PREFIX_PATH=${CMAKE_PREFIX_PATH}:/opt/ros/foxy /usr/bin/cmake --install /home/jetson/ros2_ws/build/camera_ros2
[19.573s] Level 1:colcon.colcon_core.environment:create_environment_scripts_only(camera_ros2)
[19.575s] DEBUG:colcon.colcon_core.event_handler.log_command:Invoked command in '/home/jetson/ros2_ws/build/camera_ros2' returned '0': CMAKE_PREFIX_PATH=${CMAKE_PREFIX_PATH}:/opt/ros/foxy /usr/bin/cmake --install /home/jetson/ros2_ws/build/camera_ros2
[19.584s] Level 1:colcon.colcon_core.environment:checking '/home/jetson/ros2_ws/install/camera_ros2' for CMake module files
[19.587s] Level 1:colcon.colcon_core.environment:checking '/home/jetson/ros2_ws/install/camera_ros2' for CMake config files
[19.588s] Level 1:colcon.colcon_core.shell:create_environment_hook('camera_ros2', 'cmake_prefix_path')
[19.589s] INFO:colcon.colcon_core.shell:Creating environment hook '/home/jetson/ros2_ws/install/camera_ros2/share/camera_ros2/hook/cmake_prefix_path.ps1'
[19.592s] INFO:colcon.colcon_core.shell:Creating environment descriptor '/home/jetson/ros2_ws/install/camera_ros2/share/camera_ros2/hook/cmake_prefix_path.dsv'
[19.594s] INFO:colcon.colcon_core.shell:Creating environment hook '/home/jetson/ros2_ws/install/camera_ros2/share/camera_ros2/hook/cmake_prefix_path.sh'
[19.598s] Level 1:colcon.colcon_core.environment:checking '/home/jetson/ros2_ws/install/camera_ros2/lib'
[19.598s] Level 1:colcon.colcon_core.environment:checking '/home/jetson/ros2_ws/install/camera_ros2/bin'
[19.599s] Level 1:colcon.colcon_core.environment:checking '/home/jetson/ros2_ws/install/camera_ros2/lib/pkgconfig/camera_ros2.pc'
[19.600s] Level 1:colcon.colcon_core.environment:checking '/home/jetson/ros2_ws/install/camera_ros2/lib/python3.8/site-packages'
[19.600s] Level 1:colcon.colcon_core.environment:checking '/home/jetson/ros2_ws/install/camera_ros2/bin'
[19.602s] INFO:colcon.colcon_core.shell:Creating package script '/home/jetson/ros2_ws/install/camera_ros2/share/camera_ros2/package.ps1'
[19.605s] INFO:colcon.colcon_core.shell:Creating package descriptor '/home/jetson/ros2_ws/install/camera_ros2/share/camera_ros2/package.dsv'
[19.608s] INFO:colcon.colcon_core.shell:Creating package script '/home/jetson/ros2_ws/install/camera_ros2/share/camera_ros2/package.sh'
[19.611s] INFO:colcon.colcon_core.shell:Creating package script '/home/jetson/ros2_ws/install/camera_ros2/share/camera_ros2/package.bash'
[19.614s] INFO:colcon.colcon_core.shell:Creating package script '/home/jetson/ros2_ws/install/camera_ros2/share/camera_ros2/package.zsh'
[19.616s] Level 1:colcon.colcon_core.environment:create_file_with_runtime_dependencies(/home/jetson/ros2_ws/install/camera_ros2/share/colcon-core/packages/camera_ros2)
[19.706s] Level 1:colcon.colcon_core.environment:create_environment_scripts_only(camera_ros2)
[19.707s] Level 1:colcon.colcon_core.environment:checking '/home/jetson/ros2_ws/install/camera_ros2' for CMake module files
[19.709s] Level 1:colcon.colcon_core.environment:checking '/home/jetson/ros2_ws/install/camera_ros2' for CMake config files
[19.710s] Level 1:colcon.colcon_core.shell:create_environment_hook('camera_ros2', 'cmake_prefix_path')
[19.711s] INFO:colcon.colcon_core.shell:Creating environment hook '/home/jetson/ros2_ws/install/camera_ros2/share/camera_ros2/hook/cmake_prefix_path.ps1'
[19.713s] INFO:colcon.colcon_core.shell:Creating environment descriptor '/home/jetson/ros2_ws/install/camera_ros2/share/camera_ros2/hook/cmake_prefix_path.dsv'
[19.714s] INFO:colcon.colcon_core.shell:Creating environment hook '/home/jetson/ros2_ws/install/camera_ros2/share/camera_ros2/hook/cmake_prefix_path.sh'
[19.716s] Level 1:colcon.colcon_core.environment:checking '/home/jetson/ros2_ws/install/camera_ros2/lib'
[19.717s] Level 1:colcon.colcon_core.environment:checking '/home/jetson/ros2_ws/install/camera_ros2/bin'
[19.717s] Level 1:colcon.colcon_core.environment:checking '/home/jetson/ros2_ws/install/camera_ros2/lib/pkgconfig/camera_ros2.pc'
[19.718s] Level 1:colcon.colcon_core.environment:checking '/home/jetson/ros2_ws/install/camera_ros2/lib/python3.8/site-packages'
[19.719s] Level 1:colcon.colcon_core.environment:checking '/home/jetson/ros2_ws/install/camera_ros2/bin'
[19.720s] INFO:colcon.colcon_core.shell:Creating package script '/home/jetson/ros2_ws/install/camera_ros2/share/camera_ros2/package.ps1'
[19.722s] INFO:colcon.colcon_core.shell:Creating package descriptor '/home/jetson/ros2_ws/install/camera_ros2/share/camera_ros2/package.dsv'
[19.724s] INFO:colcon.colcon_core.shell:Creating package script '/home/jetson/ros2_ws/install/camera_ros2/share/camera_ros2/package.sh'
[19.725s] INFO:colcon.colcon_core.shell:Creating package script '/home/jetson/ros2_ws/install/camera_ros2/share/camera_ros2/package.bash'
[19.727s] INFO:colcon.colcon_core.shell:Creating package script '/home/jetson/ros2_ws/install/camera_ros2/share/camera_ros2/package.zsh'
[19.728s] Level 1:colcon.colcon_core.environment:create_file_with_runtime_dependencies(/home/jetson/ros2_ws/install/camera_ros2/share/colcon-core/packages/camera_ros2)
[19.729s] DEBUG:colcon.colcon_parallel_executor.executor.parallel:closing loop
[19.730s] DEBUG:colcon.colcon_parallel_executor.executor.parallel:loop closed
[19.731s] DEBUG:colcon.colcon_parallel_executor.executor.parallel:run_until_complete finished with '0'
[19.731s] DEBUG:colcon.colcon_core.event_reactor:joining thread
[19.752s] INFO:colcon.colcon_core.plugin_system:Skipping extension 'colcon_notification.desktop_notification.terminal_notifier': Not used on non-Darwin systems
[19.752s] INFO:colcon.colcon_core.plugin_system:Skipping extension 'colcon_notification.desktop_notification.win32': Not used on non-Windows systems
[19.752s] INFO:colcon.colcon_notification.desktop_notification:Sending desktop notification using 'notify2'
[19.789s] DEBUG:colcon.colcon_core.event_reactor:joined thread
[19.791s] INFO:colcon.colcon_core.shell:Creating prefix script '/home/jetson/ros2_ws/install/local_setup.ps1'
[19.795s] INFO:colcon.colcon_core.shell:Creating prefix util module '/home/jetson/ros2_ws/install/_local_setup_util_ps1.py'
[19.800s] INFO:colcon.colcon_core.shell:Creating prefix chain script '/home/jetson/ros2_ws/install/setup.ps1'
[19.804s] INFO:colcon.colcon_core.shell:Creating prefix script '/home/jetson/ros2_ws/install/local_setup.sh'
[19.806s] INFO:colcon.colcon_core.shell:Creating prefix util module '/home/jetson/ros2_ws/install/_local_setup_util_sh.py'
[19.808s] INFO:colcon.colcon_core.shell:Creating prefix chain script '/home/jetson/ros2_ws/install/setup.sh'
[19.811s] INFO:colcon.colcon_core.shell:Creating prefix script '/home/jetson/ros2_ws/install/local_setup.bash'
[19.813s] INFO:colcon.colcon_core.shell:Creating prefix chain script '/home/jetson/ros2_ws/install/setup.bash'
[19.817s] INFO:colcon.colcon_core.shell:Creating prefix script '/home/jetson/ros2_ws/install/local_setup.zsh'
[19.819s] INFO:colcon.colcon_core.shell:Creating prefix chain script '/home/jetson/ros2_ws/install/setup.zsh'
