[35m[1mScanning dependencies of target dxl3[0m
[ 33%] [32mBuilding CXX object CMakeFiles/dxl3.dir/src/main.cpp.o[0m
[ 66%] [32m[1mLinking CXX executable dxl3[0m
[100%] Built target dxl3
-- Install configuration: ""
-- Execute custom install script
-- Symlinking: /home/jetson/ros2_ws/install/dxl3/lib/dxl3/dxl3
-- Symlinking: /home/jetson/ros2_ws/install/dxl3/share/ament_index/resource_index/package_run_dependencies/dxl3
-- Symlinking: /home/jetson/ros2_ws/install/dxl3/share/ament_index/resource_index/parent_prefix_path/dxl3
-- Symlinking: /home/jetson/ros2_ws/install/dxl3/share/dxl3/environment/ament_prefix_path.sh
-- Symlinking: /home/jetson/ros2_ws/install/dxl3/share/dxl3/environment/ament_prefix_path.dsv
-- Symlinking: /home/jetson/ros2_ws/install/dxl3/share/dxl3/environment/path.sh
-- Symlinking: /home/jetson/ros2_ws/install/dxl3/share/dxl3/environment/path.dsv
-- Symlinking: /home/jetson/ros2_ws/install/dxl3/share/dxl3/local_setup.bash
-- Symlinking: /home/jetson/ros2_ws/install/dxl3/share/dxl3/local_setup.sh
-- Symlinking: /home/jetson/ros2_ws/install/dxl3/share/dxl3/local_setup.zsh
-- Symlinking: /home/jetson/ros2_ws/install/dxl3/share/dxl3/local_setup.dsv
-- Symlinking: /home/jetson/ros2_ws/install/dxl3/share/dxl3/package.dsv
-- Symlinking: /home/jetson/ros2_ws/install/dxl3/share/ament_index/resource_index/packages/dxl3
-- Symlinking: /home/jetson/ros2_ws/install/dxl3/share/dxl3/cmake/dxl3Config.cmake
-- Symlinking: /home/jetson/ros2_ws/install/dxl3/share/dxl3/cmake/dxl3Config-version.cmake
-- Symlinking: /home/jetson/ros2_ws/install/dxl3/share/dxl3/package.xml
