[0.011s] Invoking command in '/home/linux/ros2_ws/build/psub1-2': CMAKE_PREFIX_PATH=${CMAKE_PREFIX_PATH}:/opt/ros/foxy /usr/bin/cmake /home/linux/ros2_ws/src/psub1-2 -DAMENT_CMAKE_SYMLINK_INSTALL=1 -DCMAKE_INSTALL_PREFIX=/home/linux/ros2_ws/install/psub1-2
[0.165s] -- The C compiler identification is GNU 9.4.0
[0.253s] -- The CXX compiler identification is GNU 9.4.0
[0.288s] -- Check for working C compiler: /usr/bin/cc
[0.348s] -- Check for working C compiler: /usr/bin/cc -- works
[0.349s] -- Detecting C compiler ABI info
[0.412s] -- Detecting C compiler ABI info - done
[0.418s] -- Detecting C compile features
[0.418s] -- Detecting C compile features - done
[0.420s] -- Check for working CXX compiler: /usr/bin/c++
[0.491s] -- Check for working CXX compiler: /usr/bin/c++ -- works
[0.492s] -- Detecting CXX compiler ABI info
[0.606s] -- Detecting CXX compiler ABI info - done
[0.613s] -- Detecting CXX compile features
[0.613s] -- Detecting CXX compile features - done
[0.614s] -- Found ament_cmake: 0.9.12 (/opt/ros/foxy/share/ament_cmake/cmake)
[0.629s] -- Found PythonInterp: /usr/bin/python3 (found suitable version "3.8.10", minimum required is "3") 
[0.629s] -- Using PYTHON_EXECUTABLE: /usr/bin/python3
[0.735s] -- Override CMake install command with custom implementation using symlinks instead of copying resources
[0.750s] -- Found rclcpp: 2.4.3 (/opt/ros/foxy/share/rclcpp/cmake)
[0.822s] -- Using all available rosidl_typesupport_c: rosidl_typesupport_fastrtps_c;rosidl_typesupport_introspection_c
[0.826s] -- Found rosidl_adapter: 1.3.1 (/opt/ros/foxy/share/rosidl_adapter/cmake)
[1.270s] -- Found OpenSSL: /usr/lib/x86_64-linux-gnu/libcrypto.so (found version "1.1.1f")  
[1.741s] -- Found FastRTPS: /opt/ros/foxy/include  
[2.673s] -- Using all available rosidl_typesupport_cpp: rosidl_typesupport_fastrtps_cpp;rosidl_typesupport_introspection_cpp
[2.706s] -- Found rmw_implementation_cmake: 1.0.4 (/opt/ros/foxy/share/rmw_implementation_cmake/cmake)
[2.708s] -- Using RMW implementation 'rmw_fastrtps_cpp' as default
[2.709s] -- Looking for pthread.h
[2.773s] -- Looking for pthread.h - found
[2.773s] -- Performing Test CMAKE_HAVE_LIBC_PTHREAD
[2.866s] -- Performing Test CMAKE_HAVE_LIBC_PTHREAD - Failed
[2.866s] -- Looking for pthread_create in pthreads
[2.921s] -- Looking for pthread_create in pthreads - not found
[2.921s] -- Looking for pthread_create in pthread
[2.980s] -- Looking for pthread_create in pthread - found
[2.981s] -- Found Threads: TRUE  
[3.110s] -- Configuring done
[3.116s] -- Generating done
[3.119s] -- Build files have been written to: /home/linux/ros2_ws/build/psub1-2
[3.126s] Invoked command in '/home/linux/ros2_ws/build/psub1-2' returned '0': CMAKE_PREFIX_PATH=${CMAKE_PREFIX_PATH}:/opt/ros/foxy /usr/bin/cmake /home/linux/ros2_ws/src/psub1-2 -DAMENT_CMAKE_SYMLINK_INSTALL=1 -DCMAKE_INSTALL_PREFIX=/home/linux/ros2_ws/install/psub1-2
[3.127s] Invoking command in '/home/linux/ros2_ws/build/psub1-2': CMAKE_PREFIX_PATH=${CMAKE_PREFIX_PATH}:/opt/ros/foxy /usr/bin/cmake --build /home/linux/ros2_ws/build/psub1-2 -- -j10 -l10
[3.150s] [35m[1mScanning dependencies of target sub1-2[0m
[3.150s] [35m[1mScanning dependencies of target pub1-2[0m
[3.169s] [ 25%] [32mBuilding CXX object CMakeFiles/sub1-2.dir/src/sub1-2.cpp.o[0m
[3.169s] [ 50%] [32mBuilding CXX object CMakeFiles/pub1-2.dir/src/pub1-2.cpp.o[0m
[5.061s] [ 75%] [32m[1mLinking CXX executable pub1-2[0m
[5.167s] [ 75%] Built target pub1-2
[6.024s] [100%] [32m[1mLinking CXX executable sub1-2[0m
[6.165s] [100%] Built target sub1-2
[6.172s] Invoked command in '/home/linux/ros2_ws/build/psub1-2' returned '0': CMAKE_PREFIX_PATH=${CMAKE_PREFIX_PATH}:/opt/ros/foxy /usr/bin/cmake --build /home/linux/ros2_ws/build/psub1-2 -- -j10 -l10
[6.179s] Invoking command in '/home/linux/ros2_ws/build/psub1-2': CMAKE_PREFIX_PATH=${CMAKE_PREFIX_PATH}:/opt/ros/foxy /usr/bin/cmake --install /home/linux/ros2_ws/build/psub1-2
[6.183s] -- Install configuration: ""
[6.183s] -- Execute custom install script
[6.184s] -- Symlinking: /home/linux/ros2_ws/install/psub1-2/lib/psub1-2/pub1-2
[6.189s] -- Symlinking: /home/linux/ros2_ws/install/psub1-2/lib/psub1-2/sub1-2
[6.194s] -- Symlinking: /home/linux/ros2_ws/install/psub1-2/share/ament_index/resource_index/package_run_dependencies/psub1-2
[6.199s] -- Symlinking: /home/linux/ros2_ws/install/psub1-2/share/ament_index/resource_index/parent_prefix_path/psub1-2
[6.205s] -- Symlinking: /home/linux/ros2_ws/install/psub1-2/share/psub1-2/environment/ament_prefix_path.sh
[6.209s] -- Symlinking: /home/linux/ros2_ws/install/psub1-2/share/psub1-2/environment/ament_prefix_path.dsv
[6.214s] -- Symlinking: /home/linux/ros2_ws/install/psub1-2/share/psub1-2/environment/path.sh
[6.220s] -- Symlinking: /home/linux/ros2_ws/install/psub1-2/share/psub1-2/environment/path.dsv
[6.225s] -- Symlinking: /home/linux/ros2_ws/install/psub1-2/share/psub1-2/local_setup.bash
[6.231s] -- Symlinking: /home/linux/ros2_ws/install/psub1-2/share/psub1-2/local_setup.sh
[6.237s] -- Symlinking: /home/linux/ros2_ws/install/psub1-2/share/psub1-2/local_setup.zsh
[6.242s] -- Symlinking: /home/linux/ros2_ws/install/psub1-2/share/psub1-2/local_setup.dsv
[6.247s] -- Symlinking: /home/linux/ros2_ws/install/psub1-2/share/psub1-2/package.dsv
[6.253s] -- Symlinking: /home/linux/ros2_ws/install/psub1-2/share/ament_index/resource_index/packages/psub1-2
[6.257s] -- Symlinking: /home/linux/ros2_ws/install/psub1-2/share/psub1-2/cmake/psub1-2Config.cmake
[6.263s] -- Symlinking: /home/linux/ros2_ws/install/psub1-2/share/psub1-2/cmake/psub1-2Config-version.cmake
[6.268s] -- Symlinking: /home/linux/ros2_ws/install/psub1-2/share/psub1-2/package.xml
[6.275s] Invoked command in '/home/linux/ros2_ws/build/psub1-2' returned '0': CMAKE_PREFIX_PATH=${CMAKE_PREFIX_PATH}:/opt/ros/foxy /usr/bin/cmake --install /home/linux/ros2_ws/build/psub1-2
