[35m[1mScanning dependencies of target pub1-1[0m
[ 50%] [32mBuilding CXX object CMakeFiles/pub1-1.dir/src/pub1-1.cpp.o[0m
[100%] [32m[1mLinking CXX executable pub1-1[0m
[100%] Built target pub1-1
-- Install configuration: ""
-- Execute custom install script
-- Up-to-date symlink: /home/linux/ros2_ws/install/pub1-1/lib/pub1-1/pub1-1
-- Up-to-date symlink: /home/linux/ros2_ws/install/pub1-1/share/ament_index/resource_index/package_run_dependencies/pub1-1
-- Up-to-date symlink: /home/linux/ros2_ws/install/pub1-1/share/ament_index/resource_index/parent_prefix_path/pub1-1
-- Up-to-date symlink: /home/linux/ros2_ws/install/pub1-1/share/pub1-1/environment/ament_prefix_path.sh
-- Up-to-date symlink: /home/linux/ros2_ws/install/pub1-1/share/pub1-1/environment/ament_prefix_path.dsv
-- Up-to-date symlink: /home/linux/ros2_ws/install/pub1-1/share/pub1-1/environment/path.sh
-- Up-to-date symlink: /home/linux/ros2_ws/install/pub1-1/share/pub1-1/environment/path.dsv
-- Up-to-date symlink: /home/linux/ros2_ws/install/pub1-1/share/pub1-1/local_setup.bash
-- Up-to-date symlink: /home/linux/ros2_ws/install/pub1-1/share/pub1-1/local_setup.sh
-- Up-to-date symlink: /home/linux/ros2_ws/install/pub1-1/share/pub1-1/local_setup.zsh
-- Up-to-date symlink: /home/linux/ros2_ws/install/pub1-1/share/pub1-1/local_setup.dsv
-- Symlinking: /home/linux/ros2_ws/install/pub1-1/share/pub1-1/package.dsv
-- Up-to-date symlink: /home/linux/ros2_ws/install/pub1-1/share/ament_index/resource_index/packages/pub1-1
-- Up-to-date symlink: /home/linux/ros2_ws/install/pub1-1/share/pub1-1/cmake/pub1-1Config.cmake
-- Up-to-date symlink: /home/linux/ros2_ws/install/pub1-1/share/pub1-1/cmake/pub1-1Config-version.cmake
-- Up-to-date symlink: /home/linux/ros2_ws/install/pub1-1/share/pub1-1/package.xml
