[0.010s] Invoking command in '/home/linux/ros2_ws/build/pub1-1': CMAKE_PREFIX_PATH=${CMAKE_PREFIX_PATH}:/opt/ros/foxy /usr/bin/cmake --build /home/linux/ros2_ws/build/pub1-1 -- -j10 -l10
[0.031s] [35m[1mScanning dependencies of target pub1-1[0m
[0.045s] [ 50%] [32mBuilding CXX object CMakeFiles/pub1-1.dir/src/pub1-1.cpp.o[0m
[1.757s] [100%] [32m[1mLinking CXX executable pub1-1[0m
[1.857s] [100%] Built target pub1-1
[1.864s] Invoked command in '/home/linux/ros2_ws/build/pub1-1' returned '0': CMAKE_PREFIX_PATH=${CMAKE_PREFIX_PATH}:/opt/ros/foxy /usr/bin/cmake --build /home/linux/ros2_ws/build/pub1-1 -- -j10 -l10
[1.870s] Invoking command in '/home/linux/ros2_ws/build/pub1-1': CMAKE_PREFIX_PATH=${CMAKE_PREFIX_PATH}:/opt/ros/foxy /usr/bin/cmake --install /home/linux/ros2_ws/build/pub1-1
[1.874s] -- Install configuration: ""
[1.875s] -- Execute custom install script
[1.875s] -- Up-to-date symlink: /home/linux/ros2_ws/install/pub1-1/lib/pub1-1/pub1-1
[1.875s] -- Up-to-date symlink: /home/linux/ros2_ws/install/pub1-1/share/ament_index/resource_index/package_run_dependencies/pub1-1
[1.875s] -- Up-to-date symlink: /home/linux/ros2_ws/install/pub1-1/share/ament_index/resource_index/parent_prefix_path/pub1-1
[1.875s] -- Up-to-date symlink: /home/linux/ros2_ws/install/pub1-1/share/pub1-1/environment/ament_prefix_path.sh
[1.875s] -- Up-to-date symlink: /home/linux/ros2_ws/install/pub1-1/share/pub1-1/environment/ament_prefix_path.dsv
[1.876s] -- Up-to-date symlink: /home/linux/ros2_ws/install/pub1-1/share/pub1-1/environment/path.sh
[1.876s] -- Up-to-date symlink: /home/linux/ros2_ws/install/pub1-1/share/pub1-1/environment/path.dsv
[1.876s] -- Up-to-date symlink: /home/linux/ros2_ws/install/pub1-1/share/pub1-1/local_setup.bash
[1.876s] -- Up-to-date symlink: /home/linux/ros2_ws/install/pub1-1/share/pub1-1/local_setup.sh
[1.876s] -- Up-to-date symlink: /home/linux/ros2_ws/install/pub1-1/share/pub1-1/local_setup.zsh
[1.876s] -- Up-to-date symlink: /home/linux/ros2_ws/install/pub1-1/share/pub1-1/local_setup.dsv
[1.877s] -- Symlinking: /home/linux/ros2_ws/install/pub1-1/share/pub1-1/package.dsv
[1.882s] -- Up-to-date symlink: /home/linux/ros2_ws/install/pub1-1/share/ament_index/resource_index/packages/pub1-1
[1.882s] -- Up-to-date symlink: /home/linux/ros2_ws/install/pub1-1/share/pub1-1/cmake/pub1-1Config.cmake
[1.882s] -- Up-to-date symlink: /home/linux/ros2_ws/install/pub1-1/share/pub1-1/cmake/pub1-1Config-version.cmake
[1.882s] -- Up-to-date symlink: /home/linux/ros2_ws/install/pub1-1/share/pub1-1/package.xml
[1.884s] Invoked command in '/home/linux/ros2_ws/build/pub1-1' returned '0': CMAKE_PREFIX_PATH=${CMAKE_PREFIX_PATH}:/opt/ros/foxy /usr/bin/cmake --install /home/linux/ros2_ws/build/pub1-1
