[0.050s] Invoking command in '/home/jetson/ros2_ws/build/camera_ros2': CMAKE_PREFIX_PATH=${CMAKE_PREFIX_PATH}:/opt/ros/foxy /usr/bin/cmake --build /home/jetson/ros2_ws/build/camera_ros2 -- -j4 -l4
[0.275s] [35m[1mScanning dependencies of target pub[0m
[0.277s] [35m[1mScanning dependencies of target sub[0m
[0.439s] [ 25%] [32mBuilding CXX object CMakeFiles/sub.dir/src/sub.cpp.o[0m
[0.458s] [ 50%] [32mBuilding CXX object CMakeFiles/pub.dir/src/pub.cpp.o[0m
[16.541s] [ 75%] [32m[1mLinking CXX executable pub[0m
[19.732s] /usr/bin/ld: warning: libopencv_core.so.4.2, needed by /opt/ros/foxy/lib/libcv_bridge.so, may conflict with libopencv_core.so.408
[19.766s] [ 75%] Built target pub
[24.617s] [100%] [32m[1mLinking CXX executable sub[0m
[26.261s] [100%] Built target sub
[26.297s] Invoked command in '/home/jetson/ros2_ws/build/camera_ros2' returned '0': CMAKE_PREFIX_PATH=${CMAKE_PREFIX_PATH}:/opt/ros/foxy /usr/bin/cmake --build /home/jetson/ros2_ws/build/camera_ros2 -- -j4 -l4
[26.420s] Invoking command in '/home/jetson/ros2_ws/build/camera_ros2': CMAKE_PREFIX_PATH=${CMAKE_PREFIX_PATH}:/opt/ros/foxy /usr/bin/cmake --install /home/jetson/ros2_ws/build/camera_ros2
[26.450s] -- Install configuration: ""
[26.452s] -- Execute custom install script
[26.454s] -- Up-to-date symlink: /home/jetson/ros2_ws/install/camera_ros2/lib/camera_ros2/pub
[26.455s] -- Up-to-date symlink: /home/jetson/ros2_ws/install/camera_ros2/lib/camera_ros2/sub
[26.457s] -- Up-to-date symlink: /home/jetson/ros2_ws/install/camera_ros2/share/ament_index/resource_index/package_run_dependencies/camera_ros2
[26.459s] -- Up-to-date symlink: /home/jetson/ros2_ws/install/camera_ros2/share/ament_index/resource_index/parent_prefix_path/camera_ros2
[26.461s] -- Up-to-date symlink: /home/jetson/ros2_ws/install/camera_ros2/share/camera_ros2/environment/ament_prefix_path.sh
[26.462s] -- Up-to-date symlink: /home/jetson/ros2_ws/install/camera_ros2/share/camera_ros2/environment/ament_prefix_path.dsv
[26.464s] -- Up-to-date symlink: /home/jetson/ros2_ws/install/camera_ros2/share/camera_ros2/environment/path.sh
[26.465s] -- Up-to-date symlink: /home/jetson/ros2_ws/install/camera_ros2/share/camera_ros2/environment/path.dsv
[26.466s] -- Up-to-date symlink: /home/jetson/ros2_ws/install/camera_ros2/share/camera_ros2/local_setup.bash
[26.468s] -- Up-to-date symlink: /home/jetson/ros2_ws/install/camera_ros2/share/camera_ros2/local_setup.sh
[26.470s] -- Up-to-date symlink: /home/jetson/ros2_ws/install/camera_ros2/share/camera_ros2/local_setup.zsh
[26.471s] -- Up-to-date symlink: /home/jetson/ros2_ws/install/camera_ros2/share/camera_ros2/local_setup.dsv
[26.472s] -- Symlinking: /home/jetson/ros2_ws/install/camera_ros2/share/camera_ros2/package.dsv
[26.504s] -- Up-to-date symlink: /home/jetson/ros2_ws/install/camera_ros2/share/ament_index/resource_index/packages/camera_ros2
[26.506s] -- Up-to-date symlink: /home/jetson/ros2_ws/install/camera_ros2/share/camera_ros2/cmake/camera_ros2Config.cmake
[26.507s] -- Up-to-date symlink: /home/jetson/ros2_ws/install/camera_ros2/share/camera_ros2/cmake/camera_ros2Config-version.cmake
[26.508s] -- Up-to-date symlink: /home/jetson/ros2_ws/install/camera_ros2/share/camera_ros2/package.xml
[26.515s] Invoked command in '/home/jetson/ros2_ws/build/camera_ros2' returned '0': CMAKE_PREFIX_PATH=${CMAKE_PREFIX_PATH}:/opt/ros/foxy /usr/bin/cmake --install /home/jetson/ros2_ws/build/camera_ros2
