[0.010s] Invoking command in '/home/linux/ros2_ws/build/pub1-2': CMAKE_PREFIX_PATH=${CMAKE_PREFIX_PATH}:/opt/ros/foxy /usr/bin/cmake /home/linux/ros2_ws/src/pub1-2 -DAMENT_CMAKE_SYMLINK_INSTALL=1 -DCMAKE_INSTALL_PREFIX=/home/linux/ros2_ws/install/pub1-2
[0.124s] -- The C compiler identification is GNU 9.4.0
[0.272s] -- The CXX compiler identification is GNU 9.4.0
[0.327s] -- Check for working C compiler: /usr/bin/cc
[0.392s] -- Check for working C compiler: /usr/bin/cc -- works
[0.393s] -- Detecting C compiler ABI info
[0.456s] -- Detecting C compiler ABI info - done
[0.463s] -- Detecting C compile features
[0.463s] -- Detecting C compile features - done
[0.465s] -- Check for working CXX compiler: /usr/bin/c++
[0.534s] -- Check for working CXX compiler: /usr/bin/c++ -- works
[0.535s] -- Detecting CXX compiler ABI info
[0.619s] -- Detecting CXX compiler ABI info - done
[0.626s] -- Detecting CXX compile features
[0.626s] -- Detecting CXX compile features - done
[0.631s] -- Found ament_cmake: 0.9.12 (/opt/ros/foxy/share/ament_cmake/cmake)
[0.651s] -- Found PythonInterp: /usr/bin/python3 (found suitable version "3.8.10", minimum required is "3") 
[0.651s] -- Using PYTHON_EXECUTABLE: /usr/bin/python3
[0.759s] -- Override CMake install command with custom implementation using symlinks instead of copying resources
[0.784s] -- Found rclcpp: 2.4.3 (/opt/ros/foxy/share/rclcpp/cmake)
[0.878s] -- Using all available rosidl_typesupport_c: rosidl_typesupport_fastrtps_c;rosidl_typesupport_introspection_c
[0.884s] -- Found rosidl_adapter: 1.3.1 (/opt/ros/foxy/share/rosidl_adapter/cmake)
[1.251s] -- Found OpenSSL: /usr/lib/x86_64-linux-gnu/libcrypto.so (found version "1.1.1f")  
[1.671s] -- Found FastRTPS: /opt/ros/foxy/include  
[2.381s] -- Using all available rosidl_typesupport_cpp: rosidl_typesupport_fastrtps_cpp;rosidl_typesupport_introspection_cpp
[2.426s] -- Found rmw_implementation_cmake: 1.0.4 (/opt/ros/foxy/share/rmw_implementation_cmake/cmake)
[2.428s] -- Using RMW implementation 'rmw_fastrtps_cpp' as default
[2.429s] -- Looking for pthread.h
[2.492s] -- Looking for pthread.h - found
[2.492s] -- Performing Test CMAKE_HAVE_LIBC_PTHREAD
[2.554s] -- Performing Test CMAKE_HAVE_LIBC_PTHREAD - Failed
[2.554s] -- Looking for pthread_create in pthreads
[2.629s] -- Looking for pthread_create in pthreads - not found
[2.629s] -- Looking for pthread_create in pthread
[2.693s] -- Looking for pthread_create in pthread - found
[2.694s] -- Found Threads: TRUE  
[2.799s] -- Found geometry_msgs: 2.0.5 (/opt/ros/foxy/share/geometry_msgs/cmake)
[2.866s] -- Configuring done
[2.871s] -- Generating done
[2.873s] -- Build files have been written to: /home/linux/ros2_ws/build/pub1-2
[2.880s] Invoked command in '/home/linux/ros2_ws/build/pub1-2' returned '0': CMAKE_PREFIX_PATH=${CMAKE_PREFIX_PATH}:/opt/ros/foxy /usr/bin/cmake /home/linux/ros2_ws/src/pub1-2 -DAMENT_CMAKE_SYMLINK_INSTALL=1 -DCMAKE_INSTALL_PREFIX=/home/linux/ros2_ws/install/pub1-2
[2.882s] Invoking command in '/home/linux/ros2_ws/build/pub1-2': CMAKE_PREFIX_PATH=${CMAKE_PREFIX_PATH}:/opt/ros/foxy /usr/bin/cmake --build /home/linux/ros2_ws/build/pub1-2 -- -j10 -l10
[2.905s] [35m[1mScanning dependencies of target pub1-2[0m
[2.925s] [ 50%] [32mBuilding CXX object CMakeFiles/pub1-2.dir/src/pub1-2.cpp.o[0m
[4.578s] [100%] [32m[1mLinking CXX executable pub1-2[0m
[4.704s] [100%] Built target pub1-2
[4.713s] Invoked command in '/home/linux/ros2_ws/build/pub1-2' returned '0': CMAKE_PREFIX_PATH=${CMAKE_PREFIX_PATH}:/opt/ros/foxy /usr/bin/cmake --build /home/linux/ros2_ws/build/pub1-2 -- -j10 -l10
[4.720s] Invoking command in '/home/linux/ros2_ws/build/pub1-2': CMAKE_PREFIX_PATH=${CMAKE_PREFIX_PATH}:/opt/ros/foxy /usr/bin/cmake --install /home/linux/ros2_ws/build/pub1-2
[4.723s] -- Install configuration: ""
[4.724s] -- Execute custom install script
[4.724s] -- Symlinking: /home/linux/ros2_ws/install/pub1-2/lib/pub1-2/pub1-2
[4.729s] -- Symlinking: /home/linux/ros2_ws/install/pub1-2/share/ament_index/resource_index/package_run_dependencies/pub1-2
[4.735s] -- Symlinking: /home/linux/ros2_ws/install/pub1-2/share/ament_index/resource_index/parent_prefix_path/pub1-2
[4.741s] -- Symlinking: /home/linux/ros2_ws/install/pub1-2/share/pub1-2/environment/ament_prefix_path.sh
[4.746s] -- Symlinking: /home/linux/ros2_ws/install/pub1-2/share/pub1-2/environment/ament_prefix_path.dsv
[4.752s] -- Symlinking: /home/linux/ros2_ws/install/pub1-2/share/pub1-2/environment/path.sh
[4.756s] -- Symlinking: /home/linux/ros2_ws/install/pub1-2/share/pub1-2/environment/path.dsv
[4.761s] -- Symlinking: /home/linux/ros2_ws/install/pub1-2/share/pub1-2/local_setup.bash
[4.766s] -- Symlinking: /home/linux/ros2_ws/install/pub1-2/share/pub1-2/local_setup.sh
[4.771s] -- Symlinking: /home/linux/ros2_ws/install/pub1-2/share/pub1-2/local_setup.zsh
[4.776s] -- Symlinking: /home/linux/ros2_ws/install/pub1-2/share/pub1-2/local_setup.dsv
[4.781s] -- Symlinking: /home/linux/ros2_ws/install/pub1-2/share/pub1-2/package.dsv
[4.785s] -- Symlinking: /home/linux/ros2_ws/install/pub1-2/share/ament_index/resource_index/packages/pub1-2
[4.790s] -- Symlinking: /home/linux/ros2_ws/install/pub1-2/share/pub1-2/cmake/pub1-2Config.cmake
[4.795s] -- Symlinking: /home/linux/ros2_ws/install/pub1-2/share/pub1-2/cmake/pub1-2Config-version.cmake
[4.800s] -- Symlinking: /home/linux/ros2_ws/install/pub1-2/share/pub1-2/package.xml
[4.806s] Invoked command in '/home/linux/ros2_ws/build/pub1-2' returned '0': CMAKE_PREFIX_PATH=${CMAKE_PREFIX_PATH}:/opt/ros/foxy /usr/bin/cmake --install /home/linux/ros2_ws/build/pub1-2
