[0.015s] Invoking command in '/home/linux/ros2_ws/build/pub2': CMAKE_PREFIX_PATH=${CMAKE_PREFIX_PATH}:/opt/ros/foxy /usr/bin/cmake /home/linux/ros2_ws/src/pub2 -DAMENT_CMAKE_SYMLINK_INSTALL=1 -DCMAKE_INSTALL_PREFIX=/home/linux/ros2_ws/install/pub2
[0.127s] -- The C compiler identification is GNU 9.4.0
[0.254s] -- The CXX compiler identification is GNU 9.4.0
[0.296s] -- Check for working C compiler: /usr/bin/cc
[0.373s] -- Check for working C compiler: /usr/bin/cc -- works
[0.375s] -- Detecting C compiler ABI info
[0.442s] -- Detecting C compiler ABI info - done
[0.449s] -- Detecting C compile features
[0.449s] -- Detecting C compile features - done
[0.451s] -- Check for working CXX compiler: /usr/bin/c++
[0.580s] -- Check for working CXX compiler: /usr/bin/c++ -- works
[0.581s] -- Detecting CXX compiler ABI info
[0.660s] -- Detecting CXX compiler ABI info - done
[0.667s] -- Detecting CXX compile features
[0.667s] -- Detecting CXX compile features - done
[0.670s] -- Found ament_cmake: 0.9.12 (/opt/ros/foxy/share/ament_cmake/cmake)
[0.690s] -- Found PythonInterp: /usr/bin/python3 (found suitable version "3.8.10", minimum required is "3") 
[0.690s] -- Using PYTHON_EXECUTABLE: /usr/bin/python3
[0.809s] -- Override CMake install command with custom implementation using symlinks instead of copying resources
[0.837s] -- Found rclcpp: 2.4.3 (/opt/ros/foxy/share/rclcpp/cmake)
[0.955s] -- Using all available rosidl_typesupport_c: rosidl_typesupport_fastrtps_c;rosidl_typesupport_introspection_c
[0.962s] -- Found rosidl_adapter: 1.3.1 (/opt/ros/foxy/share/rosidl_adapter/cmake)
[1.452s] -- Found OpenSSL: /usr/lib/x86_64-linux-gnu/libcrypto.so (found version "1.1.1f")  
[1.892s] -- Found FastRTPS: /opt/ros/foxy/include  
[2.700s] -- Using all available rosidl_typesupport_cpp: rosidl_typesupport_fastrtps_cpp;rosidl_typesupport_introspection_cpp
[2.750s] -- Found rmw_implementation_cmake: 1.0.4 (/opt/ros/foxy/share/rmw_implementation_cmake/cmake)
[2.752s] -- Using RMW implementation 'rmw_fastrtps_cpp' as default
[2.753s] -- Looking for pthread.h
[2.826s] -- Looking for pthread.h - found
[2.826s] -- Performing Test CMAKE_HAVE_LIBC_PTHREAD
[2.904s] -- Performing Test CMAKE_HAVE_LIBC_PTHREAD - Failed
[2.905s] -- Looking for pthread_create in pthreads
[2.963s] -- Looking for pthread_create in pthreads - not found
[2.963s] -- Looking for pthread_create in pthread
[3.032s] -- Looking for pthread_create in pthread - found
[3.033s] -- Found Threads: TRUE  
[3.196s] -- Configuring done
[3.201s] -- Generating done
[3.203s] -- Build files have been written to: /home/linux/ros2_ws/build/pub2
[3.210s] Invoked command in '/home/linux/ros2_ws/build/pub2' returned '0': CMAKE_PREFIX_PATH=${CMAKE_PREFIX_PATH}:/opt/ros/foxy /usr/bin/cmake /home/linux/ros2_ws/src/pub2 -DAMENT_CMAKE_SYMLINK_INSTALL=1 -DCMAKE_INSTALL_PREFIX=/home/linux/ros2_ws/install/pub2
[3.212s] Invoking command in '/home/linux/ros2_ws/build/pub2': CMAKE_PREFIX_PATH=${CMAKE_PREFIX_PATH}:/opt/ros/foxy /usr/bin/cmake --build /home/linux/ros2_ws/build/pub2 -- -j10 -l10
[3.237s] [35m[1mScanning dependencies of target pub2[0m
[3.258s] [ 50%] [32mBuilding CXX object CMakeFiles/pub2.dir/src/pub2.cpp.o[0m
[5.211s] [100%] [32m[1mLinking CXX executable pub2[0m
[5.364s] [100%] Built target pub2
[5.371s] Invoked command in '/home/linux/ros2_ws/build/pub2' returned '0': CMAKE_PREFIX_PATH=${CMAKE_PREFIX_PATH}:/opt/ros/foxy /usr/bin/cmake --build /home/linux/ros2_ws/build/pub2 -- -j10 -l10
[5.380s] Invoking command in '/home/linux/ros2_ws/build/pub2': CMAKE_PREFIX_PATH=${CMAKE_PREFIX_PATH}:/opt/ros/foxy /usr/bin/cmake --install /home/linux/ros2_ws/build/pub2
[5.384s] -- Install configuration: ""
[5.384s] -- Execute custom install script
[5.385s] -- Symlinking: /home/linux/ros2_ws/install/pub2/lib/pub2/pub2
[5.392s] -- Symlinking: /home/linux/ros2_ws/install/pub2/share/ament_index/resource_index/package_run_dependencies/pub2
[5.397s] -- Symlinking: /home/linux/ros2_ws/install/pub2/share/ament_index/resource_index/parent_prefix_path/pub2
[5.403s] -- Symlinking: /home/linux/ros2_ws/install/pub2/share/pub2/environment/ament_prefix_path.sh
[5.409s] -- Symlinking: /home/linux/ros2_ws/install/pub2/share/pub2/environment/ament_prefix_path.dsv
[5.415s] -- Symlinking: /home/linux/ros2_ws/install/pub2/share/pub2/environment/path.sh
[5.420s] -- Symlinking: /home/linux/ros2_ws/install/pub2/share/pub2/environment/path.dsv
[5.426s] -- Symlinking: /home/linux/ros2_ws/install/pub2/share/pub2/local_setup.bash
[5.431s] -- Symlinking: /home/linux/ros2_ws/install/pub2/share/pub2/local_setup.sh
[5.437s] -- Symlinking: /home/linux/ros2_ws/install/pub2/share/pub2/local_setup.zsh
[5.443s] -- Symlinking: /home/linux/ros2_ws/install/pub2/share/pub2/local_setup.dsv
[5.449s] -- Symlinking: /home/linux/ros2_ws/install/pub2/share/pub2/package.dsv
[5.456s] -- Symlinking: /home/linux/ros2_ws/install/pub2/share/ament_index/resource_index/packages/pub2
[5.463s] -- Symlinking: /home/linux/ros2_ws/install/pub2/share/pub2/cmake/pub2Config.cmake
[5.469s] -- Symlinking: /home/linux/ros2_ws/install/pub2/share/pub2/cmake/pub2Config-version.cmake
[5.475s] -- Symlinking: /home/linux/ros2_ws/install/pub2/share/pub2/package.xml
[5.483s] Invoked command in '/home/linux/ros2_ws/build/pub2' returned '0': CMAKE_PREFIX_PATH=${CMAKE_PREFIX_PATH}:/opt/ros/foxy /usr/bin/cmake --install /home/linux/ros2_ws/build/pub2
