[0.972s] DEBUG:colcon:Command line arguments: ['/usr/bin/colcon', 'build', '--symlink-install', '--packages-select', 'camera_ros2']
[0.972s] DEBUG:colcon:Parsed command line arguments: Namespace(allow_overriding=[], ament_cmake_args=None, base_paths=['.'], build_base='build', catkin_cmake_args=None, catkin_skip_building_tests=False, cmake_args=None, cmake_clean_cache=False, cmake_clean_first=False, cmake_force_configure=False, cmake_target=None, cmake_target_skip_unavailable=False, continue_on_error=False, event_handlers=None, executor='parallel', ignore_user_meta=False, install_base='install', log_base=None, log_level=None, main=<bound method BuildVerb.main of <colcon_core.verb.build.BuildVerb object at 0x7fafc6a9a0>>, merge_install=False, metas=['./colcon.meta'], packages_above=None, packages_above_and_dependencies=None, packages_above_depth=None, packages_end=None, packages_ignore=None, packages_ignore_regex=None, packages_select=['camera_ros2'], packages_select_build_failed=False, packages_select_by_dep=None, packages_select_regex=None, packages_select_test_failures=False, packages_skip=None, packages_skip_build_finished=False, packages_skip_by_dep=None, packages_skip_regex=None, packages_skip_test_passed=False, packages_skip_up_to=None, packages_start=None, packages_up_to=None, packages_up_to_regex=None, parallel_workers=4, paths=None, symlink_install=True, test_result_base=None, verb_extension=<colcon_core.verb.build.BuildVerb object at 0x7fafc6a9a0>, verb_name='build', verb_parser=<colcon_defaults.argument_parser.defaults.DefaultArgumentsDecorator object at 0x7fafb54970>)
[2.000s] Level 1:colcon.colcon_core.package_discovery:discover_packages(colcon_meta) check parameters
[2.001s] Level 1:colcon.colcon_core.package_discovery:discover_packages(recursive) check parameters
[2.001s] Level 1:colcon.colcon_core.package_discovery:discover_packages(ignore) check parameters
[2.001s] Level 1:colcon.colcon_core.package_discovery:discover_packages(path) check parameters
[2.001s] Level 1:colcon.colcon_core.package_discovery:discover_packages(colcon_meta) discover
[2.001s] Level 1:colcon.colcon_core.package_discovery:discover_packages(recursive) discover
[2.008s] INFO:colcon.colcon_core.package_discovery:Crawling recursively for packages in '/home/jetson/ros2_ws'
[2.009s] Level 1:colcon.colcon_core.package_identification:_identify(.) by extensions ['ignore', 'ignore_ament_install']
[2.009s] Level 1:colcon.colcon_core.package_identification:_identify(.) by extension 'ignore'
[2.009s] Level 1:colcon.colcon_core.package_identification:_identify(.) by extension 'ignore_ament_install'
[2.010s] Level 1:colcon.colcon_core.package_identification:_identify(.) by extensions ['colcon_pkg']
[2.010s] Level 1:colcon.colcon_core.package_identification:_identify(.) by extension 'colcon_pkg'
[2.010s] Level 1:colcon.colcon_core.package_identification:_identify(.) by extensions ['colcon_meta']
[2.010s] Level 1:colcon.colcon_core.package_identification:_identify(.) by extension 'colcon_meta'
[2.011s] Level 1:colcon.colcon_core.package_identification:_identify(.) by extensions ['ros']
[2.011s] Level 1:colcon.colcon_core.package_identification:_identify(.) by extension 'ros'
[2.098s] Level 1:colcon.colcon_core.package_identification:_identify(.) by extensions ['cmake', 'python']
[2.098s] Level 1:colcon.colcon_core.package_identification:_identify(.) by extension 'cmake'
[2.098s] Level 1:colcon.colcon_core.package_identification:_identify(.) by extension 'python'
[2.099s] Level 1:colcon.colcon_core.package_identification:_identify(.) by extensions ['python_setup_py']
[2.099s] Level 1:colcon.colcon_core.package_identification:_identify(.) by extension 'python_setup_py'
[2.099s] Level 1:colcon.colcon_core.package_identification:_identify(build) by extensions ['ignore', 'ignore_ament_install']
[2.100s] Level 1:colcon.colcon_core.package_identification:_identify(build) by extension 'ignore'
[2.100s] Level 1:colcon.colcon_core.package_identification:_identify(build) ignored
[2.101s] Level 1:colcon.colcon_core.package_identification:_identify(install) by extensions ['ignore', 'ignore_ament_install']
[2.101s] Level 1:colcon.colcon_core.package_identification:_identify(install) by extension 'ignore'
[2.101s] Level 1:colcon.colcon_core.package_identification:_identify(install) ignored
[2.102s] Level 1:colcon.colcon_core.package_identification:_identify(log) by extensions ['ignore', 'ignore_ament_install']
[2.102s] Level 1:colcon.colcon_core.package_identification:_identify(log) by extension 'ignore'
[2.103s] Level 1:colcon.colcon_core.package_identification:_identify(log) ignored
[2.103s] Level 1:colcon.colcon_core.package_identification:_identify(src) by extensions ['ignore', 'ignore_ament_install']
[2.103s] Level 1:colcon.colcon_core.package_identification:_identify(src) by extension 'ignore'
[2.103s] Level 1:colcon.colcon_core.package_identification:_identify(src) by extension 'ignore_ament_install'
[2.104s] Level 1:colcon.colcon_core.package_identification:_identify(src) by extensions ['colcon_pkg']
[2.104s] Level 1:colcon.colcon_core.package_identification:_identify(src) by extension 'colcon_pkg'
[2.104s] Level 1:colcon.colcon_core.package_identification:_identify(src) by extensions ['colcon_meta']
[2.104s] Level 1:colcon.colcon_core.package_identification:_identify(src) by extension 'colcon_meta'
[2.105s] Level 1:colcon.colcon_core.package_identification:_identify(src) by extensions ['ros']
[2.105s] Level 1:colcon.colcon_core.package_identification:_identify(src) by extension 'ros'
[2.105s] Level 1:colcon.colcon_core.package_identification:_identify(src) by extensions ['cmake', 'python']
[2.105s] Level 1:colcon.colcon_core.package_identification:_identify(src) by extension 'cmake'
[2.106s] Level 1:colcon.colcon_core.package_identification:_identify(src) by extension 'python'
[2.106s] Level 1:colcon.colcon_core.package_identification:_identify(src) by extensions ['python_setup_py']
[2.106s] Level 1:colcon.colcon_core.package_identification:_identify(src) by extension 'python_setup_py'
[2.107s] Level 1:colcon.colcon_core.package_identification:_identify(src/camera_ros2) by extensions ['ignore', 'ignore_ament_install']
[2.107s] Level 1:colcon.colcon_core.package_identification:_identify(src/camera_ros2) by extension 'ignore'
[2.107s] Level 1:colcon.colcon_core.package_identification:_identify(src/camera_ros2) by extension 'ignore_ament_install'
[2.108s] Level 1:colcon.colcon_core.package_identification:_identify(src/camera_ros2) by extensions ['colcon_pkg']
[2.108s] Level 1:colcon.colcon_core.package_identification:_identify(src/camera_ros2) by extension 'colcon_pkg'
[2.108s] Level 1:colcon.colcon_core.package_identification:_identify(src/camera_ros2) by extensions ['colcon_meta']
[2.108s] Level 1:colcon.colcon_core.package_identification:_identify(src/camera_ros2) by extension 'colcon_meta'
[2.108s] Level 1:colcon.colcon_core.package_identification:_identify(src/camera_ros2) by extensions ['ros']
[2.109s] Level 1:colcon.colcon_core.package_identification:_identify(src/camera_ros2) by extension 'ros'
[2.119s] DEBUG:colcon.colcon_core.package_identification:Package 'src/camera_ros2' with type 'ros.ament_cmake' and name 'camera_ros2'
[2.119s] Level 1:colcon.colcon_core.package_discovery:discover_packages(recursive) using defaults
[2.119s] Level 1:colcon.colcon_core.package_discovery:discover_packages(ignore) discover
[2.120s] Level 1:colcon.colcon_core.package_discovery:discover_packages(ignore) using defaults
[2.120s] Level 1:colcon.colcon_core.package_discovery:discover_packages(path) discover
[2.120s] Level 1:colcon.colcon_core.package_discovery:discover_packages(path) using defaults
[2.207s] Level 1:colcon.colcon_core.package_discovery:discover_packages(prefix_path) check parameters
[2.208s] Level 1:colcon.colcon_core.package_discovery:discover_packages(prefix_path) discover
[2.215s] DEBUG:colcon.colcon_installed_package_information.package_discovery:Found 1 installed packages in /home/jetson/ros2_ws/install
[2.222s] DEBUG:colcon.colcon_installed_package_information.package_discovery:Found 258 installed packages in /opt/ros/foxy
[2.231s] Level 1:colcon.colcon_core.package_discovery:discover_packages(prefix_path) using defaults
[2.552s] Level 5:colcon.colcon_core.verb:set package 'camera_ros2' build argument 'cmake_args' from command line to 'None'
[2.552s] Level 5:colcon.colcon_core.verb:set package 'camera_ros2' build argument 'cmake_target' from command line to 'None'
[2.553s] Level 5:colcon.colcon_core.verb:set package 'camera_ros2' build argument 'cmake_target_skip_unavailable' from command line to 'False'
[2.553s] Level 5:colcon.colcon_core.verb:set package 'camera_ros2' build argument 'cmake_clean_cache' from command line to 'False'
[2.553s] Level 5:colcon.colcon_core.verb:set package 'camera_ros2' build argument 'cmake_clean_first' from command line to 'False'
[2.553s] Level 5:colcon.colcon_core.verb:set package 'camera_ros2' build argument 'cmake_force_configure' from command line to 'False'
[2.553s] Level 5:colcon.colcon_core.verb:set package 'camera_ros2' build argument 'ament_cmake_args' from command line to 'None'
[2.553s] Level 5:colcon.colcon_core.verb:set package 'camera_ros2' build argument 'catkin_cmake_args' from command line to 'None'
[2.554s] Level 5:colcon.colcon_core.verb:set package 'camera_ros2' build argument 'catkin_skip_building_tests' from command line to 'False'
[2.554s] DEBUG:colcon.colcon_core.verb:Building package 'camera_ros2' with the following arguments: {'ament_cmake_args': None, 'build_base': '/home/jetson/ros2_ws/build/camera_ros2', 'catkin_cmake_args': None, 'catkin_skip_building_tests': False, 'cmake_args': None, 'cmake_clean_cache': False, 'cmake_clean_first': False, 'cmake_force_configure': False, 'cmake_target': None, 'cmake_target_skip_unavailable': False, 'install_base': '/home/jetson/ros2_ws/install/camera_ros2', 'merge_install': False, 'path': '/home/jetson/ros2_ws/src/camera_ros2', 'symlink_install': True, 'test_result_base': None}
[2.554s] INFO:colcon.colcon_core.executor:Executing jobs using 'parallel' executor
[2.558s] DEBUG:colcon.colcon_parallel_executor.executor.parallel:run_until_complete
[2.559s] INFO:colcon.colcon_ros.task.ament_cmake.build:Building ROS package in '/home/jetson/ros2_ws/src/camera_ros2' with build type 'ament_cmake'
[2.559s] INFO:colcon.colcon_cmake.task.cmake.build:Building CMake package in '/home/jetson/ros2_ws/src/camera_ros2'
[2.568s] INFO:colcon.colcon_core.plugin_system:Skipping extension 'colcon_core.shell.bat': Not used on non-Windows systems
[2.569s] INFO:colcon.colcon_core.shell:Skip shell extension 'powershell' for command environment: Not usable outside of PowerShell
[2.569s] DEBUG:colcon.colcon_core.shell:Skip shell extension 'dsv' for command environment
[2.606s] DEBUG:colcon.colcon_core.event_handler.log_command:Invoking command in '/home/jetson/ros2_ws/build/camera_ros2': CMAKE_PREFIX_PATH=${CMAKE_PREFIX_PATH}:/opt/ros/foxy /usr/bin/cmake --build /home/jetson/ros2_ws/build/camera_ros2 -- -j4 -l4
[19.877s] DEBUG:colcon.colcon_core.event_handler.log_command:Invoked command in '/home/jetson/ros2_ws/build/camera_ros2' returned '0': CMAKE_PREFIX_PATH=${CMAKE_PREFIX_PATH}:/opt/ros/foxy /usr/bin/cmake --build /home/jetson/ros2_ws/build/camera_ros2 -- -j4 -l4
[19.999s] DEBUG:colcon.colcon_core.event_handler.log_command:Invoking command in '/home/jetson/ros2_ws/build/camera_ros2': CMAKE_PREFIX_PATH=${CMAKE_PREFIX_PATH}:/opt/ros/foxy /usr/bin/cmake --install /home/jetson/ros2_ws/build/camera_ros2
[20.078s] Level 1:colcon.colcon_core.environment:create_environment_scripts_only(camera_ros2)
[20.081s] DEBUG:colcon.colcon_core.event_handler.log_command:Invoked command in '/home/jetson/ros2_ws/build/camera_ros2' returned '0': CMAKE_PREFIX_PATH=${CMAKE_PREFIX_PATH}:/opt/ros/foxy /usr/bin/cmake --install /home/jetson/ros2_ws/build/camera_ros2
[20.089s] Level 1:colcon.colcon_core.environment:checking '/home/jetson/ros2_ws/install/camera_ros2' for CMake module files
[20.092s] Level 1:colcon.colcon_core.environment:checking '/home/jetson/ros2_ws/install/camera_ros2' for CMake config files
[20.093s] Level 1:colcon.colcon_core.shell:create_environment_hook('camera_ros2', 'cmake_prefix_path')
[20.094s] INFO:colcon.colcon_core.shell:Creating environment hook '/home/jetson/ros2_ws/install/camera_ros2/share/camera_ros2/hook/cmake_prefix_path.ps1'
[20.096s] INFO:colcon.colcon_core.shell:Creating environment descriptor '/home/jetson/ros2_ws/install/camera_ros2/share/camera_ros2/hook/cmake_prefix_path.dsv'
[20.098s] INFO:colcon.colcon_core.shell:Creating environment hook '/home/jetson/ros2_ws/install/camera_ros2/share/camera_ros2/hook/cmake_prefix_path.sh'
[20.101s] Level 1:colcon.colcon_core.environment:checking '/home/jetson/ros2_ws/install/camera_ros2/lib'
[20.102s] Level 1:colcon.colcon_core.environment:checking '/home/jetson/ros2_ws/install/camera_ros2/bin'
[20.103s] Level 1:colcon.colcon_core.environment:checking '/home/jetson/ros2_ws/install/camera_ros2/lib/pkgconfig/camera_ros2.pc'
[20.104s] Level 1:colcon.colcon_core.environment:checking '/home/jetson/ros2_ws/install/camera_ros2/lib/python3.8/site-packages'
[20.104s] Level 1:colcon.colcon_core.environment:checking '/home/jetson/ros2_ws/install/camera_ros2/bin'
[20.106s] INFO:colcon.colcon_core.shell:Creating package script '/home/jetson/ros2_ws/install/camera_ros2/share/camera_ros2/package.ps1'
[20.109s] INFO:colcon.colcon_core.shell:Creating package descriptor '/home/jetson/ros2_ws/install/camera_ros2/share/camera_ros2/package.dsv'
[20.112s] INFO:colcon.colcon_core.shell:Creating package script '/home/jetson/ros2_ws/install/camera_ros2/share/camera_ros2/package.sh'
[20.115s] INFO:colcon.colcon_core.shell:Creating package script '/home/jetson/ros2_ws/install/camera_ros2/share/camera_ros2/package.bash'
[20.117s] INFO:colcon.colcon_core.shell:Creating package script '/home/jetson/ros2_ws/install/camera_ros2/share/camera_ros2/package.zsh'
[20.120s] Level 1:colcon.colcon_core.environment:create_file_with_runtime_dependencies(/home/jetson/ros2_ws/install/camera_ros2/share/colcon-core/packages/camera_ros2)
[20.201s] Level 1:colcon.colcon_core.environment:create_environment_scripts_only(camera_ros2)
[20.203s] Level 1:colcon.colcon_core.environment:checking '/home/jetson/ros2_ws/install/camera_ros2' for CMake module files
[20.207s] Level 1:colcon.colcon_core.environment:checking '/home/jetson/ros2_ws/install/camera_ros2' for CMake config files
[20.208s] Level 1:colcon.colcon_core.shell:create_environment_hook('camera_ros2', 'cmake_prefix_path')
[20.209s] INFO:colcon.colcon_core.shell:Creating environment hook '/home/jetson/ros2_ws/install/camera_ros2/share/camera_ros2/hook/cmake_prefix_path.ps1'
[20.212s] INFO:colcon.colcon_core.shell:Creating environment descriptor '/home/jetson/ros2_ws/install/camera_ros2/share/camera_ros2/hook/cmake_prefix_path.dsv'
[20.214s] INFO:colcon.colcon_core.shell:Creating environment hook '/home/jetson/ros2_ws/install/camera_ros2/share/camera_ros2/hook/cmake_prefix_path.sh'
[20.216s] Level 1:colcon.colcon_core.environment:checking '/home/jetson/ros2_ws/install/camera_ros2/lib'
[20.217s] Level 1:colcon.colcon_core.environment:checking '/home/jetson/ros2_ws/install/camera_ros2/bin'
[20.217s] Level 1:colcon.colcon_core.environment:checking '/home/jetson/ros2_ws/install/camera_ros2/lib/pkgconfig/camera_ros2.pc'
[20.218s] Level 1:colcon.colcon_core.environment:checking '/home/jetson/ros2_ws/install/camera_ros2/lib/python3.8/site-packages'
[20.218s] Level 1:colcon.colcon_core.environment:checking '/home/jetson/ros2_ws/install/camera_ros2/bin'
[20.220s] INFO:colcon.colcon_core.shell:Creating package script '/home/jetson/ros2_ws/install/camera_ros2/share/camera_ros2/package.ps1'
[20.222s] INFO:colcon.colcon_core.shell:Creating package descriptor '/home/jetson/ros2_ws/install/camera_ros2/share/camera_ros2/package.dsv'
[20.224s] INFO:colcon.colcon_core.shell:Creating package script '/home/jetson/ros2_ws/install/camera_ros2/share/camera_ros2/package.sh'
[20.226s] INFO:colcon.colcon_core.shell:Creating package script '/home/jetson/ros2_ws/install/camera_ros2/share/camera_ros2/package.bash'
[20.228s] INFO:colcon.colcon_core.shell:Creating package script '/home/jetson/ros2_ws/install/camera_ros2/share/camera_ros2/package.zsh'
[20.229s] Level 1:colcon.colcon_core.environment:create_file_with_runtime_dependencies(/home/jetson/ros2_ws/install/camera_ros2/share/colcon-core/packages/camera_ros2)
[20.230s] DEBUG:colcon.colcon_parallel_executor.executor.parallel:closing loop
[20.231s] DEBUG:colcon.colcon_parallel_executor.executor.parallel:loop closed
[20.232s] DEBUG:colcon.colcon_parallel_executor.executor.parallel:run_until_complete finished with '0'
[20.232s] DEBUG:colcon.colcon_core.event_reactor:joining thread
[20.253s] INFO:colcon.colcon_core.plugin_system:Skipping extension 'colcon_notification.desktop_notification.terminal_notifier': Not used on non-Darwin systems
[20.253s] INFO:colcon.colcon_core.plugin_system:Skipping extension 'colcon_notification.desktop_notification.win32': Not used on non-Windows systems
[20.253s] INFO:colcon.colcon_notification.desktop_notification:Sending desktop notification using 'notify2'
[20.290s] DEBUG:colcon.colcon_core.event_reactor:joined thread
[20.292s] INFO:colcon.colcon_core.shell:Creating prefix script '/home/jetson/ros2_ws/install/local_setup.ps1'
[20.295s] INFO:colcon.colcon_core.shell:Creating prefix util module '/home/jetson/ros2_ws/install/_local_setup_util_ps1.py'
[20.301s] INFO:colcon.colcon_core.shell:Creating prefix chain script '/home/jetson/ros2_ws/install/setup.ps1'
[20.305s] INFO:colcon.colcon_core.shell:Creating prefix script '/home/jetson/ros2_ws/install/local_setup.sh'
[20.307s] INFO:colcon.colcon_core.shell:Creating prefix util module '/home/jetson/ros2_ws/install/_local_setup_util_sh.py'
[20.309s] INFO:colcon.colcon_core.shell:Creating prefix chain script '/home/jetson/ros2_ws/install/setup.sh'
[20.313s] INFO:colcon.colcon_core.shell:Creating prefix script '/home/jetson/ros2_ws/install/local_setup.bash'
[20.314s] INFO:colcon.colcon_core.shell:Creating prefix chain script '/home/jetson/ros2_ws/install/setup.bash'
[20.318s] INFO:colcon.colcon_core.shell:Creating prefix script '/home/jetson/ros2_ws/install/local_setup.zsh'
[20.320s] INFO:colcon.colcon_core.shell:Creating prefix chain script '/home/jetson/ros2_ws/install/setup.zsh'
