[0.013s] Invoking command in '/home/linux/ros2_ws/build/pub2-2': CMAKE_PREFIX_PATH=${CMAKE_PREFIX_PATH}:/opt/ros/foxy /usr/bin/cmake /home/linux/ros2_ws/src/pub2-2 -DAMENT_CMAKE_SYMLINK_INSTALL=1 -DCMAKE_INSTALL_PREFIX=/home/linux/ros2_ws/install/pub2-2
[0.101s] -- The C compiler identification is GNU 9.4.0
[0.218s] -- The CXX compiler identification is GNU 9.4.0
[0.271s] -- Check for working C compiler: /usr/bin/cc
[0.348s] -- Check for working C compiler: /usr/bin/cc -- works
[0.348s] -- Detecting C compiler ABI info
[0.414s] -- Detecting C compiler ABI info - done
[0.421s] -- Detecting C compile features
[0.421s] -- Detecting C compile features - done
[0.422s] -- Check for working CXX compiler: /usr/bin/c++
[0.496s] -- Check for working CXX compiler: /usr/bin/c++ -- works
[0.497s] -- Detecting CXX compiler ABI info
[0.570s] -- Detecting CXX compiler ABI info - done
[0.577s] -- Detecting CXX compile features
[0.577s] -- Detecting CXX compile features - done
[0.579s] -- Found ament_cmake: 0.9.12 (/opt/ros/foxy/share/ament_cmake/cmake)
[0.597s] -- Found PythonInterp: /usr/bin/python3 (found suitable version "3.8.10", minimum required is "3") 
[0.597s] -- Using PYTHON_EXECUTABLE: /usr/bin/python3
[0.711s] -- Override CMake install command with custom implementation using symlinks instead of copying resources
[0.726s] -- Found rclcpp: 2.4.3 (/opt/ros/foxy/share/rclcpp/cmake)
[0.796s] -- Using all available rosidl_typesupport_c: rosidl_typesupport_fastrtps_c;rosidl_typesupport_introspection_c
[0.800s] -- Found rosidl_adapter: 1.3.1 (/opt/ros/foxy/share/rosidl_adapter/cmake)
[1.287s] -- Found OpenSSL: /usr/lib/x86_64-linux-gnu/libcrypto.so (found version "1.1.1f")  
[1.799s] -- Found FastRTPS: /opt/ros/foxy/include  
[2.637s] -- Using all available rosidl_typesupport_cpp: rosidl_typesupport_fastrtps_cpp;rosidl_typesupport_introspection_cpp
[2.671s] -- Found rmw_implementation_cmake: 1.0.4 (/opt/ros/foxy/share/rmw_implementation_cmake/cmake)
[2.681s] -- Using RMW implementation 'rmw_fastrtps_cpp' as default
[2.681s] -- Looking for pthread.h
[2.750s] -- Looking for pthread.h - found
[2.750s] -- Performing Test CMAKE_HAVE_LIBC_PTHREAD
[2.820s] -- Performing Test CMAKE_HAVE_LIBC_PTHREAD - Failed
[2.820s] -- Looking for pthread_create in pthreads
[2.884s] -- Looking for pthread_create in pthreads - not found
[2.884s] -- Looking for pthread_create in pthread
[2.958s] -- Looking for pthread_create in pthread - found
[2.959s] -- Found Threads: TRUE  
[3.053s] -- Found geometry_msgs: 2.0.5 (/opt/ros/foxy/share/geometry_msgs/cmake)
[3.123s] -- Configuring done
[3.129s] -- Generating done
[3.132s] -- Build files have been written to: /home/linux/ros2_ws/build/pub2-2
[3.137s] Invoked command in '/home/linux/ros2_ws/build/pub2-2' returned '0': CMAKE_PREFIX_PATH=${CMAKE_PREFIX_PATH}:/opt/ros/foxy /usr/bin/cmake /home/linux/ros2_ws/src/pub2-2 -DAMENT_CMAKE_SYMLINK_INSTALL=1 -DCMAKE_INSTALL_PREFIX=/home/linux/ros2_ws/install/pub2-2
[3.140s] Invoking command in '/home/linux/ros2_ws/build/pub2-2': CMAKE_PREFIX_PATH=${CMAKE_PREFIX_PATH}:/opt/ros/foxy /usr/bin/cmake --build /home/linux/ros2_ws/build/pub2-2 -- -j10 -l10
[3.163s] [35m[1mScanning dependencies of target pub2-2[0m
[3.183s] [ 50%] [32mBuilding CXX object CMakeFiles/pub2-2.dir/src/pub2-2.cpp.o[0m
[5.225s] [100%] [32m[1mLinking CXX executable pub2-2[0m
[5.348s] [100%] Built target pub2-2
[5.355s] Invoked command in '/home/linux/ros2_ws/build/pub2-2' returned '0': CMAKE_PREFIX_PATH=${CMAKE_PREFIX_PATH}:/opt/ros/foxy /usr/bin/cmake --build /home/linux/ros2_ws/build/pub2-2 -- -j10 -l10
[5.365s] Invoking command in '/home/linux/ros2_ws/build/pub2-2': CMAKE_PREFIX_PATH=${CMAKE_PREFIX_PATH}:/opt/ros/foxy /usr/bin/cmake --install /home/linux/ros2_ws/build/pub2-2
[5.369s] -- Install configuration: ""
[5.369s] -- Execute custom install script
[5.370s] -- Symlinking: /home/linux/ros2_ws/install/pub2-2/lib/pub2-2/pub2-2
[5.376s] -- Symlinking: /home/linux/ros2_ws/install/pub2-2/share/ament_index/resource_index/package_run_dependencies/pub2-2
[5.381s] -- Symlinking: /home/linux/ros2_ws/install/pub2-2/share/ament_index/resource_index/parent_prefix_path/pub2-2
[5.386s] -- Symlinking: /home/linux/ros2_ws/install/pub2-2/share/pub2-2/environment/ament_prefix_path.sh
[5.392s] -- Symlinking: /home/linux/ros2_ws/install/pub2-2/share/pub2-2/environment/ament_prefix_path.dsv
[5.398s] -- Symlinking: /home/linux/ros2_ws/install/pub2-2/share/pub2-2/environment/path.sh
[5.403s] -- Symlinking: /home/linux/ros2_ws/install/pub2-2/share/pub2-2/environment/path.dsv
[5.409s] -- Symlinking: /home/linux/ros2_ws/install/pub2-2/share/pub2-2/local_setup.bash
[5.414s] -- Symlinking: /home/linux/ros2_ws/install/pub2-2/share/pub2-2/local_setup.sh
[5.420s] -- Symlinking: /home/linux/ros2_ws/install/pub2-2/share/pub2-2/local_setup.zsh
[5.426s] -- Symlinking: /home/linux/ros2_ws/install/pub2-2/share/pub2-2/local_setup.dsv
[5.431s] -- Symlinking: /home/linux/ros2_ws/install/pub2-2/share/pub2-2/package.dsv
[5.436s] -- Symlinking: /home/linux/ros2_ws/install/pub2-2/share/ament_index/resource_index/packages/pub2-2
[5.443s] -- Symlinking: /home/linux/ros2_ws/install/pub2-2/share/pub2-2/cmake/pub2-2Config.cmake
[5.449s] -- Symlinking: /home/linux/ros2_ws/install/pub2-2/share/pub2-2/cmake/pub2-2Config-version.cmake
[5.454s] -- Symlinking: /home/linux/ros2_ws/install/pub2-2/share/pub2-2/package.xml
[5.462s] Invoked command in '/home/linux/ros2_ws/build/pub2-2' returned '0': CMAKE_PREFIX_PATH=${CMAKE_PREFIX_PATH}:/opt/ros/foxy /usr/bin/cmake --install /home/linux/ros2_ws/build/pub2-2
