[0.049s] Invoking command in '/home/jetson/ros2_ws/build/camera_ros2': CMAKE_PREFIX_PATH=${CMAKE_PREFIX_PATH}:/opt/ros/foxy /usr/bin/cmake --build /home/jetson/ros2_ws/build/camera_ros2 -- -j4 -l4
[0.283s] [35m[1mScanning dependencies of target pub[0m
[0.283s] [35m[1mScanning dependencies of target sub[0m
[0.419s] [ 25%] [32mBuilding CXX object CMakeFiles/sub.dir/src/sub.cpp.o[0m
[0.429s] [ 50%] [32mBuilding CXX object CMakeFiles/pub.dir/src/pub.cpp.o[0m
[20.260s] [ 75%] [32m[1mLinking CXX executable pub[0m
[23.424s] /usr/bin/ld: warning: libopencv_core.so.4.2, needed by /opt/ros/foxy/lib/libcv_bridge.so, may conflict with libopencv_core.so.408
[23.461s] [ 75%] Built target pub
[27.981s] [100%] [32m[1mLinking CXX executable sub[0m
[29.623s] [100%] Built target sub
[29.661s] Invoked command in '/home/jetson/ros2_ws/build/camera_ros2' returned '0': CMAKE_PREFIX_PATH=${CMAKE_PREFIX_PATH}:/opt/ros/foxy /usr/bin/cmake --build /home/jetson/ros2_ws/build/camera_ros2 -- -j4 -l4
[29.795s] Invoking command in '/home/jetson/ros2_ws/build/camera_ros2': CMAKE_PREFIX_PATH=${CMAKE_PREFIX_PATH}:/opt/ros/foxy /usr/bin/cmake --install /home/jetson/ros2_ws/build/camera_ros2
[29.832s] -- Install configuration: ""
[29.833s] -- Execute custom install script
[29.835s] -- Up-to-date symlink: /home/jetson/ros2_ws/install/camera_ros2/lib/camera_ros2/pub
[29.836s] -- Up-to-date symlink: /home/jetson/ros2_ws/install/camera_ros2/lib/camera_ros2/sub
[29.838s] -- Up-to-date symlink: /home/jetson/ros2_ws/install/camera_ros2/share/ament_index/resource_index/package_run_dependencies/camera_ros2
[29.840s] -- Up-to-date symlink: /home/jetson/ros2_ws/install/camera_ros2/share/ament_index/resource_index/parent_prefix_path/camera_ros2
[29.842s] -- Up-to-date symlink: /home/jetson/ros2_ws/install/camera_ros2/share/camera_ros2/environment/ament_prefix_path.sh
[29.844s] -- Up-to-date symlink: /home/jetson/ros2_ws/install/camera_ros2/share/camera_ros2/environment/ament_prefix_path.dsv
[29.845s] -- Up-to-date symlink: /home/jetson/ros2_ws/install/camera_ros2/share/camera_ros2/environment/path.sh
[29.846s] -- Up-to-date symlink: /home/jetson/ros2_ws/install/camera_ros2/share/camera_ros2/environment/path.dsv
[29.848s] -- Up-to-date symlink: /home/jetson/ros2_ws/install/camera_ros2/share/camera_ros2/local_setup.bash
[29.849s] -- Up-to-date symlink: /home/jetson/ros2_ws/install/camera_ros2/share/camera_ros2/local_setup.sh
[29.851s] -- Up-to-date symlink: /home/jetson/ros2_ws/install/camera_ros2/share/camera_ros2/local_setup.zsh
[29.852s] -- Up-to-date symlink: /home/jetson/ros2_ws/install/camera_ros2/share/camera_ros2/local_setup.dsv
[29.854s] -- Symlinking: /home/jetson/ros2_ws/install/camera_ros2/share/camera_ros2/package.dsv
[29.885s] -- Up-to-date symlink: /home/jetson/ros2_ws/install/camera_ros2/share/ament_index/resource_index/packages/camera_ros2
[29.887s] -- Up-to-date symlink: /home/jetson/ros2_ws/install/camera_ros2/share/camera_ros2/cmake/camera_ros2Config.cmake
[29.888s] -- Up-to-date symlink: /home/jetson/ros2_ws/install/camera_ros2/share/camera_ros2/cmake/camera_ros2Config-version.cmake
[29.889s] -- Up-to-date symlink: /home/jetson/ros2_ws/install/camera_ros2/share/camera_ros2/package.xml
[29.897s] Invoked command in '/home/jetson/ros2_ws/build/camera_ros2' returned '0': CMAKE_PREFIX_PATH=${CMAKE_PREFIX_PATH}:/opt/ros/foxy /usr/bin/cmake --install /home/jetson/ros2_ws/build/camera_ros2
