[0.168s] DEBUG:colcon:Command line arguments: ['/usr/bin/colcon', 'build', '--symlink-install', '--packages-select', 'pub2-1']
[0.168s] DEBUG:colcon:Parsed command line arguments: Namespace(allow_overriding=[], ament_cmake_args=None, base_paths=['.'], build_base='build', catkin_cmake_args=None, catkin_skip_building_tests=False, cmake_args=None, cmake_clean_cache=False, cmake_clean_first=False, cmake_force_configure=False, cmake_target=None, cmake_target_skip_unavailable=False, continue_on_error=False, event_handlers=None, executor='parallel', ignore_user_meta=False, install_base='install', log_base=None, log_level=None, main=<bound method BuildVerb.main of <colcon_core.verb.build.BuildVerb object at 0x7fbcca1a3790>>, merge_install=False, metas=['./colcon.meta'], packages_above=None, packages_above_and_dependencies=None, packages_above_depth=None, packages_end=None, packages_ignore=None, packages_ignore_regex=None, packages_select=['pub2-1'], packages_select_build_failed=False, packages_select_by_dep=None, packages_select_regex=None, packages_select_test_failures=False, packages_skip=None, packages_skip_build_finished=False, packages_skip_by_dep=None, packages_skip_regex=None, packages_skip_test_passed=False, packages_skip_up_to=None, packages_start=None, packages_up_to=None, packages_up_to_regex=None, parallel_workers=10, paths=None, symlink_install=True, test_result_base=None, verb_extension=<colcon_core.verb.build.BuildVerb object at 0x7fbcca1a3790>, verb_name='build', verb_parser=<colcon_defaults.argument_parser.defaults.DefaultArgumentsDecorator object at 0x7fbcca1a3d00>)
[0.266s] Level 1:colcon.colcon_core.package_discovery:discover_packages(colcon_meta) check parameters
[0.266s] Level 1:colcon.colcon_core.package_discovery:discover_packages(recursive) check parameters
[0.266s] Level 1:colcon.colcon_core.package_discovery:discover_packages(ignore) check parameters
[0.266s] Level 1:colcon.colcon_core.package_discovery:discover_packages(path) check parameters
[0.266s] Level 1:colcon.colcon_core.package_discovery:discover_packages(colcon_meta) discover
[0.266s] Level 1:colcon.colcon_core.package_discovery:discover_packages(recursive) discover
[0.266s] INFO:colcon.colcon_core.package_discovery:Crawling recursively for packages in '/home/linux/ros2_ws'
[0.266s] Level 1:colcon.colcon_core.package_identification:_identify(.) by extensions ['ignore', 'ignore_ament_install']
[0.267s] Level 1:colcon.colcon_core.package_identification:_identify(.) by extension 'ignore'
[0.267s] Level 1:colcon.colcon_core.package_identification:_identify(.) by extension 'ignore_ament_install'
[0.267s] Level 1:colcon.colcon_core.package_identification:_identify(.) by extensions ['colcon_pkg']
[0.267s] Level 1:colcon.colcon_core.package_identification:_identify(.) by extension 'colcon_pkg'
[0.267s] Level 1:colcon.colcon_core.package_identification:_identify(.) by extensions ['colcon_meta']
[0.267s] Level 1:colcon.colcon_core.package_identification:_identify(.) by extension 'colcon_meta'
[0.267s] Level 1:colcon.colcon_core.package_identification:_identify(.) by extensions ['ros']
[0.267s] Level 1:colcon.colcon_core.package_identification:_identify(.) by extension 'ros'
[0.275s] Level 1:colcon.colcon_core.package_identification:_identify(.) by extensions ['cmake', 'python']
[0.275s] Level 1:colcon.colcon_core.package_identification:_identify(.) by extension 'cmake'
[0.275s] Level 1:colcon.colcon_core.package_identification:_identify(.) by extension 'python'
[0.275s] Level 1:colcon.colcon_core.package_identification:_identify(.) by extensions ['python_setup_py']
[0.275s] Level 1:colcon.colcon_core.package_identification:_identify(.) by extension 'python_setup_py'
[0.275s] Level 1:colcon.colcon_core.package_identification:_identify(build) by extensions ['ignore', 'ignore_ament_install']
[0.275s] Level 1:colcon.colcon_core.package_identification:_identify(build) by extension 'ignore'
[0.275s] Level 1:colcon.colcon_core.package_identification:_identify(build) ignored
[0.275s] Level 1:colcon.colcon_core.package_identification:_identify(install) by extensions ['ignore', 'ignore_ament_install']
[0.275s] Level 1:colcon.colcon_core.package_identification:_identify(install) by extension 'ignore'
[0.275s] Level 1:colcon.colcon_core.package_identification:_identify(install) ignored
[0.275s] Level 1:colcon.colcon_core.package_identification:_identify(log) by extensions ['ignore', 'ignore_ament_install']
[0.275s] Level 1:colcon.colcon_core.package_identification:_identify(log) by extension 'ignore'
[0.275s] Level 1:colcon.colcon_core.package_identification:_identify(log) ignored
[0.275s] Level 1:colcon.colcon_core.package_identification:_identify(src) by extensions ['ignore', 'ignore_ament_install']
[0.275s] Level 1:colcon.colcon_core.package_identification:_identify(src) by extension 'ignore'
[0.276s] Level 1:colcon.colcon_core.package_identification:_identify(src) by extension 'ignore_ament_install'
[0.276s] Level 1:colcon.colcon_core.package_identification:_identify(src) by extensions ['colcon_pkg']
[0.276s] Level 1:colcon.colcon_core.package_identification:_identify(src) by extension 'colcon_pkg'
[0.276s] Level 1:colcon.colcon_core.package_identification:_identify(src) by extensions ['colcon_meta']
[0.276s] Level 1:colcon.colcon_core.package_identification:_identify(src) by extension 'colcon_meta'
[0.276s] Level 1:colcon.colcon_core.package_identification:_identify(src) by extensions ['ros']
[0.276s] Level 1:colcon.colcon_core.package_identification:_identify(src) by extension 'ros'
[0.276s] Level 1:colcon.colcon_core.package_identification:_identify(src) by extensions ['cmake', 'python']
[0.276s] Level 1:colcon.colcon_core.package_identification:_identify(src) by extension 'cmake'
[0.276s] Level 1:colcon.colcon_core.package_identification:_identify(src) by extension 'python'
[0.276s] Level 1:colcon.colcon_core.package_identification:_identify(src) by extensions ['python_setup_py']
[0.276s] Level 1:colcon.colcon_core.package_identification:_identify(src) by extension 'python_setup_py'
[0.276s] Level 1:colcon.colcon_core.package_identification:_identify(src/pub1) by extensions ['ignore', 'ignore_ament_install']
[0.276s] Level 1:colcon.colcon_core.package_identification:_identify(src/pub1) by extension 'ignore'
[0.276s] Level 1:colcon.colcon_core.package_identification:_identify(src/pub1) by extension 'ignore_ament_install'
[0.276s] Level 1:colcon.colcon_core.package_identification:_identify(src/pub1) by extensions ['colcon_pkg']
[0.276s] Level 1:colcon.colcon_core.package_identification:_identify(src/pub1) by extension 'colcon_pkg'
[0.276s] Level 1:colcon.colcon_core.package_identification:_identify(src/pub1) by extensions ['colcon_meta']
[0.276s] Level 1:colcon.colcon_core.package_identification:_identify(src/pub1) by extension 'colcon_meta'
[0.276s] Level 1:colcon.colcon_core.package_identification:_identify(src/pub1) by extensions ['ros']
[0.276s] Level 1:colcon.colcon_core.package_identification:_identify(src/pub1) by extension 'ros'
[0.278s] DEBUG:colcon.colcon_core.package_identification:Package 'src/pub1' with type 'ros.ament_cmake' and name 'pub1'
[0.278s] Level 1:colcon.colcon_core.package_identification:_identify(src/pub1-1) by extensions ['ignore', 'ignore_ament_install']
[0.278s] Level 1:colcon.colcon_core.package_identification:_identify(src/pub1-1) by extension 'ignore'
[0.278s] Level 1:colcon.colcon_core.package_identification:_identify(src/pub1-1) by extension 'ignore_ament_install'
[0.278s] Level 1:colcon.colcon_core.package_identification:_identify(src/pub1-1) by extensions ['colcon_pkg']
[0.278s] Level 1:colcon.colcon_core.package_identification:_identify(src/pub1-1) by extension 'colcon_pkg'
[0.279s] Level 1:colcon.colcon_core.package_identification:_identify(src/pub1-1) by extensions ['colcon_meta']
[0.279s] Level 1:colcon.colcon_core.package_identification:_identify(src/pub1-1) by extension 'colcon_meta'
[0.279s] Level 1:colcon.colcon_core.package_identification:_identify(src/pub1-1) by extensions ['ros']
[0.279s] Level 1:colcon.colcon_core.package_identification:_identify(src/pub1-1) by extension 'ros'
[0.279s] DEBUG:colcon.colcon_core.package_identification:Package 'src/pub1-1' with type 'ros.ament_cmake' and name 'pub1-1'
[0.279s] Level 1:colcon.colcon_core.package_identification:_identify(src/pub1-2) by extensions ['ignore', 'ignore_ament_install']
[0.279s] Level 1:colcon.colcon_core.package_identification:_identify(src/pub1-2) by extension 'ignore'
[0.279s] Level 1:colcon.colcon_core.package_identification:_identify(src/pub1-2) by extension 'ignore_ament_install'
[0.279s] Level 1:colcon.colcon_core.package_identification:_identify(src/pub1-2) by extensions ['colcon_pkg']
[0.279s] Level 1:colcon.colcon_core.package_identification:_identify(src/pub1-2) by extension 'colcon_pkg'
[0.279s] Level 1:colcon.colcon_core.package_identification:_identify(src/pub1-2) by extensions ['colcon_meta']
[0.279s] Level 1:colcon.colcon_core.package_identification:_identify(src/pub1-2) by extension 'colcon_meta'
[0.279s] Level 1:colcon.colcon_core.package_identification:_identify(src/pub1-2) by extensions ['ros']
[0.279s] Level 1:colcon.colcon_core.package_identification:_identify(src/pub1-2) by extension 'ros'
[0.280s] DEBUG:colcon.colcon_core.package_identification:Package 'src/pub1-2' with type 'ros.ament_cmake' and name 'pub1-2'
[0.280s] Level 1:colcon.colcon_core.package_identification:_identify(src/pub1-3) by extensions ['ignore', 'ignore_ament_install']
[0.280s] Level 1:colcon.colcon_core.package_identification:_identify(src/pub1-3) by extension 'ignore'
[0.280s] Level 1:colcon.colcon_core.package_identification:_identify(src/pub1-3) by extension 'ignore_ament_install'
[0.280s] Level 1:colcon.colcon_core.package_identification:_identify(src/pub1-3) by extensions ['colcon_pkg']
[0.280s] Level 1:colcon.colcon_core.package_identification:_identify(src/pub1-3) by extension 'colcon_pkg'
[0.280s] Level 1:colcon.colcon_core.package_identification:_identify(src/pub1-3) by extensions ['colcon_meta']
[0.280s] Level 1:colcon.colcon_core.package_identification:_identify(src/pub1-3) by extension 'colcon_meta'
[0.280s] Level 1:colcon.colcon_core.package_identification:_identify(src/pub1-3) by extensions ['ros']
[0.280s] Level 1:colcon.colcon_core.package_identification:_identify(src/pub1-3) by extension 'ros'
[0.281s] DEBUG:colcon.colcon_core.package_identification:Package 'src/pub1-3' with type 'ros.ament_cmake' and name 'pub1-3'
[0.281s] Level 1:colcon.colcon_core.package_identification:_identify(src/pub2) by extensions ['ignore', 'ignore_ament_install']
[0.281s] Level 1:colcon.colcon_core.package_identification:_identify(src/pub2) by extension 'ignore'
[0.281s] Level 1:colcon.colcon_core.package_identification:_identify(src/pub2) by extension 'ignore_ament_install'
[0.281s] Level 1:colcon.colcon_core.package_identification:_identify(src/pub2) by extensions ['colcon_pkg']
[0.281s] Level 1:colcon.colcon_core.package_identification:_identify(src/pub2) by extension 'colcon_pkg'
[0.281s] Level 1:colcon.colcon_core.package_identification:_identify(src/pub2) by extensions ['colcon_meta']
[0.281s] Level 1:colcon.colcon_core.package_identification:_identify(src/pub2) by extension 'colcon_meta'
[0.281s] Level 1:colcon.colcon_core.package_identification:_identify(src/pub2) by extensions ['ros']
[0.281s] Level 1:colcon.colcon_core.package_identification:_identify(src/pub2) by extension 'ros'
[0.282s] DEBUG:colcon.colcon_core.package_identification:Package 'src/pub2' with type 'ros.ament_cmake' and name 'pub2'
[0.282s] Level 1:colcon.colcon_core.package_identification:_identify(src/pub2-1) by extensions ['ignore', 'ignore_ament_install']
[0.282s] Level 1:colcon.colcon_core.package_identification:_identify(src/pub2-1) by extension 'ignore'
[0.282s] Level 1:colcon.colcon_core.package_identification:_identify(src/pub2-1) by extension 'ignore_ament_install'
[0.282s] Level 1:colcon.colcon_core.package_identification:_identify(src/pub2-1) by extensions ['colcon_pkg']
[0.282s] Level 1:colcon.colcon_core.package_identification:_identify(src/pub2-1) by extension 'colcon_pkg'
[0.282s] Level 1:colcon.colcon_core.package_identification:_identify(src/pub2-1) by extensions ['colcon_meta']
[0.282s] Level 1:colcon.colcon_core.package_identification:_identify(src/pub2-1) by extension 'colcon_meta'
[0.282s] Level 1:colcon.colcon_core.package_identification:_identify(src/pub2-1) by extensions ['ros']
[0.282s] Level 1:colcon.colcon_core.package_identification:_identify(src/pub2-1) by extension 'ros'
[0.283s] DEBUG:colcon.colcon_core.package_identification:Package 'src/pub2-1' with type 'ros.ament_cmake' and name 'pub2-1'
[0.283s] Level 1:colcon.colcon_core.package_discovery:discover_packages(recursive) using defaults
[0.283s] Level 1:colcon.colcon_core.package_discovery:discover_packages(ignore) discover
[0.283s] Level 1:colcon.colcon_core.package_discovery:discover_packages(ignore) using defaults
[0.283s] Level 1:colcon.colcon_core.package_discovery:discover_packages(path) discover
[0.283s] Level 1:colcon.colcon_core.package_discovery:discover_packages(path) using defaults
[0.295s] INFO:colcon.colcon_core.package_selection:Skipping not selected package 'pub1' in 'src/pub1'
[0.295s] INFO:colcon.colcon_core.package_selection:Skipping not selected package 'pub1-1' in 'src/pub1-1'
[0.295s] INFO:colcon.colcon_core.package_selection:Skipping not selected package 'pub1-2' in 'src/pub1-2'
[0.295s] INFO:colcon.colcon_core.package_selection:Skipping not selected package 'pub1-3' in 'src/pub1-3'
[0.295s] INFO:colcon.colcon_core.package_selection:Skipping not selected package 'pub2' in 'src/pub2'
[0.295s] Level 1:colcon.colcon_core.package_discovery:discover_packages(prefix_path) check parameters
[0.295s] Level 1:colcon.colcon_core.package_discovery:discover_packages(prefix_path) discover
[0.296s] DEBUG:colcon.colcon_installed_package_information.package_discovery:Found 5 installed packages in /home/linux/ros2_ws/install
[0.298s] DEBUG:colcon.colcon_installed_package_information.package_discovery:Found 258 installed packages in /opt/ros/foxy
[0.305s] Level 1:colcon.colcon_core.package_discovery:discover_packages(prefix_path) using defaults
[0.343s] Level 5:colcon.colcon_core.verb:set package 'pub2-1' build argument 'cmake_args' from command line to 'None'
[0.343s] Level 5:colcon.colcon_core.verb:set package 'pub2-1' build argument 'cmake_target' from command line to 'None'
[0.343s] Level 5:colcon.colcon_core.verb:set package 'pub2-1' build argument 'cmake_target_skip_unavailable' from command line to 'False'
[0.344s] Level 5:colcon.colcon_core.verb:set package 'pub2-1' build argument 'cmake_clean_cache' from command line to 'False'
[0.344s] Level 5:colcon.colcon_core.verb:set package 'pub2-1' build argument 'cmake_clean_first' from command line to 'False'
[0.344s] Level 5:colcon.colcon_core.verb:set package 'pub2-1' build argument 'cmake_force_configure' from command line to 'False'
[0.344s] Level 5:colcon.colcon_core.verb:set package 'pub2-1' build argument 'ament_cmake_args' from command line to 'None'
[0.344s] Level 5:colcon.colcon_core.verb:set package 'pub2-1' build argument 'catkin_cmake_args' from command line to 'None'
[0.344s] Level 5:colcon.colcon_core.verb:set package 'pub2-1' build argument 'catkin_skip_building_tests' from command line to 'False'
[0.344s] DEBUG:colcon.colcon_core.verb:Building package 'pub2-1' with the following arguments: {'ament_cmake_args': None, 'build_base': '/home/linux/ros2_ws/build/pub2-1', 'catkin_cmake_args': None, 'catkin_skip_building_tests': False, 'cmake_args': None, 'cmake_clean_cache': False, 'cmake_clean_first': False, 'cmake_force_configure': False, 'cmake_target': None, 'cmake_target_skip_unavailable': False, 'install_base': '/home/linux/ros2_ws/install/pub2-1', 'merge_install': False, 'path': '/home/linux/ros2_ws/src/pub2-1', 'symlink_install': True, 'test_result_base': None}
[0.344s] INFO:colcon.colcon_core.executor:Executing jobs using 'parallel' executor
[0.345s] DEBUG:colcon.colcon_parallel_executor.executor.parallel:run_until_complete
[0.345s] INFO:colcon.colcon_ros.task.ament_cmake.build:Building ROS package in '/home/linux/ros2_ws/src/pub2-1' with build type 'ament_cmake'
[0.345s] INFO:colcon.colcon_cmake.task.cmake.build:Building CMake package in '/home/linux/ros2_ws/src/pub2-1'
[0.347s] INFO:colcon.colcon_core.plugin_system:Skipping extension 'colcon_core.shell.bat': Not used on non-Windows systems
[0.347s] INFO:colcon.colcon_core.shell:Skip shell extension 'powershell' for command environment: Not usable outside of PowerShell
[0.347s] DEBUG:colcon.colcon_core.shell:Skip shell extension 'dsv' for command environment
[0.357s] DEBUG:colcon.colcon_core.event_handler.log_command:Invoking command in '/home/linux/ros2_ws/build/pub2-1': CMAKE_PREFIX_PATH=${CMAKE_PREFIX_PATH}:/opt/ros/foxy /usr/bin/cmake /home/linux/ros2_ws/src/pub2-1 -DAMENT_CMAKE_SYMLINK_INSTALL=1 -DCMAKE_INSTALL_PREFIX=/home/linux/ros2_ws/install/pub2-1
[3.148s] DEBUG:colcon.colcon_core.event_handler.log_command:Invoked command in '/home/linux/ros2_ws/build/pub2-1' returned '0': CMAKE_PREFIX_PATH=${CMAKE_PREFIX_PATH}:/opt/ros/foxy /usr/bin/cmake /home/linux/ros2_ws/src/pub2-1 -DAMENT_CMAKE_SYMLINK_INSTALL=1 -DCMAKE_INSTALL_PREFIX=/home/linux/ros2_ws/install/pub2-1
[3.149s] DEBUG:colcon.colcon_core.event_handler.log_command:Invoking command in '/home/linux/ros2_ws/build/pub2-1': CMAKE_PREFIX_PATH=${CMAKE_PREFIX_PATH}:/opt/ros/foxy /usr/bin/cmake --build /home/linux/ros2_ws/build/pub2-1 -- -j10 -l10
[5.178s] DEBUG:colcon.colcon_core.event_handler.log_command:Invoked command in '/home/linux/ros2_ws/build/pub2-1' returned '0': CMAKE_PREFIX_PATH=${CMAKE_PREFIX_PATH}:/opt/ros/foxy /usr/bin/cmake --build /home/linux/ros2_ws/build/pub2-1 -- -j10 -l10
[5.186s] DEBUG:colcon.colcon_core.event_handler.log_command:Invoking command in '/home/linux/ros2_ws/build/pub2-1': CMAKE_PREFIX_PATH=${CMAKE_PREFIX_PATH}:/opt/ros/foxy /usr/bin/cmake --install /home/linux/ros2_ws/build/pub2-1
[5.278s] Level 1:colcon.colcon_core.environment:create_environment_scripts_only(pub2-1)
[5.279s] DEBUG:colcon.colcon_core.event_handler.log_command:Invoked command in '/home/linux/ros2_ws/build/pub2-1' returned '0': CMAKE_PREFIX_PATH=${CMAKE_PREFIX_PATH}:/opt/ros/foxy /usr/bin/cmake --install /home/linux/ros2_ws/build/pub2-1
[5.281s] Level 1:colcon.colcon_core.environment:checking '/home/linux/ros2_ws/install/pub2-1' for CMake module files
[5.281s] Level 1:colcon.colcon_core.environment:checking '/home/linux/ros2_ws/install/pub2-1' for CMake config files
[5.281s] Level 1:colcon.colcon_core.shell:create_environment_hook('pub2-1', 'cmake_prefix_path')
[5.282s] INFO:colcon.colcon_core.shell:Creating environment hook '/home/linux/ros2_ws/install/pub2-1/share/pub2-1/hook/cmake_prefix_path.ps1'
[5.283s] INFO:colcon.colcon_core.shell:Creating environment descriptor '/home/linux/ros2_ws/install/pub2-1/share/pub2-1/hook/cmake_prefix_path.dsv'
[5.283s] INFO:colcon.colcon_core.shell:Creating environment hook '/home/linux/ros2_ws/install/pub2-1/share/pub2-1/hook/cmake_prefix_path.sh'
[5.284s] Level 1:colcon.colcon_core.environment:checking '/home/linux/ros2_ws/install/pub2-1/lib'
[5.284s] Level 1:colcon.colcon_core.environment:checking '/home/linux/ros2_ws/install/pub2-1/bin'
[5.284s] Level 1:colcon.colcon_core.environment:checking '/home/linux/ros2_ws/install/pub2-1/lib/pkgconfig/pub2-1.pc'
[5.284s] Level 1:colcon.colcon_core.environment:checking '/home/linux/ros2_ws/install/pub2-1/lib/python3.8/site-packages'
[5.284s] Level 1:colcon.colcon_core.environment:checking '/home/linux/ros2_ws/install/pub2-1/bin'
[5.284s] INFO:colcon.colcon_core.shell:Creating package script '/home/linux/ros2_ws/install/pub2-1/share/pub2-1/package.ps1'
[5.285s] INFO:colcon.colcon_core.shell:Creating package descriptor '/home/linux/ros2_ws/install/pub2-1/share/pub2-1/package.dsv'
[5.285s] INFO:colcon.colcon_core.shell:Creating package script '/home/linux/ros2_ws/install/pub2-1/share/pub2-1/package.sh'
[5.286s] INFO:colcon.colcon_core.shell:Creating package script '/home/linux/ros2_ws/install/pub2-1/share/pub2-1/package.bash'
[5.287s] INFO:colcon.colcon_core.shell:Creating package script '/home/linux/ros2_ws/install/pub2-1/share/pub2-1/package.zsh'
[5.287s] Level 1:colcon.colcon_core.environment:create_file_with_runtime_dependencies(/home/linux/ros2_ws/install/pub2-1/share/colcon-core/packages/pub2-1)
[5.288s] Level 1:colcon.colcon_core.environment:create_environment_scripts_only(pub2-1)
[5.288s] Level 1:colcon.colcon_core.environment:checking '/home/linux/ros2_ws/install/pub2-1' for CMake module files
[5.288s] Level 1:colcon.colcon_core.environment:checking '/home/linux/ros2_ws/install/pub2-1' for CMake config files
[5.288s] Level 1:colcon.colcon_core.shell:create_environment_hook('pub2-1', 'cmake_prefix_path')
[5.289s] INFO:colcon.colcon_core.shell:Creating environment hook '/home/linux/ros2_ws/install/pub2-1/share/pub2-1/hook/cmake_prefix_path.ps1'
[5.289s] INFO:colcon.colcon_core.shell:Creating environment descriptor '/home/linux/ros2_ws/install/pub2-1/share/pub2-1/hook/cmake_prefix_path.dsv'
[5.289s] INFO:colcon.colcon_core.shell:Creating environment hook '/home/linux/ros2_ws/install/pub2-1/share/pub2-1/hook/cmake_prefix_path.sh'
[5.290s] Level 1:colcon.colcon_core.environment:checking '/home/linux/ros2_ws/install/pub2-1/lib'
[5.290s] Level 1:colcon.colcon_core.environment:checking '/home/linux/ros2_ws/install/pub2-1/bin'
[5.290s] Level 1:colcon.colcon_core.environment:checking '/home/linux/ros2_ws/install/pub2-1/lib/pkgconfig/pub2-1.pc'
[5.290s] Level 1:colcon.colcon_core.environment:checking '/home/linux/ros2_ws/install/pub2-1/lib/python3.8/site-packages'
[5.290s] Level 1:colcon.colcon_core.environment:checking '/home/linux/ros2_ws/install/pub2-1/bin'
[5.290s] INFO:colcon.colcon_core.shell:Creating package script '/home/linux/ros2_ws/install/pub2-1/share/pub2-1/package.ps1'
[5.291s] INFO:colcon.colcon_core.shell:Creating package descriptor '/home/linux/ros2_ws/install/pub2-1/share/pub2-1/package.dsv'
[5.291s] INFO:colcon.colcon_core.shell:Creating package script '/home/linux/ros2_ws/install/pub2-1/share/pub2-1/package.sh'
[5.291s] INFO:colcon.colcon_core.shell:Creating package script '/home/linux/ros2_ws/install/pub2-1/share/pub2-1/package.bash'
[5.292s] INFO:colcon.colcon_core.shell:Creating package script '/home/linux/ros2_ws/install/pub2-1/share/pub2-1/package.zsh'
[5.292s] Level 1:colcon.colcon_core.environment:create_file_with_runtime_dependencies(/home/linux/ros2_ws/install/pub2-1/share/colcon-core/packages/pub2-1)
[5.292s] DEBUG:colcon.colcon_parallel_executor.executor.parallel:closing loop
[5.293s] DEBUG:colcon.colcon_parallel_executor.executor.parallel:loop closed
[5.293s] DEBUG:colcon.colcon_parallel_executor.executor.parallel:run_until_complete finished with '0'
[5.293s] DEBUG:colcon.colcon_core.event_reactor:joining thread
[5.338s] INFO:colcon.colcon_core.plugin_system:Skipping extension 'colcon_notification.desktop_notification.notify_send': Could not find 'notify-send'
[5.339s] INFO:colcon.colcon_core.plugin_system:Skipping extension 'colcon_notification.desktop_notification.terminal_notifier': Not used on non-Darwin systems
[5.339s] INFO:colcon.colcon_core.plugin_system:Skipping extension 'colcon_notification.desktop_notification.win32': Not used on non-Windows systems
[5.339s] INFO:colcon.colcon_notification.desktop_notification:Sending desktop notification using 'notify2'
[5.339s] DEBUG:colcon.colcon_notification.desktop_notification.notify2:Failed to initialize notify2: org.freedesktop.DBus.Error.ServiceUnknown: The name org.freedesktop.Notifications was not provided by any .service files
[5.340s] DEBUG:colcon.colcon_core.event_reactor:joined thread
[5.340s] INFO:colcon.colcon_core.shell:Creating prefix script '/home/linux/ros2_ws/install/local_setup.ps1'
[5.342s] INFO:colcon.colcon_core.shell:Creating prefix util module '/home/linux/ros2_ws/install/_local_setup_util_ps1.py'
[5.343s] INFO:colcon.colcon_core.shell:Creating prefix chain script '/home/linux/ros2_ws/install/setup.ps1'
[5.344s] INFO:colcon.colcon_core.shell:Creating prefix script '/home/linux/ros2_ws/install/local_setup.sh'
[5.344s] INFO:colcon.colcon_core.shell:Creating prefix util module '/home/linux/ros2_ws/install/_local_setup_util_sh.py'
[5.345s] INFO:colcon.colcon_core.shell:Creating prefix chain script '/home/linux/ros2_ws/install/setup.sh'
[5.345s] INFO:colcon.colcon_core.shell:Creating prefix script '/home/linux/ros2_ws/install/local_setup.bash'
[5.346s] INFO:colcon.colcon_core.shell:Creating prefix chain script '/home/linux/ros2_ws/install/setup.bash'
[5.346s] INFO:colcon.colcon_core.shell:Creating prefix script '/home/linux/ros2_ws/install/local_setup.zsh'
[5.347s] INFO:colcon.colcon_core.shell:Creating prefix chain script '/home/linux/ros2_ws/install/setup.zsh'
