[0.864s] DEBUG:colcon:Command line arguments: ['/usr/bin/colcon', 'build', '--symlink-install', '--packages-select', 'dxl2']
[0.865s] DEBUG:colcon:Parsed command line arguments: Namespace(allow_overriding=[], ament_cmake_args=None, base_paths=['.'], build_base='build', catkin_cmake_args=None, catkin_skip_building_tests=False, cmake_args=None, cmake_clean_cache=False, cmake_clean_first=False, cmake_force_configure=False, cmake_target=None, cmake_target_skip_unavailable=False, continue_on_error=False, event_handlers=None, executor='parallel', ignore_user_meta=False, install_base='install', log_base=None, log_level=None, main=<bound method BuildVerb.main of <colcon_core.verb.build.BuildVerb object at 0x7fa738a970>>, merge_install=False, metas=['./colcon.meta'], packages_above=None, packages_above_and_dependencies=None, packages_above_depth=None, packages_end=None, packages_ignore=None, packages_ignore_regex=None, packages_select=['dxl2'], packages_select_build_failed=False, packages_select_by_dep=None, packages_select_regex=None, packages_select_test_failures=False, packages_skip=None, packages_skip_build_finished=False, packages_skip_by_dep=None, packages_skip_regex=None, packages_skip_test_passed=False, packages_skip_up_to=None, packages_start=None, packages_up_to=None, packages_up_to_regex=None, parallel_workers=4, paths=None, symlink_install=True, test_result_base=None, verb_extension=<colcon_core.verb.build.BuildVerb object at 0x7fa738a970>, verb_name='build', verb_parser=<colcon_defaults.argument_parser.defaults.DefaultArgumentsDecorator object at 0x7fa7275940>)
[1.794s] Level 1:colcon.colcon_core.package_discovery:discover_packages(colcon_meta) check parameters
[1.795s] Level 1:colcon.colcon_core.package_discovery:discover_packages(recursive) check parameters
[1.795s] Level 1:colcon.colcon_core.package_discovery:discover_packages(ignore) check parameters
[1.795s] Level 1:colcon.colcon_core.package_discovery:discover_packages(path) check parameters
[1.795s] Level 1:colcon.colcon_core.package_discovery:discover_packages(colcon_meta) discover
[1.796s] Level 1:colcon.colcon_core.package_discovery:discover_packages(recursive) discover
[1.796s] INFO:colcon.colcon_core.package_discovery:Crawling recursively for packages in '/home/jetson/ros2_ws'
[1.796s] Level 1:colcon.colcon_core.package_identification:_identify(.) by extensions ['ignore', 'ignore_ament_install']
[1.797s] Level 1:colcon.colcon_core.package_identification:_identify(.) by extension 'ignore'
[1.797s] Level 1:colcon.colcon_core.package_identification:_identify(.) by extension 'ignore_ament_install'
[1.797s] Level 1:colcon.colcon_core.package_identification:_identify(.) by extensions ['colcon_pkg']
[1.797s] Level 1:colcon.colcon_core.package_identification:_identify(.) by extension 'colcon_pkg'
[1.797s] Level 1:colcon.colcon_core.package_identification:_identify(.) by extensions ['colcon_meta']
[1.798s] Level 1:colcon.colcon_core.package_identification:_identify(.) by extension 'colcon_meta'
[1.798s] Level 1:colcon.colcon_core.package_identification:_identify(.) by extensions ['ros']
[1.798s] Level 1:colcon.colcon_core.package_identification:_identify(.) by extension 'ros'
[1.879s] Level 1:colcon.colcon_core.package_identification:_identify(.) by extensions ['cmake', 'python']
[1.879s] Level 1:colcon.colcon_core.package_identification:_identify(.) by extension 'cmake'
[1.880s] Level 1:colcon.colcon_core.package_identification:_identify(.) by extension 'python'
[1.880s] Level 1:colcon.colcon_core.package_identification:_identify(.) by extensions ['python_setup_py']
[1.880s] Level 1:colcon.colcon_core.package_identification:_identify(.) by extension 'python_setup_py'
[1.881s] Level 1:colcon.colcon_core.package_identification:_identify(build) by extensions ['ignore', 'ignore_ament_install']
[1.881s] Level 1:colcon.colcon_core.package_identification:_identify(build) by extension 'ignore'
[1.881s] Level 1:colcon.colcon_core.package_identification:_identify(build) ignored
[1.882s] Level 1:colcon.colcon_core.package_identification:_identify(install) by extensions ['ignore', 'ignore_ament_install']
[1.882s] Level 1:colcon.colcon_core.package_identification:_identify(install) by extension 'ignore'
[1.882s] Level 1:colcon.colcon_core.package_identification:_identify(install) ignored
[1.883s] Level 1:colcon.colcon_core.package_identification:_identify(log) by extensions ['ignore', 'ignore_ament_install']
[1.883s] Level 1:colcon.colcon_core.package_identification:_identify(log) by extension 'ignore'
[1.884s] Level 1:colcon.colcon_core.package_identification:_identify(log) ignored
[1.884s] Level 1:colcon.colcon_core.package_identification:_identify(src) by extensions ['ignore', 'ignore_ament_install']
[1.884s] Level 1:colcon.colcon_core.package_identification:_identify(src) by extension 'ignore'
[1.885s] Level 1:colcon.colcon_core.package_identification:_identify(src) by extension 'ignore_ament_install'
[1.885s] Level 1:colcon.colcon_core.package_identification:_identify(src) by extensions ['colcon_pkg']
[1.885s] Level 1:colcon.colcon_core.package_identification:_identify(src) by extension 'colcon_pkg'
[1.886s] Level 1:colcon.colcon_core.package_identification:_identify(src) by extensions ['colcon_meta']
[1.886s] Level 1:colcon.colcon_core.package_identification:_identify(src) by extension 'colcon_meta'
[1.886s] Level 1:colcon.colcon_core.package_identification:_identify(src) by extensions ['ros']
[1.886s] Level 1:colcon.colcon_core.package_identification:_identify(src) by extension 'ros'
[1.887s] Level 1:colcon.colcon_core.package_identification:_identify(src) by extensions ['cmake', 'python']
[1.887s] Level 1:colcon.colcon_core.package_identification:_identify(src) by extension 'cmake'
[1.887s] Level 1:colcon.colcon_core.package_identification:_identify(src) by extension 'python'
[1.887s] Level 1:colcon.colcon_core.package_identification:_identify(src) by extensions ['python_setup_py']
[1.887s] Level 1:colcon.colcon_core.package_identification:_identify(src) by extension 'python_setup_py'
[1.888s] Level 1:colcon.colcon_core.package_identification:_identify(src/camera_ros2) by extensions ['ignore', 'ignore_ament_install']
[1.888s] Level 1:colcon.colcon_core.package_identification:_identify(src/camera_ros2) by extension 'ignore'
[1.888s] Level 1:colcon.colcon_core.package_identification:_identify(src/camera_ros2) by extension 'ignore_ament_install'
[1.889s] Level 1:colcon.colcon_core.package_identification:_identify(src/camera_ros2) by extensions ['colcon_pkg']
[1.889s] Level 1:colcon.colcon_core.package_identification:_identify(src/camera_ros2) by extension 'colcon_pkg'
[1.889s] Level 1:colcon.colcon_core.package_identification:_identify(src/camera_ros2) by extensions ['colcon_meta']
[1.889s] Level 1:colcon.colcon_core.package_identification:_identify(src/camera_ros2) by extension 'colcon_meta'
[1.889s] Level 1:colcon.colcon_core.package_identification:_identify(src/camera_ros2) by extensions ['ros']
[1.889s] Level 1:colcon.colcon_core.package_identification:_identify(src/camera_ros2) by extension 'ros'
[1.899s] DEBUG:colcon.colcon_core.package_identification:Package 'src/camera_ros2' with type 'ros.ament_cmake' and name 'camera_ros2'
[1.899s] Level 1:colcon.colcon_core.package_identification:_identify(src/camera_ros2-1) by extensions ['ignore', 'ignore_ament_install']
[1.900s] Level 1:colcon.colcon_core.package_identification:_identify(src/camera_ros2-1) by extension 'ignore'
[1.900s] Level 1:colcon.colcon_core.package_identification:_identify(src/camera_ros2-1) by extension 'ignore_ament_install'
[1.900s] Level 1:colcon.colcon_core.package_identification:_identify(src/camera_ros2-1) by extensions ['colcon_pkg']
[1.900s] Level 1:colcon.colcon_core.package_identification:_identify(src/camera_ros2-1) by extension 'colcon_pkg'
[1.901s] Level 1:colcon.colcon_core.package_identification:_identify(src/camera_ros2-1) by extensions ['colcon_meta']
[1.901s] Level 1:colcon.colcon_core.package_identification:_identify(src/camera_ros2-1) by extension 'colcon_meta'
[1.901s] Level 1:colcon.colcon_core.package_identification:_identify(src/camera_ros2-1) by extensions ['ros']
[1.901s] Level 1:colcon.colcon_core.package_identification:_identify(src/camera_ros2-1) by extension 'ros'
[1.905s] DEBUG:colcon.colcon_core.package_identification:Package 'src/camera_ros2-1' with type 'ros.ament_cmake' and name 'camera_ros2-1'
[1.905s] Level 1:colcon.colcon_core.package_identification:_identify(src/camera_ros2-2) by extensions ['ignore', 'ignore_ament_install']
[1.906s] Level 1:colcon.colcon_core.package_identification:_identify(src/camera_ros2-2) by extension 'ignore'
[1.906s] Level 1:colcon.colcon_core.package_identification:_identify(src/camera_ros2-2) by extension 'ignore_ament_install'
[1.906s] Level 1:colcon.colcon_core.package_identification:_identify(src/camera_ros2-2) by extensions ['colcon_pkg']
[1.906s] Level 1:colcon.colcon_core.package_identification:_identify(src/camera_ros2-2) by extension 'colcon_pkg'
[1.906s] Level 1:colcon.colcon_core.package_identification:_identify(src/camera_ros2-2) by extensions ['colcon_meta']
[1.907s] Level 1:colcon.colcon_core.package_identification:_identify(src/camera_ros2-2) by extension 'colcon_meta'
[1.907s] Level 1:colcon.colcon_core.package_identification:_identify(src/camera_ros2-2) by extensions ['ros']
[1.907s] Level 1:colcon.colcon_core.package_identification:_identify(src/camera_ros2-2) by extension 'ros'
[1.910s] DEBUG:colcon.colcon_core.package_identification:Package 'src/camera_ros2-2' with type 'ros.ament_cmake' and name 'camera_ros2-2'
[1.910s] Level 1:colcon.colcon_core.package_identification:_identify(src/dxl) by extensions ['ignore', 'ignore_ament_install']
[1.911s] Level 1:colcon.colcon_core.package_identification:_identify(src/dxl) by extension 'ignore'
[1.911s] Level 1:colcon.colcon_core.package_identification:_identify(src/dxl) by extension 'ignore_ament_install'
[1.911s] Level 1:colcon.colcon_core.package_identification:_identify(src/dxl) by extensions ['colcon_pkg']
[1.911s] Level 1:colcon.colcon_core.package_identification:_identify(src/dxl) by extension 'colcon_pkg'
[1.911s] Level 1:colcon.colcon_core.package_identification:_identify(src/dxl) by extensions ['colcon_meta']
[1.912s] Level 1:colcon.colcon_core.package_identification:_identify(src/dxl) by extension 'colcon_meta'
[1.912s] Level 1:colcon.colcon_core.package_identification:_identify(src/dxl) by extensions ['ros']
[1.912s] Level 1:colcon.colcon_core.package_identification:_identify(src/dxl) by extension 'ros'
[1.914s] DEBUG:colcon.colcon_core.package_identification:Package 'src/dxl' with type 'ros.ament_cmake' and name 'dxl'
[1.914s] Level 1:colcon.colcon_core.package_identification:_identify(src/dxl2) by extensions ['ignore', 'ignore_ament_install']
[1.915s] Level 1:colcon.colcon_core.package_identification:_identify(src/dxl2) by extension 'ignore'
[1.915s] Level 1:colcon.colcon_core.package_identification:_identify(src/dxl2) by extension 'ignore_ament_install'
[1.915s] Level 1:colcon.colcon_core.package_identification:_identify(src/dxl2) by extensions ['colcon_pkg']
[1.915s] Level 1:colcon.colcon_core.package_identification:_identify(src/dxl2) by extension 'colcon_pkg'
[1.916s] Level 1:colcon.colcon_core.package_identification:_identify(src/dxl2) by extensions ['colcon_meta']
[1.916s] Level 1:colcon.colcon_core.package_identification:_identify(src/dxl2) by extension 'colcon_meta'
[1.916s] Level 1:colcon.colcon_core.package_identification:_identify(src/dxl2) by extensions ['ros']
[1.916s] Level 1:colcon.colcon_core.package_identification:_identify(src/dxl2) by extension 'ros'
[1.918s] DEBUG:colcon.colcon_core.package_identification:Package 'src/dxl2' with type 'ros.ament_cmake' and name 'dxl2'
[1.918s] Level 1:colcon.colcon_core.package_discovery:discover_packages(recursive) using defaults
[1.919s] Level 1:colcon.colcon_core.package_discovery:discover_packages(ignore) discover
[1.919s] Level 1:colcon.colcon_core.package_discovery:discover_packages(ignore) using defaults
[1.919s] Level 1:colcon.colcon_core.package_discovery:discover_packages(path) discover
[1.919s] Level 1:colcon.colcon_core.package_discovery:discover_packages(path) using defaults
[1.996s] INFO:colcon.colcon_core.package_selection:Skipping not selected package 'camera_ros2' in 'src/camera_ros2'
[1.997s] INFO:colcon.colcon_core.package_selection:Skipping not selected package 'camera_ros2-1' in 'src/camera_ros2-1'
[1.997s] INFO:colcon.colcon_core.package_selection:Skipping not selected package 'camera_ros2-2' in 'src/camera_ros2-2'
[1.997s] INFO:colcon.colcon_core.package_selection:Skipping not selected package 'dxl' in 'src/dxl'
[1.999s] Level 1:colcon.colcon_core.package_discovery:discover_packages(prefix_path) check parameters
[1.999s] Level 1:colcon.colcon_core.package_discovery:discover_packages(prefix_path) discover
[2.006s] DEBUG:colcon.colcon_installed_package_information.package_discovery:Found 5 installed packages in /home/jetson/ros2_ws/install
[2.013s] DEBUG:colcon.colcon_installed_package_information.package_discovery:Found 258 installed packages in /opt/ros/foxy
[2.021s] Level 1:colcon.colcon_core.package_discovery:discover_packages(prefix_path) using defaults
[2.314s] Level 5:colcon.colcon_core.verb:set package 'dxl2' build argument 'cmake_args' from command line to 'None'
[2.314s] Level 5:colcon.colcon_core.verb:set package 'dxl2' build argument 'cmake_target' from command line to 'None'
[2.314s] Level 5:colcon.colcon_core.verb:set package 'dxl2' build argument 'cmake_target_skip_unavailable' from command line to 'False'
[2.314s] Level 5:colcon.colcon_core.verb:set package 'dxl2' build argument 'cmake_clean_cache' from command line to 'False'
[2.315s] Level 5:colcon.colcon_core.verb:set package 'dxl2' build argument 'cmake_clean_first' from command line to 'False'
[2.315s] Level 5:colcon.colcon_core.verb:set package 'dxl2' build argument 'cmake_force_configure' from command line to 'False'
[2.315s] Level 5:colcon.colcon_core.verb:set package 'dxl2' build argument 'ament_cmake_args' from command line to 'None'
[2.315s] Level 5:colcon.colcon_core.verb:set package 'dxl2' build argument 'catkin_cmake_args' from command line to 'None'
[2.315s] Level 5:colcon.colcon_core.verb:set package 'dxl2' build argument 'catkin_skip_building_tests' from command line to 'False'
[2.315s] DEBUG:colcon.colcon_core.verb:Building package 'dxl2' with the following arguments: {'ament_cmake_args': None, 'build_base': '/home/jetson/ros2_ws/build/dxl2', 'catkin_cmake_args': None, 'catkin_skip_building_tests': False, 'cmake_args': None, 'cmake_clean_cache': False, 'cmake_clean_first': False, 'cmake_force_configure': False, 'cmake_target': None, 'cmake_target_skip_unavailable': False, 'install_base': '/home/jetson/ros2_ws/install/dxl2', 'merge_install': False, 'path': '/home/jetson/ros2_ws/src/dxl2', 'symlink_install': True, 'test_result_base': None}
[2.316s] INFO:colcon.colcon_core.executor:Executing jobs using 'parallel' executor
[2.319s] DEBUG:colcon.colcon_parallel_executor.executor.parallel:run_until_complete
[2.320s] INFO:colcon.colcon_ros.task.ament_cmake.build:Building ROS package in '/home/jetson/ros2_ws/src/dxl2' with build type 'ament_cmake'
[2.320s] INFO:colcon.colcon_cmake.task.cmake.build:Building CMake package in '/home/jetson/ros2_ws/src/dxl2'
[2.329s] INFO:colcon.colcon_core.plugin_system:Skipping extension 'colcon_core.shell.bat': Not used on non-Windows systems
[2.330s] INFO:colcon.colcon_core.shell:Skip shell extension 'powershell' for command environment: Not usable outside of PowerShell
[2.330s] DEBUG:colcon.colcon_core.shell:Skip shell extension 'dsv' for command environment
[2.374s] DEBUG:colcon.colcon_core.event_handler.log_command:Invoking command in '/home/jetson/ros2_ws/build/dxl2': CMAKE_PREFIX_PATH=${CMAKE_PREFIX_PATH}:/opt/ros/foxy /usr/bin/cmake --build /home/jetson/ros2_ws/build/dxl2 -- -j4 -l4
[11.926s] DEBUG:colcon.colcon_core.event_handler.log_command:Invoked command in '/home/jetson/ros2_ws/build/dxl2' returned '0': CMAKE_PREFIX_PATH=${CMAKE_PREFIX_PATH}:/opt/ros/foxy /usr/bin/cmake --build /home/jetson/ros2_ws/build/dxl2 -- -j4 -l4
[12.050s] DEBUG:colcon.colcon_core.event_handler.log_command:Invoking command in '/home/jetson/ros2_ws/build/dxl2': CMAKE_PREFIX_PATH=${CMAKE_PREFIX_PATH}:/opt/ros/foxy /usr/bin/cmake --install /home/jetson/ros2_ws/build/dxl2
[12.157s] Level 1:colcon.colcon_core.environment:create_environment_scripts_only(dxl2)
[12.160s] DEBUG:colcon.colcon_core.event_handler.log_command:Invoked command in '/home/jetson/ros2_ws/build/dxl2' returned '0': CMAKE_PREFIX_PATH=${CMAKE_PREFIX_PATH}:/opt/ros/foxy /usr/bin/cmake --install /home/jetson/ros2_ws/build/dxl2
[12.170s] Level 1:colcon.colcon_core.environment:checking '/home/jetson/ros2_ws/install/dxl2' for CMake module files
[12.172s] Level 1:colcon.colcon_core.environment:checking '/home/jetson/ros2_ws/install/dxl2' for CMake config files
[12.173s] Level 1:colcon.colcon_core.shell:create_environment_hook('dxl2', 'cmake_prefix_path')
[12.174s] INFO:colcon.colcon_core.shell:Creating environment hook '/home/jetson/ros2_ws/install/dxl2/share/dxl2/hook/cmake_prefix_path.ps1'
[12.177s] INFO:colcon.colcon_core.shell:Creating environment descriptor '/home/jetson/ros2_ws/install/dxl2/share/dxl2/hook/cmake_prefix_path.dsv'
[12.179s] INFO:colcon.colcon_core.shell:Creating environment hook '/home/jetson/ros2_ws/install/dxl2/share/dxl2/hook/cmake_prefix_path.sh'
[12.182s] Level 1:colcon.colcon_core.environment:checking '/home/jetson/ros2_ws/install/dxl2/lib'
[12.183s] Level 1:colcon.colcon_core.environment:checking '/home/jetson/ros2_ws/install/dxl2/bin'
[12.183s] Level 1:colcon.colcon_core.environment:checking '/home/jetson/ros2_ws/install/dxl2/lib/pkgconfig/dxl2.pc'
[12.184s] Level 1:colcon.colcon_core.environment:checking '/home/jetson/ros2_ws/install/dxl2/lib/python3.8/site-packages'
[12.184s] Level 1:colcon.colcon_core.environment:checking '/home/jetson/ros2_ws/install/dxl2/bin'
[12.187s] INFO:colcon.colcon_core.shell:Creating package script '/home/jetson/ros2_ws/install/dxl2/share/dxl2/package.ps1'
[12.190s] INFO:colcon.colcon_core.shell:Creating package descriptor '/home/jetson/ros2_ws/install/dxl2/share/dxl2/package.dsv'
[12.192s] INFO:colcon.colcon_core.shell:Creating package script '/home/jetson/ros2_ws/install/dxl2/share/dxl2/package.sh'
[12.195s] INFO:colcon.colcon_core.shell:Creating package script '/home/jetson/ros2_ws/install/dxl2/share/dxl2/package.bash'
[12.199s] INFO:colcon.colcon_core.shell:Creating package script '/home/jetson/ros2_ws/install/dxl2/share/dxl2/package.zsh'
[12.201s] Level 1:colcon.colcon_core.environment:create_file_with_runtime_dependencies(/home/jetson/ros2_ws/install/dxl2/share/colcon-core/packages/dxl2)
[12.281s] Level 1:colcon.colcon_core.environment:create_environment_scripts_only(dxl2)
[12.283s] Level 1:colcon.colcon_core.environment:checking '/home/jetson/ros2_ws/install/dxl2' for CMake module files
[12.285s] Level 1:colcon.colcon_core.environment:checking '/home/jetson/ros2_ws/install/dxl2' for CMake config files
[12.286s] Level 1:colcon.colcon_core.shell:create_environment_hook('dxl2', 'cmake_prefix_path')
[12.287s] INFO:colcon.colcon_core.shell:Creating environment hook '/home/jetson/ros2_ws/install/dxl2/share/dxl2/hook/cmake_prefix_path.ps1'
[12.289s] INFO:colcon.colcon_core.shell:Creating environment descriptor '/home/jetson/ros2_ws/install/dxl2/share/dxl2/hook/cmake_prefix_path.dsv'
[12.290s] INFO:colcon.colcon_core.shell:Creating environment hook '/home/jetson/ros2_ws/install/dxl2/share/dxl2/hook/cmake_prefix_path.sh'
[12.292s] Level 1:colcon.colcon_core.environment:checking '/home/jetson/ros2_ws/install/dxl2/lib'
[12.292s] Level 1:colcon.colcon_core.environment:checking '/home/jetson/ros2_ws/install/dxl2/bin'
[12.293s] Level 1:colcon.colcon_core.environment:checking '/home/jetson/ros2_ws/install/dxl2/lib/pkgconfig/dxl2.pc'
[12.293s] Level 1:colcon.colcon_core.environment:checking '/home/jetson/ros2_ws/install/dxl2/lib/python3.8/site-packages'
[12.294s] Level 1:colcon.colcon_core.environment:checking '/home/jetson/ros2_ws/install/dxl2/bin'
[12.296s] INFO:colcon.colcon_core.shell:Creating package script '/home/jetson/ros2_ws/install/dxl2/share/dxl2/package.ps1'
[12.297s] INFO:colcon.colcon_core.shell:Creating package descriptor '/home/jetson/ros2_ws/install/dxl2/share/dxl2/package.dsv'
[12.300s] INFO:colcon.colcon_core.shell:Creating package script '/home/jetson/ros2_ws/install/dxl2/share/dxl2/package.sh'
[12.302s] INFO:colcon.colcon_core.shell:Creating package script '/home/jetson/ros2_ws/install/dxl2/share/dxl2/package.bash'
[12.303s] INFO:colcon.colcon_core.shell:Creating package script '/home/jetson/ros2_ws/install/dxl2/share/dxl2/package.zsh'
[12.304s] Level 1:colcon.colcon_core.environment:create_file_with_runtime_dependencies(/home/jetson/ros2_ws/install/dxl2/share/colcon-core/packages/dxl2)
[12.305s] DEBUG:colcon.colcon_parallel_executor.executor.parallel:closing loop
[12.306s] DEBUG:colcon.colcon_parallel_executor.executor.parallel:loop closed
[12.307s] DEBUG:colcon.colcon_parallel_executor.executor.parallel:run_until_complete finished with '0'
[12.307s] DEBUG:colcon.colcon_core.event_reactor:joining thread
[12.329s] INFO:colcon.colcon_core.plugin_system:Skipping extension 'colcon_notification.desktop_notification.terminal_notifier': Not used on non-Darwin systems
[12.329s] INFO:colcon.colcon_core.plugin_system:Skipping extension 'colcon_notification.desktop_notification.win32': Not used on non-Windows systems
[12.330s] INFO:colcon.colcon_notification.desktop_notification:Sending desktop notification using 'notify2'
[12.367s] DEBUG:colcon.colcon_core.event_reactor:joined thread
[12.368s] INFO:colcon.colcon_core.shell:Creating prefix script '/home/jetson/ros2_ws/install/local_setup.ps1'
[12.373s] INFO:colcon.colcon_core.shell:Creating prefix util module '/home/jetson/ros2_ws/install/_local_setup_util_ps1.py'
[12.379s] INFO:colcon.colcon_core.shell:Creating prefix chain script '/home/jetson/ros2_ws/install/setup.ps1'
[12.385s] INFO:colcon.colcon_core.shell:Creating prefix script '/home/jetson/ros2_ws/install/local_setup.sh'
[12.387s] INFO:colcon.colcon_core.shell:Creating prefix util module '/home/jetson/ros2_ws/install/_local_setup_util_sh.py'
[12.388s] INFO:colcon.colcon_core.shell:Creating prefix chain script '/home/jetson/ros2_ws/install/setup.sh'
[12.393s] INFO:colcon.colcon_core.shell:Creating prefix script '/home/jetson/ros2_ws/install/local_setup.bash'
[12.395s] INFO:colcon.colcon_core.shell:Creating prefix chain script '/home/jetson/ros2_ws/install/setup.bash'
[12.400s] INFO:colcon.colcon_core.shell:Creating prefix script '/home/jetson/ros2_ws/install/local_setup.zsh'
[12.401s] INFO:colcon.colcon_core.shell:Creating prefix chain script '/home/jetson/ros2_ws/install/setup.zsh'
