[0.010s] Invoking command in '/home/linux/ros2_ws/build/pub1-1': CMAKE_PREFIX_PATH=${CMAKE_PREFIX_PATH}:/opt/ros/foxy /usr/bin/cmake --build /home/linux/ros2_ws/build/pub1-1 -- -j10 -l10
[0.024s] -- Found ament_cmake: 0.9.12 (/opt/ros/foxy/share/ament_cmake/cmake)
[0.038s] -- Using PYTHON_EXECUTABLE: /usr/bin/python3
[0.146s] -- Override CMake install command with custom implementation using symlinks instead of copying resources
[0.151s] -- Found rclcpp: 2.4.3 (/opt/ros/foxy/share/rclcpp/cmake)
[0.213s] -- Using all available rosidl_typesupport_c: rosidl_typesupport_fastrtps_c;rosidl_typesupport_introspection_c
[0.215s] -- Found rosidl_adapter: 1.3.1 (/opt/ros/foxy/share/rosidl_adapter/cmake)
[1.584s] -- Using all available rosidl_typesupport_cpp: rosidl_typesupport_fastrtps_cpp;rosidl_typesupport_introspection_cpp
[1.613s] -- Found rmw_implementation_cmake: 1.0.4 (/opt/ros/foxy/share/rmw_implementation_cmake/cmake)
[1.614s] -- Using RMW implementation 'rmw_fastrtps_cpp' as default
[1.739s] -- Configuring done
[1.744s] -- Generating done
[1.746s] -- Build files have been written to: /home/linux/ros2_ws/build/pub1-1
[1.762s] [35m[1mScanning dependencies of target pub1-1[0m
[1.781s] [ 50%] [32mBuilding CXX object CMakeFiles/pub1-1.dir/src/pub1-1.cpp.o[0m
[3.488s] [100%] [32m[1mLinking CXX executable pub1-1[0m
[3.610s] [100%] Built target pub1-1
[3.617s] Invoked command in '/home/linux/ros2_ws/build/pub1-1' returned '0': CMAKE_PREFIX_PATH=${CMAKE_PREFIX_PATH}:/opt/ros/foxy /usr/bin/cmake --build /home/linux/ros2_ws/build/pub1-1 -- -j10 -l10
[3.624s] Invoking command in '/home/linux/ros2_ws/build/pub1-1': CMAKE_PREFIX_PATH=${CMAKE_PREFIX_PATH}:/opt/ros/foxy /usr/bin/cmake --install /home/linux/ros2_ws/build/pub1-1
[3.628s] -- Install configuration: ""
[3.628s] -- Execute custom install script
[3.629s] -- Symlinking: /home/linux/ros2_ws/install/pub1-1/lib/pub1-1/pub1-1
[3.634s] -- Up-to-date symlink: /home/linux/ros2_ws/install/pub1-1/share/ament_index/resource_index/package_run_dependencies/pub1-1
[3.635s] -- Up-to-date symlink: /home/linux/ros2_ws/install/pub1-1/share/ament_index/resource_index/parent_prefix_path/pub1-1
[3.635s] -- Up-to-date symlink: /home/linux/ros2_ws/install/pub1-1/share/pub1-1/environment/ament_prefix_path.sh
[3.635s] -- Up-to-date symlink: /home/linux/ros2_ws/install/pub1-1/share/pub1-1/environment/ament_prefix_path.dsv
[3.635s] -- Up-to-date symlink: /home/linux/ros2_ws/install/pub1-1/share/pub1-1/environment/path.sh
[3.635s] -- Up-to-date symlink: /home/linux/ros2_ws/install/pub1-1/share/pub1-1/environment/path.dsv
[3.635s] -- Up-to-date symlink: /home/linux/ros2_ws/install/pub1-1/share/pub1-1/local_setup.bash
[3.635s] -- Up-to-date symlink: /home/linux/ros2_ws/install/pub1-1/share/pub1-1/local_setup.sh
[3.635s] -- Up-to-date symlink: /home/linux/ros2_ws/install/pub1-1/share/pub1-1/local_setup.zsh
[3.636s] -- Up-to-date symlink: /home/linux/ros2_ws/install/pub1-1/share/pub1-1/local_setup.dsv
[3.636s] -- Symlinking: /home/linux/ros2_ws/install/pub1-1/share/pub1-1/package.dsv
[3.641s] -- Up-to-date symlink: /home/linux/ros2_ws/install/pub1-1/share/ament_index/resource_index/packages/pub1-1
[3.641s] -- Up-to-date symlink: /home/linux/ros2_ws/install/pub1-1/share/pub1-1/cmake/pub1-1Config.cmake
[3.641s] -- Up-to-date symlink: /home/linux/ros2_ws/install/pub1-1/share/pub1-1/cmake/pub1-1Config-version.cmake
[3.641s] -- Up-to-date symlink: /home/linux/ros2_ws/install/pub1-1/share/pub1-1/package.xml
[3.643s] Invoked command in '/home/linux/ros2_ws/build/pub1-1' returned '0': CMAKE_PREFIX_PATH=${CMAKE_PREFIX_PATH}:/opt/ros/foxy /usr/bin/cmake --install /home/linux/ros2_ws/build/pub1-1
