[0.010s] Invoking command in '/home/linux/ros2_ws/build/pub1': CMAKE_PREFIX_PATH=/opt/ros/foxy /usr/bin/cmake /home/linux/ros2_ws/src/pub1 -DAMENT_CMAKE_SYMLINK_INSTALL=1 -DCMAKE_INSTALL_PREFIX=/home/linux/ros2_ws/install/pub1
[0.072s] -- The C compiler identification is GNU 9.4.0
[0.178s] -- The CXX compiler identification is GNU 9.4.0
[0.217s] -- Check for working C compiler: /usr/bin/cc
[0.278s] -- Check for working C compiler: /usr/bin/cc -- works
[0.279s] -- Detecting C compiler ABI info
[0.339s] -- Detecting C compiler ABI info - done
[0.346s] -- Detecting C compile features
[0.346s] -- Detecting C compile features - done
[0.347s] -- Check for working CXX compiler: /usr/bin/c++
[0.413s] -- Check for working CXX compiler: /usr/bin/c++ -- works
[0.414s] -- Detecting CXX compiler ABI info
[0.487s] -- Detecting CXX compiler ABI info - done
[0.494s] -- Detecting CXX compile features
[0.494s] -- Detecting CXX compile features - done
[0.495s] -- Found ament_cmake: 0.9.12 (/opt/ros/foxy/share/ament_cmake/cmake)
[0.511s] -- Found PythonInterp: /usr/bin/python3 (found suitable version "3.8.10", minimum required is "3") 
[0.511s] -- Using PYTHON_EXECUTABLE: /usr/bin/python3
[0.616s] -- Override CMake install command with custom implementation using symlinks instead of copying resources
[0.628s] -- Found rclcpp: 2.4.3 (/opt/ros/foxy/share/rclcpp/cmake)
[0.685s] -- Using all available rosidl_typesupport_c: rosidl_typesupport_fastrtps_c;rosidl_typesupport_introspection_c
[0.688s] -- Found rosidl_adapter: 1.3.1 (/opt/ros/foxy/share/rosidl_adapter/cmake)
[0.980s] -- Found OpenSSL: /usr/lib/x86_64-linux-gnu/libcrypto.so (found version "1.1.1f")  
[1.356s] -- Found FastRTPS: /opt/ros/foxy/include  
[2.031s] -- Using all available rosidl_typesupport_cpp: rosidl_typesupport_fastrtps_cpp;rosidl_typesupport_introspection_cpp
[2.063s] -- Found rmw_implementation_cmake: 1.0.4 (/opt/ros/foxy/share/rmw_implementation_cmake/cmake)
[2.064s] -- Using RMW implementation 'rmw_fastrtps_cpp' as default
[2.064s] -- Looking for pthread.h
[2.124s] -- Looking for pthread.h - found
[2.124s] -- Performing Test CMAKE_HAVE_LIBC_PTHREAD
[2.187s] -- Performing Test CMAKE_HAVE_LIBC_PTHREAD - Failed
[2.188s] -- Looking for pthread_create in pthreads
[2.243s] -- Looking for pthread_create in pthreads - not found
[2.243s] -- Looking for pthread_create in pthread
[2.303s] -- Looking for pthread_create in pthread - found
[2.303s] -- Found Threads: TRUE  
[2.438s] -- Configuring done
[2.443s] -- Generating done
[2.445s] -- Build files have been written to: /home/linux/ros2_ws/build/pub1
[2.450s] Invoked command in '/home/linux/ros2_ws/build/pub1' returned '0': CMAKE_PREFIX_PATH=/opt/ros/foxy /usr/bin/cmake /home/linux/ros2_ws/src/pub1 -DAMENT_CMAKE_SYMLINK_INSTALL=1 -DCMAKE_INSTALL_PREFIX=/home/linux/ros2_ws/install/pub1
[2.452s] Invoking command in '/home/linux/ros2_ws/build/pub1': CMAKE_PREFIX_PATH=/opt/ros/foxy /usr/bin/cmake --build /home/linux/ros2_ws/build/pub1 -- -j10 -l10
[2.474s] [35m[1mScanning dependencies of target pub1[0m
[2.493s] [ 50%] [32mBuilding CXX object CMakeFiles/pub1.dir/src/pub1.cpp.o[0m
[4.184s] [100%] [32m[1mLinking CXX executable pub1[0m
[4.303s] [100%] Built target pub1
[4.310s] Invoked command in '/home/linux/ros2_ws/build/pub1' returned '0': CMAKE_PREFIX_PATH=/opt/ros/foxy /usr/bin/cmake --build /home/linux/ros2_ws/build/pub1 -- -j10 -l10
[4.318s] Invoking command in '/home/linux/ros2_ws/build/pub1': CMAKE_PREFIX_PATH=/opt/ros/foxy /usr/bin/cmake --install /home/linux/ros2_ws/build/pub1
[4.321s] -- Install configuration: ""
[4.322s] -- Execute custom install script
[4.322s] -- Symlinking: /home/linux/ros2_ws/install/pub1/lib/pub1/pub1
[4.329s] -- Symlinking: /home/linux/ros2_ws/install/pub1/share/ament_index/resource_index/package_run_dependencies/pub1
[4.334s] -- Symlinking: /home/linux/ros2_ws/install/pub1/share/ament_index/resource_index/parent_prefix_path/pub1
[4.339s] -- Symlinking: /home/linux/ros2_ws/install/pub1/share/pub1/environment/ament_prefix_path.sh
[4.345s] -- Symlinking: /home/linux/ros2_ws/install/pub1/share/pub1/environment/ament_prefix_path.dsv
[4.350s] -- Symlinking: /home/linux/ros2_ws/install/pub1/share/pub1/environment/path.sh
[4.354s] -- Symlinking: /home/linux/ros2_ws/install/pub1/share/pub1/environment/path.dsv
[4.359s] -- Symlinking: /home/linux/ros2_ws/install/pub1/share/pub1/local_setup.bash
[4.364s] -- Symlinking: /home/linux/ros2_ws/install/pub1/share/pub1/local_setup.sh
[4.368s] -- Symlinking: /home/linux/ros2_ws/install/pub1/share/pub1/local_setup.zsh
[4.373s] -- Symlinking: /home/linux/ros2_ws/install/pub1/share/pub1/local_setup.dsv
[4.377s] -- Symlinking: /home/linux/ros2_ws/install/pub1/share/pub1/package.dsv
[4.382s] -- Symlinking: /home/linux/ros2_ws/install/pub1/share/ament_index/resource_index/packages/pub1
[4.387s] -- Symlinking: /home/linux/ros2_ws/install/pub1/share/pub1/cmake/pub1Config.cmake
[4.392s] -- Symlinking: /home/linux/ros2_ws/install/pub1/share/pub1/cmake/pub1Config-version.cmake
[4.396s] -- Symlinking: /home/linux/ros2_ws/install/pub1/share/pub1/package.xml
[4.402s] Invoked command in '/home/linux/ros2_ws/build/pub1' returned '0': CMAKE_PREFIX_PATH=/opt/ros/foxy /usr/bin/cmake --install /home/linux/ros2_ws/build/pub1
