[0.043s] Invoking command in '/home/jetson/ros2_ws/build/dxl_nano': CMAKE_PREFIX_PATH=${CMAKE_PREFIX_PATH}:/opt/ros/foxy /usr/bin/cmake /home/jetson/ros2_ws/src/dxl_nano -DAMENT_CMAKE_SYMLINK_INSTALL=1 -DCMAKE_INSTALL_PREFIX=/home/jetson/ros2_ws/install/dxl_nano
[0.601s] -- The C compiler identification is GNU 8.4.0
[1.040s] -- The CXX compiler identification is GNU 8.4.0
[1.069s] -- Check for working C compiler: /usr/bin/cc
[1.309s] -- Check for working C compiler: /usr/bin/cc -- works
[1.314s] -- Detecting C compiler ABI info
[1.547s] -- Detecting C compiler ABI info - done
[1.597s] -- Detecting C compile features
[1.599s] -- Detecting C compile features - done
[1.611s] -- Check for working CXX compiler: /usr/bin/c++
[1.879s] -- Check for working CXX compiler: /usr/bin/c++ -- works
[1.883s] -- Detecting CXX compiler ABI info
[2.146s] -- Detecting CXX compiler ABI info - done
[2.196s] -- Detecting CXX compile features
[2.198s] -- Detecting CXX compile features - done
[2.227s] -- Found ament_cmake: 0.9.12 (/opt/ros/foxy/share/ament_cmake/cmake)
[2.344s] -- Found PythonInterp: /usr/bin/python3 (found suitable version "3.8.10", minimum required is "3") 
[2.345s] -- Using PYTHON_EXECUTABLE: /usr/bin/python3
[3.259s] -- Override CMake install command with custom implementation using symlinks instead of copying resources
[3.431s] -- Found rclcpp: 2.4.3 (/opt/ros/foxy/share/rclcpp/cmake)
[3.707s] -- Using all available rosidl_typesupport_c: rosidl_typesupport_fastrtps_c;rosidl_typesupport_introspection_c
[3.756s] -- Found rosidl_adapter: 1.3.1 (/opt/ros/foxy/share/rosidl_adapter/cmake)
[4.161s] -- Found OpenSSL: /usr/lib/aarch64-linux-gnu/libcrypto.so (found version "1.1.1f")  
[4.279s] -- Found FastRTPS: /opt/ros/foxy/include  
[4.678s] -- Using all available rosidl_typesupport_cpp: rosidl_typesupport_fastrtps_cpp;rosidl_typesupport_introspection_cpp
[4.974s] -- Found rmw_implementation_cmake: 1.0.4 (/opt/ros/foxy/share/rmw_implementation_cmake/cmake)
[4.983s] -- Using RMW implementation 'rmw_fastrtps_cpp' as default
[4.988s] -- Looking for pthread.h
[5.236s] -- Looking for pthread.h - found
[5.237s] -- Performing Test CMAKE_HAVE_LIBC_PTHREAD
[5.492s] -- Performing Test CMAKE_HAVE_LIBC_PTHREAD - Failed
[5.493s] -- Looking for pthread_create in pthreads
[5.697s] -- Looking for pthread_create in pthreads - not found
[5.699s] -- Looking for pthread_create in pthread
[5.948s] -- Looking for pthread_create in pthread - found
[5.952s] -- Found Threads: TRUE  
[6.754s] -- Found geometry_msgs: 2.0.5 (/opt/ros/foxy/share/geometry_msgs/cmake)
[7.206s] -- Configuring done
[7.236s] -- Generating done
[7.242s] -- Build files have been written to: /home/jetson/ros2_ws/build/dxl_nano
[7.262s] Invoked command in '/home/jetson/ros2_ws/build/dxl_nano' returned '0': CMAKE_PREFIX_PATH=${CMAKE_PREFIX_PATH}:/opt/ros/foxy /usr/bin/cmake /home/jetson/ros2_ws/src/dxl_nano -DAMENT_CMAKE_SYMLINK_INSTALL=1 -DCMAKE_INSTALL_PREFIX=/home/jetson/ros2_ws/install/dxl_nano
[7.272s] Invoking command in '/home/jetson/ros2_ws/build/dxl_nano': CMAKE_PREFIX_PATH=${CMAKE_PREFIX_PATH}:/opt/ros/foxy /usr/bin/cmake --build /home/jetson/ros2_ws/build/dxl_nano -- -j4 -l4
[7.414s] [35m[1mScanning dependencies of target sub[0m
[7.717s] [ 33%] [32mBuilding CXX object CMakeFiles/sub.dir/src/dxl.cpp.o[0m
[7.729s] [ 66%] [32mBuilding CXX object CMakeFiles/sub.dir/src/sub.cpp.o[0m
[24.265s] [100%] [32m[1mLinking CXX executable sub[0m
[25.359s] [100%] Built target sub
[25.399s] Invoked command in '/home/jetson/ros2_ws/build/dxl_nano' returned '0': CMAKE_PREFIX_PATH=${CMAKE_PREFIX_PATH}:/opt/ros/foxy /usr/bin/cmake --build /home/jetson/ros2_ws/build/dxl_nano -- -j4 -l4
[25.523s] Invoking command in '/home/jetson/ros2_ws/build/dxl_nano': CMAKE_PREFIX_PATH=${CMAKE_PREFIX_PATH}:/opt/ros/foxy /usr/bin/cmake --install /home/jetson/ros2_ws/build/dxl_nano
[25.552s] -- Install configuration: ""
[25.554s] -- Execute custom install script
[25.555s] -- Symlinking: /home/jetson/ros2_ws/install/dxl_nano/lib/dxl_nano/sub
[25.587s] -- Symlinking: /home/jetson/ros2_ws/install/dxl_nano/share/ament_index/resource_index/package_run_dependencies/dxl_nano
[25.619s] -- Symlinking: /home/jetson/ros2_ws/install/dxl_nano/share/ament_index/resource_index/parent_prefix_path/dxl_nano
[25.651s] -- Symlinking: /home/jetson/ros2_ws/install/dxl_nano/share/dxl_nano/environment/ament_prefix_path.sh
[25.682s] -- Symlinking: /home/jetson/ros2_ws/install/dxl_nano/share/dxl_nano/environment/ament_prefix_path.dsv
[25.714s] -- Symlinking: /home/jetson/ros2_ws/install/dxl_nano/share/dxl_nano/environment/path.sh
[25.745s] -- Symlinking: /home/jetson/ros2_ws/install/dxl_nano/share/dxl_nano/environment/path.dsv
[25.777s] -- Symlinking: /home/jetson/ros2_ws/install/dxl_nano/share/dxl_nano/local_setup.bash
[25.808s] -- Symlinking: /home/jetson/ros2_ws/install/dxl_nano/share/dxl_nano/local_setup.sh
[25.840s] -- Symlinking: /home/jetson/ros2_ws/install/dxl_nano/share/dxl_nano/local_setup.zsh
[25.870s] -- Symlinking: /home/jetson/ros2_ws/install/dxl_nano/share/dxl_nano/local_setup.dsv
[25.902s] -- Symlinking: /home/jetson/ros2_ws/install/dxl_nano/share/dxl_nano/package.dsv
[25.936s] -- Symlinking: /home/jetson/ros2_ws/install/dxl_nano/share/ament_index/resource_index/packages/dxl_nano
[25.968s] -- Symlinking: /home/jetson/ros2_ws/install/dxl_nano/share/dxl_nano/cmake/dxl_nanoConfig.cmake
[25.999s] -- Symlinking: /home/jetson/ros2_ws/install/dxl_nano/share/dxl_nano/cmake/dxl_nanoConfig-version.cmake
[26.030s] -- Symlinking: /home/jetson/ros2_ws/install/dxl_nano/share/dxl_nano/package.xml
[26.070s] Invoked command in '/home/jetson/ros2_ws/build/dxl_nano' returned '0': CMAKE_PREFIX_PATH=${CMAKE_PREFIX_PATH}:/opt/ros/foxy /usr/bin/cmake --install /home/jetson/ros2_ws/build/dxl_nano
