[0.011s] Invoking command in '/home/linux/ros2_ws/build/pub1-3': CMAKE_PREFIX_PATH=${CMAKE_PREFIX_PATH}:/opt/ros/foxy /usr/bin/cmake --build /home/linux/ros2_ws/build/pub1-3 -- -j10 -l10
[0.034s] [35m[1mScanning dependencies of target pub1-3[0m
[0.048s] [ 50%] [32mBuilding CXX object CMakeFiles/pub1-3.dir/src/pub1-3.cpp.o[0m
[1.789s] [100%] [32m[1mLinking CXX executable pub1-3[0m
[1.897s] [100%] Built target pub1-3
[1.904s] Invoked command in '/home/linux/ros2_ws/build/pub1-3' returned '0': CMAKE_PREFIX_PATH=${CMAKE_PREFIX_PATH}:/opt/ros/foxy /usr/bin/cmake --build /home/linux/ros2_ws/build/pub1-3 -- -j10 -l10
[1.913s] Invoking command in '/home/linux/ros2_ws/build/pub1-3': CMAKE_PREFIX_PATH=${CMAKE_PREFIX_PATH}:/opt/ros/foxy /usr/bin/cmake --install /home/linux/ros2_ws/build/pub1-3
[1.916s] -- Install configuration: ""
[1.917s] -- Execute custom install script
[1.917s] -- Up-to-date symlink: /home/linux/ros2_ws/install/pub1-3/lib/pub1-3/pub1-3
[1.917s] -- Up-to-date symlink: /home/linux/ros2_ws/install/pub1-3/share/ament_index/resource_index/package_run_dependencies/pub1-3
[1.917s] -- Up-to-date symlink: /home/linux/ros2_ws/install/pub1-3/share/ament_index/resource_index/parent_prefix_path/pub1-3
[1.917s] -- Up-to-date symlink: /home/linux/ros2_ws/install/pub1-3/share/pub1-3/environment/ament_prefix_path.sh
[1.918s] -- Up-to-date symlink: /home/linux/ros2_ws/install/pub1-3/share/pub1-3/environment/ament_prefix_path.dsv
[1.918s] -- Up-to-date symlink: /home/linux/ros2_ws/install/pub1-3/share/pub1-3/environment/path.sh
[1.918s] -- Up-to-date symlink: /home/linux/ros2_ws/install/pub1-3/share/pub1-3/environment/path.dsv
[1.918s] -- Up-to-date symlink: /home/linux/ros2_ws/install/pub1-3/share/pub1-3/local_setup.bash
[1.918s] -- Up-to-date symlink: /home/linux/ros2_ws/install/pub1-3/share/pub1-3/local_setup.sh
[1.918s] -- Up-to-date symlink: /home/linux/ros2_ws/install/pub1-3/share/pub1-3/local_setup.zsh
[1.918s] -- Up-to-date symlink: /home/linux/ros2_ws/install/pub1-3/share/pub1-3/local_setup.dsv
[1.918s] -- Symlinking: /home/linux/ros2_ws/install/pub1-3/share/pub1-3/package.dsv
[1.924s] -- Up-to-date symlink: /home/linux/ros2_ws/install/pub1-3/share/ament_index/resource_index/packages/pub1-3
[1.924s] -- Up-to-date symlink: /home/linux/ros2_ws/install/pub1-3/share/pub1-3/cmake/pub1-3Config.cmake
[1.924s] -- Up-to-date symlink: /home/linux/ros2_ws/install/pub1-3/share/pub1-3/cmake/pub1-3Config-version.cmake
[1.924s] -- Up-to-date symlink: /home/linux/ros2_ws/install/pub1-3/share/pub1-3/package.xml
[1.926s] Invoked command in '/home/linux/ros2_ws/build/pub1-3' returned '0': CMAKE_PREFIX_PATH=${CMAKE_PREFIX_PATH}:/opt/ros/foxy /usr/bin/cmake --install /home/linux/ros2_ws/build/pub1-3
