[0.045s] Invoking command in '/home/jetson/ros2_ws/build/dxl': CMAKE_PREFIX_PATH=${CMAKE_PREFIX_PATH}:/opt/ros/foxy /usr/bin/cmake --build /home/jetson/ros2_ws/build/dxl -- -j4 -l4
[0.356s] [35m[1mScanning dependencies of target dxl[0m
[0.463s] [ 33%] [32mBuilding CXX object CMakeFiles/dxl.dir/src/main.cpp.o[0m
[6.580s] [ 66%] [32m[1mLinking CXX executable dxl[0m
[7.133s] [100%] Built target dxl
[7.170s] Invoked command in '/home/jetson/ros2_ws/build/dxl' returned '0': CMAKE_PREFIX_PATH=${CMAKE_PREFIX_PATH}:/opt/ros/foxy /usr/bin/cmake --build /home/jetson/ros2_ws/build/dxl -- -j4 -l4
[7.293s] Invoking command in '/home/jetson/ros2_ws/build/dxl': CMAKE_PREFIX_PATH=${CMAKE_PREFIX_PATH}:/opt/ros/foxy /usr/bin/cmake --install /home/jetson/ros2_ws/build/dxl
[7.322s] -- Install configuration: ""
[7.324s] -- Execute custom install script
[7.326s] -- Up-to-date symlink: /home/jetson/ros2_ws/install/dxl/lib/dxl/dxl
[7.327s] -- Up-to-date symlink: /home/jetson/ros2_ws/install/dxl/share/ament_index/resource_index/package_run_dependencies/dxl
[7.329s] -- Up-to-date symlink: /home/jetson/ros2_ws/install/dxl/share/ament_index/resource_index/parent_prefix_path/dxl
[7.330s] -- Up-to-date symlink: /home/jetson/ros2_ws/install/dxl/share/dxl/environment/ament_prefix_path.sh
[7.331s] -- Up-to-date symlink: /home/jetson/ros2_ws/install/dxl/share/dxl/environment/ament_prefix_path.dsv
[7.332s] -- Up-to-date symlink: /home/jetson/ros2_ws/install/dxl/share/dxl/environment/path.sh
[7.333s] -- Up-to-date symlink: /home/jetson/ros2_ws/install/dxl/share/dxl/environment/path.dsv
[7.335s] -- Up-to-date symlink: /home/jetson/ros2_ws/install/dxl/share/dxl/local_setup.bash
[7.336s] -- Up-to-date symlink: /home/jetson/ros2_ws/install/dxl/share/dxl/local_setup.sh
[7.337s] -- Up-to-date symlink: /home/jetson/ros2_ws/install/dxl/share/dxl/local_setup.zsh
[7.338s] -- Up-to-date symlink: /home/jetson/ros2_ws/install/dxl/share/dxl/local_setup.dsv
[7.339s] -- Symlinking: /home/jetson/ros2_ws/install/dxl/share/dxl/package.dsv
[7.371s] -- Up-to-date symlink: /home/jetson/ros2_ws/install/dxl/share/ament_index/resource_index/packages/dxl
[7.372s] -- Up-to-date symlink: /home/jetson/ros2_ws/install/dxl/share/dxl/cmake/dxlConfig.cmake
[7.373s] -- Up-to-date symlink: /home/jetson/ros2_ws/install/dxl/share/dxl/cmake/dxlConfig-version.cmake
[7.374s] -- Up-to-date symlink: /home/jetson/ros2_ws/install/dxl/share/dxl/package.xml
[7.381s] Invoked command in '/home/jetson/ros2_ws/build/dxl' returned '0': CMAKE_PREFIX_PATH=${CMAKE_PREFIX_PATH}:/opt/ros/foxy /usr/bin/cmake --install /home/jetson/ros2_ws/build/dxl
