[0.042s] Invoking command in '/home/jetson/ros2_ws/build/camera_ros2': CMAKE_PREFIX_PATH=/opt/ros/foxy /usr/bin/cmake /home/jetson/ros2_ws/src/camera_ros2 -DAMENT_CMAKE_SYMLINK_INSTALL=1 -DCMAKE_INSTALL_PREFIX=/home/jetson/ros2_ws/install/camera_ros2
[0.668s] -- The C compiler identification is GNU 8.4.0
[1.104s] -- The CXX compiler identification is GNU 8.4.0
[1.131s] -- Check for working C compiler: /usr/bin/cc
[1.358s] -- Check for working C compiler: /usr/bin/cc -- works
[1.364s] -- Detecting C compiler ABI info
[1.586s] -- Detecting C compiler ABI info - done
[1.634s] -- Detecting C compile features
[1.636s] -- Detecting C compile features - done
[1.647s] -- Check for working CXX compiler: /usr/bin/c++
[1.899s] -- Check for working CXX compiler: /usr/bin/c++ -- works
[1.903s] -- Detecting CXX compiler ABI info
[2.157s] -- Detecting CXX compiler ABI info - done
[2.205s] -- Detecting CXX compile features
[2.207s] -- Detecting CXX compile features - done
[2.232s] -- Found ament_cmake: 0.9.12 (/opt/ros/foxy/share/ament_cmake/cmake)
[2.338s] -- Found PythonInterp: /usr/bin/python3 (found suitable version "3.8.10", minimum required is "3") 
[2.338s] -- Using PYTHON_EXECUTABLE: /usr/bin/python3
[3.211s] -- Override CMake install command with custom implementation using symlinks instead of copying resources
[3.348s] -- Found rclcpp: 2.4.3 (/opt/ros/foxy/share/rclcpp/cmake)
[3.634s] -- Using all available rosidl_typesupport_c: rosidl_typesupport_fastrtps_c;rosidl_typesupport_introspection_c
[3.674s] -- Found rosidl_adapter: 1.3.1 (/opt/ros/foxy/share/rosidl_adapter/cmake)
[4.057s] -- Found OpenSSL: /usr/lib/aarch64-linux-gnu/libcrypto.so (found version "1.1.1f")  
[4.171s] -- Found FastRTPS: /opt/ros/foxy/include  
[4.548s] -- Using all available rosidl_typesupport_cpp: rosidl_typesupport_fastrtps_cpp;rosidl_typesupport_introspection_cpp
[4.825s] -- Found rmw_implementation_cmake: 1.0.4 (/opt/ros/foxy/share/rmw_implementation_cmake/cmake)
[4.833s] -- Using RMW implementation 'rmw_fastrtps_cpp' as default
[4.837s] -- Looking for pthread.h
[5.085s] -- Looking for pthread.h - found
[5.086s] -- Performing Test CMAKE_HAVE_LIBC_PTHREAD
[5.321s] -- Performing Test CMAKE_HAVE_LIBC_PTHREAD - Failed
[5.322s] -- Looking for pthread_create in pthreads
[5.512s] -- Looking for pthread_create in pthreads - not found
[5.513s] -- Looking for pthread_create in pthread
[5.740s] -- Looking for pthread_create in pthread - found
[5.743s] -- Found Threads: TRUE  
[6.473s] -- Found sensor_msgs: 2.0.5 (/opt/ros/foxy/share/sensor_msgs/cmake)
[7.010s] -- Found cv_bridge: 3.0.7 (/opt/ros/foxy/share/cv_bridge/cmake)
[7.086s] -- Found CUDA: /usr/local/cuda (found suitable exact version "10.2") 
[7.277s] -- Found OpenCV: /usr (found version "4.8.0") 
[7.655s] -- Configuring done
[7.806s] -- Generating done
[7.812s] -- Build files have been written to: /home/jetson/ros2_ws/build/camera_ros2
[7.836s] Invoked command in '/home/jetson/ros2_ws/build/camera_ros2' returned '0': CMAKE_PREFIX_PATH=/opt/ros/foxy /usr/bin/cmake /home/jetson/ros2_ws/src/camera_ros2 -DAMENT_CMAKE_SYMLINK_INSTALL=1 -DCMAKE_INSTALL_PREFIX=/home/jetson/ros2_ws/install/camera_ros2
[7.846s] Invoking command in '/home/jetson/ros2_ws/build/camera_ros2': CMAKE_PREFIX_PATH=/opt/ros/foxy /usr/bin/cmake --build /home/jetson/ros2_ws/build/camera_ros2 -- -j4 -l4
[7.983s] [35m[1mScanning dependencies of target pub[0m
[7.984s] [35m[1mScanning dependencies of target sub[0m
[8.413s] [ 50%] [32mBuilding CXX object CMakeFiles/pub.dir/src/pub.cpp.o[0m
[8.413s] [ 50%] [32mBuilding CXX object CMakeFiles/sub.dir/src/sub.cpp.o[0m
[24.090s] [ 75%] [32m[1mLinking CXX executable pub[0m
[27.134s] /usr/bin/ld: warning: libopencv_core.so.4.2, needed by /opt/ros/foxy/lib/libcv_bridge.so, may conflict with libopencv_core.so.408
[27.168s] [ 75%] Built target pub
[32.034s] [100%] [32m[1mLinking CXX executable sub[0m
[33.618s] [100%] Built target sub
[33.654s] Invoked command in '/home/jetson/ros2_ws/build/camera_ros2' returned '0': CMAKE_PREFIX_PATH=/opt/ros/foxy /usr/bin/cmake --build /home/jetson/ros2_ws/build/camera_ros2 -- -j4 -l4
[33.775s] Invoking command in '/home/jetson/ros2_ws/build/camera_ros2': CMAKE_PREFIX_PATH=/opt/ros/foxy /usr/bin/cmake --install /home/jetson/ros2_ws/build/camera_ros2
[33.802s] -- Install configuration: ""
[33.803s] -- Execute custom install script
[33.805s] -- Symlinking: /home/jetson/ros2_ws/install/camera_ros2/lib/camera_ros2/pub
[33.834s] -- Symlinking: /home/jetson/ros2_ws/install/camera_ros2/lib/camera_ros2/sub
[33.864s] -- Symlinking: /home/jetson/ros2_ws/install/camera_ros2/share/ament_index/resource_index/package_run_dependencies/camera_ros2
[33.894s] -- Symlinking: /home/jetson/ros2_ws/install/camera_ros2/share/ament_index/resource_index/parent_prefix_path/camera_ros2
[33.923s] -- Symlinking: /home/jetson/ros2_ws/install/camera_ros2/share/camera_ros2/environment/ament_prefix_path.sh
[33.953s] -- Symlinking: /home/jetson/ros2_ws/install/camera_ros2/share/camera_ros2/environment/ament_prefix_path.dsv
[33.983s] -- Symlinking: /home/jetson/ros2_ws/install/camera_ros2/share/camera_ros2/environment/path.sh
[34.014s] -- Symlinking: /home/jetson/ros2_ws/install/camera_ros2/share/camera_ros2/environment/path.dsv
[34.043s] -- Symlinking: /home/jetson/ros2_ws/install/camera_ros2/share/camera_ros2/local_setup.bash
[34.072s] -- Symlinking: /home/jetson/ros2_ws/install/camera_ros2/share/camera_ros2/local_setup.sh
[34.102s] -- Symlinking: /home/jetson/ros2_ws/install/camera_ros2/share/camera_ros2/local_setup.zsh
[34.132s] -- Symlinking: /home/jetson/ros2_ws/install/camera_ros2/share/camera_ros2/local_setup.dsv
[34.161s] -- Symlinking: /home/jetson/ros2_ws/install/camera_ros2/share/camera_ros2/package.dsv
[34.191s] -- Symlinking: /home/jetson/ros2_ws/install/camera_ros2/share/ament_index/resource_index/packages/camera_ros2
[34.221s] -- Symlinking: /home/jetson/ros2_ws/install/camera_ros2/share/camera_ros2/cmake/camera_ros2Config.cmake
[34.251s] -- Symlinking: /home/jetson/ros2_ws/install/camera_ros2/share/camera_ros2/cmake/camera_ros2Config-version.cmake
[34.280s] -- Symlinking: /home/jetson/ros2_ws/install/camera_ros2/share/camera_ros2/package.xml
[34.315s] Invoked command in '/home/jetson/ros2_ws/build/camera_ros2' returned '0': CMAKE_PREFIX_PATH=/opt/ros/foxy /usr/bin/cmake --install /home/jetson/ros2_ws/build/camera_ros2
