[35m[1mScanning dependencies of target pub1-3[0m
[ 50%] [32mBuilding CXX object CMakeFiles/pub1-3.dir/src/pub1-3.cpp.o[0m
[100%] [32m[1mLinking CXX executable pub1-3[0m
[100%] Built target pub1-3
-- Install configuration: ""
-- Execute custom install script
-- Up-to-date symlink: /home/linux/ros2_ws/install/pub1-3/lib/pub1-3/pub1-3
-- Up-to-date symlink: /home/linux/ros2_ws/install/pub1-3/share/ament_index/resource_index/package_run_dependencies/pub1-3
-- Up-to-date symlink: /home/linux/ros2_ws/install/pub1-3/share/ament_index/resource_index/parent_prefix_path/pub1-3
-- Up-to-date symlink: /home/linux/ros2_ws/install/pub1-3/share/pub1-3/environment/ament_prefix_path.sh
-- Up-to-date symlink: /home/linux/ros2_ws/install/pub1-3/share/pub1-3/environment/ament_prefix_path.dsv
-- Up-to-date symlink: /home/linux/ros2_ws/install/pub1-3/share/pub1-3/environment/path.sh
-- Up-to-date symlink: /home/linux/ros2_ws/install/pub1-3/share/pub1-3/environment/path.dsv
-- Up-to-date symlink: /home/linux/ros2_ws/install/pub1-3/share/pub1-3/local_setup.bash
-- Up-to-date symlink: /home/linux/ros2_ws/install/pub1-3/share/pub1-3/local_setup.sh
-- Up-to-date symlink: /home/linux/ros2_ws/install/pub1-3/share/pub1-3/local_setup.zsh
-- Up-to-date symlink: /home/linux/ros2_ws/install/pub1-3/share/pub1-3/local_setup.dsv
-- Symlinking: /home/linux/ros2_ws/install/pub1-3/share/pub1-3/package.dsv
-- Up-to-date symlink: /home/linux/ros2_ws/install/pub1-3/share/ament_index/resource_index/packages/pub1-3
-- Up-to-date symlink: /home/linux/ros2_ws/install/pub1-3/share/pub1-3/cmake/pub1-3Config.cmake
-- Up-to-date symlink: /home/linux/ros2_ws/install/pub1-3/share/pub1-3/cmake/pub1-3Config-version.cmake
-- Up-to-date symlink: /home/linux/ros2_ws/install/pub1-3/share/pub1-3/package.xml
