[0.012s] Invoking command in '/home/linux/ros2_ws/build/pub2-3': CMAKE_PREFIX_PATH=${CMAKE_PREFIX_PATH}:/opt/ros/foxy /usr/bin/cmake /home/linux/ros2_ws/src/pub2-3 -DAMENT_CMAKE_SYMLINK_INSTALL=1 -DCMAKE_INSTALL_PREFIX=/home/linux/ros2_ws/install/pub2-3
[0.079s] -- The C compiler identification is GNU 9.4.0
[0.179s] -- The CXX compiler identification is GNU 9.4.0
[0.217s] -- Check for working C compiler: /usr/bin/cc
[0.282s] -- Check for working C compiler: /usr/bin/cc -- works
[0.283s] -- Detecting C compiler ABI info
[0.360s] -- Detecting C compiler ABI info - done
[0.366s] -- Detecting C compile features
[0.367s] -- Detecting C compile features - done
[0.368s] -- Check for working CXX compiler: /usr/bin/c++
[0.455s] -- Check for working CXX compiler: /usr/bin/c++ -- works
[0.456s] -- Detecting CXX compiler ABI info
[0.546s] -- Detecting CXX compiler ABI info - done
[0.553s] -- Detecting CXX compile features
[0.553s] -- Detecting CXX compile features - done
[0.555s] -- Found ament_cmake: 0.9.12 (/opt/ros/foxy/share/ament_cmake/cmake)
[0.571s] -- Found PythonInterp: /usr/bin/python3 (found suitable version "3.8.10", minimum required is "3") 
[0.571s] -- Using PYTHON_EXECUTABLE: /usr/bin/python3
[0.688s] -- Override CMake install command with custom implementation using symlinks instead of copying resources
[0.705s] -- Found rclcpp: 2.4.3 (/opt/ros/foxy/share/rclcpp/cmake)
[0.785s] -- Using all available rosidl_typesupport_c: rosidl_typesupport_fastrtps_c;rosidl_typesupport_introspection_c
[0.788s] -- Found rosidl_adapter: 1.3.1 (/opt/ros/foxy/share/rosidl_adapter/cmake)
[1.299s] -- Found OpenSSL: /usr/lib/x86_64-linux-gnu/libcrypto.so (found version "1.1.1f")  
[1.807s] -- Found FastRTPS: /opt/ros/foxy/include  
[2.591s] -- Using all available rosidl_typesupport_cpp: rosidl_typesupport_fastrtps_cpp;rosidl_typesupport_introspection_cpp
[2.627s] -- Found rmw_implementation_cmake: 1.0.4 (/opt/ros/foxy/share/rmw_implementation_cmake/cmake)
[2.628s] -- Using RMW implementation 'rmw_fastrtps_cpp' as default
[2.628s] -- Looking for pthread.h
[2.713s] -- Looking for pthread.h - found
[2.714s] -- Performing Test CMAKE_HAVE_LIBC_PTHREAD
[2.844s] -- Performing Test CMAKE_HAVE_LIBC_PTHREAD - Failed
[2.844s] -- Looking for pthread_create in pthreads
[2.904s] -- Looking for pthread_create in pthreads - not found
[2.905s] -- Looking for pthread_create in pthread
[2.979s] -- Looking for pthread_create in pthread - found
[2.980s] -- Found Threads: TRUE  
[3.076s] -- Found geometry_msgs: 2.0.5 (/opt/ros/foxy/share/geometry_msgs/cmake)
[3.142s] -- Configuring done
[3.148s] -- Generating done
[3.150s] -- Build files have been written to: /home/linux/ros2_ws/build/pub2-3
[3.155s] Invoked command in '/home/linux/ros2_ws/build/pub2-3' returned '0': CMAKE_PREFIX_PATH=${CMAKE_PREFIX_PATH}:/opt/ros/foxy /usr/bin/cmake /home/linux/ros2_ws/src/pub2-3 -DAMENT_CMAKE_SYMLINK_INSTALL=1 -DCMAKE_INSTALL_PREFIX=/home/linux/ros2_ws/install/pub2-3
[3.158s] Invoking command in '/home/linux/ros2_ws/build/pub2-3': CMAKE_PREFIX_PATH=${CMAKE_PREFIX_PATH}:/opt/ros/foxy /usr/bin/cmake --build /home/linux/ros2_ws/build/pub2-3 -- -j10 -l10
[3.185s] [35m[1mScanning dependencies of target pub2-3[0m
[3.205s] [ 50%] [32mBuilding CXX object CMakeFiles/pub2-3.dir/src/pub2-3.cpp.o[0m
[5.141s] [100%] [32m[1mLinking CXX executable pub2-3[0m
[5.258s] [100%] Built target pub2-3
[5.266s] Invoked command in '/home/linux/ros2_ws/build/pub2-3' returned '0': CMAKE_PREFIX_PATH=${CMAKE_PREFIX_PATH}:/opt/ros/foxy /usr/bin/cmake --build /home/linux/ros2_ws/build/pub2-3 -- -j10 -l10
[5.275s] Invoking command in '/home/linux/ros2_ws/build/pub2-3': CMAKE_PREFIX_PATH=${CMAKE_PREFIX_PATH}:/opt/ros/foxy /usr/bin/cmake --install /home/linux/ros2_ws/build/pub2-3
[5.279s] -- Install configuration: ""
[5.279s] -- Execute custom install script
[5.280s] -- Symlinking: /home/linux/ros2_ws/install/pub2-3/lib/pub2-3/pub2-3
[5.286s] -- Symlinking: /home/linux/ros2_ws/install/pub2-3/share/ament_index/resource_index/package_run_dependencies/pub2-3
[5.292s] -- Symlinking: /home/linux/ros2_ws/install/pub2-3/share/ament_index/resource_index/parent_prefix_path/pub2-3
[5.298s] -- Symlinking: /home/linux/ros2_ws/install/pub2-3/share/pub2-3/environment/ament_prefix_path.sh
[5.303s] -- Symlinking: /home/linux/ros2_ws/install/pub2-3/share/pub2-3/environment/ament_prefix_path.dsv
[5.308s] -- Symlinking: /home/linux/ros2_ws/install/pub2-3/share/pub2-3/environment/path.sh
[5.314s] -- Symlinking: /home/linux/ros2_ws/install/pub2-3/share/pub2-3/environment/path.dsv
[5.319s] -- Symlinking: /home/linux/ros2_ws/install/pub2-3/share/pub2-3/local_setup.bash
[5.324s] -- Symlinking: /home/linux/ros2_ws/install/pub2-3/share/pub2-3/local_setup.sh
[5.329s] -- Symlinking: /home/linux/ros2_ws/install/pub2-3/share/pub2-3/local_setup.zsh
[5.334s] -- Symlinking: /home/linux/ros2_ws/install/pub2-3/share/pub2-3/local_setup.dsv
[5.339s] -- Symlinking: /home/linux/ros2_ws/install/pub2-3/share/pub2-3/package.dsv
[5.345s] -- Symlinking: /home/linux/ros2_ws/install/pub2-3/share/ament_index/resource_index/packages/pub2-3
[5.350s] -- Symlinking: /home/linux/ros2_ws/install/pub2-3/share/pub2-3/cmake/pub2-3Config.cmake
[5.354s] -- Symlinking: /home/linux/ros2_ws/install/pub2-3/share/pub2-3/cmake/pub2-3Config-version.cmake
[5.361s] -- Symlinking: /home/linux/ros2_ws/install/pub2-3/share/pub2-3/package.xml
[5.368s] Invoked command in '/home/linux/ros2_ws/build/pub2-3' returned '0': CMAKE_PREFIX_PATH=${CMAKE_PREFIX_PATH}:/opt/ros/foxy /usr/bin/cmake --install /home/linux/ros2_ws/build/pub2-3
