[0.043s] Invoking command in '/home/jetson/ros2_ws/build/dxl2': CMAKE_PREFIX_PATH=${CMAKE_PREFIX_PATH}:/opt/ros/foxy /usr/bin/cmake /home/jetson/ros2_ws/src/dxl2 -DAMENT_CMAKE_SYMLINK_INSTALL=1 -DCMAKE_INSTALL_PREFIX=/home/jetson/ros2_ws/install/dxl2
[0.602s] -- The C compiler identification is GNU 8.4.0
[0.828s] -- The CXX compiler identification is GNU 8.4.0
[0.854s] -- Check for working C compiler: /usr/bin/cc
[1.083s] -- Check for working C compiler: /usr/bin/cc -- works
[1.089s] -- Detecting C compiler ABI info
[1.323s] -- Detecting C compiler ABI info - done
[1.375s] -- Detecting C compile features
[1.377s] -- Detecting C compile features - done
[1.389s] -- Check for working CXX compiler: /usr/bin/c++
[1.650s] -- Check for working CXX compiler: /usr/bin/c++ -- works
[1.654s] -- Detecting CXX compiler ABI info
[1.935s] -- Detecting CXX compiler ABI info - done
[1.985s] -- Detecting CXX compile features
[1.986s] -- Detecting CXX compile features - done
[2.006s] -- Found ament_cmake: 0.9.12 (/opt/ros/foxy/share/ament_cmake/cmake)
[2.122s] -- Found PythonInterp: /usr/bin/python3 (found suitable version "3.8.10", minimum required is "3") 
[2.122s] -- Using PYTHON_EXECUTABLE: /usr/bin/python3
[3.035s] -- Override CMake install command with custom implementation using symlinks instead of copying resources
[3.199s] -- Found rclcpp: 2.4.3 (/opt/ros/foxy/share/rclcpp/cmake)
[3.467s] -- Using all available rosidl_typesupport_c: rosidl_typesupport_fastrtps_c;rosidl_typesupport_introspection_c
[3.511s] -- Found rosidl_adapter: 1.3.1 (/opt/ros/foxy/share/rosidl_adapter/cmake)
[3.912s] -- Found OpenSSL: /usr/lib/aarch64-linux-gnu/libcrypto.so (found version "1.1.1f")  
[4.034s] -- Found FastRTPS: /opt/ros/foxy/include  
[4.433s] -- Using all available rosidl_typesupport_cpp: rosidl_typesupport_fastrtps_cpp;rosidl_typesupport_introspection_cpp
[4.725s] -- Found rmw_implementation_cmake: 1.0.4 (/opt/ros/foxy/share/rmw_implementation_cmake/cmake)
[4.734s] -- Using RMW implementation 'rmw_fastrtps_cpp' as default
[4.739s] -- Looking for pthread.h
[4.995s] -- Looking for pthread.h - found
[4.996s] -- Performing Test CMAKE_HAVE_LIBC_PTHREAD
[5.262s] -- Performing Test CMAKE_HAVE_LIBC_PTHREAD - Failed
[5.263s] -- Looking for pthread_create in pthreads
[5.480s] -- Looking for pthread_create in pthreads - not found
[5.481s] -- Looking for pthread_create in pthread
[5.714s] -- Looking for pthread_create in pthread - found
[5.723s] -- Found Threads: TRUE  
[6.522s] -- Found ament_lint_auto: 0.9.8 (/opt/ros/foxy/share/ament_lint_auto/cmake)
[6.913s] -- Added test 'copyright' to check source files copyright and LICENSE
[6.919s] -- Added test 'cppcheck' to perform static code analysis on C / C++ code
[6.919s] -- Configured cppcheck include dirs: 
[6.920s] -- Configured cppcheck exclude dirs and/or files: 
[6.924s] -- Added test 'cpplint' to check C / C++ code against the Google style
[6.925s] -- Configured cpplint exclude dirs and/or files: 
[6.928s] -- Added test 'lint_cmake' to check CMake code style
[6.934s] -- Added test 'uncrustify' to check C / C++ code style
[6.934s] -- Configured uncrustify additional arguments: 
[6.936s] -- Added test 'xmllint' to check XML markup files
[6.953s] -- Configuring done
[6.962s] -- Generating done
[6.969s] -- Build files have been written to: /home/jetson/ros2_ws/build/dxl2
[7.010s] Invoked command in '/home/jetson/ros2_ws/build/dxl2' returned '0': CMAKE_PREFIX_PATH=${CMAKE_PREFIX_PATH}:/opt/ros/foxy /usr/bin/cmake /home/jetson/ros2_ws/src/dxl2 -DAMENT_CMAKE_SYMLINK_INSTALL=1 -DCMAKE_INSTALL_PREFIX=/home/jetson/ros2_ws/install/dxl2
[7.012s] Invoking command in '/home/jetson/ros2_ws/build/dxl2': CMAKE_PREFIX_PATH=${CMAKE_PREFIX_PATH}:/opt/ros/foxy /usr/bin/cmake --build /home/jetson/ros2_ws/build/dxl2 -- -j4 -l4
[7.152s] Invoked command in '/home/jetson/ros2_ws/build/dxl2' returned '0': CMAKE_PREFIX_PATH=${CMAKE_PREFIX_PATH}:/opt/ros/foxy /usr/bin/cmake --build /home/jetson/ros2_ws/build/dxl2 -- -j4 -l4
[7.292s] Invoking command in '/home/jetson/ros2_ws/build/dxl2': CMAKE_PREFIX_PATH=${CMAKE_PREFIX_PATH}:/opt/ros/foxy /usr/bin/cmake --install /home/jetson/ros2_ws/build/dxl2
[7.320s] -- Install configuration: ""
[7.322s] -- Execute custom install script
[7.323s] -- Symlinking: /home/jetson/ros2_ws/install/dxl2/share/ament_index/resource_index/package_run_dependencies/dxl2
[7.355s] -- Symlinking: /home/jetson/ros2_ws/install/dxl2/share/ament_index/resource_index/parent_prefix_path/dxl2
[7.386s] -- Symlinking: /home/jetson/ros2_ws/install/dxl2/share/dxl2/environment/ament_prefix_path.sh
[7.418s] -- Symlinking: /home/jetson/ros2_ws/install/dxl2/share/dxl2/environment/ament_prefix_path.dsv
[7.452s] -- Symlinking: /home/jetson/ros2_ws/install/dxl2/share/dxl2/environment/path.sh
[7.483s] -- Symlinking: /home/jetson/ros2_ws/install/dxl2/share/dxl2/environment/path.dsv
[7.514s] -- Symlinking: /home/jetson/ros2_ws/install/dxl2/share/dxl2/local_setup.bash
[7.546s] -- Symlinking: /home/jetson/ros2_ws/install/dxl2/share/dxl2/local_setup.sh
[7.577s] -- Symlinking: /home/jetson/ros2_ws/install/dxl2/share/dxl2/local_setup.zsh
[7.606s] -- Symlinking: /home/jetson/ros2_ws/install/dxl2/share/dxl2/local_setup.dsv
[7.636s] -- Symlinking: /home/jetson/ros2_ws/install/dxl2/share/dxl2/package.dsv
[7.666s] -- Symlinking: /home/jetson/ros2_ws/install/dxl2/share/ament_index/resource_index/packages/dxl2
[7.697s] -- Symlinking: /home/jetson/ros2_ws/install/dxl2/share/dxl2/cmake/dxl2Config.cmake
[7.726s] -- Symlinking: /home/jetson/ros2_ws/install/dxl2/share/dxl2/cmake/dxl2Config-version.cmake
[7.756s] -- Symlinking: /home/jetson/ros2_ws/install/dxl2/share/dxl2/package.xml
[7.792s] Invoked command in '/home/jetson/ros2_ws/build/dxl2' returned '0': CMAKE_PREFIX_PATH=${CMAKE_PREFIX_PATH}:/opt/ros/foxy /usr/bin/cmake --install /home/jetson/ros2_ws/build/dxl2
