-- The C compiler identification is GNU 9.4.0
-- The CXX compiler identification is GNU 9.4.0
-- Check for working C compiler: /usr/bin/cc
-- Check for working C compiler: /usr/bin/cc -- works
-- Detecting C compiler ABI info
-- Detecting C compiler ABI info - done
-- Detecting C compile features
-- Detecting C compile features - done
-- Check for working CXX compiler: /usr/bin/c++
-- Check for working CXX compiler: /usr/bin/c++ -- works
-- Detecting CXX compiler ABI info
-- Detecting CXX compiler ABI info - done
-- Detecting CXX compile features
-- Detecting CXX compile features - done
-- Found ament_cmake: 0.9.12 (/opt/ros/foxy/share/ament_cmake/cmake)
-- Found PythonInterp: /usr/bin/python3 (found suitable version "3.8.10", minimum required is "3") 
-- Using PYTHON_EXECUTABLE: /usr/bin/python3
-- Override CMake install command with custom implementation using symlinks instead of copying resources
-- Found rclcpp: 2.4.3 (/opt/ros/foxy/share/rclcpp/cmake)
-- Using all available rosidl_typesupport_c: rosidl_typesupport_fastrtps_c;rosidl_typesupport_introspection_c
-- Found rosidl_adapter: 1.3.1 (/opt/ros/foxy/share/rosidl_adapter/cmake)
-- Found OpenSSL: /usr/lib/x86_64-linux-gnu/libcrypto.so (found version "1.1.1f")  
-- Found FastRTPS: /opt/ros/foxy/include  
-- Using all available rosidl_typesupport_cpp: rosidl_typesupport_fastrtps_cpp;rosidl_typesupport_introspection_cpp
-- Found rmw_implementation_cmake: 1.0.4 (/opt/ros/foxy/share/rmw_implementation_cmake/cmake)
-- Using RMW implementation 'rmw_fastrtps_cpp' as default
-- Looking for pthread.h
-- Looking for pthread.h - found
-- Performing Test CMAKE_HAVE_LIBC_PTHREAD
-- Performing Test CMAKE_HAVE_LIBC_PTHREAD - Failed
-- Looking for pthread_create in pthreads
-- Looking for pthread_create in pthreads - not found
-- Looking for pthread_create in pthread
-- Looking for pthread_create in pthread - found
-- Found Threads: TRUE  
-- Found geometry_msgs: 2.0.5 (/opt/ros/foxy/share/geometry_msgs/cmake)
-- Configuring done
-- Generating done
-- Build files have been written to: /home/linux/ros2_ws/build/pub1-3
[35m[1mScanning dependencies of target pub1-3[0m
[ 50%] [32mBuilding CXX object CMakeFiles/pub1-3.dir/src/pub1-3.cpp.o[0m
[01m[K/home/linux/ros2_ws/src/pub1-3/src/pub1-3.cpp:[m[K In function ‘[01m[Kint main(int, char**)[m[K’:
[01m[K/home/linux/ros2_ws/src/pub1-3/src/pub1-3.cpp:30:34:[m[K [01;35m[Kwarning: [m[Kthis statement may fall through [[01;35m[K-Wimplicit-fallthrough=[m[K]
   30 |             [01;35m[Kturtle_key.angular.z = 0.0[m[K;
      |             [01;35m[K~~~~~~~~~~~~~~~~~~~~~^~~~~[m[K
[01m[K/home/linux/ros2_ws/src/pub1-3/src/pub1-3.cpp:31:9:[m[K [01;36m[Knote: [m[Khere
   31 |         [01;36m[Kcase[m[K 'l': // 좌회전
      |         [01;36m[K^~~~[m[K
[100%] [32m[1mLinking CXX executable pub1-3[0m
[100%] Built target pub1-3
-- Install configuration: ""
-- Execute custom install script
-- Symlinking: /home/linux/ros2_ws/install/pub1-3/lib/pub1-3/pub1-3
-- Symlinking: /home/linux/ros2_ws/install/pub1-3/share/ament_index/resource_index/package_run_dependencies/pub1-3
-- Symlinking: /home/linux/ros2_ws/install/pub1-3/share/ament_index/resource_index/parent_prefix_path/pub1-3
-- Symlinking: /home/linux/ros2_ws/install/pub1-3/share/pub1-3/environment/ament_prefix_path.sh
-- Symlinking: /home/linux/ros2_ws/install/pub1-3/share/pub1-3/environment/ament_prefix_path.dsv
-- Symlinking: /home/linux/ros2_ws/install/pub1-3/share/pub1-3/environment/path.sh
-- Symlinking: /home/linux/ros2_ws/install/pub1-3/share/pub1-3/environment/path.dsv
-- Symlinking: /home/linux/ros2_ws/install/pub1-3/share/pub1-3/local_setup.bash
-- Symlinking: /home/linux/ros2_ws/install/pub1-3/share/pub1-3/local_setup.sh
-- Symlinking: /home/linux/ros2_ws/install/pub1-3/share/pub1-3/local_setup.zsh
-- Symlinking: /home/linux/ros2_ws/install/pub1-3/share/pub1-3/local_setup.dsv
-- Symlinking: /home/linux/ros2_ws/install/pub1-3/share/pub1-3/package.dsv
-- Symlinking: /home/linux/ros2_ws/install/pub1-3/share/ament_index/resource_index/packages/pub1-3
-- Symlinking: /home/linux/ros2_ws/install/pub1-3/share/pub1-3/cmake/pub1-3Config.cmake
-- Symlinking: /home/linux/ros2_ws/install/pub1-3/share/pub1-3/cmake/pub1-3Config-version.cmake
-- Symlinking: /home/linux/ros2_ws/install/pub1-3/share/pub1-3/package.xml
