[0.011s] Invoking command in '/home/linux/ros2_ws/build/pub1-3': CMAKE_PREFIX_PATH=${CMAKE_PREFIX_PATH}:/opt/ros/foxy /usr/bin/cmake /home/linux/ros2_ws/src/pub1-3 -DAMENT_CMAKE_SYMLINK_INSTALL=1 -DCMAKE_INSTALL_PREFIX=/home/linux/ros2_ws/install/pub1-3
[0.086s] -- The C compiler identification is GNU 9.4.0
[0.190s] -- The CXX compiler identification is GNU 9.4.0
[0.230s] -- Check for working C compiler: /usr/bin/cc
[0.298s] -- Check for working C compiler: /usr/bin/cc -- works
[0.299s] -- Detecting C compiler ABI info
[0.366s] -- Detecting C compiler ABI info - done
[0.373s] -- Detecting C compile features
[0.373s] -- Detecting C compile features - done
[0.374s] -- Check for working CXX compiler: /usr/bin/c++
[0.449s] -- Check for working CXX compiler: /usr/bin/c++ -- works
[0.450s] -- Detecting CXX compiler ABI info
[0.524s] -- Detecting CXX compiler ABI info - done
[0.531s] -- Detecting CXX compile features
[0.531s] -- Detecting CXX compile features - done
[0.533s] -- Found ament_cmake: 0.9.12 (/opt/ros/foxy/share/ament_cmake/cmake)
[0.548s] -- Found PythonInterp: /usr/bin/python3 (found suitable version "3.8.10", minimum required is "3") 
[0.549s] -- Using PYTHON_EXECUTABLE: /usr/bin/python3
[0.656s] -- Override CMake install command with custom implementation using symlinks instead of copying resources
[0.670s] -- Found rclcpp: 2.4.3 (/opt/ros/foxy/share/rclcpp/cmake)
[0.741s] -- Using all available rosidl_typesupport_c: rosidl_typesupport_fastrtps_c;rosidl_typesupport_introspection_c
[0.744s] -- Found rosidl_adapter: 1.3.1 (/opt/ros/foxy/share/rosidl_adapter/cmake)
[1.135s] -- Found OpenSSL: /usr/lib/x86_64-linux-gnu/libcrypto.so (found version "1.1.1f")  
[1.555s] -- Found FastRTPS: /opt/ros/foxy/include  
[2.282s] -- Using all available rosidl_typesupport_cpp: rosidl_typesupport_fastrtps_cpp;rosidl_typesupport_introspection_cpp
[2.308s] -- Found rmw_implementation_cmake: 1.0.4 (/opt/ros/foxy/share/rmw_implementation_cmake/cmake)
[2.309s] -- Using RMW implementation 'rmw_fastrtps_cpp' as default
[2.309s] -- Looking for pthread.h
[2.376s] -- Looking for pthread.h - found
[2.376s] -- Performing Test CMAKE_HAVE_LIBC_PTHREAD
[2.475s] -- Performing Test CMAKE_HAVE_LIBC_PTHREAD - Failed
[2.475s] -- Looking for pthread_create in pthreads
[2.531s] -- Looking for pthread_create in pthreads - not found
[2.531s] -- Looking for pthread_create in pthread
[2.598s] -- Looking for pthread_create in pthread - found
[2.598s] -- Found Threads: TRUE  
[2.688s] -- Found geometry_msgs: 2.0.5 (/opt/ros/foxy/share/geometry_msgs/cmake)
[2.755s] -- Configuring done
[2.760s] -- Generating done
[2.762s] -- Build files have been written to: /home/linux/ros2_ws/build/pub1-3
[2.767s] Invoked command in '/home/linux/ros2_ws/build/pub1-3' returned '0': CMAKE_PREFIX_PATH=${CMAKE_PREFIX_PATH}:/opt/ros/foxy /usr/bin/cmake /home/linux/ros2_ws/src/pub1-3 -DAMENT_CMAKE_SYMLINK_INSTALL=1 -DCMAKE_INSTALL_PREFIX=/home/linux/ros2_ws/install/pub1-3
[2.770s] Invoking command in '/home/linux/ros2_ws/build/pub1-3': CMAKE_PREFIX_PATH=${CMAKE_PREFIX_PATH}:/opt/ros/foxy /usr/bin/cmake --build /home/linux/ros2_ws/build/pub1-3 -- -j10 -l10
[2.793s] [35m[1mScanning dependencies of target pub1-3[0m
[2.812s] [ 50%] [32mBuilding CXX object CMakeFiles/pub1-3.dir/src/pub1-3.cpp.o[0m
[3.801s] [01m[K/home/linux/ros2_ws/src/pub1-3/src/pub1-3.cpp:[m[K In function ‘[01m[Kint main(int, char**)[m[K’:
[3.801s] [01m[K/home/linux/ros2_ws/src/pub1-3/src/pub1-3.cpp:30:34:[m[K [01;35m[Kwarning: [m[Kthis statement may fall through [[01;35m[K-Wimplicit-fallthrough=[m[K]
[3.801s]    30 |             [01;35m[Kturtle_key.angular.z = 0.0[m[K;
[3.801s]       |             [01;35m[K~~~~~~~~~~~~~~~~~~~~~^~~~~[m[K
[3.801s] [01m[K/home/linux/ros2_ws/src/pub1-3/src/pub1-3.cpp:31:9:[m[K [01;36m[Knote: [m[Khere
[3.801s]    31 |         [01;36m[Kcase[m[K 'l': // 좌회전
[3.801s]       |         [01;36m[K^~~~[m[K
[4.444s] [100%] [32m[1mLinking CXX executable pub1-3[0m
[4.552s] [100%] Built target pub1-3
[4.560s] Invoked command in '/home/linux/ros2_ws/build/pub1-3' returned '0': CMAKE_PREFIX_PATH=${CMAKE_PREFIX_PATH}:/opt/ros/foxy /usr/bin/cmake --build /home/linux/ros2_ws/build/pub1-3 -- -j10 -l10
[4.569s] Invoking command in '/home/linux/ros2_ws/build/pub1-3': CMAKE_PREFIX_PATH=${CMAKE_PREFIX_PATH}:/opt/ros/foxy /usr/bin/cmake --install /home/linux/ros2_ws/build/pub1-3
[4.574s] -- Install configuration: ""
[4.574s] -- Execute custom install script
[4.574s] -- Symlinking: /home/linux/ros2_ws/install/pub1-3/lib/pub1-3/pub1-3
[4.580s] -- Symlinking: /home/linux/ros2_ws/install/pub1-3/share/ament_index/resource_index/package_run_dependencies/pub1-3
[4.585s] -- Symlinking: /home/linux/ros2_ws/install/pub1-3/share/ament_index/resource_index/parent_prefix_path/pub1-3
[4.591s] -- Symlinking: /home/linux/ros2_ws/install/pub1-3/share/pub1-3/environment/ament_prefix_path.sh
[4.595s] -- Symlinking: /home/linux/ros2_ws/install/pub1-3/share/pub1-3/environment/ament_prefix_path.dsv
[4.600s] -- Symlinking: /home/linux/ros2_ws/install/pub1-3/share/pub1-3/environment/path.sh
[4.605s] -- Symlinking: /home/linux/ros2_ws/install/pub1-3/share/pub1-3/environment/path.dsv
[4.610s] -- Symlinking: /home/linux/ros2_ws/install/pub1-3/share/pub1-3/local_setup.bash
[4.615s] -- Symlinking: /home/linux/ros2_ws/install/pub1-3/share/pub1-3/local_setup.sh
[4.620s] -- Symlinking: /home/linux/ros2_ws/install/pub1-3/share/pub1-3/local_setup.zsh
[4.625s] -- Symlinking: /home/linux/ros2_ws/install/pub1-3/share/pub1-3/local_setup.dsv
[4.630s] -- Symlinking: /home/linux/ros2_ws/install/pub1-3/share/pub1-3/package.dsv
[4.635s] -- Symlinking: /home/linux/ros2_ws/install/pub1-3/share/ament_index/resource_index/packages/pub1-3
[4.641s] -- Symlinking: /home/linux/ros2_ws/install/pub1-3/share/pub1-3/cmake/pub1-3Config.cmake
[4.646s] -- Symlinking: /home/linux/ros2_ws/install/pub1-3/share/pub1-3/cmake/pub1-3Config-version.cmake
[4.651s] -- Symlinking: /home/linux/ros2_ws/install/pub1-3/share/pub1-3/package.xml
[4.659s] Invoked command in '/home/linux/ros2_ws/build/pub1-3' returned '0': CMAKE_PREFIX_PATH=${CMAKE_PREFIX_PATH}:/opt/ros/foxy /usr/bin/cmake --install /home/linux/ros2_ws/build/pub1-3
