-- The C compiler identification is GNU 8.4.0
-- The CXX compiler identification is GNU 8.4.0
-- Check for working C compiler: /usr/bin/cc
-- Check for working C compiler: /usr/bin/cc -- works
-- Detecting C compiler ABI info
-- Detecting C compiler ABI info - done
-- Detecting C compile features
-- Detecting C compile features - done
-- Check for working CXX compiler: /usr/bin/c++
-- Check for working CXX compiler: /usr/bin/c++ -- works
-- Detecting CXX compiler ABI info
-- Detecting CXX compiler ABI info - done
-- Detecting CXX compile features
-- Detecting CXX compile features - done
-- Found ament_cmake: 0.9.12 (/opt/ros/foxy/share/ament_cmake/cmake)
-- Found PythonInterp: /usr/bin/python3 (found suitable version "3.8.10", minimum required is "3") 
-- Using PYTHON_EXECUTABLE: /usr/bin/python3
-- Override CMake install command with custom implementation using symlinks instead of copying resources
-- Found rclcpp: 2.4.3 (/opt/ros/foxy/share/rclcpp/cmake)
-- Using all available rosidl_typesupport_c: rosidl_typesupport_fastrtps_c;rosidl_typesupport_introspection_c
-- Found rosidl_adapter: 1.3.1 (/opt/ros/foxy/share/rosidl_adapter/cmake)
-- Found OpenSSL: /usr/lib/aarch64-linux-gnu/libcrypto.so (found version "1.1.1f")  
-- Found FastRTPS: /opt/ros/foxy/include  
-- Using all available rosidl_typesupport_cpp: rosidl_typesupport_fastrtps_cpp;rosidl_typesupport_introspection_cpp
-- Found rmw_implementation_cmake: 1.0.4 (/opt/ros/foxy/share/rmw_implementation_cmake/cmake)
-- Using RMW implementation 'rmw_fastrtps_cpp' as default
-- Looking for pthread.h
-- Looking for pthread.h - found
-- Performing Test CMAKE_HAVE_LIBC_PTHREAD
-- Performing Test CMAKE_HAVE_LIBC_PTHREAD - Failed
-- Looking for pthread_create in pthreads
-- Looking for pthread_create in pthreads - not found
-- Looking for pthread_create in pthread
-- Looking for pthread_create in pthread - found
-- Found Threads: TRUE  
-- Configuring done
-- Generating done
-- Build files have been written to: /home/jetson/ros2_ws/build/dxl
[35m[1mScanning dependencies of target dxl[0m
[ 33%] [32mBuilding CXX object CMakeFiles/dxl.dir/src/main.cpp.o[0m
[ 66%] [32mBuilding CXX object CMakeFiles/dxl.dir/src/dxl.cpp.o[0m
[100%] [32m[1mLinking CXX executable dxl[0m
[100%] Built target dxl
-- Install configuration: ""
-- Execute custom install script
-- Symlinking: /home/jetson/ros2_ws/install/dxl/lib/dxl/dxl
-- Symlinking: /home/jetson/ros2_ws/install/dxl/share/ament_index/resource_index/package_run_dependencies/dxl
-- Symlinking: /home/jetson/ros2_ws/install/dxl/share/ament_index/resource_index/parent_prefix_path/dxl
-- Symlinking: /home/jetson/ros2_ws/install/dxl/share/dxl/environment/ament_prefix_path.sh
-- Symlinking: /home/jetson/ros2_ws/install/dxl/share/dxl/environment/ament_prefix_path.dsv
-- Symlinking: /home/jetson/ros2_ws/install/dxl/share/dxl/environment/path.sh
-- Symlinking: /home/jetson/ros2_ws/install/dxl/share/dxl/environment/path.dsv
-- Symlinking: /home/jetson/ros2_ws/install/dxl/share/dxl/local_setup.bash
-- Symlinking: /home/jetson/ros2_ws/install/dxl/share/dxl/local_setup.sh
-- Symlinking: /home/jetson/ros2_ws/install/dxl/share/dxl/local_setup.zsh
-- Symlinking: /home/jetson/ros2_ws/install/dxl/share/dxl/local_setup.dsv
-- Symlinking: /home/jetson/ros2_ws/install/dxl/share/dxl/package.dsv
-- Symlinking: /home/jetson/ros2_ws/install/dxl/share/ament_index/resource_index/packages/dxl
-- Symlinking: /home/jetson/ros2_ws/install/dxl/share/dxl/cmake/dxlConfig.cmake
-- Symlinking: /home/jetson/ros2_ws/install/dxl/share/dxl/cmake/dxlConfig-version.cmake
-- Symlinking: /home/jetson/ros2_ws/install/dxl/share/dxl/package.xml
