[0.046s] Invoking command in '/home/jetson/ros2_ws/build/dxl': CMAKE_PREFIX_PATH=${CMAKE_PREFIX_PATH}:/opt/ros/foxy /usr/bin/cmake /home/jetson/ros2_ws/src/dxl -DAMENT_CMAKE_SYMLINK_INSTALL=1 -DCMAKE_INSTALL_PREFIX=/home/jetson/ros2_ws/install/dxl
[0.596s] -- The C compiler identification is GNU 8.4.0
[1.038s] -- The CXX compiler identification is GNU 8.4.0
[1.068s] -- Check for working C compiler: /usr/bin/cc
[1.309s] -- Check for working C compiler: /usr/bin/cc -- works
[1.316s] -- Detecting C compiler ABI info
[1.550s] -- Detecting C compiler ABI info - done
[1.601s] -- Detecting C compile features
[1.602s] -- Detecting C compile features - done
[1.614s] -- Check for working CXX compiler: /usr/bin/c++
[1.882s] -- Check for working CXX compiler: /usr/bin/c++ -- works
[1.886s] -- Detecting CXX compiler ABI info
[2.152s] -- Detecting CXX compiler ABI info - done
[2.202s] -- Detecting CXX compile features
[2.204s] -- Detecting CXX compile features - done
[2.235s] -- Found ament_cmake: 0.9.12 (/opt/ros/foxy/share/ament_cmake/cmake)
[2.347s] -- Found PythonInterp: /usr/bin/python3 (found suitable version "3.8.10", minimum required is "3") 
[2.347s] -- Using PYTHON_EXECUTABLE: /usr/bin/python3
[3.252s] -- Override CMake install command with custom implementation using symlinks instead of copying resources
[3.412s] -- Found rclcpp: 2.4.3 (/opt/ros/foxy/share/rclcpp/cmake)
[3.684s] -- Using all available rosidl_typesupport_c: rosidl_typesupport_fastrtps_c;rosidl_typesupport_introspection_c
[3.730s] -- Found rosidl_adapter: 1.3.1 (/opt/ros/foxy/share/rosidl_adapter/cmake)
[4.171s] -- Found OpenSSL: /usr/lib/aarch64-linux-gnu/libcrypto.so (found version "1.1.1f")  
[4.289s] -- Found FastRTPS: /opt/ros/foxy/include  
[4.681s] -- Using all available rosidl_typesupport_cpp: rosidl_typesupport_fastrtps_cpp;rosidl_typesupport_introspection_cpp
[4.973s] -- Found rmw_implementation_cmake: 1.0.4 (/opt/ros/foxy/share/rmw_implementation_cmake/cmake)
[5.017s] -- Using RMW implementation 'rmw_fastrtps_cpp' as default
[5.022s] -- Looking for pthread.h
[5.272s] -- Looking for pthread.h - found
[5.273s] -- Performing Test CMAKE_HAVE_LIBC_PTHREAD
[5.541s] -- Performing Test CMAKE_HAVE_LIBC_PTHREAD - Failed
[5.542s] -- Looking for pthread_create in pthreads
[5.759s] -- Looking for pthread_create in pthreads - not found
[5.767s] -- Looking for pthread_create in pthread
[6.010s] -- Looking for pthread_create in pthread - found
[6.015s] -- Found Threads: TRUE  
[7.101s] -- Configuring done
[7.127s] -- Generating done
[7.132s] -- Build files have been written to: /home/jetson/ros2_ws/build/dxl
[7.152s] Invoked command in '/home/jetson/ros2_ws/build/dxl' returned '0': CMAKE_PREFIX_PATH=${CMAKE_PREFIX_PATH}:/opt/ros/foxy /usr/bin/cmake /home/jetson/ros2_ws/src/dxl -DAMENT_CMAKE_SYMLINK_INSTALL=1 -DCMAKE_INSTALL_PREFIX=/home/jetson/ros2_ws/install/dxl
[7.162s] Invoking command in '/home/jetson/ros2_ws/build/dxl': CMAKE_PREFIX_PATH=${CMAKE_PREFIX_PATH}:/opt/ros/foxy /usr/bin/cmake --build /home/jetson/ros2_ws/build/dxl -- -j4 -l4
[7.308s] [35m[1mScanning dependencies of target dxl[0m
[7.597s] [ 33%] [32mBuilding CXX object CMakeFiles/dxl.dir/src/main.cpp.o[0m
[7.615s] [ 66%] [32mBuilding CXX object CMakeFiles/dxl.dir/src/dxl.cpp.o[0m
[13.500s] [100%] [32m[1mLinking CXX executable dxl[0m
[14.018s] [100%] Built target dxl
[14.059s] Invoked command in '/home/jetson/ros2_ws/build/dxl' returned '0': CMAKE_PREFIX_PATH=${CMAKE_PREFIX_PATH}:/opt/ros/foxy /usr/bin/cmake --build /home/jetson/ros2_ws/build/dxl -- -j4 -l4
[14.178s] Invoking command in '/home/jetson/ros2_ws/build/dxl': CMAKE_PREFIX_PATH=${CMAKE_PREFIX_PATH}:/opt/ros/foxy /usr/bin/cmake --install /home/jetson/ros2_ws/build/dxl
[14.206s] -- Install configuration: ""
[14.208s] -- Execute custom install script
[14.209s] -- Symlinking: /home/jetson/ros2_ws/install/dxl/lib/dxl/dxl
[14.240s] -- Symlinking: /home/jetson/ros2_ws/install/dxl/share/ament_index/resource_index/package_run_dependencies/dxl
[14.270s] -- Symlinking: /home/jetson/ros2_ws/install/dxl/share/ament_index/resource_index/parent_prefix_path/dxl
[14.302s] -- Symlinking: /home/jetson/ros2_ws/install/dxl/share/dxl/environment/ament_prefix_path.sh
[14.331s] -- Symlinking: /home/jetson/ros2_ws/install/dxl/share/dxl/environment/ament_prefix_path.dsv
[14.362s] -- Symlinking: /home/jetson/ros2_ws/install/dxl/share/dxl/environment/path.sh
[14.391s] -- Symlinking: /home/jetson/ros2_ws/install/dxl/share/dxl/environment/path.dsv
[14.421s] -- Symlinking: /home/jetson/ros2_ws/install/dxl/share/dxl/local_setup.bash
[14.451s] -- Symlinking: /home/jetson/ros2_ws/install/dxl/share/dxl/local_setup.sh
[14.481s] -- Symlinking: /home/jetson/ros2_ws/install/dxl/share/dxl/local_setup.zsh
[14.510s] -- Symlinking: /home/jetson/ros2_ws/install/dxl/share/dxl/local_setup.dsv
[14.541s] -- Symlinking: /home/jetson/ros2_ws/install/dxl/share/dxl/package.dsv
[14.572s] -- Symlinking: /home/jetson/ros2_ws/install/dxl/share/ament_index/resource_index/packages/dxl
[14.603s] -- Symlinking: /home/jetson/ros2_ws/install/dxl/share/dxl/cmake/dxlConfig.cmake
[14.632s] -- Symlinking: /home/jetson/ros2_ws/install/dxl/share/dxl/cmake/dxlConfig-version.cmake
[14.662s] -- Symlinking: /home/jetson/ros2_ws/install/dxl/share/dxl/package.xml
[14.697s] Invoked command in '/home/jetson/ros2_ws/build/dxl' returned '0': CMAKE_PREFIX_PATH=${CMAKE_PREFIX_PATH}:/opt/ros/foxy /usr/bin/cmake --install /home/jetson/ros2_ws/build/dxl
