[0.013s] Invoking command in '/home/linux/ros2_ws/build/psub1': CMAKE_PREFIX_PATH=${CMAKE_PREFIX_PATH}:/opt/ros/foxy /usr/bin/cmake /home/linux/ros2_ws/src/psub1 -DAMENT_CMAKE_SYMLINK_INSTALL=1 -DCMAKE_INSTALL_PREFIX=/home/linux/ros2_ws/install/psub1
[0.138s] -- The C compiler identification is GNU 9.4.0
[0.360s] -- The CXX compiler identification is GNU 9.4.0
[0.426s] -- Check for working C compiler: /usr/bin/cc
[0.513s] -- Check for working C compiler: /usr/bin/cc -- works
[0.515s] -- Detecting C compiler ABI info
[0.581s] -- Detecting C compiler ABI info - done
[0.588s] -- Detecting C compile features
[0.588s] -- Detecting C compile features - done
[0.591s] -- Check for working CXX compiler: /usr/bin/c++
[0.675s] -- Check for working CXX compiler: /usr/bin/c++ -- works
[0.676s] -- Detecting CXX compiler ABI info
[0.747s] -- Detecting CXX compiler ABI info - done
[0.754s] -- Detecting CXX compile features
[0.755s] -- Detecting CXX compile features - done
[0.761s] -- Found ament_cmake: 0.9.12 (/opt/ros/foxy/share/ament_cmake/cmake)
[0.781s] -- Found PythonInterp: /usr/bin/python3 (found suitable version "3.8.10", minimum required is "3") 
[0.781s] -- Using PYTHON_EXECUTABLE: /usr/bin/python3
[0.892s] -- Override CMake install command with custom implementation using symlinks instead of copying resources
[0.920s] -- Found rclcpp: 2.4.3 (/opt/ros/foxy/share/rclcpp/cmake)
[1.027s] -- Using all available rosidl_typesupport_c: rosidl_typesupport_fastrtps_c;rosidl_typesupport_introspection_c
[1.034s] -- Found rosidl_adapter: 1.3.1 (/opt/ros/foxy/share/rosidl_adapter/cmake)
[1.536s] -- Found OpenSSL: /usr/lib/x86_64-linux-gnu/libcrypto.so (found version "1.1.1f")  
[1.959s] -- Found FastRTPS: /opt/ros/foxy/include  
[2.824s] -- Using all available rosidl_typesupport_cpp: rosidl_typesupport_fastrtps_cpp;rosidl_typesupport_introspection_cpp
[2.873s] -- Found rmw_implementation_cmake: 1.0.4 (/opt/ros/foxy/share/rmw_implementation_cmake/cmake)
[2.875s] -- Using RMW implementation 'rmw_fastrtps_cpp' as default
[2.877s] -- Looking for pthread.h
[2.941s] -- Looking for pthread.h - found
[2.941s] -- Performing Test CMAKE_HAVE_LIBC_PTHREAD
[3.015s] -- Performing Test CMAKE_HAVE_LIBC_PTHREAD - Failed
[3.015s] -- Looking for pthread_create in pthreads
[3.073s] -- Looking for pthread_create in pthreads - not found
[3.073s] -- Looking for pthread_create in pthread
[3.149s] -- Looking for pthread_create in pthread - found
[3.150s] -- Found Threads: TRUE  
[3.310s] -- Configuring done
[3.319s] -- Generating done
[3.322s] -- Build files have been written to: /home/linux/ros2_ws/build/psub1
[3.329s] Invoked command in '/home/linux/ros2_ws/build/psub1' returned '0': CMAKE_PREFIX_PATH=${CMAKE_PREFIX_PATH}:/opt/ros/foxy /usr/bin/cmake /home/linux/ros2_ws/src/psub1 -DAMENT_CMAKE_SYMLINK_INSTALL=1 -DCMAKE_INSTALL_PREFIX=/home/linux/ros2_ws/install/psub1
[3.332s] Invoking command in '/home/linux/ros2_ws/build/psub1': CMAKE_PREFIX_PATH=${CMAKE_PREFIX_PATH}:/opt/ros/foxy /usr/bin/cmake --build /home/linux/ros2_ws/build/psub1 -- -j10 -l10
[3.355s] [35m[1mScanning dependencies of target pub[0m
[3.355s] [35m[1mScanning dependencies of target sub[0m
[3.375s] [ 25%] [32mBuilding CXX object CMakeFiles/sub.dir/src/sub.cpp.o[0m
[3.376s] [ 50%] [32mBuilding CXX object CMakeFiles/pub.dir/src/pub.cpp.o[0m
[5.246s] [ 75%] [32m[1mLinking CXX executable pub[0m
[5.398s] [ 75%] Built target pub
[6.356s] [100%] [32m[1mLinking CXX executable sub[0m
[6.512s] [100%] Built target sub
[6.523s] Invoked command in '/home/linux/ros2_ws/build/psub1' returned '0': CMAKE_PREFIX_PATH=${CMAKE_PREFIX_PATH}:/opt/ros/foxy /usr/bin/cmake --build /home/linux/ros2_ws/build/psub1 -- -j10 -l10
[6.532s] Invoking command in '/home/linux/ros2_ws/build/psub1': CMAKE_PREFIX_PATH=${CMAKE_PREFIX_PATH}:/opt/ros/foxy /usr/bin/cmake --install /home/linux/ros2_ws/build/psub1
[6.536s] -- Install configuration: ""
[6.537s] -- Execute custom install script
[6.538s] -- Symlinking: /home/linux/ros2_ws/install/psub1/lib/psub1/pub
[6.543s] -- Symlinking: /home/linux/ros2_ws/install/psub1/lib/psub1/sub
[6.551s] -- Symlinking: /home/linux/ros2_ws/install/psub1/share/ament_index/resource_index/package_run_dependencies/psub1
[6.556s] -- Symlinking: /home/linux/ros2_ws/install/psub1/share/ament_index/resource_index/parent_prefix_path/psub1
[6.563s] -- Symlinking: /home/linux/ros2_ws/install/psub1/share/psub1/environment/ament_prefix_path.sh
[6.568s] -- Symlinking: /home/linux/ros2_ws/install/psub1/share/psub1/environment/ament_prefix_path.dsv
[6.573s] -- Symlinking: /home/linux/ros2_ws/install/psub1/share/psub1/environment/path.sh
[6.578s] -- Symlinking: /home/linux/ros2_ws/install/psub1/share/psub1/environment/path.dsv
[6.584s] -- Symlinking: /home/linux/ros2_ws/install/psub1/share/psub1/local_setup.bash
[6.589s] -- Symlinking: /home/linux/ros2_ws/install/psub1/share/psub1/local_setup.sh
[6.594s] -- Symlinking: /home/linux/ros2_ws/install/psub1/share/psub1/local_setup.zsh
[6.599s] -- Symlinking: /home/linux/ros2_ws/install/psub1/share/psub1/local_setup.dsv
[6.604s] -- Symlinking: /home/linux/ros2_ws/install/psub1/share/psub1/package.dsv
[6.609s] -- Symlinking: /home/linux/ros2_ws/install/psub1/share/ament_index/resource_index/packages/psub1
[6.615s] -- Symlinking: /home/linux/ros2_ws/install/psub1/share/psub1/cmake/psub1Config.cmake
[6.620s] -- Symlinking: /home/linux/ros2_ws/install/psub1/share/psub1/cmake/psub1Config-version.cmake
[6.625s] -- Symlinking: /home/linux/ros2_ws/install/psub1/share/psub1/package.xml
[6.632s] Invoked command in '/home/linux/ros2_ws/build/psub1' returned '0': CMAKE_PREFIX_PATH=${CMAKE_PREFIX_PATH}:/opt/ros/foxy /usr/bin/cmake --install /home/linux/ros2_ws/build/psub1
