[0.010s] Invoking command in '/home/linux/ros2_ws/build/pub2-1': CMAKE_PREFIX_PATH=${CMAKE_PREFIX_PATH}:/opt/ros/foxy /usr/bin/cmake /home/linux/ros2_ws/src/pub2-1 -DAMENT_CMAKE_SYMLINK_INSTALL=1 -DCMAKE_INSTALL_PREFIX=/home/linux/ros2_ws/install/pub2-1
[0.090s] -- The C compiler identification is GNU 9.4.0
[0.183s] -- The CXX compiler identification is GNU 9.4.0
[0.218s] -- Check for working C compiler: /usr/bin/cc
[0.281s] -- Check for working C compiler: /usr/bin/cc -- works
[0.282s] -- Detecting C compiler ABI info
[0.347s] -- Detecting C compiler ABI info - done
[0.354s] -- Detecting C compile features
[0.354s] -- Detecting C compile features - done
[0.356s] -- Check for working CXX compiler: /usr/bin/c++
[0.447s] -- Check for working CXX compiler: /usr/bin/c++ -- works
[0.448s] -- Detecting CXX compiler ABI info
[0.526s] -- Detecting CXX compiler ABI info - done
[0.533s] -- Detecting CXX compile features
[0.533s] -- Detecting CXX compile features - done
[0.534s] -- Found ament_cmake: 0.9.12 (/opt/ros/foxy/share/ament_cmake/cmake)
[0.551s] -- Found PythonInterp: /usr/bin/python3 (found suitable version "3.8.10", minimum required is "3") 
[0.552s] -- Using PYTHON_EXECUTABLE: /usr/bin/python3
[0.658s] -- Override CMake install command with custom implementation using symlinks instead of copying resources
[0.676s] -- Found rclcpp: 2.4.3 (/opt/ros/foxy/share/rclcpp/cmake)
[0.762s] -- Using all available rosidl_typesupport_c: rosidl_typesupport_fastrtps_c;rosidl_typesupport_introspection_c
[0.766s] -- Found rosidl_adapter: 1.3.1 (/opt/ros/foxy/share/rosidl_adapter/cmake)
[1.213s] -- Found OpenSSL: /usr/lib/x86_64-linux-gnu/libcrypto.so (found version "1.1.1f")  
[1.612s] -- Found FastRTPS: /opt/ros/foxy/include  
[2.353s] -- Using all available rosidl_typesupport_cpp: rosidl_typesupport_fastrtps_cpp;rosidl_typesupport_introspection_cpp
[2.388s] -- Found rmw_implementation_cmake: 1.0.4 (/opt/ros/foxy/share/rmw_implementation_cmake/cmake)
[2.388s] -- Using RMW implementation 'rmw_fastrtps_cpp' as default
[2.389s] -- Looking for pthread.h
[2.454s] -- Looking for pthread.h - found
[2.455s] -- Performing Test CMAKE_HAVE_LIBC_PTHREAD
[2.519s] -- Performing Test CMAKE_HAVE_LIBC_PTHREAD - Failed
[2.519s] -- Looking for pthread_create in pthreads
[2.577s] -- Looking for pthread_create in pthreads - not found
[2.577s] -- Looking for pthread_create in pthread
[2.641s] -- Looking for pthread_create in pthread - found
[2.641s] -- Found Threads: TRUE  
[2.787s] -- Configuring done
[2.791s] -- Generating done
[2.793s] -- Build files have been written to: /home/linux/ros2_ws/build/pub2-1
[2.802s] Invoked command in '/home/linux/ros2_ws/build/pub2-1' returned '0': CMAKE_PREFIX_PATH=${CMAKE_PREFIX_PATH}:/opt/ros/foxy /usr/bin/cmake /home/linux/ros2_ws/src/pub2-1 -DAMENT_CMAKE_SYMLINK_INSTALL=1 -DCMAKE_INSTALL_PREFIX=/home/linux/ros2_ws/install/pub2-1
[2.803s] Invoking command in '/home/linux/ros2_ws/build/pub2-1': CMAKE_PREFIX_PATH=${CMAKE_PREFIX_PATH}:/opt/ros/foxy /usr/bin/cmake --build /home/linux/ros2_ws/build/pub2-1 -- -j10 -l10
[2.825s] [35m[1mScanning dependencies of target pub2-1[0m
[2.845s] [ 50%] [32mBuilding CXX object CMakeFiles/pub2-1.dir/src/pub2-1.cpp.o[0m
[4.703s] [100%] [32m[1mLinking CXX executable pub2-1[0m
[4.825s] [100%] Built target pub2-1
[4.832s] Invoked command in '/home/linux/ros2_ws/build/pub2-1' returned '0': CMAKE_PREFIX_PATH=${CMAKE_PREFIX_PATH}:/opt/ros/foxy /usr/bin/cmake --build /home/linux/ros2_ws/build/pub2-1 -- -j10 -l10
[4.840s] Invoking command in '/home/linux/ros2_ws/build/pub2-1': CMAKE_PREFIX_PATH=${CMAKE_PREFIX_PATH}:/opt/ros/foxy /usr/bin/cmake --install /home/linux/ros2_ws/build/pub2-1
[4.846s] -- Install configuration: ""
[4.846s] -- Execute custom install script
[4.847s] -- Symlinking: /home/linux/ros2_ws/install/pub2-1/lib/pub2-1/pub2-1
[4.853s] -- Symlinking: /home/linux/ros2_ws/install/pub2-1/share/ament_index/resource_index/package_run_dependencies/pub2-1
[4.859s] -- Symlinking: /home/linux/ros2_ws/install/pub2-1/share/ament_index/resource_index/parent_prefix_path/pub2-1
[4.864s] -- Symlinking: /home/linux/ros2_ws/install/pub2-1/share/pub2-1/environment/ament_prefix_path.sh
[4.869s] -- Symlinking: /home/linux/ros2_ws/install/pub2-1/share/pub2-1/environment/ament_prefix_path.dsv
[4.875s] -- Symlinking: /home/linux/ros2_ws/install/pub2-1/share/pub2-1/environment/path.sh
[4.880s] -- Symlinking: /home/linux/ros2_ws/install/pub2-1/share/pub2-1/environment/path.dsv
[4.885s] -- Symlinking: /home/linux/ros2_ws/install/pub2-1/share/pub2-1/local_setup.bash
[4.890s] -- Symlinking: /home/linux/ros2_ws/install/pub2-1/share/pub2-1/local_setup.sh
[4.895s] -- Symlinking: /home/linux/ros2_ws/install/pub2-1/share/pub2-1/local_setup.zsh
[4.900s] -- Symlinking: /home/linux/ros2_ws/install/pub2-1/share/pub2-1/local_setup.dsv
[4.906s] -- Symlinking: /home/linux/ros2_ws/install/pub2-1/share/pub2-1/package.dsv
[4.911s] -- Symlinking: /home/linux/ros2_ws/install/pub2-1/share/ament_index/resource_index/packages/pub2-1
[4.916s] -- Symlinking: /home/linux/ros2_ws/install/pub2-1/share/pub2-1/cmake/pub2-1Config.cmake
[4.921s] -- Symlinking: /home/linux/ros2_ws/install/pub2-1/share/pub2-1/cmake/pub2-1Config-version.cmake
[4.927s] -- Symlinking: /home/linux/ros2_ws/install/pub2-1/share/pub2-1/package.xml
[4.933s] Invoked command in '/home/linux/ros2_ws/build/pub2-1' returned '0': CMAKE_PREFIX_PATH=${CMAKE_PREFIX_PATH}:/opt/ros/foxy /usr/bin/cmake --install /home/linux/ros2_ws/build/pub2-1
