[0.051s] Invoking command in '/home/jetson/ros2_ws/build/dxl2': CMAKE_PREFIX_PATH=${CMAKE_PREFIX_PATH}:/opt/ros/foxy /usr/bin/cmake --build /home/jetson/ros2_ws/build/dxl2 -- -j4 -l4
[0.143s] -- Found ament_cmake: 0.9.12 (/opt/ros/foxy/share/ament_cmake/cmake)
[0.226s] -- Using PYTHON_EXECUTABLE: /usr/bin/python3
[1.107s] -- Override CMake install command with custom implementation using symlinks instead of copying resources
[1.133s] -- Found rclcpp: 2.4.3 (/opt/ros/foxy/share/rclcpp/cmake)
[1.278s] -- Using all available rosidl_typesupport_c: rosidl_typesupport_fastrtps_c;rosidl_typesupport_introspection_c
[1.293s] -- Found rosidl_adapter: 1.3.1 (/opt/ros/foxy/share/rosidl_adapter/cmake)
[1.817s] -- Using all available rosidl_typesupport_cpp: rosidl_typesupport_fastrtps_cpp;rosidl_typesupport_introspection_cpp
[2.023s] -- Found rmw_implementation_cmake: 1.0.4 (/opt/ros/foxy/share/rmw_implementation_cmake/cmake)
[2.030s] -- Using RMW implementation 'rmw_fastrtps_cpp' as default
[2.913s] -- Configuring done
[2.939s] -- Generating done
[2.944s] -- Build files have been written to: /home/jetson/ros2_ws/build/dxl2
[3.025s] [35m[1mScanning dependencies of target dxl2[0m
[3.174s] [ 66%] [32mBuilding CXX object CMakeFiles/dxl2.dir/src/dxl.cpp.o[0m
[3.175s] [ 66%] [32mBuilding CXX object CMakeFiles/dxl2.dir/src/main.cpp.o[0m
[9.063s] [100%] [32m[1mLinking CXX executable dxl2[0m
[9.566s] [100%] Built target dxl2
[9.603s] Invoked command in '/home/jetson/ros2_ws/build/dxl2' returned '0': CMAKE_PREFIX_PATH=${CMAKE_PREFIX_PATH}:/opt/ros/foxy /usr/bin/cmake --build /home/jetson/ros2_ws/build/dxl2 -- -j4 -l4
[9.727s] Invoking command in '/home/jetson/ros2_ws/build/dxl2': CMAKE_PREFIX_PATH=${CMAKE_PREFIX_PATH}:/opt/ros/foxy /usr/bin/cmake --install /home/jetson/ros2_ws/build/dxl2
[9.754s] -- Install configuration: ""
[9.756s] -- Execute custom install script
[9.757s] -- Symlinking: /home/jetson/ros2_ws/install/dxl2/lib/dxl2/dxl2
[9.788s] -- Up-to-date symlink: /home/jetson/ros2_ws/install/dxl2/share/ament_index/resource_index/package_run_dependencies/dxl2
[9.789s] -- Up-to-date symlink: /home/jetson/ros2_ws/install/dxl2/share/ament_index/resource_index/parent_prefix_path/dxl2
[9.790s] -- Up-to-date symlink: /home/jetson/ros2_ws/install/dxl2/share/dxl2/environment/ament_prefix_path.sh
[9.791s] -- Up-to-date symlink: /home/jetson/ros2_ws/install/dxl2/share/dxl2/environment/ament_prefix_path.dsv
[9.792s] -- Up-to-date symlink: /home/jetson/ros2_ws/install/dxl2/share/dxl2/environment/path.sh
[9.793s] -- Up-to-date symlink: /home/jetson/ros2_ws/install/dxl2/share/dxl2/environment/path.dsv
[9.793s] -- Up-to-date symlink: /home/jetson/ros2_ws/install/dxl2/share/dxl2/local_setup.bash
[9.794s] -- Up-to-date symlink: /home/jetson/ros2_ws/install/dxl2/share/dxl2/local_setup.sh
[9.795s] -- Up-to-date symlink: /home/jetson/ros2_ws/install/dxl2/share/dxl2/local_setup.zsh
[9.796s] -- Up-to-date symlink: /home/jetson/ros2_ws/install/dxl2/share/dxl2/local_setup.dsv
[9.797s] -- Symlinking: /home/jetson/ros2_ws/install/dxl2/share/dxl2/package.dsv
[9.827s] -- Up-to-date symlink: /home/jetson/ros2_ws/install/dxl2/share/ament_index/resource_index/packages/dxl2
[9.828s] -- Up-to-date symlink: /home/jetson/ros2_ws/install/dxl2/share/dxl2/cmake/dxl2Config.cmake
[9.829s] -- Up-to-date symlink: /home/jetson/ros2_ws/install/dxl2/share/dxl2/cmake/dxl2Config-version.cmake
[9.830s] -- Up-to-date symlink: /home/jetson/ros2_ws/install/dxl2/share/dxl2/package.xml
[9.837s] Invoked command in '/home/jetson/ros2_ws/build/dxl2' returned '0': CMAKE_PREFIX_PATH=${CMAKE_PREFIX_PATH}:/opt/ros/foxy /usr/bin/cmake --install /home/jetson/ros2_ws/build/dxl2
