[0.013s] Invoking command in '/home/linux/ros2_ws/build/pub1-1': CMAKE_PREFIX_PATH=${CMAKE_PREFIX_PATH}:/opt/ros/foxy /usr/bin/cmake /home/linux/ros2_ws/src/pub1-1 -DAMENT_CMAKE_SYMLINK_INSTALL=1 -DCMAKE_INSTALL_PREFIX=/home/linux/ros2_ws/install/pub1-1
[0.110s] -- The C compiler identification is GNU 9.4.0
[0.223s] -- The CXX compiler identification is GNU 9.4.0
[0.261s] -- Check for working C compiler: /usr/bin/cc
[0.323s] -- Check for working C compiler: /usr/bin/cc -- works
[0.324s] -- Detecting C compiler ABI info
[0.380s] -- Detecting C compiler ABI info - done
[0.387s] -- Detecting C compile features
[0.387s] -- Detecting C compile features - done
[0.390s] -- Check for working CXX compiler: /usr/bin/c++
[0.482s] -- Check for working CXX compiler: /usr/bin/c++ -- works
[0.483s] -- Detecting CXX compiler ABI info
[0.546s] -- Detecting CXX compiler ABI info - done
[0.553s] -- Detecting CXX compile features
[0.553s] -- Detecting CXX compile features - done
[0.560s] -- Found ament_cmake: 0.9.12 (/opt/ros/foxy/share/ament_cmake/cmake)
[0.578s] -- Found PythonInterp: /usr/bin/python3 (found suitable version "3.8.10", minimum required is "3") 
[0.578s] -- Using PYTHON_EXECUTABLE: /usr/bin/python3
[0.693s] -- Override CMake install command with custom implementation using symlinks instead of copying resources
[0.717s] -- Found rclcpp: 2.4.3 (/opt/ros/foxy/share/rclcpp/cmake)
[0.802s] -- Using all available rosidl_typesupport_c: rosidl_typesupport_fastrtps_c;rosidl_typesupport_introspection_c
[0.809s] -- Found rosidl_adapter: 1.3.1 (/opt/ros/foxy/share/rosidl_adapter/cmake)
[1.168s] -- Found OpenSSL: /usr/lib/x86_64-linux-gnu/libcrypto.so (found version "1.1.1f")  
[1.531s] -- Found FastRTPS: /opt/ros/foxy/include  
[2.322s] -- Using all available rosidl_typesupport_cpp: rosidl_typesupport_fastrtps_cpp;rosidl_typesupport_introspection_cpp
[2.368s] -- Found rmw_implementation_cmake: 1.0.4 (/opt/ros/foxy/share/rmw_implementation_cmake/cmake)
[2.369s] -- Using RMW implementation 'rmw_fastrtps_cpp' as default
[2.371s] -- Looking for pthread.h
[2.428s] -- Looking for pthread.h - found
[2.429s] -- Performing Test CMAKE_HAVE_LIBC_PTHREAD
[2.502s] -- Performing Test CMAKE_HAVE_LIBC_PTHREAD - Failed
[2.502s] -- Looking for pthread_create in pthreads
[2.559s] -- Looking for pthread_create in pthreads - not found
[2.560s] -- Looking for pthread_create in pthread
[2.631s] -- Looking for pthread_create in pthread - found
[2.632s] -- Found Threads: TRUE  
[2.740s] -- Found ament_lint_auto: 0.9.8 (/opt/ros/foxy/share/ament_lint_auto/cmake)
[2.798s] -- Added test 'copyright' to check source files copyright and LICENSE
[2.799s] -- Added test 'cppcheck' to perform static code analysis on C / C++ code
[2.799s] -- Configured cppcheck include dirs: 
[2.799s] -- Configured cppcheck exclude dirs and/or files: 
[2.800s] -- Added test 'cpplint' to check C / C++ code against the Google style
[2.800s] -- Configured cpplint exclude dirs and/or files: 
[2.800s] -- Added test 'lint_cmake' to check CMake code style
[2.801s] -- Added test 'uncrustify' to check C / C++ code style
[2.801s] -- Configured uncrustify additional arguments: 
[2.802s] -- Added test 'xmllint' to check XML markup files
[2.804s] -- Configuring done
[2.806s] -- Generating done
[2.807s] -- Build files have been written to: /home/linux/ros2_ws/build/pub1-1
[2.815s] Invoked command in '/home/linux/ros2_ws/build/pub1-1' returned '0': CMAKE_PREFIX_PATH=${CMAKE_PREFIX_PATH}:/opt/ros/foxy /usr/bin/cmake /home/linux/ros2_ws/src/pub1-1 -DAMENT_CMAKE_SYMLINK_INSTALL=1 -DCMAKE_INSTALL_PREFIX=/home/linux/ros2_ws/install/pub1-1
[2.816s] Invoking command in '/home/linux/ros2_ws/build/pub1-1': CMAKE_PREFIX_PATH=${CMAKE_PREFIX_PATH}:/opt/ros/foxy /usr/bin/cmake --build /home/linux/ros2_ws/build/pub1-1 -- -j10 -l10
[2.838s] Invoked command in '/home/linux/ros2_ws/build/pub1-1' returned '0': CMAKE_PREFIX_PATH=${CMAKE_PREFIX_PATH}:/opt/ros/foxy /usr/bin/cmake --build /home/linux/ros2_ws/build/pub1-1 -- -j10 -l10
[2.846s] Invoking command in '/home/linux/ros2_ws/build/pub1-1': CMAKE_PREFIX_PATH=${CMAKE_PREFIX_PATH}:/opt/ros/foxy /usr/bin/cmake --install /home/linux/ros2_ws/build/pub1-1
[2.849s] -- Install configuration: ""
[2.850s] -- Execute custom install script
[2.850s] -- Symlinking: /home/linux/ros2_ws/install/pub1-1/share/ament_index/resource_index/package_run_dependencies/pub1-1
[2.855s] -- Symlinking: /home/linux/ros2_ws/install/pub1-1/share/ament_index/resource_index/parent_prefix_path/pub1-1
[2.860s] -- Symlinking: /home/linux/ros2_ws/install/pub1-1/share/pub1-1/environment/ament_prefix_path.sh
[2.865s] -- Symlinking: /home/linux/ros2_ws/install/pub1-1/share/pub1-1/environment/ament_prefix_path.dsv
[2.869s] -- Symlinking: /home/linux/ros2_ws/install/pub1-1/share/pub1-1/environment/path.sh
[2.874s] -- Symlinking: /home/linux/ros2_ws/install/pub1-1/share/pub1-1/environment/path.dsv
[2.879s] -- Symlinking: /home/linux/ros2_ws/install/pub1-1/share/pub1-1/local_setup.bash
[2.884s] -- Symlinking: /home/linux/ros2_ws/install/pub1-1/share/pub1-1/local_setup.sh
[2.888s] -- Symlinking: /home/linux/ros2_ws/install/pub1-1/share/pub1-1/local_setup.zsh
[2.893s] -- Symlinking: /home/linux/ros2_ws/install/pub1-1/share/pub1-1/local_setup.dsv
[2.898s] -- Symlinking: /home/linux/ros2_ws/install/pub1-1/share/pub1-1/package.dsv
[2.903s] -- Symlinking: /home/linux/ros2_ws/install/pub1-1/share/ament_index/resource_index/packages/pub1-1
[2.908s] -- Symlinking: /home/linux/ros2_ws/install/pub1-1/share/pub1-1/cmake/pub1-1Config.cmake
[2.913s] -- Symlinking: /home/linux/ros2_ws/install/pub1-1/share/pub1-1/cmake/pub1-1Config-version.cmake
[2.918s] -- Symlinking: /home/linux/ros2_ws/install/pub1-1/share/pub1-1/package.xml
[2.924s] Invoked command in '/home/linux/ros2_ws/build/pub1-1' returned '0': CMAKE_PREFIX_PATH=${CMAKE_PREFIX_PATH}:/opt/ros/foxy /usr/bin/cmake --install /home/linux/ros2_ws/build/pub1-1
