[0.042s] Invoking command in '/home/jetson/ros2_ws/build/camera_ros2-2': CMAKE_PREFIX_PATH=${CMAKE_PREFIX_PATH}:/opt/ros/foxy /usr/bin/cmake /home/jetson/ros2_ws/src/camera_ros2-2 -DAMENT_CMAKE_SYMLINK_INSTALL=1 -DCMAKE_INSTALL_PREFIX=/home/jetson/ros2_ws/install/camera_ros2-2
[0.589s] -- The C compiler identification is GNU 8.4.0
[1.030s] -- The CXX compiler identification is GNU 8.4.0
[1.055s] -- Check for working C compiler: /usr/bin/cc
[1.289s] -- Check for working C compiler: /usr/bin/cc -- works
[1.296s] -- Detecting C compiler ABI info
[1.529s] -- Detecting C compiler ABI info - done
[1.578s] -- Detecting C compile features
[1.580s] -- Detecting C compile features - done
[1.591s] -- Check for working CXX compiler: /usr/bin/c++
[1.854s] -- Check for working CXX compiler: /usr/bin/c++ -- works
[1.858s] -- Detecting CXX compiler ABI info
[2.123s] -- Detecting CXX compiler ABI info - done
[2.173s] -- Detecting CXX compile features
[2.175s] -- Detecting CXX compile features - done
[2.193s] -- Found ament_cmake: 0.9.12 (/opt/ros/foxy/share/ament_cmake/cmake)
[2.302s] -- Found PythonInterp: /usr/bin/python3 (found suitable version "3.8.10", minimum required is "3") 
[2.303s] -- Using PYTHON_EXECUTABLE: /usr/bin/python3
[3.199s] -- Override CMake install command with custom implementation using symlinks instead of copying resources
[3.351s] -- Found rclcpp: 2.4.3 (/opt/ros/foxy/share/rclcpp/cmake)
[3.605s] -- Using all available rosidl_typesupport_c: rosidl_typesupport_fastrtps_c;rosidl_typesupport_introspection_c
[3.646s] -- Found rosidl_adapter: 1.3.1 (/opt/ros/foxy/share/rosidl_adapter/cmake)
[4.034s] -- Found OpenSSL: /usr/lib/aarch64-linux-gnu/libcrypto.so (found version "1.1.1f")  
[4.149s] -- Found FastRTPS: /opt/ros/foxy/include  
[4.529s] -- Using all available rosidl_typesupport_cpp: rosidl_typesupport_fastrtps_cpp;rosidl_typesupport_introspection_cpp
[4.812s] -- Found rmw_implementation_cmake: 1.0.4 (/opt/ros/foxy/share/rmw_implementation_cmake/cmake)
[4.820s] -- Using RMW implementation 'rmw_fastrtps_cpp' as default
[4.825s] -- Looking for pthread.h
[5.077s] -- Looking for pthread.h - found
[5.078s] -- Performing Test CMAKE_HAVE_LIBC_PTHREAD
[5.335s] -- Performing Test CMAKE_HAVE_LIBC_PTHREAD - Failed
[5.336s] -- Looking for pthread_create in pthreads
[5.540s] -- Looking for pthread_create in pthreads - not found
[5.540s] -- Looking for pthread_create in pthread
[5.788s] -- Looking for pthread_create in pthread - found
[5.793s] -- Found Threads: TRUE  
[6.580s] -- Found sensor_msgs: 2.0.5 (/opt/ros/foxy/share/sensor_msgs/cmake)
[7.144s] -- Found cv_bridge: 3.0.7 (/opt/ros/foxy/share/cv_bridge/cmake)
[7.220s] -- Found CUDA: /usr/local/cuda (found suitable exact version "10.2") 
[7.416s] -- Found OpenCV: /usr (found version "4.8.0") 
[7.804s] -- Configuring done
[7.957s] -- Generating done
[7.964s] -- Build files have been written to: /home/jetson/ros2_ws/build/camera_ros2-2
[7.998s] Invoked command in '/home/jetson/ros2_ws/build/camera_ros2-2' returned '0': CMAKE_PREFIX_PATH=${CMAKE_PREFIX_PATH}:/opt/ros/foxy /usr/bin/cmake /home/jetson/ros2_ws/src/camera_ros2-2 -DAMENT_CMAKE_SYMLINK_INSTALL=1 -DCMAKE_INSTALL_PREFIX=/home/jetson/ros2_ws/install/camera_ros2-2
[8.008s] Invoking command in '/home/jetson/ros2_ws/build/camera_ros2-2': CMAKE_PREFIX_PATH=${CMAKE_PREFIX_PATH}:/opt/ros/foxy /usr/bin/cmake --build /home/jetson/ros2_ws/build/camera_ros2-2 -- -j4 -l4
[8.148s] [35m[1mScanning dependencies of target sub2[0m
[8.151s] [35m[1mScanning dependencies of target pub2[0m
[8.502s] [ 25%] [32mBuilding CXX object CMakeFiles/sub2.dir/src/sub2.cpp.o[0m
[8.520s] [ 50%] [32mBuilding CXX object CMakeFiles/pub2.dir/src/pub2.cpp.o[0m
[24.111s] [ 75%] [32m[1mLinking CXX executable pub2[0m
[27.245s] /usr/bin/ld: warning: libopencv_core.so.4.2, needed by /opt/ros/foxy/lib/libcv_bridge.so, may conflict with libopencv_core.so.408
[27.280s] [ 75%] Built target pub2
[32.080s] [100%] [32m[1mLinking CXX executable sub2[0m
[34.056s] [100%] Built target sub2
[34.094s] Invoked command in '/home/jetson/ros2_ws/build/camera_ros2-2' returned '0': CMAKE_PREFIX_PATH=${CMAKE_PREFIX_PATH}:/opt/ros/foxy /usr/bin/cmake --build /home/jetson/ros2_ws/build/camera_ros2-2 -- -j4 -l4
[34.224s] Invoking command in '/home/jetson/ros2_ws/build/camera_ros2-2': CMAKE_PREFIX_PATH=${CMAKE_PREFIX_PATH}:/opt/ros/foxy /usr/bin/cmake --install /home/jetson/ros2_ws/build/camera_ros2-2
[34.258s] -- Install configuration: ""
[34.260s] -- Execute custom install script
[34.261s] -- Symlinking: /home/jetson/ros2_ws/install/camera_ros2-2/lib/camera_ros2-2/pub2
[34.291s] -- Symlinking: /home/jetson/ros2_ws/install/camera_ros2-2/lib/camera_ros2-2/sub2
[34.321s] -- Symlinking: /home/jetson/ros2_ws/install/camera_ros2-2/share/ament_index/resource_index/package_run_dependencies/camera_ros2-2
[34.351s] -- Symlinking: /home/jetson/ros2_ws/install/camera_ros2-2/share/ament_index/resource_index/parent_prefix_path/camera_ros2-2
[34.381s] -- Symlinking: /home/jetson/ros2_ws/install/camera_ros2-2/share/camera_ros2-2/environment/ament_prefix_path.sh
[34.412s] -- Symlinking: /home/jetson/ros2_ws/install/camera_ros2-2/share/camera_ros2-2/environment/ament_prefix_path.dsv
[34.442s] -- Symlinking: /home/jetson/ros2_ws/install/camera_ros2-2/share/camera_ros2-2/environment/path.sh
[34.472s] -- Symlinking: /home/jetson/ros2_ws/install/camera_ros2-2/share/camera_ros2-2/environment/path.dsv
[34.502s] -- Symlinking: /home/jetson/ros2_ws/install/camera_ros2-2/share/camera_ros2-2/local_setup.bash
[34.532s] -- Symlinking: /home/jetson/ros2_ws/install/camera_ros2-2/share/camera_ros2-2/local_setup.sh
[34.561s] -- Symlinking: /home/jetson/ros2_ws/install/camera_ros2-2/share/camera_ros2-2/local_setup.zsh
[34.591s] -- Symlinking: /home/jetson/ros2_ws/install/camera_ros2-2/share/camera_ros2-2/local_setup.dsv
[34.620s] -- Symlinking: /home/jetson/ros2_ws/install/camera_ros2-2/share/camera_ros2-2/package.dsv
[34.651s] -- Symlinking: /home/jetson/ros2_ws/install/camera_ros2-2/share/ament_index/resource_index/packages/camera_ros2-2
[34.681s] -- Symlinking: /home/jetson/ros2_ws/install/camera_ros2-2/share/camera_ros2-2/cmake/camera_ros2-2Config.cmake
[34.712s] -- Symlinking: /home/jetson/ros2_ws/install/camera_ros2-2/share/camera_ros2-2/cmake/camera_ros2-2Config-version.cmake
[34.742s] -- Symlinking: /home/jetson/ros2_ws/install/camera_ros2-2/share/camera_ros2-2/package.xml
[34.779s] Invoked command in '/home/jetson/ros2_ws/build/camera_ros2-2' returned '0': CMAKE_PREFIX_PATH=${CMAKE_PREFIX_PATH}:/opt/ros/foxy /usr/bin/cmake --install /home/jetson/ros2_ws/build/camera_ros2-2
