[0.860s] DEBUG:colcon:Command line arguments: ['/usr/bin/colcon', 'build', '--symlink-install', '--packages-select', 'dxl3']
[0.860s] DEBUG:colcon:Parsed command line arguments: Namespace(allow_overriding=[], ament_cmake_args=None, base_paths=['.'], build_base='build', catkin_cmake_args=None, catkin_skip_building_tests=False, cmake_args=None, cmake_clean_cache=False, cmake_clean_first=False, cmake_force_configure=False, cmake_target=None, cmake_target_skip_unavailable=False, continue_on_error=False, event_handlers=None, executor='parallel', ignore_user_meta=False, install_base='install', log_base=None, log_level=None, main=<bound method BuildVerb.main of <colcon_core.verb.build.BuildVerb object at 0x7faadfc940>>, merge_install=False, metas=['./colcon.meta'], packages_above=None, packages_above_and_dependencies=None, packages_above_depth=None, packages_end=None, packages_ignore=None, packages_ignore_regex=None, packages_select=['dxl3'], packages_select_build_failed=False, packages_select_by_dep=None, packages_select_regex=None, packages_select_test_failures=False, packages_skip=None, packages_skip_build_finished=False, packages_skip_by_dep=None, packages_skip_regex=None, packages_skip_test_passed=False, packages_skip_up_to=None, packages_start=None, packages_up_to=None, packages_up_to_regex=None, parallel_workers=4, paths=None, symlink_install=True, test_result_base=None, verb_extension=<colcon_core.verb.build.BuildVerb object at 0x7faadfc940>, verb_name='build', verb_parser=<colcon_defaults.argument_parser.defaults.DefaultArgumentsDecorator object at 0x7faace6910>)
[1.799s] Level 1:colcon.colcon_core.package_discovery:discover_packages(colcon_meta) check parameters
[1.799s] Level 1:colcon.colcon_core.package_discovery:discover_packages(recursive) check parameters
[1.799s] Level 1:colcon.colcon_core.package_discovery:discover_packages(ignore) check parameters
[1.800s] Level 1:colcon.colcon_core.package_discovery:discover_packages(path) check parameters
[1.800s] Level 1:colcon.colcon_core.package_discovery:discover_packages(colcon_meta) discover
[1.800s] Level 1:colcon.colcon_core.package_discovery:discover_packages(recursive) discover
[1.800s] INFO:colcon.colcon_core.package_discovery:Crawling recursively for packages in '/home/jetson/ros2_ws'
[1.800s] Level 1:colcon.colcon_core.package_identification:_identify(.) by extensions ['ignore', 'ignore_ament_install']
[1.801s] Level 1:colcon.colcon_core.package_identification:_identify(.) by extension 'ignore'
[1.801s] Level 1:colcon.colcon_core.package_identification:_identify(.) by extension 'ignore_ament_install'
[1.801s] Level 1:colcon.colcon_core.package_identification:_identify(.) by extensions ['colcon_pkg']
[1.802s] Level 1:colcon.colcon_core.package_identification:_identify(.) by extension 'colcon_pkg'
[1.802s] Level 1:colcon.colcon_core.package_identification:_identify(.) by extensions ['colcon_meta']
[1.802s] Level 1:colcon.colcon_core.package_identification:_identify(.) by extension 'colcon_meta'
[1.802s] Level 1:colcon.colcon_core.package_identification:_identify(.) by extensions ['ros']
[1.802s] Level 1:colcon.colcon_core.package_identification:_identify(.) by extension 'ros'
[1.884s] Level 1:colcon.colcon_core.package_identification:_identify(.) by extensions ['cmake', 'python']
[1.884s] Level 1:colcon.colcon_core.package_identification:_identify(.) by extension 'cmake'
[1.884s] Level 1:colcon.colcon_core.package_identification:_identify(.) by extension 'python'
[1.885s] Level 1:colcon.colcon_core.package_identification:_identify(.) by extensions ['python_setup_py']
[1.885s] Level 1:colcon.colcon_core.package_identification:_identify(.) by extension 'python_setup_py'
[1.885s] Level 1:colcon.colcon_core.package_identification:_identify(build) by extensions ['ignore', 'ignore_ament_install']
[1.886s] Level 1:colcon.colcon_core.package_identification:_identify(build) by extension 'ignore'
[1.886s] Level 1:colcon.colcon_core.package_identification:_identify(build) ignored
[1.886s] Level 1:colcon.colcon_core.package_identification:_identify(install) by extensions ['ignore', 'ignore_ament_install']
[1.887s] Level 1:colcon.colcon_core.package_identification:_identify(install) by extension 'ignore'
[1.887s] Level 1:colcon.colcon_core.package_identification:_identify(install) ignored
[1.888s] Level 1:colcon.colcon_core.package_identification:_identify(log) by extensions ['ignore', 'ignore_ament_install']
[1.888s] Level 1:colcon.colcon_core.package_identification:_identify(log) by extension 'ignore'
[1.888s] Level 1:colcon.colcon_core.package_identification:_identify(log) ignored
[1.888s] Level 1:colcon.colcon_core.package_identification:_identify(src) by extensions ['ignore', 'ignore_ament_install']
[1.889s] Level 1:colcon.colcon_core.package_identification:_identify(src) by extension 'ignore'
[1.889s] Level 1:colcon.colcon_core.package_identification:_identify(src) by extension 'ignore_ament_install'
[1.889s] Level 1:colcon.colcon_core.package_identification:_identify(src) by extensions ['colcon_pkg']
[1.889s] Level 1:colcon.colcon_core.package_identification:_identify(src) by extension 'colcon_pkg'
[1.889s] Level 1:colcon.colcon_core.package_identification:_identify(src) by extensions ['colcon_meta']
[1.890s] Level 1:colcon.colcon_core.package_identification:_identify(src) by extension 'colcon_meta'
[1.890s] Level 1:colcon.colcon_core.package_identification:_identify(src) by extensions ['ros']
[1.890s] Level 1:colcon.colcon_core.package_identification:_identify(src) by extension 'ros'
[1.890s] Level 1:colcon.colcon_core.package_identification:_identify(src) by extensions ['cmake', 'python']
[1.890s] Level 1:colcon.colcon_core.package_identification:_identify(src) by extension 'cmake'
[1.891s] Level 1:colcon.colcon_core.package_identification:_identify(src) by extension 'python'
[1.891s] Level 1:colcon.colcon_core.package_identification:_identify(src) by extensions ['python_setup_py']
[1.891s] Level 1:colcon.colcon_core.package_identification:_identify(src) by extension 'python_setup_py'
[1.892s] Level 1:colcon.colcon_core.package_identification:_identify(src/camera_ros2) by extensions ['ignore', 'ignore_ament_install']
[1.892s] Level 1:colcon.colcon_core.package_identification:_identify(src/camera_ros2) by extension 'ignore'
[1.892s] Level 1:colcon.colcon_core.package_identification:_identify(src/camera_ros2) by extension 'ignore_ament_install'
[1.892s] Level 1:colcon.colcon_core.package_identification:_identify(src/camera_ros2) by extensions ['colcon_pkg']
[1.892s] Level 1:colcon.colcon_core.package_identification:_identify(src/camera_ros2) by extension 'colcon_pkg'
[1.893s] Level 1:colcon.colcon_core.package_identification:_identify(src/camera_ros2) by extensions ['colcon_meta']
[1.893s] Level 1:colcon.colcon_core.package_identification:_identify(src/camera_ros2) by extension 'colcon_meta'
[1.893s] Level 1:colcon.colcon_core.package_identification:_identify(src/camera_ros2) by extensions ['ros']
[1.893s] Level 1:colcon.colcon_core.package_identification:_identify(src/camera_ros2) by extension 'ros'
[1.902s] DEBUG:colcon.colcon_core.package_identification:Package 'src/camera_ros2' with type 'ros.ament_cmake' and name 'camera_ros2'
[1.903s] Level 1:colcon.colcon_core.package_identification:_identify(src/camera_ros2-1) by extensions ['ignore', 'ignore_ament_install']
[1.903s] Level 1:colcon.colcon_core.package_identification:_identify(src/camera_ros2-1) by extension 'ignore'
[1.904s] Level 1:colcon.colcon_core.package_identification:_identify(src/camera_ros2-1) by extension 'ignore_ament_install'
[1.904s] Level 1:colcon.colcon_core.package_identification:_identify(src/camera_ros2-1) by extensions ['colcon_pkg']
[1.904s] Level 1:colcon.colcon_core.package_identification:_identify(src/camera_ros2-1) by extension 'colcon_pkg'
[1.904s] Level 1:colcon.colcon_core.package_identification:_identify(src/camera_ros2-1) by extensions ['colcon_meta']
[1.904s] Level 1:colcon.colcon_core.package_identification:_identify(src/camera_ros2-1) by extension 'colcon_meta'
[1.905s] Level 1:colcon.colcon_core.package_identification:_identify(src/camera_ros2-1) by extensions ['ros']
[1.905s] Level 1:colcon.colcon_core.package_identification:_identify(src/camera_ros2-1) by extension 'ros'
[1.908s] DEBUG:colcon.colcon_core.package_identification:Package 'src/camera_ros2-1' with type 'ros.ament_cmake' and name 'camera_ros2-1'
[1.909s] Level 1:colcon.colcon_core.package_identification:_identify(src/camera_ros2-2) by extensions ['ignore', 'ignore_ament_install']
[1.909s] Level 1:colcon.colcon_core.package_identification:_identify(src/camera_ros2-2) by extension 'ignore'
[1.909s] Level 1:colcon.colcon_core.package_identification:_identify(src/camera_ros2-2) by extension 'ignore_ament_install'
[1.910s] Level 1:colcon.colcon_core.package_identification:_identify(src/camera_ros2-2) by extensions ['colcon_pkg']
[1.910s] Level 1:colcon.colcon_core.package_identification:_identify(src/camera_ros2-2) by extension 'colcon_pkg'
[1.910s] Level 1:colcon.colcon_core.package_identification:_identify(src/camera_ros2-2) by extensions ['colcon_meta']
[1.910s] Level 1:colcon.colcon_core.package_identification:_identify(src/camera_ros2-2) by extension 'colcon_meta'
[1.910s] Level 1:colcon.colcon_core.package_identification:_identify(src/camera_ros2-2) by extensions ['ros']
[1.910s] Level 1:colcon.colcon_core.package_identification:_identify(src/camera_ros2-2) by extension 'ros'
[1.913s] DEBUG:colcon.colcon_core.package_identification:Package 'src/camera_ros2-2' with type 'ros.ament_cmake' and name 'camera_ros2-2'
[1.914s] Level 1:colcon.colcon_core.package_identification:_identify(src/dxl) by extensions ['ignore', 'ignore_ament_install']
[1.914s] Level 1:colcon.colcon_core.package_identification:_identify(src/dxl) by extension 'ignore'
[1.914s] Level 1:colcon.colcon_core.package_identification:_identify(src/dxl) by extension 'ignore_ament_install'
[1.915s] Level 1:colcon.colcon_core.package_identification:_identify(src/dxl) by extensions ['colcon_pkg']
[1.915s] Level 1:colcon.colcon_core.package_identification:_identify(src/dxl) by extension 'colcon_pkg'
[1.915s] Level 1:colcon.colcon_core.package_identification:_identify(src/dxl) by extensions ['colcon_meta']
[1.915s] Level 1:colcon.colcon_core.package_identification:_identify(src/dxl) by extension 'colcon_meta'
[1.915s] Level 1:colcon.colcon_core.package_identification:_identify(src/dxl) by extensions ['ros']
[1.916s] Level 1:colcon.colcon_core.package_identification:_identify(src/dxl) by extension 'ros'
[1.918s] DEBUG:colcon.colcon_core.package_identification:Package 'src/dxl' with type 'ros.ament_cmake' and name 'dxl'
[1.918s] Level 1:colcon.colcon_core.package_identification:_identify(src/dxl2) by extensions ['ignore', 'ignore_ament_install']
[1.919s] Level 1:colcon.colcon_core.package_identification:_identify(src/dxl2) by extension 'ignore'
[1.919s] Level 1:colcon.colcon_core.package_identification:_identify(src/dxl2) by extension 'ignore_ament_install'
[1.919s] Level 1:colcon.colcon_core.package_identification:_identify(src/dxl2) by extensions ['colcon_pkg']
[1.919s] Level 1:colcon.colcon_core.package_identification:_identify(src/dxl2) by extension 'colcon_pkg'
[1.920s] Level 1:colcon.colcon_core.package_identification:_identify(src/dxl2) by extensions ['colcon_meta']
[1.920s] Level 1:colcon.colcon_core.package_identification:_identify(src/dxl2) by extension 'colcon_meta'
[1.920s] Level 1:colcon.colcon_core.package_identification:_identify(src/dxl2) by extensions ['ros']
[1.920s] Level 1:colcon.colcon_core.package_identification:_identify(src/dxl2) by extension 'ros'
[1.922s] DEBUG:colcon.colcon_core.package_identification:Package 'src/dxl2' with type 'ros.ament_cmake' and name 'dxl2'
[1.922s] Level 1:colcon.colcon_core.package_identification:_identify(src/dxl3) by extensions ['ignore', 'ignore_ament_install']
[1.923s] Level 1:colcon.colcon_core.package_identification:_identify(src/dxl3) by extension 'ignore'
[1.923s] Level 1:colcon.colcon_core.package_identification:_identify(src/dxl3) by extension 'ignore_ament_install'
[1.923s] Level 1:colcon.colcon_core.package_identification:_identify(src/dxl3) by extensions ['colcon_pkg']
[1.923s] Level 1:colcon.colcon_core.package_identification:_identify(src/dxl3) by extension 'colcon_pkg'
[1.924s] Level 1:colcon.colcon_core.package_identification:_identify(src/dxl3) by extensions ['colcon_meta']
[1.924s] Level 1:colcon.colcon_core.package_identification:_identify(src/dxl3) by extension 'colcon_meta'
[1.924s] Level 1:colcon.colcon_core.package_identification:_identify(src/dxl3) by extensions ['ros']
[1.924s] Level 1:colcon.colcon_core.package_identification:_identify(src/dxl3) by extension 'ros'
[1.926s] DEBUG:colcon.colcon_core.package_identification:Package 'src/dxl3' with type 'ros.ament_cmake' and name 'dxl3'
[1.926s] Level 1:colcon.colcon_core.package_identification:_identify(src/dxl_nano) by extensions ['ignore', 'ignore_ament_install']
[1.927s] Level 1:colcon.colcon_core.package_identification:_identify(src/dxl_nano) by extension 'ignore'
[1.927s] Level 1:colcon.colcon_core.package_identification:_identify(src/dxl_nano) by extension 'ignore_ament_install'
[1.927s] Level 1:colcon.colcon_core.package_identification:_identify(src/dxl_nano) by extensions ['colcon_pkg']
[1.927s] Level 1:colcon.colcon_core.package_identification:_identify(src/dxl_nano) by extension 'colcon_pkg'
[1.928s] Level 1:colcon.colcon_core.package_identification:_identify(src/dxl_nano) by extensions ['colcon_meta']
[1.928s] Level 1:colcon.colcon_core.package_identification:_identify(src/dxl_nano) by extension 'colcon_meta'
[1.928s] Level 1:colcon.colcon_core.package_identification:_identify(src/dxl_nano) by extensions ['ros']
[1.928s] Level 1:colcon.colcon_core.package_identification:_identify(src/dxl_nano) by extension 'ros'
[1.931s] DEBUG:colcon.colcon_core.package_identification:Package 'src/dxl_nano' with type 'ros.ament_cmake' and name 'dxl_nano'
[1.931s] Level 1:colcon.colcon_core.package_discovery:discover_packages(recursive) using defaults
[1.931s] Level 1:colcon.colcon_core.package_discovery:discover_packages(ignore) discover
[1.932s] Level 1:colcon.colcon_core.package_discovery:discover_packages(ignore) using defaults
[1.932s] Level 1:colcon.colcon_core.package_discovery:discover_packages(path) discover
[1.932s] Level 1:colcon.colcon_core.package_discovery:discover_packages(path) using defaults
[2.011s] INFO:colcon.colcon_core.package_selection:Skipping not selected package 'camera_ros2' in 'src/camera_ros2'
[2.011s] INFO:colcon.colcon_core.package_selection:Skipping not selected package 'camera_ros2-1' in 'src/camera_ros2-1'
[2.011s] INFO:colcon.colcon_core.package_selection:Skipping not selected package 'camera_ros2-2' in 'src/camera_ros2-2'
[2.012s] INFO:colcon.colcon_core.package_selection:Skipping not selected package 'dxl' in 'src/dxl'
[2.012s] INFO:colcon.colcon_core.package_selection:Skipping not selected package 'dxl2' in 'src/dxl2'
[2.012s] INFO:colcon.colcon_core.package_selection:Skipping not selected package 'dxl_nano' in 'src/dxl_nano'
[2.013s] Level 1:colcon.colcon_core.package_discovery:discover_packages(prefix_path) check parameters
[2.013s] Level 1:colcon.colcon_core.package_discovery:discover_packages(prefix_path) discover
[2.022s] DEBUG:colcon.colcon_installed_package_information.package_discovery:Found 7 installed packages in /home/jetson/ros2_ws/install
[2.029s] DEBUG:colcon.colcon_installed_package_information.package_discovery:Found 258 installed packages in /opt/ros/foxy
[2.037s] Level 1:colcon.colcon_core.package_discovery:discover_packages(prefix_path) using defaults
[2.324s] Level 5:colcon.colcon_core.verb:set package 'dxl3' build argument 'cmake_args' from command line to 'None'
[2.324s] Level 5:colcon.colcon_core.verb:set package 'dxl3' build argument 'cmake_target' from command line to 'None'
[2.325s] Level 5:colcon.colcon_core.verb:set package 'dxl3' build argument 'cmake_target_skip_unavailable' from command line to 'False'
[2.325s] Level 5:colcon.colcon_core.verb:set package 'dxl3' build argument 'cmake_clean_cache' from command line to 'False'
[2.325s] Level 5:colcon.colcon_core.verb:set package 'dxl3' build argument 'cmake_clean_first' from command line to 'False'
[2.325s] Level 5:colcon.colcon_core.verb:set package 'dxl3' build argument 'cmake_force_configure' from command line to 'False'
[2.325s] Level 5:colcon.colcon_core.verb:set package 'dxl3' build argument 'ament_cmake_args' from command line to 'None'
[2.325s] Level 5:colcon.colcon_core.verb:set package 'dxl3' build argument 'catkin_cmake_args' from command line to 'None'
[2.325s] Level 5:colcon.colcon_core.verb:set package 'dxl3' build argument 'catkin_skip_building_tests' from command line to 'False'
[2.326s] DEBUG:colcon.colcon_core.verb:Building package 'dxl3' with the following arguments: {'ament_cmake_args': None, 'build_base': '/home/jetson/ros2_ws/build/dxl3', 'catkin_cmake_args': None, 'catkin_skip_building_tests': False, 'cmake_args': None, 'cmake_clean_cache': False, 'cmake_clean_first': False, 'cmake_force_configure': False, 'cmake_target': None, 'cmake_target_skip_unavailable': False, 'install_base': '/home/jetson/ros2_ws/install/dxl3', 'merge_install': False, 'path': '/home/jetson/ros2_ws/src/dxl3', 'symlink_install': True, 'test_result_base': None}
[2.326s] INFO:colcon.colcon_core.executor:Executing jobs using 'parallel' executor
[2.330s] DEBUG:colcon.colcon_parallel_executor.executor.parallel:run_until_complete
[2.332s] INFO:colcon.colcon_ros.task.ament_cmake.build:Building ROS package in '/home/jetson/ros2_ws/src/dxl3' with build type 'ament_cmake'
[2.332s] INFO:colcon.colcon_cmake.task.cmake.build:Building CMake package in '/home/jetson/ros2_ws/src/dxl3'
[2.339s] INFO:colcon.colcon_core.plugin_system:Skipping extension 'colcon_core.shell.bat': Not used on non-Windows systems
[2.340s] INFO:colcon.colcon_core.shell:Skip shell extension 'powershell' for command environment: Not usable outside of PowerShell
[2.340s] DEBUG:colcon.colcon_core.shell:Skip shell extension 'dsv' for command environment
[2.376s] DEBUG:colcon.colcon_core.event_handler.log_command:Invoking command in '/home/jetson/ros2_ws/build/dxl3': CMAKE_PREFIX_PATH=${CMAKE_PREFIX_PATH}:/opt/ros/foxy /usr/bin/cmake --build /home/jetson/ros2_ws/build/dxl3 -- -j4 -l4
[8.827s] DEBUG:colcon.colcon_core.event_handler.log_command:Invoked command in '/home/jetson/ros2_ws/build/dxl3' returned '0': CMAKE_PREFIX_PATH=${CMAKE_PREFIX_PATH}:/opt/ros/foxy /usr/bin/cmake --build /home/jetson/ros2_ws/build/dxl3 -- -j4 -l4
[8.947s] DEBUG:colcon.colcon_core.event_handler.log_command:Invoking command in '/home/jetson/ros2_ws/build/dxl3': CMAKE_PREFIX_PATH=${CMAKE_PREFIX_PATH}:/opt/ros/foxy /usr/bin/cmake --install /home/jetson/ros2_ws/build/dxl3
[9.026s] Level 1:colcon.colcon_core.environment:create_environment_scripts_only(dxl3)
[9.028s] DEBUG:colcon.colcon_core.event_handler.log_command:Invoked command in '/home/jetson/ros2_ws/build/dxl3' returned '0': CMAKE_PREFIX_PATH=${CMAKE_PREFIX_PATH}:/opt/ros/foxy /usr/bin/cmake --install /home/jetson/ros2_ws/build/dxl3
[9.037s] Level 1:colcon.colcon_core.environment:checking '/home/jetson/ros2_ws/install/dxl3' for CMake module files
[9.039s] Level 1:colcon.colcon_core.environment:checking '/home/jetson/ros2_ws/install/dxl3' for CMake config files
[9.040s] Level 1:colcon.colcon_core.shell:create_environment_hook('dxl3', 'cmake_prefix_path')
[9.041s] INFO:colcon.colcon_core.shell:Creating environment hook '/home/jetson/ros2_ws/install/dxl3/share/dxl3/hook/cmake_prefix_path.ps1'
[9.044s] INFO:colcon.colcon_core.shell:Creating environment descriptor '/home/jetson/ros2_ws/install/dxl3/share/dxl3/hook/cmake_prefix_path.dsv'
[9.045s] INFO:colcon.colcon_core.shell:Creating environment hook '/home/jetson/ros2_ws/install/dxl3/share/dxl3/hook/cmake_prefix_path.sh'
[9.048s] Level 1:colcon.colcon_core.environment:checking '/home/jetson/ros2_ws/install/dxl3/lib'
[9.049s] Level 1:colcon.colcon_core.environment:checking '/home/jetson/ros2_ws/install/dxl3/bin'
[9.049s] Level 1:colcon.colcon_core.environment:checking '/home/jetson/ros2_ws/install/dxl3/lib/pkgconfig/dxl3.pc'
[9.050s] Level 1:colcon.colcon_core.environment:checking '/home/jetson/ros2_ws/install/dxl3/lib/python3.8/site-packages'
[9.051s] Level 1:colcon.colcon_core.environment:checking '/home/jetson/ros2_ws/install/dxl3/bin'
[9.054s] INFO:colcon.colcon_core.shell:Creating package script '/home/jetson/ros2_ws/install/dxl3/share/dxl3/package.ps1'
[9.057s] INFO:colcon.colcon_core.shell:Creating package descriptor '/home/jetson/ros2_ws/install/dxl3/share/dxl3/package.dsv'
[9.059s] INFO:colcon.colcon_core.shell:Creating package script '/home/jetson/ros2_ws/install/dxl3/share/dxl3/package.sh'
[9.062s] INFO:colcon.colcon_core.shell:Creating package script '/home/jetson/ros2_ws/install/dxl3/share/dxl3/package.bash'
[9.065s] INFO:colcon.colcon_core.shell:Creating package script '/home/jetson/ros2_ws/install/dxl3/share/dxl3/package.zsh'
[9.068s] Level 1:colcon.colcon_core.environment:create_file_with_runtime_dependencies(/home/jetson/ros2_ws/install/dxl3/share/colcon-core/packages/dxl3)
[9.147s] Level 1:colcon.colcon_core.environment:create_environment_scripts_only(dxl3)
[9.148s] Level 1:colcon.colcon_core.environment:checking '/home/jetson/ros2_ws/install/dxl3' for CMake module files
[9.151s] Level 1:colcon.colcon_core.environment:checking '/home/jetson/ros2_ws/install/dxl3' for CMake config files
[9.152s] Level 1:colcon.colcon_core.shell:create_environment_hook('dxl3', 'cmake_prefix_path')
[9.153s] INFO:colcon.colcon_core.shell:Creating environment hook '/home/jetson/ros2_ws/install/dxl3/share/dxl3/hook/cmake_prefix_path.ps1'
[9.155s] INFO:colcon.colcon_core.shell:Creating environment descriptor '/home/jetson/ros2_ws/install/dxl3/share/dxl3/hook/cmake_prefix_path.dsv'
[9.157s] INFO:colcon.colcon_core.shell:Creating environment hook '/home/jetson/ros2_ws/install/dxl3/share/dxl3/hook/cmake_prefix_path.sh'
[9.159s] Level 1:colcon.colcon_core.environment:checking '/home/jetson/ros2_ws/install/dxl3/lib'
[9.159s] Level 1:colcon.colcon_core.environment:checking '/home/jetson/ros2_ws/install/dxl3/bin'
[9.160s] Level 1:colcon.colcon_core.environment:checking '/home/jetson/ros2_ws/install/dxl3/lib/pkgconfig/dxl3.pc'
[9.160s] Level 1:colcon.colcon_core.environment:checking '/home/jetson/ros2_ws/install/dxl3/lib/python3.8/site-packages'
[9.161s] Level 1:colcon.colcon_core.environment:checking '/home/jetson/ros2_ws/install/dxl3/bin'
[9.162s] INFO:colcon.colcon_core.shell:Creating package script '/home/jetson/ros2_ws/install/dxl3/share/dxl3/package.ps1'
[9.164s] INFO:colcon.colcon_core.shell:Creating package descriptor '/home/jetson/ros2_ws/install/dxl3/share/dxl3/package.dsv'
[9.166s] INFO:colcon.colcon_core.shell:Creating package script '/home/jetson/ros2_ws/install/dxl3/share/dxl3/package.sh'
[9.168s] INFO:colcon.colcon_core.shell:Creating package script '/home/jetson/ros2_ws/install/dxl3/share/dxl3/package.bash'
[9.169s] INFO:colcon.colcon_core.shell:Creating package script '/home/jetson/ros2_ws/install/dxl3/share/dxl3/package.zsh'
[9.171s] Level 1:colcon.colcon_core.environment:create_file_with_runtime_dependencies(/home/jetson/ros2_ws/install/dxl3/share/colcon-core/packages/dxl3)
[9.172s] DEBUG:colcon.colcon_parallel_executor.executor.parallel:closing loop
[9.173s] DEBUG:colcon.colcon_parallel_executor.executor.parallel:loop closed
[9.173s] DEBUG:colcon.colcon_parallel_executor.executor.parallel:run_until_complete finished with '0'
[9.174s] DEBUG:colcon.colcon_core.event_reactor:joining thread
[9.194s] INFO:colcon.colcon_core.plugin_system:Skipping extension 'colcon_notification.desktop_notification.terminal_notifier': Not used on non-Darwin systems
[9.194s] INFO:colcon.colcon_core.plugin_system:Skipping extension 'colcon_notification.desktop_notification.win32': Not used on non-Windows systems
[9.195s] INFO:colcon.colcon_notification.desktop_notification:Sending desktop notification using 'notify2'
[9.232s] DEBUG:colcon.colcon_core.event_reactor:joined thread
[9.234s] INFO:colcon.colcon_core.shell:Creating prefix script '/home/jetson/ros2_ws/install/local_setup.ps1'
[9.237s] INFO:colcon.colcon_core.shell:Creating prefix util module '/home/jetson/ros2_ws/install/_local_setup_util_ps1.py'
[9.243s] INFO:colcon.colcon_core.shell:Creating prefix chain script '/home/jetson/ros2_ws/install/setup.ps1'
[9.248s] INFO:colcon.colcon_core.shell:Creating prefix script '/home/jetson/ros2_ws/install/local_setup.sh'
[9.250s] INFO:colcon.colcon_core.shell:Creating prefix util module '/home/jetson/ros2_ws/install/_local_setup_util_sh.py'
[9.252s] INFO:colcon.colcon_core.shell:Creating prefix chain script '/home/jetson/ros2_ws/install/setup.sh'
[9.257s] INFO:colcon.colcon_core.shell:Creating prefix script '/home/jetson/ros2_ws/install/local_setup.bash'
[9.259s] INFO:colcon.colcon_core.shell:Creating prefix chain script '/home/jetson/ros2_ws/install/setup.bash'
[9.264s] INFO:colcon.colcon_core.shell:Creating prefix script '/home/jetson/ros2_ws/install/local_setup.zsh'
[9.266s] INFO:colcon.colcon_core.shell:Creating prefix chain script '/home/jetson/ros2_ws/install/setup.zsh'
