[0.043s] Invoking command in '/home/jetson/ros2_ws/build/dxl3': CMAKE_PREFIX_PATH=${CMAKE_PREFIX_PATH}:/opt/ros/foxy /usr/bin/cmake --build /home/jetson/ros2_ws/build/dxl3 -- -j4 -l4
[0.196s] [35m[1mScanning dependencies of target dxl3[0m
[0.301s] [ 33%] [32mBuilding CXX object CMakeFiles/dxl3.dir/src/main.cpp.o[0m
[6.032s] [ 66%] [32m[1mLinking CXX executable dxl3[0m
[6.457s] [100%] Built target dxl3
[6.495s] Invoked command in '/home/jetson/ros2_ws/build/dxl3' returned '0': CMAKE_PREFIX_PATH=${CMAKE_PREFIX_PATH}:/opt/ros/foxy /usr/bin/cmake --build /home/jetson/ros2_ws/build/dxl3 -- -j4 -l4
[6.614s] Invoking command in '/home/jetson/ros2_ws/build/dxl3': CMAKE_PREFIX_PATH=${CMAKE_PREFIX_PATH}:/opt/ros/foxy /usr/bin/cmake --install /home/jetson/ros2_ws/build/dxl3
[6.642s] -- Install configuration: ""
[6.643s] -- Execute custom install script
[6.645s] -- Up-to-date symlink: /home/jetson/ros2_ws/install/dxl3/lib/dxl3/dxl3
[6.646s] -- Up-to-date symlink: /home/jetson/ros2_ws/install/dxl3/share/ament_index/resource_index/package_run_dependencies/dxl3
[6.647s] -- Up-to-date symlink: /home/jetson/ros2_ws/install/dxl3/share/ament_index/resource_index/parent_prefix_path/dxl3
[6.650s] -- Up-to-date symlink: /home/jetson/ros2_ws/install/dxl3/share/dxl3/environment/ament_prefix_path.sh
[6.650s] -- Up-to-date symlink: /home/jetson/ros2_ws/install/dxl3/share/dxl3/environment/ament_prefix_path.dsv
[6.651s] -- Up-to-date symlink: /home/jetson/ros2_ws/install/dxl3/share/dxl3/environment/path.sh
[6.652s] -- Up-to-date symlink: /home/jetson/ros2_ws/install/dxl3/share/dxl3/environment/path.dsv
[6.653s] -- Up-to-date symlink: /home/jetson/ros2_ws/install/dxl3/share/dxl3/local_setup.bash
[6.654s] -- Up-to-date symlink: /home/jetson/ros2_ws/install/dxl3/share/dxl3/local_setup.sh
[6.655s] -- Up-to-date symlink: /home/jetson/ros2_ws/install/dxl3/share/dxl3/local_setup.zsh
[6.655s] -- Up-to-date symlink: /home/jetson/ros2_ws/install/dxl3/share/dxl3/local_setup.dsv
[6.656s] -- Symlinking: /home/jetson/ros2_ws/install/dxl3/share/dxl3/package.dsv
[6.686s] -- Up-to-date symlink: /home/jetson/ros2_ws/install/dxl3/share/ament_index/resource_index/packages/dxl3
[6.691s] -- Up-to-date symlink: /home/jetson/ros2_ws/install/dxl3/share/dxl3/cmake/dxl3Config.cmake
[6.692s] -- Up-to-date symlink: /home/jetson/ros2_ws/install/dxl3/share/dxl3/cmake/dxl3Config-version.cmake
[6.693s] -- Up-to-date symlink: /home/jetson/ros2_ws/install/dxl3/share/dxl3/package.xml
[6.696s] Invoked command in '/home/jetson/ros2_ws/build/dxl3' returned '0': CMAKE_PREFIX_PATH=${CMAKE_PREFIX_PATH}:/opt/ros/foxy /usr/bin/cmake --install /home/jetson/ros2_ws/build/dxl3
