[0.975s] DEBUG:colcon:Command line arguments: ['/usr/bin/colcon', 'build', '--symlink-install', '--packages-select', 'camera_ros2']
[0.976s] DEBUG:colcon:Parsed command line arguments: Namespace(allow_overriding=[], ament_cmake_args=None, base_paths=['.'], build_base='build', catkin_cmake_args=None, catkin_skip_building_tests=False, cmake_args=None, cmake_clean_cache=False, cmake_clean_first=False, cmake_force_configure=False, cmake_target=None, cmake_target_skip_unavailable=False, continue_on_error=False, event_handlers=None, executor='parallel', ignore_user_meta=False, install_base='install', log_base=None, log_level=None, main=<bound method BuildVerb.main of <colcon_core.verb.build.BuildVerb object at 0x7f8a42f9a0>>, merge_install=False, metas=['./colcon.meta'], packages_above=None, packages_above_and_dependencies=None, packages_above_depth=None, packages_end=None, packages_ignore=None, packages_ignore_regex=None, packages_select=['camera_ros2'], packages_select_build_failed=False, packages_select_by_dep=None, packages_select_regex=None, packages_select_test_failures=False, packages_skip=None, packages_skip_build_finished=False, packages_skip_by_dep=None, packages_skip_regex=None, packages_skip_test_passed=False, packages_skip_up_to=None, packages_start=None, packages_up_to=None, packages_up_to_regex=None, parallel_workers=4, paths=None, symlink_install=True, test_result_base=None, verb_extension=<colcon_core.verb.build.BuildVerb object at 0x7f8a42f9a0>, verb_name='build', verb_parser=<colcon_defaults.argument_parser.defaults.DefaultArgumentsDecorator object at 0x7f8a31a970>)
[2.010s] Level 1:colcon.colcon_core.package_discovery:discover_packages(colcon_meta) check parameters
[2.011s] Level 1:colcon.colcon_core.package_discovery:discover_packages(recursive) check parameters
[2.011s] Level 1:colcon.colcon_core.package_discovery:discover_packages(ignore) check parameters
[2.011s] Level 1:colcon.colcon_core.package_discovery:discover_packages(path) check parameters
[2.011s] Level 1:colcon.colcon_core.package_discovery:discover_packages(colcon_meta) discover
[2.011s] Level 1:colcon.colcon_core.package_discovery:discover_packages(recursive) discover
[2.012s] INFO:colcon.colcon_core.package_discovery:Crawling recursively for packages in '/home/jetson/ros2_ws'
[2.012s] Level 1:colcon.colcon_core.package_identification:_identify(.) by extensions ['ignore', 'ignore_ament_install']
[2.013s] Level 1:colcon.colcon_core.package_identification:_identify(.) by extension 'ignore'
[2.013s] Level 1:colcon.colcon_core.package_identification:_identify(.) by extension 'ignore_ament_install'
[2.013s] Level 1:colcon.colcon_core.package_identification:_identify(.) by extensions ['colcon_pkg']
[2.013s] Level 1:colcon.colcon_core.package_identification:_identify(.) by extension 'colcon_pkg'
[2.014s] Level 1:colcon.colcon_core.package_identification:_identify(.) by extensions ['colcon_meta']
[2.014s] Level 1:colcon.colcon_core.package_identification:_identify(.) by extension 'colcon_meta'
[2.014s] Level 1:colcon.colcon_core.package_identification:_identify(.) by extensions ['ros']
[2.014s] Level 1:colcon.colcon_core.package_identification:_identify(.) by extension 'ros'
[2.101s] Level 1:colcon.colcon_core.package_identification:_identify(.) by extensions ['cmake', 'python']
[2.101s] Level 1:colcon.colcon_core.package_identification:_identify(.) by extension 'cmake'
[2.101s] Level 1:colcon.colcon_core.package_identification:_identify(.) by extension 'python'
[2.102s] Level 1:colcon.colcon_core.package_identification:_identify(.) by extensions ['python_setup_py']
[2.102s] Level 1:colcon.colcon_core.package_identification:_identify(.) by extension 'python_setup_py'
[2.102s] Level 1:colcon.colcon_core.package_identification:_identify(build) by extensions ['ignore', 'ignore_ament_install']
[2.103s] Level 1:colcon.colcon_core.package_identification:_identify(build) by extension 'ignore'
[2.103s] Level 1:colcon.colcon_core.package_identification:_identify(build) ignored
[2.103s] Level 1:colcon.colcon_core.package_identification:_identify(install) by extensions ['ignore', 'ignore_ament_install']
[2.104s] Level 1:colcon.colcon_core.package_identification:_identify(install) by extension 'ignore'
[2.104s] Level 1:colcon.colcon_core.package_identification:_identify(install) ignored
[2.105s] Level 1:colcon.colcon_core.package_identification:_identify(log) by extensions ['ignore', 'ignore_ament_install']
[2.105s] Level 1:colcon.colcon_core.package_identification:_identify(log) by extension 'ignore'
[2.105s] Level 1:colcon.colcon_core.package_identification:_identify(log) ignored
[2.106s] Level 1:colcon.colcon_core.package_identification:_identify(src) by extensions ['ignore', 'ignore_ament_install']
[2.106s] Level 1:colcon.colcon_core.package_identification:_identify(src) by extension 'ignore'
[2.106s] Level 1:colcon.colcon_core.package_identification:_identify(src) by extension 'ignore_ament_install'
[2.106s] Level 1:colcon.colcon_core.package_identification:_identify(src) by extensions ['colcon_pkg']
[2.107s] Level 1:colcon.colcon_core.package_identification:_identify(src) by extension 'colcon_pkg'
[2.107s] Level 1:colcon.colcon_core.package_identification:_identify(src) by extensions ['colcon_meta']
[2.107s] Level 1:colcon.colcon_core.package_identification:_identify(src) by extension 'colcon_meta'
[2.107s] Level 1:colcon.colcon_core.package_identification:_identify(src) by extensions ['ros']
[2.107s] Level 1:colcon.colcon_core.package_identification:_identify(src) by extension 'ros'
[2.108s] Level 1:colcon.colcon_core.package_identification:_identify(src) by extensions ['cmake', 'python']
[2.108s] Level 1:colcon.colcon_core.package_identification:_identify(src) by extension 'cmake'
[2.108s] Level 1:colcon.colcon_core.package_identification:_identify(src) by extension 'python'
[2.108s] Level 1:colcon.colcon_core.package_identification:_identify(src) by extensions ['python_setup_py']
[2.109s] Level 1:colcon.colcon_core.package_identification:_identify(src) by extension 'python_setup_py'
[2.109s] Level 1:colcon.colcon_core.package_identification:_identify(src/camera_ros2) by extensions ['ignore', 'ignore_ament_install']
[2.110s] Level 1:colcon.colcon_core.package_identification:_identify(src/camera_ros2) by extension 'ignore'
[2.110s] Level 1:colcon.colcon_core.package_identification:_identify(src/camera_ros2) by extension 'ignore_ament_install'
[2.110s] Level 1:colcon.colcon_core.package_identification:_identify(src/camera_ros2) by extensions ['colcon_pkg']
[2.110s] Level 1:colcon.colcon_core.package_identification:_identify(src/camera_ros2) by extension 'colcon_pkg'
[2.111s] Level 1:colcon.colcon_core.package_identification:_identify(src/camera_ros2) by extensions ['colcon_meta']
[2.111s] Level 1:colcon.colcon_core.package_identification:_identify(src/camera_ros2) by extension 'colcon_meta'
[2.111s] Level 1:colcon.colcon_core.package_identification:_identify(src/camera_ros2) by extensions ['ros']
[2.111s] Level 1:colcon.colcon_core.package_identification:_identify(src/camera_ros2) by extension 'ros'
[2.122s] DEBUG:colcon.colcon_core.package_identification:Package 'src/camera_ros2' with type 'ros.ament_cmake' and name 'camera_ros2'
[2.122s] Level 1:colcon.colcon_core.package_discovery:discover_packages(recursive) using defaults
[2.122s] Level 1:colcon.colcon_core.package_discovery:discover_packages(ignore) discover
[2.122s] Level 1:colcon.colcon_core.package_discovery:discover_packages(ignore) using defaults
[2.123s] Level 1:colcon.colcon_core.package_discovery:discover_packages(path) discover
[2.123s] Level 1:colcon.colcon_core.package_discovery:discover_packages(path) using defaults
[2.207s] Level 1:colcon.colcon_core.package_discovery:discover_packages(prefix_path) check parameters
[2.207s] Level 1:colcon.colcon_core.package_discovery:discover_packages(prefix_path) discover
[2.215s] DEBUG:colcon.colcon_installed_package_information.package_discovery:Found 1 installed packages in /home/jetson/ros2_ws/install
[2.221s] DEBUG:colcon.colcon_installed_package_information.package_discovery:Found 258 installed packages in /opt/ros/foxy
[2.230s] Level 1:colcon.colcon_core.package_discovery:discover_packages(prefix_path) using defaults
[2.548s] Level 5:colcon.colcon_core.verb:set package 'camera_ros2' build argument 'cmake_args' from command line to 'None'
[2.548s] Level 5:colcon.colcon_core.verb:set package 'camera_ros2' build argument 'cmake_target' from command line to 'None'
[2.548s] Level 5:colcon.colcon_core.verb:set package 'camera_ros2' build argument 'cmake_target_skip_unavailable' from command line to 'False'
[2.549s] Level 5:colcon.colcon_core.verb:set package 'camera_ros2' build argument 'cmake_clean_cache' from command line to 'False'
[2.549s] Level 5:colcon.colcon_core.verb:set package 'camera_ros2' build argument 'cmake_clean_first' from command line to 'False'
[2.549s] Level 5:colcon.colcon_core.verb:set package 'camera_ros2' build argument 'cmake_force_configure' from command line to 'False'
[2.549s] Level 5:colcon.colcon_core.verb:set package 'camera_ros2' build argument 'ament_cmake_args' from command line to 'None'
[2.549s] Level 5:colcon.colcon_core.verb:set package 'camera_ros2' build argument 'catkin_cmake_args' from command line to 'None'
[2.549s] Level 5:colcon.colcon_core.verb:set package 'camera_ros2' build argument 'catkin_skip_building_tests' from command line to 'False'
[2.549s] DEBUG:colcon.colcon_core.verb:Building package 'camera_ros2' with the following arguments: {'ament_cmake_args': None, 'build_base': '/home/jetson/ros2_ws/build/camera_ros2', 'catkin_cmake_args': None, 'catkin_skip_building_tests': False, 'cmake_args': None, 'cmake_clean_cache': False, 'cmake_clean_first': False, 'cmake_force_configure': False, 'cmake_target': None, 'cmake_target_skip_unavailable': False, 'install_base': '/home/jetson/ros2_ws/install/camera_ros2', 'merge_install': False, 'path': '/home/jetson/ros2_ws/src/camera_ros2', 'symlink_install': True, 'test_result_base': None}
[2.550s] INFO:colcon.colcon_core.executor:Executing jobs using 'parallel' executor
[2.554s] DEBUG:colcon.colcon_parallel_executor.executor.parallel:run_until_complete
[2.554s] INFO:colcon.colcon_ros.task.ament_cmake.build:Building ROS package in '/home/jetson/ros2_ws/src/camera_ros2' with build type 'ament_cmake'
[2.555s] INFO:colcon.colcon_cmake.task.cmake.build:Building CMake package in '/home/jetson/ros2_ws/src/camera_ros2'
[2.564s] INFO:colcon.colcon_core.plugin_system:Skipping extension 'colcon_core.shell.bat': Not used on non-Windows systems
[2.564s] INFO:colcon.colcon_core.shell:Skip shell extension 'powershell' for command environment: Not usable outside of PowerShell
[2.565s] DEBUG:colcon.colcon_core.shell:Skip shell extension 'dsv' for command environment
[2.601s] DEBUG:colcon.colcon_core.event_handler.log_command:Invoking command in '/home/jetson/ros2_ws/build/camera_ros2': CMAKE_PREFIX_PATH=${CMAKE_PREFIX_PATH}:/opt/ros/foxy /usr/bin/cmake --build /home/jetson/ros2_ws/build/camera_ros2 -- -j4 -l4
[19.582s] DEBUG:colcon.colcon_core.event_handler.log_command:Invoked command in '/home/jetson/ros2_ws/build/camera_ros2' returned '0': CMAKE_PREFIX_PATH=${CMAKE_PREFIX_PATH}:/opt/ros/foxy /usr/bin/cmake --build /home/jetson/ros2_ws/build/camera_ros2 -- -j4 -l4
[19.706s] DEBUG:colcon.colcon_core.event_handler.log_command:Invoking command in '/home/jetson/ros2_ws/build/camera_ros2': CMAKE_PREFIX_PATH=${CMAKE_PREFIX_PATH}:/opt/ros/foxy /usr/bin/cmake --install /home/jetson/ros2_ws/build/camera_ros2
[19.785s] Level 1:colcon.colcon_core.environment:create_environment_scripts_only(camera_ros2)
[19.788s] DEBUG:colcon.colcon_core.event_handler.log_command:Invoked command in '/home/jetson/ros2_ws/build/camera_ros2' returned '0': CMAKE_PREFIX_PATH=${CMAKE_PREFIX_PATH}:/opt/ros/foxy /usr/bin/cmake --install /home/jetson/ros2_ws/build/camera_ros2
[19.797s] Level 1:colcon.colcon_core.environment:checking '/home/jetson/ros2_ws/install/camera_ros2' for CMake module files
[19.799s] Level 1:colcon.colcon_core.environment:checking '/home/jetson/ros2_ws/install/camera_ros2' for CMake config files
[19.800s] Level 1:colcon.colcon_core.shell:create_environment_hook('camera_ros2', 'cmake_prefix_path')
[19.801s] INFO:colcon.colcon_core.shell:Creating environment hook '/home/jetson/ros2_ws/install/camera_ros2/share/camera_ros2/hook/cmake_prefix_path.ps1'
[19.805s] INFO:colcon.colcon_core.shell:Creating environment descriptor '/home/jetson/ros2_ws/install/camera_ros2/share/camera_ros2/hook/cmake_prefix_path.dsv'
[19.807s] INFO:colcon.colcon_core.shell:Creating environment hook '/home/jetson/ros2_ws/install/camera_ros2/share/camera_ros2/hook/cmake_prefix_path.sh'
[19.810s] Level 1:colcon.colcon_core.environment:checking '/home/jetson/ros2_ws/install/camera_ros2/lib'
[19.811s] Level 1:colcon.colcon_core.environment:checking '/home/jetson/ros2_ws/install/camera_ros2/bin'
[19.812s] Level 1:colcon.colcon_core.environment:checking '/home/jetson/ros2_ws/install/camera_ros2/lib/pkgconfig/camera_ros2.pc'
[19.812s] Level 1:colcon.colcon_core.environment:checking '/home/jetson/ros2_ws/install/camera_ros2/lib/python3.8/site-packages'
[19.813s] Level 1:colcon.colcon_core.environment:checking '/home/jetson/ros2_ws/install/camera_ros2/bin'
[19.814s] INFO:colcon.colcon_core.shell:Creating package script '/home/jetson/ros2_ws/install/camera_ros2/share/camera_ros2/package.ps1'
[19.818s] INFO:colcon.colcon_core.shell:Creating package descriptor '/home/jetson/ros2_ws/install/camera_ros2/share/camera_ros2/package.dsv'
[19.820s] INFO:colcon.colcon_core.shell:Creating package script '/home/jetson/ros2_ws/install/camera_ros2/share/camera_ros2/package.sh'
[19.823s] INFO:colcon.colcon_core.shell:Creating package script '/home/jetson/ros2_ws/install/camera_ros2/share/camera_ros2/package.bash'
[19.827s] INFO:colcon.colcon_core.shell:Creating package script '/home/jetson/ros2_ws/install/camera_ros2/share/camera_ros2/package.zsh'
[19.829s] Level 1:colcon.colcon_core.environment:create_file_with_runtime_dependencies(/home/jetson/ros2_ws/install/camera_ros2/share/colcon-core/packages/camera_ros2)
[19.918s] Level 1:colcon.colcon_core.environment:create_environment_scripts_only(camera_ros2)
[19.920s] Level 1:colcon.colcon_core.environment:checking '/home/jetson/ros2_ws/install/camera_ros2' for CMake module files
[19.922s] Level 1:colcon.colcon_core.environment:checking '/home/jetson/ros2_ws/install/camera_ros2' for CMake config files
[19.923s] Level 1:colcon.colcon_core.shell:create_environment_hook('camera_ros2', 'cmake_prefix_path')
[19.924s] INFO:colcon.colcon_core.shell:Creating environment hook '/home/jetson/ros2_ws/install/camera_ros2/share/camera_ros2/hook/cmake_prefix_path.ps1'
[19.926s] INFO:colcon.colcon_core.shell:Creating environment descriptor '/home/jetson/ros2_ws/install/camera_ros2/share/camera_ros2/hook/cmake_prefix_path.dsv'
[19.927s] INFO:colcon.colcon_core.shell:Creating environment hook '/home/jetson/ros2_ws/install/camera_ros2/share/camera_ros2/hook/cmake_prefix_path.sh'
[19.929s] Level 1:colcon.colcon_core.environment:checking '/home/jetson/ros2_ws/install/camera_ros2/lib'
[19.929s] Level 1:colcon.colcon_core.environment:checking '/home/jetson/ros2_ws/install/camera_ros2/bin'
[19.930s] Level 1:colcon.colcon_core.environment:checking '/home/jetson/ros2_ws/install/camera_ros2/lib/pkgconfig/camera_ros2.pc'
[19.931s] Level 1:colcon.colcon_core.environment:checking '/home/jetson/ros2_ws/install/camera_ros2/lib/python3.8/site-packages'
[19.931s] Level 1:colcon.colcon_core.environment:checking '/home/jetson/ros2_ws/install/camera_ros2/bin'
[19.933s] INFO:colcon.colcon_core.shell:Creating package script '/home/jetson/ros2_ws/install/camera_ros2/share/camera_ros2/package.ps1'
[19.934s] INFO:colcon.colcon_core.shell:Creating package descriptor '/home/jetson/ros2_ws/install/camera_ros2/share/camera_ros2/package.dsv'
[19.936s] INFO:colcon.colcon_core.shell:Creating package script '/home/jetson/ros2_ws/install/camera_ros2/share/camera_ros2/package.sh'
[19.938s] INFO:colcon.colcon_core.shell:Creating package script '/home/jetson/ros2_ws/install/camera_ros2/share/camera_ros2/package.bash'
[19.939s] INFO:colcon.colcon_core.shell:Creating package script '/home/jetson/ros2_ws/install/camera_ros2/share/camera_ros2/package.zsh'
[19.941s] Level 1:colcon.colcon_core.environment:create_file_with_runtime_dependencies(/home/jetson/ros2_ws/install/camera_ros2/share/colcon-core/packages/camera_ros2)
[19.942s] DEBUG:colcon.colcon_parallel_executor.executor.parallel:closing loop
[19.943s] DEBUG:colcon.colcon_parallel_executor.executor.parallel:loop closed
[19.943s] DEBUG:colcon.colcon_parallel_executor.executor.parallel:run_until_complete finished with '0'
[19.943s] DEBUG:colcon.colcon_core.event_reactor:joining thread
[19.965s] INFO:colcon.colcon_core.plugin_system:Skipping extension 'colcon_notification.desktop_notification.terminal_notifier': Not used on non-Darwin systems
[19.965s] INFO:colcon.colcon_core.plugin_system:Skipping extension 'colcon_notification.desktop_notification.win32': Not used on non-Windows systems
[19.965s] INFO:colcon.colcon_notification.desktop_notification:Sending desktop notification using 'notify2'
[20.002s] DEBUG:colcon.colcon_core.event_reactor:joined thread
[20.004s] INFO:colcon.colcon_core.shell:Creating prefix script '/home/jetson/ros2_ws/install/local_setup.ps1'
[20.007s] INFO:colcon.colcon_core.shell:Creating prefix util module '/home/jetson/ros2_ws/install/_local_setup_util_ps1.py'
[20.013s] INFO:colcon.colcon_core.shell:Creating prefix chain script '/home/jetson/ros2_ws/install/setup.ps1'
[20.017s] INFO:colcon.colcon_core.shell:Creating prefix script '/home/jetson/ros2_ws/install/local_setup.sh'
[20.019s] INFO:colcon.colcon_core.shell:Creating prefix util module '/home/jetson/ros2_ws/install/_local_setup_util_sh.py'
[20.021s] INFO:colcon.colcon_core.shell:Creating prefix chain script '/home/jetson/ros2_ws/install/setup.sh'
[20.025s] INFO:colcon.colcon_core.shell:Creating prefix script '/home/jetson/ros2_ws/install/local_setup.bash'
[20.027s] INFO:colcon.colcon_core.shell:Creating prefix chain script '/home/jetson/ros2_ws/install/setup.bash'
[20.030s] INFO:colcon.colcon_core.shell:Creating prefix script '/home/jetson/ros2_ws/install/local_setup.zsh'
[20.032s] INFO:colcon.colcon_core.shell:Creating prefix chain script '/home/jetson/ros2_ws/install/setup.zsh'
